<?xml version="1.0" encoding="UTF-8"?>
<testsuites name="SPG - TripFocus - Orders" time="2313.332" tests="32" failures="15" errors="0">
   <testsuite name="SPG - TripFocus - Orders" tests="32" failures="15" errors="0" time="2313.332" skipped="0" timestamp="22-10-2025T10:44:47" hostname="DC1ADOBLD01$ - DC1ADOBLD01.thekag.com" id="Test Suites/TripFocus/SPG/SPG - TripFocus - Orders">
      <properties>
         <property name="deviceName" value=""/>
         <property name="devicePlatform"/>
         <property name="logFolder" value="D:\\ADOagent\\vsts-agent-win-x64-2.217.2\\_work\\944\\s\\Reports\\20251022_091709\\TripFocus\\SPG\\SPG - TripFocus - Orders\\20251022_091816"/>
         <property name="logFiles" value="D:\\ADOagent\\vsts-agent-win-x64-2.217.2\\_work\\944\\s\\Reports\\20251022_091709\\TripFocus\\SPG\\SPG - TripFocus - Orders\\20251022_091816\\execution0.log"/>
         <property name="attachments" value=""/>
         <property name="hostName" value="DC1ADOBLD01$ - DC1ADOBLD01.thekag.com"/>
         <property name="os" value="Windows Server 2019 64bit"/>
         <property name="katalonVersion" value="9.7.5.223"/>
         <property name="browser" value="Chrome 141.0.0.0"/>
         <property name="hostAddress" value="10.2.20.71"/>
         <property name="sessionId" value="619ccd1102a79a3558b89e465feb9286"/>
         <property name="seleniumVersion" value="3.141.59"/>
         <property name="proxyInformation" value="ProxyInformation { proxyOption=NO_PROXY, proxyServerType=HTTP, username=, password=********, proxyServerAddress=, proxyServerPort=0, executionList=&quot;&quot;, isApplyToDesiredCapabilities=true }"/>
         <property name="platform" value="Windows Server 2019"/>
      </properties>
      <testcase name="Test Cases/TripFocus/SPG/SPG - Orders/SPG - Advanced Filter - Account Of" time="71.014" classname="Test Cases/TripFocus/SPG/SPG - Orders/SPG - Advanced Filter - Account Of" status="PASSED">
         <system-out><![CDATA[22-10-2025T10:44:48 - [TEST_CASE][PASSED] - Test Cases/TripFocus/SPG/SPG - Orders/SPG - Advanced Filter - Account Of: Test Cases/TripFocus/SPG/SPG - Orders/SPG - Advanced Filter - Account Of

22-10-2025T10:44:48 - [TEST_STEP][PASSED] - Start listener action : beforeTestCase: null

22-10-2025T10:44:48 - [TEST_STEP][PASSED] - addDefaultPackages(): null

22-10-2025T10:44:48 - [TEST_STEP][PASSED] - openBrowser(""): Browser is opened with url: ''

22-10-2025T10:44:48 - [MESSAGE][INFO] - Starting 'Chrome' driver

22-10-2025T10:44:48 - [MESSAGE][INFO] - User set preference: ['args', '[--no-sandbox, --disable-gpu, --disable-dev-shm-usage]']

22-10-2025T10:44:48 - [MESSAGE][INFO] - Action delay is set to 0 milliseconds

22-10-2025T10:44:50 - [MESSAGE][PASSED] - Browser is opened with url: ''

22-10-2025T10:44:50 - [TEST_STEP][PASSED] - navigateToUrl(TFBaseURL): Navigate to 'https://www.qa.tripfocus.com' successfully

22-10-2025T10:44:51 - [MESSAGE][PASSED] - Navigate to 'https://www.qa.tripfocus.com' successfully

22-10-2025T10:44:51 - [TEST_STEP][PASSED] - click(findTestObject("Object Repository/TripFocus/Page_TripFocus/button_Sign in")): Object: 'Object Repository/TripFocus/Page_TripFocus/button_Sign in' is clicked on

22-10-2025T10:44:52 - [MESSAGE][PASSED] - Object: 'Object Repository/TripFocus/Page_TripFocus/button_Sign in' is clicked on

22-10-2025T10:44:52 - [TEST_STEP][PASSED] - setText(findTestObject("Object Repository/TripFocus/Page_TripFocus/input_Username (e.g. email address)_Username"), TripFocusBleachTechSPGUsername): Text 'Ashford.Chenault+BleachtechCustomerSPGONLY@thekag.com' is set on object 'Object Repository/TripFocus/Page_TripFocus/input_Username (e.g. email address)_Username'

22-10-2025T10:44:53 - [MESSAGE][PASSED] - Text 'Ashford.Chenault+BleachtechCustomerSPGONLY@thekag.com' is set on object 'Object Repository/TripFocus/Page_TripFocus/input_Username (e.g. email address)_Username'

22-10-2025T10:44:53 - [TEST_STEP][PASSED] - setText(findTestObject("Object Repository/TripFocus/Page_TripFocus/input_Password_Password"), TripFocusFDGSPGPassword): Text 'CrashBan911!!' is set on object 'Object Repository/TripFocus/Page_TripFocus/input_Password_Password'

22-10-2025T10:44:53 - [MESSAGE][PASSED] - Text 'CrashBan911!!' is set on object 'Object Repository/TripFocus/Page_TripFocus/input_Password_Password'

22-10-2025T10:44:53 - [TEST_STEP][PASSED] - click(findTestObject("Object Repository/TripFocus/Page_TripFocus/button_Login")): Object: 'Object Repository/TripFocus/Page_TripFocus/button_Login' is clicked on

22-10-2025T10:44:53 - [MESSAGE][PASSED] - Object: 'Object Repository/TripFocus/Page_TripFocus/button_Login' is clicked on

22-10-2025T10:44:53 - [TEST_STEP][PASSED] - maximizeWindow(): Current window maximized

22-10-2025T10:44:53 - [MESSAGE][PASSED] - Current window maximized

22-10-2025T10:44:53 - [TEST_STEP][PASSED] - waitForElementVisible(findTestObject("TripFocus/Testing_Notification_btn"), 15, OPTIONAL): Web element with id: 'Object Repository/TripFocus/Testing_Notification_btn' located by '//*[@id="__BVID__10___BV_modal_footer_"]/button' not found

22-10-2025T10:45:09 - [MESSAGE][INFO] - Unable to find the element located by 'By.xpath: //*[@id="__BVID__10___BV_modal_footer_"]/button'. Please recheck the objects properties to make sure the desired element is located. 

22-10-2025T10:45:09 - [MESSAGE][WARNING] - [SELF-HEALING] Failed to find element with id 'Object Repository/TripFocus/Testing_Notification_btn'. Try using Self-healing.

22-10-2025T10:45:10 - [MESSAGE][INFO] - [SELF-HEALING] No working XPath is found.

22-10-2025T10:45:12 - [MESSAGE][INFO] - Unable to find the element located by 'By.xpath: '. Please recheck the objects properties to make sure the desired element is located. 

22-10-2025T10:45:12 - [MESSAGE][WARNING] - [SELF-HEALING] Cannot find elements when the selector is null

22-10-2025T10:45:12 - [MESSAGE][WARNING] - Web element with id: 'Object Repository/TripFocus/Testing_Notification_btn' located by '//*[@id="__BVID__10___BV_modal_footer_"]/button' not found

22-10-2025T10:45:12 - [TEST_STEP][PASSED] - if (verifyElementVisible(findTestObject("TripFocus/Testing_Notification_btn"), OPTIONAL) == true): Web element with id: 'Object Repository/TripFocus/Testing_Notification_btn' located by '//*[@id="__BVID__10___BV_modal_footer_"]/button' not found (Root cause: com.kms.katalon.core.exception.StepFailedException: Web element with id: 'Object Repository/TripFocus/Testing_Notification_btn' located by '//*[@id="__BVID__10___BV_modal_footer_"]/button' not found
	at com.kms.katalon.core.webui.keyword.internal.WebUIKeywordMain.stepFailed(WebUIKeywordMain.groovy:117)
	at com.kms.katalon.core.webui.keyword.builtin.VerifyElementVisibleKeyword$_verifyElementVisible_closure1.doCall(VerifyElementVisibleKeyword.groovy:89)
	at com.kms.katalon.core.webui.keyword.builtin.VerifyElementVisibleKeyword$_verifyElementVisible_closure1.call(VerifyElementVisibleKeyword.groovy)
	at com.kms.katalon.core.webui.keyword.internal.WebUIKeywordMain.runKeyword(WebUIKeywordMain.groovy:35)
	at com.kms.katalon.core.webui.keyword.builtin.VerifyElementVisibleKeyword.verifyElementVisible(VerifyElementVisibleKeyword.groovy:97)
	at com.kms.katalon.core.webui.keyword.builtin.VerifyElementVisibleKeyword.execute(VerifyElementVisibleKeyword.groovy:67)
	at com.kms.katalon.core.keyword.internal.KeywordExecutor.executeKeywordForPlatform(KeywordExecutor.groovy:74)
	at com.kms.katalon.core.webui.keyword.WebUiBuiltInKeywords.verifyElementVisible(WebUiBuiltInKeywords.groovy:401)
	at com.kms.katalon.core.webui.keyword.WebUiBuiltInKeywords$verifyElementVisible$5.call(Unknown Source)
	at SPG - Advanced Filter - Account Of.run(SPG - Advanced Filter - Account Of:38)
	at com.kms.katalon.core.main.ScriptEngine.run(ScriptEngine.java:194)
	at com.kms.katalon.core.main.ScriptEngine.runScriptAsRawText(ScriptEngine.java:119)
	at com.kms.katalon.core.main.TestCaseExecutor.runScript(TestCaseExecutor.java:448)
	at com.kms.katalon.core.main.TestCaseExecutor.doExecute(TestCaseExecutor.java:439)
	at com.kms.katalon.core.main.TestCaseExecutor.processExecutionPhase(TestCaseExecutor.java:418)
	at com.kms.katalon.core.main.TestCaseExecutor.accessMainPhase(TestCaseExecutor.java:410)
	at com.kms.katalon.core.main.TestCaseExecutor.execute(TestCaseExecutor.java:285)
	at com.kms.katalon.core.common.CommonExecutor.accessTestCaseMainPhase(CommonExecutor.java:65)
	at com.kms.katalon.core.main.TestSuiteExecutor.accessTestSuiteMainPhase(TestSuiteExecutor.java:150)
	at com.kms.katalon.core.main.TestSuiteExecutor.execute(TestSuiteExecutor.java:106)
	at com.kms.katalon.core.main.TestCaseMain.startTestSuite(TestCaseMain.java:180)
	at com.kms.katalon.core.main.TestCaseMain$startTestSuite$0.call(Unknown Source)
	at TempTestSuite1761139096516.run(TempTestSuite1761139096516.groovy:35)
	at java.base/jdk.internal.reflect.NativeMethodAccessorImpl.invoke0(Native Method)
	at java.base/jdk.internal.reflect.NativeMethodAccessorImpl.invoke(NativeMethodAccessorImpl.java:77)
	at java.base/jdk.internal.reflect.DelegatingMethodAccessorImpl.invoke(DelegatingMethodAccessorImpl.java:43)
)

22-10-2025T10:45:28 - [MESSAGE][INFO] - Unable to find the element located by 'By.xpath: //*[@id="__BVID__10___BV_modal_footer_"]/button'. Please recheck the objects properties to make sure the desired element is located. 

22-10-2025T10:45:28 - [MESSAGE][WARNING] - [SELF-HEALING] Failed to find element with id 'Object Repository/TripFocus/Testing_Notification_btn'. Try using Self-healing.

22-10-2025T10:45:29 - [MESSAGE][INFO] - [SELF-HEALING] No working XPath is found.

22-10-2025T10:45:31 - [MESSAGE][INFO] - Unable to find the element located by 'By.xpath: '. Please recheck the objects properties to make sure the desired element is located. 

22-10-2025T10:45:31 - [MESSAGE][WARNING] - [SELF-HEALING] Cannot find elements when the selector is null

22-10-2025T10:45:31 - [MESSAGE][WARNING] - Web element with id: 'Object Repository/TripFocus/Testing_Notification_btn' located by '//*[@id="__BVID__10___BV_modal_footer_"]/button' not found (Root cause: com.kms.katalon.core.exception.StepFailedException: Web element with id: 'Object Repository/TripFocus/Testing_Notification_btn' located by '//*[@id="__BVID__10___BV_modal_footer_"]/button' not found
	at com.kms.katalon.core.webui.keyword.internal.WebUIKeywordMain.stepFailed(WebUIKeywordMain.groovy:117)
	at com.kms.katalon.core.webui.keyword.builtin.VerifyElementVisibleKeyword$_verifyElementVisible_closure1.doCall(VerifyElementVisibleKeyword.groovy:89)
	at com.kms.katalon.core.webui.keyword.builtin.VerifyElementVisibleKeyword$_verifyElementVisible_closure1.call(VerifyElementVisibleKeyword.groovy)
	at com.kms.katalon.core.webui.keyword.internal.WebUIKeywordMain.runKeyword(WebUIKeywordMain.groovy:35)
	at com.kms.katalon.core.webui.keyword.builtin.VerifyElementVisibleKeyword.verifyElementVisible(VerifyElementVisibleKeyword.groovy:97)
	at com.kms.katalon.core.webui.keyword.builtin.VerifyElementVisibleKeyword.execute(VerifyElementVisibleKeyword.groovy:67)
	at com.kms.katalon.core.keyword.internal.KeywordExecutor.executeKeywordForPlatform(KeywordExecutor.groovy:74)
	at com.kms.katalon.core.webui.keyword.WebUiBuiltInKeywords.verifyElementVisible(WebUiBuiltInKeywords.groovy:401)
	at com.kms.katalon.core.webui.keyword.WebUiBuiltInKeywords$verifyElementVisible$5.call(Unknown Source)
	at SPG - Advanced Filter - Account Of.run(SPG - Advanced Filter - Account Of:38)
	at com.kms.katalon.core.main.ScriptEngine.run(ScriptEngine.java:194)
	at com.kms.katalon.core.main.ScriptEngine.runScriptAsRawText(ScriptEngine.java:119)
	at com.kms.katalon.core.main.TestCaseExecutor.runScript(TestCaseExecutor.java:448)
	at com.kms.katalon.core.main.TestCaseExecutor.doExecute(TestCaseExecutor.java:439)
	at com.kms.katalon.core.main.TestCaseExecutor.processExecutionPhase(TestCaseExecutor.java:418)
	at com.kms.katalon.core.main.TestCaseExecutor.accessMainPhase(TestCaseExecutor.java:410)
	at com.kms.katalon.core.main.TestCaseExecutor.execute(TestCaseExecutor.java:285)
	at com.kms.katalon.core.common.CommonExecutor.accessTestCaseMainPhase(CommonExecutor.java:65)
	at com.kms.katalon.core.main.TestSuiteExecutor.accessTestSuiteMainPhase(TestSuiteExecutor.java:150)
	at com.kms.katalon.core.main.TestSuiteExecutor.execute(TestSuiteExecutor.java:106)
	at com.kms.katalon.core.main.TestCaseMain.startTestSuite(TestCaseMain.java:180)
	at com.kms.katalon.core.main.TestCaseMain$startTestSuite$0.call(Unknown Source)
	at TempTestSuite1761139096516.run(TempTestSuite1761139096516.groovy:35)
	at java.base/jdk.internal.reflect.NativeMethodAccessorImpl.invoke0(Native Method)
	at java.base/jdk.internal.reflect.NativeMethodAccessorImpl.invoke(NativeMethodAccessorImpl.java:77)
	at java.base/jdk.internal.reflect.DelegatingMethodAccessorImpl.invoke(DelegatingMethodAccessorImpl.java:43)
)

22-10-2025T10:45:31 - [TEST_STEP][PASSED] - click(findTestObject("TripFocus/SSO/SSO Orders Tab")): Object: 'Object Repository/TripFocus/SSO/SSO Orders Tab' is clicked on

22-10-2025T10:45:32 - [MESSAGE][PASSED] - Object: 'Object Repository/TripFocus/SSO/SSO Orders Tab' is clicked on

22-10-2025T10:45:32 - [TEST_STEP][PASSED] - waitForElementClickable(findTestObject("TripFocus/Orders/Advanced Filters_btn"), 30): Object 'Object Repository/TripFocus/Orders/Advanced Filters_btn' is clickable

22-10-2025T10:45:32 - [MESSAGE][PASSED] - Object 'Object Repository/TripFocus/Orders/Advanced Filters_btn' is clickable

22-10-2025T10:45:32 - [TEST_STEP][PASSED] - delay(1): Delayed 1 second(s)

22-10-2025T10:45:33 - [MESSAGE][PASSED] - Delayed 1 second(s)

22-10-2025T10:45:33 - [TEST_STEP][PASSED] - click(findTestObject("TripFocus/Orders/Advanced Filters_btn"), STOP_ON_FAILURE): Object: 'Object Repository/TripFocus/Orders/Advanced Filters_btn' is clicked on

22-10-2025T10:45:33 - [MESSAGE][PASSED] - Object: 'Object Repository/TripFocus/Orders/Advanced Filters_btn' is clicked on

22-10-2025T10:45:33 - [TEST_STEP][PASSED] - delay(2): Delayed 2 second(s)

22-10-2025T10:45:35 - [MESSAGE][PASSED] - Delayed 2 second(s)

22-10-2025T10:45:35 - [TEST_STEP][PASSED] - click(findTestObject("TripFocus/Orders/Advanced Filters/Advanced Search Fields/Advanced_Search_Fields_dropdown")): Object: 'Object Repository/TripFocus/Orders/Advanced Filters/Advanced Search Fields/Advanced_Search_Fields_dropdown' is clicked on

22-10-2025T10:45:35 - [MESSAGE][PASSED] - Object: 'Object Repository/TripFocus/Orders/Advanced Filters/Advanced Search Fields/Advanced_Search_Fields_dropdown' is clicked on

22-10-2025T10:45:35 - [TEST_STEP][PASSED] - delay(2): Delayed 2 second(s)

22-10-2025T10:45:37 - [MESSAGE][PASSED] - Delayed 2 second(s)

22-10-2025T10:45:37 - [TEST_STEP][PASSED] - click(findTestObject("TripFocus/Orders/Advanced Filters/Advanced Search Fields/Account_Of_dropdown")): Object: 'Object Repository/TripFocus/Orders/Advanced Filters/Advanced Search Fields/Account_Of_dropdown' is clicked on

22-10-2025T10:45:37 - [MESSAGE][PASSED] - Object: 'Object Repository/TripFocus/Orders/Advanced Filters/Advanced Search Fields/Account_Of_dropdown' is clicked on

22-10-2025T10:45:37 - [TEST_STEP][PASSED] - delay(2): Delayed 2 second(s)

22-10-2025T10:45:39 - [MESSAGE][PASSED] - Delayed 2 second(s)

22-10-2025T10:45:39 - [TEST_STEP][PASSED] - if (verifyElementVisible(findTestObject("TripFocus/Orders/Advanced Filters/Advanced Search Fields/ADM_option"), OPTIONAL) == true): Web element with id: 'Object Repository/TripFocus/Orders/Advanced Filters/Advanced Search Fields/ADM_option' located by '//*[@id="msAccountOfs-2"]/span/div' not found (Root cause: com.kms.katalon.core.exception.StepFailedException: Web element with id: 'Object Repository/TripFocus/Orders/Advanced Filters/Advanced Search Fields/ADM_option' located by '//*[@id="msAccountOfs-2"]/span/div' not found
	at com.kms.katalon.core.webui.keyword.internal.WebUIKeywordMain.stepFailed(WebUIKeywordMain.groovy:117)
	at com.kms.katalon.core.webui.keyword.builtin.VerifyElementVisibleKeyword$_verifyElementVisible_closure1.doCall(VerifyElementVisibleKeyword.groovy:89)
	at com.kms.katalon.core.webui.keyword.builtin.VerifyElementVisibleKeyword$_verifyElementVisible_closure1.call(VerifyElementVisibleKeyword.groovy)
	at com.kms.katalon.core.webui.keyword.internal.WebUIKeywordMain.runKeyword(WebUIKeywordMain.groovy:35)
	at com.kms.katalon.core.webui.keyword.builtin.VerifyElementVisibleKeyword.verifyElementVisible(VerifyElementVisibleKeyword.groovy:97)
	at com.kms.katalon.core.webui.keyword.builtin.VerifyElementVisibleKeyword.execute(VerifyElementVisibleKeyword.groovy:67)
	at com.kms.katalon.core.keyword.internal.KeywordExecutor.executeKeywordForPlatform(KeywordExecutor.groovy:74)
	at com.kms.katalon.core.webui.keyword.WebUiBuiltInKeywords.verifyElementVisible(WebUiBuiltInKeywords.groovy:401)
	at com.kms.katalon.core.webui.keyword.WebUiBuiltInKeywords$verifyElementVisible$5.call(Unknown Source)
	at SPG - Advanced Filter - Account Of.run(SPG - Advanced Filter - Account Of:62)
	at com.kms.katalon.core.main.ScriptEngine.run(ScriptEngine.java:194)
	at com.kms.katalon.core.main.ScriptEngine.runScriptAsRawText(ScriptEngine.java:119)
	at com.kms.katalon.core.main.TestCaseExecutor.runScript(TestCaseExecutor.java:448)
	at com.kms.katalon.core.main.TestCaseExecutor.doExecute(TestCaseExecutor.java:439)
	at com.kms.katalon.core.main.TestCaseExecutor.processExecutionPhase(TestCaseExecutor.java:418)
	at com.kms.katalon.core.main.TestCaseExecutor.accessMainPhase(TestCaseExecutor.java:410)
	at com.kms.katalon.core.main.TestCaseExecutor.execute(TestCaseExecutor.java:285)
	at com.kms.katalon.core.common.CommonExecutor.accessTestCaseMainPhase(CommonExecutor.java:65)
	at com.kms.katalon.core.main.TestSuiteExecutor.accessTestSuiteMainPhase(TestSuiteExecutor.java:150)
	at com.kms.katalon.core.main.TestSuiteExecutor.execute(TestSuiteExecutor.java:106)
	at com.kms.katalon.core.main.TestCaseMain.startTestSuite(TestCaseMain.java:180)
	at com.kms.katalon.core.main.TestCaseMain$startTestSuite$0.call(Unknown Source)
	at TempTestSuite1761139096516.run(TempTestSuite1761139096516.groovy:35)
	at java.base/jdk.internal.reflect.NativeMethodAccessorImpl.invoke0(Native Method)
	at java.base/jdk.internal.reflect.NativeMethodAccessorImpl.invoke(NativeMethodAccessorImpl.java:77)
	at java.base/jdk.internal.reflect.DelegatingMethodAccessorImpl.invoke(DelegatingMethodAccessorImpl.java:43)
)

22-10-2025T10:45:55 - [MESSAGE][INFO] - Unable to find the element located by 'By.xpath: //*[@id="msAccountOfs-2"]/span/div'. Please recheck the objects properties to make sure the desired element is located. 

22-10-2025T10:45:55 - [MESSAGE][WARNING] - [SELF-HEALING] Failed to find element with id 'Object Repository/TripFocus/Orders/Advanced Filters/Advanced Search Fields/ADM_option'. Try using Self-healing.

22-10-2025T10:45:56 - [MESSAGE][INFO] - [SELF-HEALING] No working XPath is found.

22-10-2025T10:45:58 - [MESSAGE][INFO] - Unable to find the element located by 'By.xpath: '. Please recheck the objects properties to make sure the desired element is located. 

22-10-2025T10:45:58 - [MESSAGE][WARNING] - [SELF-HEALING] Cannot find elements when the selector is null

22-10-2025T10:45:58 - [MESSAGE][WARNING] - Web element with id: 'Object Repository/TripFocus/Orders/Advanced Filters/Advanced Search Fields/ADM_option' located by '//*[@id="msAccountOfs-2"]/span/div' not found (Root cause: com.kms.katalon.core.exception.StepFailedException: Web element with id: 'Object Repository/TripFocus/Orders/Advanced Filters/Advanced Search Fields/ADM_option' located by '//*[@id="msAccountOfs-2"]/span/div' not found
	at com.kms.katalon.core.webui.keyword.internal.WebUIKeywordMain.stepFailed(WebUIKeywordMain.groovy:117)
	at com.kms.katalon.core.webui.keyword.builtin.VerifyElementVisibleKeyword$_verifyElementVisible_closure1.doCall(VerifyElementVisibleKeyword.groovy:89)
	at com.kms.katalon.core.webui.keyword.builtin.VerifyElementVisibleKeyword$_verifyElementVisible_closure1.call(VerifyElementVisibleKeyword.groovy)
	at com.kms.katalon.core.webui.keyword.internal.WebUIKeywordMain.runKeyword(WebUIKeywordMain.groovy:35)
	at com.kms.katalon.core.webui.keyword.builtin.VerifyElementVisibleKeyword.verifyElementVisible(VerifyElementVisibleKeyword.groovy:97)
	at com.kms.katalon.core.webui.keyword.builtin.VerifyElementVisibleKeyword.execute(VerifyElementVisibleKeyword.groovy:67)
	at com.kms.katalon.core.keyword.internal.KeywordExecutor.executeKeywordForPlatform(KeywordExecutor.groovy:74)
	at com.kms.katalon.core.webui.keyword.WebUiBuiltInKeywords.verifyElementVisible(WebUiBuiltInKeywords.groovy:401)
	at com.kms.katalon.core.webui.keyword.WebUiBuiltInKeywords$verifyElementVisible$5.call(Unknown Source)
	at SPG - Advanced Filter - Account Of.run(SPG - Advanced Filter - Account Of:62)
	at com.kms.katalon.core.main.ScriptEngine.run(ScriptEngine.java:194)
	at com.kms.katalon.core.main.ScriptEngine.runScriptAsRawText(ScriptEngine.java:119)
	at com.kms.katalon.core.main.TestCaseExecutor.runScript(TestCaseExecutor.java:448)
	at com.kms.katalon.core.main.TestCaseExecutor.doExecute(TestCaseExecutor.java:439)
	at com.kms.katalon.core.main.TestCaseExecutor.processExecutionPhase(TestCaseExecutor.java:418)
	at com.kms.katalon.core.main.TestCaseExecutor.accessMainPhase(TestCaseExecutor.java:410)
	at com.kms.katalon.core.main.TestCaseExecutor.execute(TestCaseExecutor.java:285)
	at com.kms.katalon.core.common.CommonExecutor.accessTestCaseMainPhase(CommonExecutor.java:65)
	at com.kms.katalon.core.main.TestSuiteExecutor.accessTestSuiteMainPhase(TestSuiteExecutor.java:150)
	at com.kms.katalon.core.main.TestSuiteExecutor.execute(TestSuiteExecutor.java:106)
	at com.kms.katalon.core.main.TestCaseMain.startTestSuite(TestCaseMain.java:180)
	at com.kms.katalon.core.main.TestCaseMain$startTestSuite$0.call(Unknown Source)
	at TempTestSuite1761139096516.run(TempTestSuite1761139096516.groovy:35)
	at java.base/jdk.internal.reflect.NativeMethodAccessorImpl.invoke0(Native Method)
	at java.base/jdk.internal.reflect.NativeMethodAccessorImpl.invoke(NativeMethodAccessorImpl.java:77)
	at java.base/jdk.internal.reflect.DelegatingMethodAccessorImpl.invoke(DelegatingMethodAccessorImpl.java:43)
)

22-10-2025T10:45:58 - [TEST_STEP][PASSED] - else: Browser is closed

22-10-2025T10:45:58 - [TEST_STEP][PASSED] - closeBrowser(): Browser is closed

22-10-2025T10:45:59 - [MESSAGE][PASSED] - Browser is closed

22-10-2025T10:45:59 - [TEST_STEP][PASSED] - Start listener action : retryOnDisconnect: null

22-10-2025T10:45:59 - [TEST_STEP][PASSED] - tcId = testCaseContext.getTestCaseId(): null

22-10-2025T10:45:59 - [TEST_STEP][PASSED] - currentRetry = retryCounts.getOrDefault(tcId, 0): null

22-10-2025T10:45:59 - [TEST_STEP][PASSED] - if (testCaseContext.getTestCaseStatus() == "FAILED" && currentRetry < MAX_RETRIES): null]]></system-out>
         <system-err><![CDATA[]]></system-err>
      </testcase>
      <testcase name="Test Cases/TripFocus/SPG/SPG - Orders/SPG - Advanced Filter - Bill To" time="77.774" classname="Test Cases/TripFocus/SPG/SPG - Orders/SPG - Advanced Filter - Bill To" status="FAILED">
         <failure type="FAILED" message="Test Cases/TripFocus/SPG/SPG - Orders/SPG - Advanced Filter - Bill To FAILED.&#xa;Reason:&#xa;com.kms.katalon.core.exception.StepFailedException: Unable to send keys 'A-1 Oil' to object 'Object Repository/TripFocus/Orders/Advanced Filters/Advanced Search Fields/BillTo_txt'&#xa;	at com.kms.katalon.core.webui.keyword.internal.WebUIKeywordMain.stepFailed(WebUIKeywordMain.groovy:117)&#xa;	at com.kms.katalon.core.webui.keyword.internal.WebUIKeywordMain.runKeyword(WebUIKeywordMain.groovy:43)&#xa;	at com.kms.katalon.core.webui.keyword.builtin.SendKeysKeyword.sendKeys(SendKeysKeyword.groovy:60)&#xa;	at com.kms.katalon.core.webui.keyword.builtin.SendKeysKeyword.execute(SendKeysKeyword.groovy:38)&#xa;	at com.kms.katalon.core.keyword.internal.KeywordExecutor.executeKeywordForPlatform(KeywordExecutor.groovy:74)&#xa;	at com.kms.katalon.core.webui.keyword.WebUiBuiltInKeywords.sendKeys(WebUiBuiltInKeywords.groovy:903)&#xa;	at com.kms.katalon.core.webui.keyword.WebUiBuiltInKeywords$sendKeys$9.call(Unknown Source)&#xa;	at SPG - Advanced Filter - Bill To.run(SPG - Advanced Filter - Bill To:62)&#xa;	at com.kms.katalon.core.main.ScriptEngine.run(ScriptEngine.java:194)&#xa;	at com.kms.katalon.core.main.ScriptEngine.runScriptAsRawText(ScriptEngine.java:119)&#xa;	at com.kms.katalon.core.main.TestCaseExecutor.runScript(TestCaseExecutor.java:448)&#xa;	at com.kms.katalon.core.main.TestCaseExecutor.doExecute(TestCaseExecutor.java:439)&#xa;	at com.kms.katalon.core.main.TestCaseExecutor.processExecutionPhase(TestCaseExecutor.java:418)&#xa;	at com.kms.katalon.core.main.TestCaseExecutor.accessMainPhase(TestCaseExecutor.java:410)&#xa;	at com.kms.katalon.core.main.TestCaseExecutor.execute(TestCaseExecutor.java:285)&#xa;	at com.kms.katalon.core.common.CommonExecutor.accessTestCaseMainPhase(CommonExecutor.java:65)&#xa;	at com.kms.katalon.core.main.TestSuiteExecutor.accessTestSuiteMainPhase(TestSuiteExecutor.java:150)&#xa;	at com.kms.katalon.core.main.TestSuiteExecutor.execute(TestSuiteExecutor.java:106)&#xa;	at com.kms.katalon.core.main.TestCaseMain.startTestSuite(TestCaseMain.java:180)&#xa;	at com.kms.katalon.core.main.TestCaseMain$startTestSuite$0.call(Unknown Source)&#xa;	at TempTestSuite1761139096516.run(TempTestSuite1761139096516.groovy:35)&#xa;	at java.base/jdk.internal.reflect.NativeMethodAccessorImpl.invoke0(Native Method)&#xa;	at java.base/jdk.internal.reflect.NativeMethodAccessorImpl.invoke(NativeMethodAccessorImpl.java:77)&#xa;	at java.base/jdk.internal.reflect.DelegatingMethodAccessorImpl.invoke(DelegatingMethodAccessorImpl.java:43)&#xa;Caused by: com.kms.katalon.core.webui.exception.WebElementNotFoundException: Web element with id: 'Object Repository/TripFocus/Orders/Advanced Filters/Advanced Search Fields/BillTo_txt' located by '//*[@id=&quot;collapse-advanced&quot;]/div[1]/div[1]/div/div/div[2]/span' not found&#xa;	at com.kms.katalon.core.webui.common.WebUiCommonHelper.findWebElement(WebUiCommonHelper.java:1423)&#xa;	at com.kms.katalon.core.webui.keyword.internal.WebUIAbstractKeyword.findWebElement(WebUIAbstractKeyword.groovy:27)&#xa;	at com.kms.katalon.core.webui.keyword.internal.WebUIAbstractKeyword.findWebElement(WebUIAbstractKeyword.groovy:26)&#xa;	at com.kms.katalon.core.webui.keyword.builtin.SendKeysKeyword$_sendKeys_closure1.doCall(SendKeysKeyword.groovy:52)&#xa;	at com.kms.katalon.core.webui.keyword.builtin.SendKeysKeyword$_sendKeys_closure1.call(SendKeysKeyword.groovy)&#xa;	at com.kms.katalon.core.webui.keyword.internal.WebUIKeywordMain.runKeyword(WebUIKeywordMain.groovy:35)&#xa;	... 22 more&#xa;"/>
         <system-out><![CDATA[22-10-2025T10:45:59 - [TEST_CASE][FAILED] - Test Cases/TripFocus/SPG/SPG - Orders/SPG - Advanced Filter - Bill To: Test Cases/TripFocus/SPG/SPG - Orders/SPG - Advanced Filter - Bill To FAILED.
Reason:
com.kms.katalon.core.exception.StepFailedException: Unable to send keys 'A-1 Oil' to object 'Object Repository/TripFocus/Orders/Advanced Filters/Advanced Search Fields/BillTo_txt'
	at com.kms.katalon.core.webui.keyword.internal.WebUIKeywordMain.stepFailed(WebUIKeywordMain.groovy:117)
	at com.kms.katalon.core.webui.keyword.internal.WebUIKeywordMain.runKeyword(WebUIKeywordMain.groovy:43)
	at com.kms.katalon.core.webui.keyword.builtin.SendKeysKeyword.sendKeys(SendKeysKeyword.groovy:60)
	at com.kms.katalon.core.webui.keyword.builtin.SendKeysKeyword.execute(SendKeysKeyword.groovy:38)
	at com.kms.katalon.core.keyword.internal.KeywordExecutor.executeKeywordForPlatform(KeywordExecutor.groovy:74)
	at com.kms.katalon.core.webui.keyword.WebUiBuiltInKeywords.sendKeys(WebUiBuiltInKeywords.groovy:903)
	at com.kms.katalon.core.webui.keyword.WebUiBuiltInKeywords$sendKeys$9.call(Unknown Source)
	at SPG - Advanced Filter - Bill To.run(SPG - Advanced Filter - Bill To:62)
	at com.kms.katalon.core.main.ScriptEngine.run(ScriptEngine.java:194)
	at com.kms.katalon.core.main.ScriptEngine.runScriptAsRawText(ScriptEngine.java:119)
	at com.kms.katalon.core.main.TestCaseExecutor.runScript(TestCaseExecutor.java:448)
	at com.kms.katalon.core.main.TestCaseExecutor.doExecute(TestCaseExecutor.java:439)
	at com.kms.katalon.core.main.TestCaseExecutor.processExecutionPhase(TestCaseExecutor.java:418)
	at com.kms.katalon.core.main.TestCaseExecutor.accessMainPhase(TestCaseExecutor.java:410)
	at com.kms.katalon.core.main.TestCaseExecutor.execute(TestCaseExecutor.java:285)
	at com.kms.katalon.core.common.CommonExecutor.accessTestCaseMainPhase(CommonExecutor.java:65)
	at com.kms.katalon.core.main.TestSuiteExecutor.accessTestSuiteMainPhase(TestSuiteExecutor.java:150)
	at com.kms.katalon.core.main.TestSuiteExecutor.execute(TestSuiteExecutor.java:106)
	at com.kms.katalon.core.main.TestCaseMain.startTestSuite(TestCaseMain.java:180)
	at com.kms.katalon.core.main.TestCaseMain$startTestSuite$0.call(Unknown Source)
	at TempTestSuite1761139096516.run(TempTestSuite1761139096516.groovy:35)
	at java.base/jdk.internal.reflect.NativeMethodAccessorImpl.invoke0(Native Method)
	at java.base/jdk.internal.reflect.NativeMethodAccessorImpl.invoke(NativeMethodAccessorImpl.java:77)
	at java.base/jdk.internal.reflect.DelegatingMethodAccessorImpl.invoke(DelegatingMethodAccessorImpl.java:43)
Caused by: com.kms.katalon.core.webui.exception.WebElementNotFoundException: Web element with id: 'Object Repository/TripFocus/Orders/Advanced Filters/Advanced Search Fields/BillTo_txt' located by '//*[@id="collapse-advanced"]/div[1]/div[1]/div/div/div[2]/span' not found
	at com.kms.katalon.core.webui.common.WebUiCommonHelper.findWebElement(WebUiCommonHelper.java:1423)
	at com.kms.katalon.core.webui.keyword.internal.WebUIAbstractKeyword.findWebElement(WebUIAbstractKeyword.groovy:27)
	at com.kms.katalon.core.webui.keyword.internal.WebUIAbstractKeyword.findWebElement(WebUIAbstractKeyword.groovy:26)
	at com.kms.katalon.core.webui.keyword.builtin.SendKeysKeyword$_sendKeys_closure1.doCall(SendKeysKeyword.groovy:52)
	at com.kms.katalon.core.webui.keyword.builtin.SendKeysKeyword$_sendKeys_closure1.call(SendKeysKeyword.groovy)
	at com.kms.katalon.core.webui.keyword.internal.WebUIKeywordMain.runKeyword(WebUIKeywordMain.groovy:35)
	... 22 more


22-10-2025T10:45:59 - [TEST_STEP][PASSED] - Start listener action : beforeTestCase: null

22-10-2025T10:45:59 - [TEST_STEP][PASSED] - addDefaultPackages(): null

22-10-2025T10:45:59 - [TEST_STEP][PASSED] - openBrowser(""): Browser is opened with url: ''

22-10-2025T10:45:59 - [MESSAGE][INFO] - Starting 'Chrome' driver

22-10-2025T10:45:59 - [MESSAGE][INFO] - User set preference: ['args', '[--no-sandbox, --disable-gpu, --disable-dev-shm-usage]']

22-10-2025T10:45:59 - [MESSAGE][INFO] - Action delay is set to 0 milliseconds

22-10-2025T10:46:00 - [MESSAGE][PASSED] - Browser is opened with url: ''

22-10-2025T10:46:00 - [TEST_STEP][PASSED] - navigateToUrl(TFBaseURL): Navigate to 'https://www.qa.tripfocus.com' successfully

22-10-2025T10:46:00 - [MESSAGE][PASSED] - Navigate to 'https://www.qa.tripfocus.com' successfully

22-10-2025T10:46:00 - [TEST_STEP][PASSED] - click(findTestObject("Object Repository/TripFocus/Page_TripFocus/button_Sign in")): Object: 'Object Repository/TripFocus/Page_TripFocus/button_Sign in' is clicked on

22-10-2025T10:46:00 - [MESSAGE][PASSED] - Object: 'Object Repository/TripFocus/Page_TripFocus/button_Sign in' is clicked on

22-10-2025T10:46:00 - [TEST_STEP][PASSED] - setText(findTestObject("Object Repository/TripFocus/Page_TripFocus/input_Username (e.g. email address)_Username"), TripFocusBleachTechSPGUsername): Text 'Ashford.Chenault+BleachtechCustomerSPGONLY@thekag.com' is set on object 'Object Repository/TripFocus/Page_TripFocus/input_Username (e.g. email address)_Username'

22-10-2025T10:46:01 - [MESSAGE][PASSED] - Text 'Ashford.Chenault+BleachtechCustomerSPGONLY@thekag.com' is set on object 'Object Repository/TripFocus/Page_TripFocus/input_Username (e.g. email address)_Username'

22-10-2025T10:46:01 - [TEST_STEP][PASSED] - setText(findTestObject("Object Repository/TripFocus/Page_TripFocus/input_Password_Password"), TripFocusFDGSPGPassword): Text 'CrashBan911!!' is set on object 'Object Repository/TripFocus/Page_TripFocus/input_Password_Password'

22-10-2025T10:46:01 - [MESSAGE][PASSED] - Text 'CrashBan911!!' is set on object 'Object Repository/TripFocus/Page_TripFocus/input_Password_Password'

22-10-2025T10:46:01 - [TEST_STEP][PASSED] - click(findTestObject("Object Repository/TripFocus/Page_TripFocus/button_Login")): Object: 'Object Repository/TripFocus/Page_TripFocus/button_Login' is clicked on

22-10-2025T10:46:01 - [MESSAGE][PASSED] - Object: 'Object Repository/TripFocus/Page_TripFocus/button_Login' is clicked on

22-10-2025T10:46:01 - [TEST_STEP][PASSED] - maximizeWindow(): Current window maximized

22-10-2025T10:46:02 - [MESSAGE][PASSED] - Current window maximized

22-10-2025T10:46:02 - [TEST_STEP][PASSED] - waitForElementVisible(findTestObject("TripFocus/Testing_Notification_btn"), 15, OPTIONAL): Web element with id: 'Object Repository/TripFocus/Testing_Notification_btn' located by '//*[@id="__BVID__10___BV_modal_footer_"]/button' not found

22-10-2025T10:46:18 - [MESSAGE][INFO] - Unable to find the element located by 'By.xpath: //*[@id="__BVID__10___BV_modal_footer_"]/button'. Please recheck the objects properties to make sure the desired element is located. 

22-10-2025T10:46:18 - [MESSAGE][WARNING] - [SELF-HEALING] Failed to find element with id 'Object Repository/TripFocus/Testing_Notification_btn'. Try using Self-healing.

22-10-2025T10:46:19 - [MESSAGE][INFO] - [SELF-HEALING] No working XPath is found.

22-10-2025T10:46:21 - [MESSAGE][INFO] - Unable to find the element located by 'By.xpath: '. Please recheck the objects properties to make sure the desired element is located. 

22-10-2025T10:46:21 - [MESSAGE][WARNING] - [SELF-HEALING] Cannot find elements when the selector is null

22-10-2025T10:46:21 - [MESSAGE][WARNING] - Web element with id: 'Object Repository/TripFocus/Testing_Notification_btn' located by '//*[@id="__BVID__10___BV_modal_footer_"]/button' not found

22-10-2025T10:46:21 - [TEST_STEP][PASSED] - if (verifyElementVisible(findTestObject("TripFocus/Testing_Notification_btn"), OPTIONAL) == true): Web element with id: 'Object Repository/TripFocus/Testing_Notification_btn' located by '//*[@id="__BVID__10___BV_modal_footer_"]/button' not found (Root cause: com.kms.katalon.core.exception.StepFailedException: Web element with id: 'Object Repository/TripFocus/Testing_Notification_btn' located by '//*[@id="__BVID__10___BV_modal_footer_"]/button' not found
	at com.kms.katalon.core.webui.keyword.internal.WebUIKeywordMain.stepFailed(WebUIKeywordMain.groovy:117)
	at com.kms.katalon.core.webui.keyword.builtin.VerifyElementVisibleKeyword$_verifyElementVisible_closure1.doCall(VerifyElementVisibleKeyword.groovy:89)
	at com.kms.katalon.core.webui.keyword.builtin.VerifyElementVisibleKeyword$_verifyElementVisible_closure1.call(VerifyElementVisibleKeyword.groovy)
	at com.kms.katalon.core.webui.keyword.internal.WebUIKeywordMain.runKeyword(WebUIKeywordMain.groovy:35)
	at com.kms.katalon.core.webui.keyword.builtin.VerifyElementVisibleKeyword.verifyElementVisible(VerifyElementVisibleKeyword.groovy:97)
	at com.kms.katalon.core.webui.keyword.builtin.VerifyElementVisibleKeyword.execute(VerifyElementVisibleKeyword.groovy:67)
	at com.kms.katalon.core.keyword.internal.KeywordExecutor.executeKeywordForPlatform(KeywordExecutor.groovy:74)
	at com.kms.katalon.core.webui.keyword.WebUiBuiltInKeywords.verifyElementVisible(WebUiBuiltInKeywords.groovy:401)
	at com.kms.katalon.core.webui.keyword.WebUiBuiltInKeywords$verifyElementVisible$5.call(Unknown Source)
	at SPG - Advanced Filter - Bill To.run(SPG - Advanced Filter - Bill To:38)
	at com.kms.katalon.core.main.ScriptEngine.run(ScriptEngine.java:194)
	at com.kms.katalon.core.main.ScriptEngine.runScriptAsRawText(ScriptEngine.java:119)
	at com.kms.katalon.core.main.TestCaseExecutor.runScript(TestCaseExecutor.java:448)
	at com.kms.katalon.core.main.TestCaseExecutor.doExecute(TestCaseExecutor.java:439)
	at com.kms.katalon.core.main.TestCaseExecutor.processExecutionPhase(TestCaseExecutor.java:418)
	at com.kms.katalon.core.main.TestCaseExecutor.accessMainPhase(TestCaseExecutor.java:410)
	at com.kms.katalon.core.main.TestCaseExecutor.execute(TestCaseExecutor.java:285)
	at com.kms.katalon.core.common.CommonExecutor.accessTestCaseMainPhase(CommonExecutor.java:65)
	at com.kms.katalon.core.main.TestSuiteExecutor.accessTestSuiteMainPhase(TestSuiteExecutor.java:150)
	at com.kms.katalon.core.main.TestSuiteExecutor.execute(TestSuiteExecutor.java:106)
	at com.kms.katalon.core.main.TestCaseMain.startTestSuite(TestCaseMain.java:180)
	at com.kms.katalon.core.main.TestCaseMain$startTestSuite$0.call(Unknown Source)
	at TempTestSuite1761139096516.run(TempTestSuite1761139096516.groovy:35)
	at java.base/jdk.internal.reflect.NativeMethodAccessorImpl.invoke0(Native Method)
	at java.base/jdk.internal.reflect.NativeMethodAccessorImpl.invoke(NativeMethodAccessorImpl.java:77)
	at java.base/jdk.internal.reflect.DelegatingMethodAccessorImpl.invoke(DelegatingMethodAccessorImpl.java:43)
)

22-10-2025T10:46:37 - [MESSAGE][INFO] - Unable to find the element located by 'By.xpath: //*[@id="__BVID__10___BV_modal_footer_"]/button'. Please recheck the objects properties to make sure the desired element is located. 

22-10-2025T10:46:37 - [MESSAGE][WARNING] - [SELF-HEALING] Failed to find element with id 'Object Repository/TripFocus/Testing_Notification_btn'. Try using Self-healing.

22-10-2025T10:46:38 - [MESSAGE][INFO] - [SELF-HEALING] No working XPath is found.

22-10-2025T10:46:40 - [MESSAGE][INFO] - Unable to find the element located by 'By.xpath: '. Please recheck the objects properties to make sure the desired element is located. 

22-10-2025T10:46:40 - [MESSAGE][WARNING] - [SELF-HEALING] Cannot find elements when the selector is null

22-10-2025T10:46:40 - [MESSAGE][WARNING] - Web element with id: 'Object Repository/TripFocus/Testing_Notification_btn' located by '//*[@id="__BVID__10___BV_modal_footer_"]/button' not found (Root cause: com.kms.katalon.core.exception.StepFailedException: Web element with id: 'Object Repository/TripFocus/Testing_Notification_btn' located by '//*[@id="__BVID__10___BV_modal_footer_"]/button' not found
	at com.kms.katalon.core.webui.keyword.internal.WebUIKeywordMain.stepFailed(WebUIKeywordMain.groovy:117)
	at com.kms.katalon.core.webui.keyword.builtin.VerifyElementVisibleKeyword$_verifyElementVisible_closure1.doCall(VerifyElementVisibleKeyword.groovy:89)
	at com.kms.katalon.core.webui.keyword.builtin.VerifyElementVisibleKeyword$_verifyElementVisible_closure1.call(VerifyElementVisibleKeyword.groovy)
	at com.kms.katalon.core.webui.keyword.internal.WebUIKeywordMain.runKeyword(WebUIKeywordMain.groovy:35)
	at com.kms.katalon.core.webui.keyword.builtin.VerifyElementVisibleKeyword.verifyElementVisible(VerifyElementVisibleKeyword.groovy:97)
	at com.kms.katalon.core.webui.keyword.builtin.VerifyElementVisibleKeyword.execute(VerifyElementVisibleKeyword.groovy:67)
	at com.kms.katalon.core.keyword.internal.KeywordExecutor.executeKeywordForPlatform(KeywordExecutor.groovy:74)
	at com.kms.katalon.core.webui.keyword.WebUiBuiltInKeywords.verifyElementVisible(WebUiBuiltInKeywords.groovy:401)
	at com.kms.katalon.core.webui.keyword.WebUiBuiltInKeywords$verifyElementVisible$5.call(Unknown Source)
	at SPG - Advanced Filter - Bill To.run(SPG - Advanced Filter - Bill To:38)
	at com.kms.katalon.core.main.ScriptEngine.run(ScriptEngine.java:194)
	at com.kms.katalon.core.main.ScriptEngine.runScriptAsRawText(ScriptEngine.java:119)
	at com.kms.katalon.core.main.TestCaseExecutor.runScript(TestCaseExecutor.java:448)
	at com.kms.katalon.core.main.TestCaseExecutor.doExecute(TestCaseExecutor.java:439)
	at com.kms.katalon.core.main.TestCaseExecutor.processExecutionPhase(TestCaseExecutor.java:418)
	at com.kms.katalon.core.main.TestCaseExecutor.accessMainPhase(TestCaseExecutor.java:410)
	at com.kms.katalon.core.main.TestCaseExecutor.execute(TestCaseExecutor.java:285)
	at com.kms.katalon.core.common.CommonExecutor.accessTestCaseMainPhase(CommonExecutor.java:65)
	at com.kms.katalon.core.main.TestSuiteExecutor.accessTestSuiteMainPhase(TestSuiteExecutor.java:150)
	at com.kms.katalon.core.main.TestSuiteExecutor.execute(TestSuiteExecutor.java:106)
	at com.kms.katalon.core.main.TestCaseMain.startTestSuite(TestCaseMain.java:180)
	at com.kms.katalon.core.main.TestCaseMain$startTestSuite$0.call(Unknown Source)
	at TempTestSuite1761139096516.run(TempTestSuite1761139096516.groovy:35)
	at java.base/jdk.internal.reflect.NativeMethodAccessorImpl.invoke0(Native Method)
	at java.base/jdk.internal.reflect.NativeMethodAccessorImpl.invoke(NativeMethodAccessorImpl.java:77)
	at java.base/jdk.internal.reflect.DelegatingMethodAccessorImpl.invoke(DelegatingMethodAccessorImpl.java:43)
)

22-10-2025T10:46:40 - [TEST_STEP][PASSED] - click(findTestObject("TripFocus/SSO/SSO Orders Tab")): Object: 'Object Repository/TripFocus/SSO/SSO Orders Tab' is clicked on

22-10-2025T10:46:40 - [MESSAGE][PASSED] - Object: 'Object Repository/TripFocus/SSO/SSO Orders Tab' is clicked on

22-10-2025T10:46:40 - [TEST_STEP][PASSED] - waitForElementClickable(findTestObject("TripFocus/Orders/Advanced Filters_btn"), 30): Object 'Object Repository/TripFocus/Orders/Advanced Filters_btn' is clickable

22-10-2025T10:46:40 - [MESSAGE][PASSED] - Object 'Object Repository/TripFocus/Orders/Advanced Filters_btn' is clickable

22-10-2025T10:46:40 - [TEST_STEP][PASSED] - delay(1): Delayed 1 second(s)

22-10-2025T10:46:41 - [MESSAGE][PASSED] - Delayed 1 second(s)

22-10-2025T10:46:41 - [TEST_STEP][PASSED] - click(findTestObject("TripFocus/Orders/Advanced Filters_btn"), STOP_ON_FAILURE): Object: 'Object Repository/TripFocus/Orders/Advanced Filters_btn' is clicked on

22-10-2025T10:46:41 - [MESSAGE][PASSED] - Object: 'Object Repository/TripFocus/Orders/Advanced Filters_btn' is clicked on

22-10-2025T10:46:41 - [TEST_STEP][PASSED] - delay(2): Delayed 2 second(s)

22-10-2025T10:46:43 - [MESSAGE][PASSED] - Delayed 2 second(s)

22-10-2025T10:46:43 - [TEST_STEP][PASSED] - click(findTestObject("TripFocus/Orders/Advanced Filters/Advanced Search Fields/Advanced_Search_Fields_dropdown")): Object: 'Object Repository/TripFocus/Orders/Advanced Filters/Advanced Search Fields/Advanced_Search_Fields_dropdown' is clicked on

22-10-2025T10:46:44 - [MESSAGE][PASSED] - Object: 'Object Repository/TripFocus/Orders/Advanced Filters/Advanced Search Fields/Advanced_Search_Fields_dropdown' is clicked on

22-10-2025T10:46:44 - [TEST_STEP][PASSED] - delay(2): Delayed 2 second(s)

22-10-2025T10:46:46 - [MESSAGE][PASSED] - Delayed 2 second(s)

22-10-2025T10:46:46 - [TEST_STEP][PASSED] - click(findTestObject("TripFocus/Orders/Advanced Filters/Advanced Search Fields/BillTo_dropdown")): Object: 'Object Repository/TripFocus/Orders/Advanced Filters/Advanced Search Fields/BillTo_dropdown' is clicked on

22-10-2025T10:46:46 - [MESSAGE][PASSED] - Object: 'Object Repository/TripFocus/Orders/Advanced Filters/Advanced Search Fields/BillTo_dropdown' is clicked on

22-10-2025T10:46:46 - [TEST_STEP][PASSED] - delay(10): Delayed 10 second(s)

22-10-2025T10:46:56 - [MESSAGE][PASSED] - Delayed 10 second(s)

22-10-2025T10:46:56 - [TEST_STEP][FAILED] - sendKeys(findTestObject("TripFocus/Orders/Advanced Filters/Advanced Search Fields/BillTo_txt"), "A-1 Oil"): Unable to send keys 'A-1 Oil' to object 'Object Repository/TripFocus/Orders/Advanced Filters/Advanced Search Fields/BillTo_txt' (Root cause: com.kms.katalon.core.exception.StepFailedException: Unable to send keys 'A-1 Oil' to object 'Object Repository/TripFocus/Orders/Advanced Filters/Advanced Search Fields/BillTo_txt'
	at com.kms.katalon.core.webui.keyword.internal.WebUIKeywordMain.stepFailed(WebUIKeywordMain.groovy:117)
	at com.kms.katalon.core.webui.keyword.internal.WebUIKeywordMain.runKeyword(WebUIKeywordMain.groovy:43)
	at com.kms.katalon.core.webui.keyword.builtin.SendKeysKeyword.sendKeys(SendKeysKeyword.groovy:60)
	at com.kms.katalon.core.webui.keyword.builtin.SendKeysKeyword.execute(SendKeysKeyword.groovy:38)
	at com.kms.katalon.core.keyword.internal.KeywordExecutor.executeKeywordForPlatform(KeywordExecutor.groovy:74)
	at com.kms.katalon.core.webui.keyword.WebUiBuiltInKeywords.sendKeys(WebUiBuiltInKeywords.groovy:903)
	at com.kms.katalon.core.webui.keyword.WebUiBuiltInKeywords$sendKeys$9.call(Unknown Source)
	at SPG - Advanced Filter - Bill To.run(SPG - Advanced Filter - Bill To:62)
	at com.kms.katalon.core.main.ScriptEngine.run(ScriptEngine.java:194)
	at com.kms.katalon.core.main.ScriptEngine.runScriptAsRawText(ScriptEngine.java:119)
	at com.kms.katalon.core.main.TestCaseExecutor.runScript(TestCaseExecutor.java:448)
	at com.kms.katalon.core.main.TestCaseExecutor.doExecute(TestCaseExecutor.java:439)
	at com.kms.katalon.core.main.TestCaseExecutor.processExecutionPhase(TestCaseExecutor.java:418)
	at com.kms.katalon.core.main.TestCaseExecutor.accessMainPhase(TestCaseExecutor.java:410)
	at com.kms.katalon.core.main.TestCaseExecutor.execute(TestCaseExecutor.java:285)
	at com.kms.katalon.core.common.CommonExecutor.accessTestCaseMainPhase(CommonExecutor.java:65)
	at com.kms.katalon.core.main.TestSuiteExecutor.accessTestSuiteMainPhase(TestSuiteExecutor.java:150)
	at com.kms.katalon.core.main.TestSuiteExecutor.execute(TestSuiteExecutor.java:106)
	at com.kms.katalon.core.main.TestCaseMain.startTestSuite(TestCaseMain.java:180)
	at com.kms.katalon.core.main.TestCaseMain$startTestSuite$0.call(Unknown Source)
	at TempTestSuite1761139096516.run(TempTestSuite1761139096516.groovy:35)
	at java.base/jdk.internal.reflect.NativeMethodAccessorImpl.invoke0(Native Method)
	at java.base/jdk.internal.reflect.NativeMethodAccessorImpl.invoke(NativeMethodAccessorImpl.java:77)
	at java.base/jdk.internal.reflect.DelegatingMethodAccessorImpl.invoke(DelegatingMethodAccessorImpl.java:43)
Caused by: com.kms.katalon.core.webui.exception.WebElementNotFoundException: Web element with id: 'Object Repository/TripFocus/Orders/Advanced Filters/Advanced Search Fields/BillTo_txt' located by '//*[@id="collapse-advanced"]/div[1]/div[1]/div/div/div[2]/span' not found
	at com.kms.katalon.core.webui.common.WebUiCommonHelper.findWebElement(WebUiCommonHelper.java:1423)
	at com.kms.katalon.core.webui.keyword.internal.WebUIAbstractKeyword.findWebElement(WebUIAbstractKeyword.groovy:27)
	at com.kms.katalon.core.webui.keyword.internal.WebUIAbstractKeyword.findWebElement(WebUIAbstractKeyword.groovy:26)
	at com.kms.katalon.core.webui.keyword.builtin.SendKeysKeyword$_sendKeys_closure1.doCall(SendKeysKeyword.groovy:52)
	at com.kms.katalon.core.webui.keyword.builtin.SendKeysKeyword$_sendKeys_closure1.call(SendKeysKeyword.groovy)
	at com.kms.katalon.core.webui.keyword.internal.WebUIKeywordMain.runKeyword(WebUIKeywordMain.groovy:35)
	at com.kms.katalon.core.webui.keyword.builtin.SendKeysKeyword.sendKeys(SendKeysKeyword.groovy:60)
	at com.kms.katalon.core.webui.keyword.builtin.SendKeysKeyword.execute(SendKeysKeyword.groovy:38)
	at com.kms.katalon.core.keyword.internal.KeywordExecutor.executeKeywordForPlatform(KeywordExecutor.groovy:74)
	at com.kms.katalon.core.webui.keyword.WebUiBuiltInKeywords.sendKeys(WebUiBuiltInKeywords.groovy:903)
	at com.kms.katalon.core.webui.keyword.WebUiBuiltInKeywords$sendKeys$9.call(Unknown Source)
	at Script1745009570807.run(Script1745009570807.groovy:62)
	... 16 more
)

22-10-2025T10:47:12 - [MESSAGE][INFO] - Unable to find the element located by 'By.xpath: //*[@id="collapse-advanced"]/div[1]/div[1]/div/div/div[2]/span'. Please recheck the objects properties to make sure the desired element is located. 

22-10-2025T10:47:12 - [MESSAGE][WARNING] - [SELF-HEALING] Failed to find element with id 'Object Repository/TripFocus/Orders/Advanced Filters/Advanced Search Fields/BillTo_txt'. Try using Self-healing.

22-10-2025T10:47:13 - [MESSAGE][INFO] - [SELF-HEALING] No working XPath is found.

22-10-2025T10:47:15 - [MESSAGE][INFO] - Unable to find the element located by 'By.xpath: //*[@class = 'multiselect_placeholder']'. Please recheck the objects properties to make sure the desired element is located. 

22-10-2025T10:47:16 - [MESSAGE][INFO] - Unable to find the element located by 'By.cssSelector: multiselect_placeholder'. Please recheck the objects properties to make sure the desired element is located. 

22-10-2025T10:47:16 - [MESSAGE][FAILED] - Unable to send keys 'A-1 Oil' to object 'Object Repository/TripFocus/Orders/Advanced Filters/Advanced Search Fields/BillTo_txt' (Root cause: com.kms.katalon.core.exception.StepFailedException: Unable to send keys 'A-1 Oil' to object 'Object Repository/TripFocus/Orders/Advanced Filters/Advanced Search Fields/BillTo_txt'
	at com.kms.katalon.core.webui.keyword.internal.WebUIKeywordMain.stepFailed(WebUIKeywordMain.groovy:117)
	at com.kms.katalon.core.webui.keyword.internal.WebUIKeywordMain.runKeyword(WebUIKeywordMain.groovy:43)
	at com.kms.katalon.core.webui.keyword.builtin.SendKeysKeyword.sendKeys(SendKeysKeyword.groovy:60)
	at com.kms.katalon.core.webui.keyword.builtin.SendKeysKeyword.execute(SendKeysKeyword.groovy:38)
	at com.kms.katalon.core.keyword.internal.KeywordExecutor.executeKeywordForPlatform(KeywordExecutor.groovy:74)
	at com.kms.katalon.core.webui.keyword.WebUiBuiltInKeywords.sendKeys(WebUiBuiltInKeywords.groovy:903)
	at com.kms.katalon.core.webui.keyword.WebUiBuiltInKeywords$sendKeys$9.call(Unknown Source)
	at SPG - Advanced Filter - Bill To.run(SPG - Advanced Filter - Bill To:62)
	at com.kms.katalon.core.main.ScriptEngine.run(ScriptEngine.java:194)
	at com.kms.katalon.core.main.ScriptEngine.runScriptAsRawText(ScriptEngine.java:119)
	at com.kms.katalon.core.main.TestCaseExecutor.runScript(TestCaseExecutor.java:448)
	at com.kms.katalon.core.main.TestCaseExecutor.doExecute(TestCaseExecutor.java:439)
	at com.kms.katalon.core.main.TestCaseExecutor.processExecutionPhase(TestCaseExecutor.java:418)
	at com.kms.katalon.core.main.TestCaseExecutor.accessMainPhase(TestCaseExecutor.java:410)
	at com.kms.katalon.core.main.TestCaseExecutor.execute(TestCaseExecutor.java:285)
	at com.kms.katalon.core.common.CommonExecutor.accessTestCaseMainPhase(CommonExecutor.java:65)
	at com.kms.katalon.core.main.TestSuiteExecutor.accessTestSuiteMainPhase(TestSuiteExecutor.java:150)
	at com.kms.katalon.core.main.TestSuiteExecutor.execute(TestSuiteExecutor.java:106)
	at com.kms.katalon.core.main.TestCaseMain.startTestSuite(TestCaseMain.java:180)
	at com.kms.katalon.core.main.TestCaseMain$startTestSuite$0.call(Unknown Source)
	at TempTestSuite1761139096516.run(TempTestSuite1761139096516.groovy:35)
	at java.base/jdk.internal.reflect.NativeMethodAccessorImpl.invoke0(Native Method)
	at java.base/jdk.internal.reflect.NativeMethodAccessorImpl.invoke(NativeMethodAccessorImpl.java:77)
	at java.base/jdk.internal.reflect.DelegatingMethodAccessorImpl.invoke(DelegatingMethodAccessorImpl.java:43)
Caused by: com.kms.katalon.core.webui.exception.WebElementNotFoundException: Web element with id: 'Object Repository/TripFocus/Orders/Advanced Filters/Advanced Search Fields/BillTo_txt' located by '//*[@id="collapse-advanced"]/div[1]/div[1]/div/div/div[2]/span' not found
	at com.kms.katalon.core.webui.common.WebUiCommonHelper.findWebElement(WebUiCommonHelper.java:1423)
	at com.kms.katalon.core.webui.keyword.internal.WebUIAbstractKeyword.findWebElement(WebUIAbstractKeyword.groovy:27)
	at com.kms.katalon.core.webui.keyword.internal.WebUIAbstractKeyword.findWebElement(WebUIAbstractKeyword.groovy:26)
	at com.kms.katalon.core.webui.keyword.builtin.SendKeysKeyword$_sendKeys_closure1.doCall(SendKeysKeyword.groovy:52)
	at com.kms.katalon.core.webui.keyword.builtin.SendKeysKeyword$_sendKeys_closure1.call(SendKeysKeyword.groovy)
	at com.kms.katalon.core.webui.keyword.internal.WebUIKeywordMain.runKeyword(WebUIKeywordMain.groovy:35)
	at com.kms.katalon.core.webui.keyword.builtin.SendKeysKeyword.sendKeys(SendKeysKeyword.groovy:60)
	at com.kms.katalon.core.webui.keyword.builtin.SendKeysKeyword.execute(SendKeysKeyword.groovy:38)
	at com.kms.katalon.core.keyword.internal.KeywordExecutor.executeKeywordForPlatform(KeywordExecutor.groovy:74)
	at com.kms.katalon.core.webui.keyword.WebUiBuiltInKeywords.sendKeys(WebUiBuiltInKeywords.groovy:903)
	at com.kms.katalon.core.webui.keyword.WebUiBuiltInKeywords$sendKeys$9.call(Unknown Source)
	at Script1745009570807.run(Script1745009570807.groovy:62)
	... 16 more
)

22-10-2025T10:47:16 - [TEST_STEP][PASSED] - Start listener action : retryOnDisconnect: Current window's url is: 'https://www.qa.tripfocus.com/order-tenders'

22-10-2025T10:47:16 - [TEST_STEP][PASSED] - tcId = testCaseContext.getTestCaseId(): null

22-10-2025T10:47:16 - [TEST_STEP][PASSED] - currentRetry = retryCounts.getOrDefault(tcId, 0): null

22-10-2025T10:47:16 - [TEST_STEP][PASSED] - if (testCaseContext.getTestCaseStatus() == "FAILED" && currentRetry < MAX_RETRIES): Current window's url is: 'https://www.qa.tripfocus.com/order-tenders'

22-10-2025T10:47:16 - [TEST_STEP][PASSED] - try: Current window's url is: 'https://www.qa.tripfocus.com/order-tenders'

22-10-2025T10:47:16 - [TEST_STEP][PASSED] - comment(Checking for WebDriver disconnect for test case: $tcId): Checking for WebDriver disconnect for test case: Test Cases/TripFocus/SPG/SPG - Orders/SPG - Advanced Filter - Bill To

22-10-2025T10:47:16 - [MESSAGE][INFO] - Checking for WebDriver disconnect for test case: Test Cases/TripFocus/SPG/SPG - Orders/SPG - Advanced Filter - Bill To

22-10-2025T10:47:16 - [TEST_STEP][PASSED] - getUrl(): Current window's url is: 'https://www.qa.tripfocus.com/order-tenders'

22-10-2025T10:47:16 - [MESSAGE][PASSED] - Current window's url is: 'https://www.qa.tripfocus.com/order-tenders']]></system-out>
         <system-err><![CDATA[22-10-2025T10:45:59 - [TEST_CASE][FAILED] - Test Cases/TripFocus/SPG/SPG - Orders/SPG - Advanced Filter - Bill To: Test Cases/TripFocus/SPG/SPG - Orders/SPG - Advanced Filter - Bill To FAILED.
Reason:
com.kms.katalon.core.exception.StepFailedException: Unable to send keys 'A-1 Oil' to object 'Object Repository/TripFocus/Orders/Advanced Filters/Advanced Search Fields/BillTo_txt'
	at com.kms.katalon.core.webui.keyword.internal.WebUIKeywordMain.stepFailed(WebUIKeywordMain.groovy:117)
	at com.kms.katalon.core.webui.keyword.internal.WebUIKeywordMain.runKeyword(WebUIKeywordMain.groovy:43)
	at com.kms.katalon.core.webui.keyword.builtin.SendKeysKeyword.sendKeys(SendKeysKeyword.groovy:60)
	at com.kms.katalon.core.webui.keyword.builtin.SendKeysKeyword.execute(SendKeysKeyword.groovy:38)
	at com.kms.katalon.core.keyword.internal.KeywordExecutor.executeKeywordForPlatform(KeywordExecutor.groovy:74)
	at com.kms.katalon.core.webui.keyword.WebUiBuiltInKeywords.sendKeys(WebUiBuiltInKeywords.groovy:903)
	at com.kms.katalon.core.webui.keyword.WebUiBuiltInKeywords$sendKeys$9.call(Unknown Source)
	at SPG - Advanced Filter - Bill To.run(SPG - Advanced Filter - Bill To:62)
	at com.kms.katalon.core.main.ScriptEngine.run(ScriptEngine.java:194)
	at com.kms.katalon.core.main.ScriptEngine.runScriptAsRawText(ScriptEngine.java:119)
	at com.kms.katalon.core.main.TestCaseExecutor.runScript(TestCaseExecutor.java:448)
	at com.kms.katalon.core.main.TestCaseExecutor.doExecute(TestCaseExecutor.java:439)
	at com.kms.katalon.core.main.TestCaseExecutor.processExecutionPhase(TestCaseExecutor.java:418)
	at com.kms.katalon.core.main.TestCaseExecutor.accessMainPhase(TestCaseExecutor.java:410)
	at com.kms.katalon.core.main.TestCaseExecutor.execute(TestCaseExecutor.java:285)
	at com.kms.katalon.core.common.CommonExecutor.accessTestCaseMainPhase(CommonExecutor.java:65)
	at com.kms.katalon.core.main.TestSuiteExecutor.accessTestSuiteMainPhase(TestSuiteExecutor.java:150)
	at com.kms.katalon.core.main.TestSuiteExecutor.execute(TestSuiteExecutor.java:106)
	at com.kms.katalon.core.main.TestCaseMain.startTestSuite(TestCaseMain.java:180)
	at com.kms.katalon.core.main.TestCaseMain$startTestSuite$0.call(Unknown Source)
	at TempTestSuite1761139096516.run(TempTestSuite1761139096516.groovy:35)
	at java.base/jdk.internal.reflect.NativeMethodAccessorImpl.invoke0(Native Method)
	at java.base/jdk.internal.reflect.NativeMethodAccessorImpl.invoke(NativeMethodAccessorImpl.java:77)
	at java.base/jdk.internal.reflect.DelegatingMethodAccessorImpl.invoke(DelegatingMethodAccessorImpl.java:43)
Caused by: com.kms.katalon.core.webui.exception.WebElementNotFoundException: Web element with id: 'Object Repository/TripFocus/Orders/Advanced Filters/Advanced Search Fields/BillTo_txt' located by '//*[@id="collapse-advanced"]/div[1]/div[1]/div/div/div[2]/span' not found
	at com.kms.katalon.core.webui.common.WebUiCommonHelper.findWebElement(WebUiCommonHelper.java:1423)
	at com.kms.katalon.core.webui.keyword.internal.WebUIAbstractKeyword.findWebElement(WebUIAbstractKeyword.groovy:27)
	at com.kms.katalon.core.webui.keyword.internal.WebUIAbstractKeyword.findWebElement(WebUIAbstractKeyword.groovy:26)
	at com.kms.katalon.core.webui.keyword.builtin.SendKeysKeyword$_sendKeys_closure1.doCall(SendKeysKeyword.groovy:52)
	at com.kms.katalon.core.webui.keyword.builtin.SendKeysKeyword$_sendKeys_closure1.call(SendKeysKeyword.groovy)
	at com.kms.katalon.core.webui.keyword.internal.WebUIKeywordMain.runKeyword(WebUIKeywordMain.groovy:35)
	... 22 more]]></system-err>
      </testcase>
      <testcase name="Test Cases/TripFocus/SPG/SPG - Orders/SPG - Advanced Filter - Carrier" time="66.206" classname="Test Cases/TripFocus/SPG/SPG - Orders/SPG - Advanced Filter - Carrier" status="PASSED">
         <system-out><![CDATA[22-10-2025T10:47:16 - [TEST_CASE][PASSED] - Test Cases/TripFocus/SPG/SPG - Orders/SPG - Advanced Filter - Carrier: Test Cases/TripFocus/SPG/SPG - Orders/SPG - Advanced Filter - Carrier

22-10-2025T10:47:16 - [TEST_STEP][PASSED] - Start listener action : beforeTestCase: null

22-10-2025T10:47:16 - [TEST_STEP][PASSED] - addDefaultPackages(): null

22-10-2025T10:47:17 - [TEST_STEP][PASSED] - openBrowser(""): Browser is opened with url: ''

22-10-2025T10:47:17 - [MESSAGE][WARNING] - A browser is already opened. Closing browser and opening a new one

22-10-2025T10:47:17 - [MESSAGE][INFO] - Starting 'Chrome' driver

22-10-2025T10:47:17 - [MESSAGE][INFO] - User set preference: ['args', '[--no-sandbox, --disable-gpu, --disable-dev-shm-usage]']

22-10-2025T10:47:17 - [MESSAGE][INFO] - Action delay is set to 0 milliseconds

22-10-2025T10:47:17 - [MESSAGE][PASSED] - Browser is opened with url: ''

22-10-2025T10:47:17 - [TEST_STEP][PASSED] - navigateToUrl(TFBaseURL): Navigate to 'https://www.qa.tripfocus.com' successfully

22-10-2025T10:47:18 - [MESSAGE][PASSED] - Navigate to 'https://www.qa.tripfocus.com' successfully

22-10-2025T10:47:18 - [TEST_STEP][PASSED] - click(findTestObject("Object Repository/TripFocus/Page_TripFocus/button_Sign in")): Object: 'Object Repository/TripFocus/Page_TripFocus/button_Sign in' is clicked on

22-10-2025T10:47:18 - [MESSAGE][PASSED] - Object: 'Object Repository/TripFocus/Page_TripFocus/button_Sign in' is clicked on

22-10-2025T10:47:18 - [TEST_STEP][PASSED] - setText(findTestObject("Object Repository/TripFocus/Page_TripFocus/input_Username (e.g. email address)_Username"), TripFocusBleachTechSPGUsername): Text 'Ashford.Chenault+BleachtechCustomerSPGONLY@thekag.com' is set on object 'Object Repository/TripFocus/Page_TripFocus/input_Username (e.g. email address)_Username'

22-10-2025T10:47:19 - [MESSAGE][PASSED] - Text 'Ashford.Chenault+BleachtechCustomerSPGONLY@thekag.com' is set on object 'Object Repository/TripFocus/Page_TripFocus/input_Username (e.g. email address)_Username'

22-10-2025T10:47:19 - [TEST_STEP][PASSED] - setText(findTestObject("Object Repository/TripFocus/Page_TripFocus/input_Password_Password"), TripFocusFDGSPGPassword): Text 'CrashBan911!!' is set on object 'Object Repository/TripFocus/Page_TripFocus/input_Password_Password'

22-10-2025T10:47:19 - [MESSAGE][PASSED] - Text 'CrashBan911!!' is set on object 'Object Repository/TripFocus/Page_TripFocus/input_Password_Password'

22-10-2025T10:47:19 - [TEST_STEP][PASSED] - click(findTestObject("Object Repository/TripFocus/Page_TripFocus/button_Login")): Object: 'Object Repository/TripFocus/Page_TripFocus/button_Login' is clicked on

22-10-2025T10:47:19 - [MESSAGE][PASSED] - Object: 'Object Repository/TripFocus/Page_TripFocus/button_Login' is clicked on

22-10-2025T10:47:19 - [TEST_STEP][PASSED] - maximizeWindow(): Current window maximized

22-10-2025T10:47:19 - [MESSAGE][PASSED] - Current window maximized

22-10-2025T10:47:19 - [TEST_STEP][PASSED] - waitForElementVisible(findTestObject("TripFocus/Testing_Notification_btn"), 15, OPTIONAL): Web element with id: 'Object Repository/TripFocus/Testing_Notification_btn' located by '//*[@id="__BVID__10___BV_modal_footer_"]/button' not found

22-10-2025T10:47:35 - [MESSAGE][INFO] - Unable to find the element located by 'By.xpath: //*[@id="__BVID__10___BV_modal_footer_"]/button'. Please recheck the objects properties to make sure the desired element is located. 

22-10-2025T10:47:35 - [MESSAGE][WARNING] - [SELF-HEALING] Failed to find element with id 'Object Repository/TripFocus/Testing_Notification_btn'. Try using Self-healing.

22-10-2025T10:47:36 - [MESSAGE][INFO] - [SELF-HEALING] No working XPath is found.

22-10-2025T10:47:38 - [MESSAGE][INFO] - Unable to find the element located by 'By.xpath: '. Please recheck the objects properties to make sure the desired element is located. 

22-10-2025T10:47:38 - [MESSAGE][WARNING] - [SELF-HEALING] Cannot find elements when the selector is null

22-10-2025T10:47:38 - [MESSAGE][WARNING] - Web element with id: 'Object Repository/TripFocus/Testing_Notification_btn' located by '//*[@id="__BVID__10___BV_modal_footer_"]/button' not found

22-10-2025T10:47:38 - [TEST_STEP][PASSED] - if (verifyElementVisible(findTestObject("TripFocus/Testing_Notification_btn"), OPTIONAL) == true): Web element with id: 'Object Repository/TripFocus/Testing_Notification_btn' located by '//*[@id="__BVID__10___BV_modal_footer_"]/button' not found (Root cause: com.kms.katalon.core.exception.StepFailedException: Web element with id: 'Object Repository/TripFocus/Testing_Notification_btn' located by '//*[@id="__BVID__10___BV_modal_footer_"]/button' not found
	at com.kms.katalon.core.webui.keyword.internal.WebUIKeywordMain.stepFailed(WebUIKeywordMain.groovy:117)
	at com.kms.katalon.core.webui.keyword.builtin.VerifyElementVisibleKeyword$_verifyElementVisible_closure1.doCall(VerifyElementVisibleKeyword.groovy:89)
	at com.kms.katalon.core.webui.keyword.builtin.VerifyElementVisibleKeyword$_verifyElementVisible_closure1.call(VerifyElementVisibleKeyword.groovy)
	at com.kms.katalon.core.webui.keyword.internal.WebUIKeywordMain.runKeyword(WebUIKeywordMain.groovy:35)
	at com.kms.katalon.core.webui.keyword.builtin.VerifyElementVisibleKeyword.verifyElementVisible(VerifyElementVisibleKeyword.groovy:97)
	at com.kms.katalon.core.webui.keyword.builtin.VerifyElementVisibleKeyword.execute(VerifyElementVisibleKeyword.groovy:67)
	at com.kms.katalon.core.keyword.internal.KeywordExecutor.executeKeywordForPlatform(KeywordExecutor.groovy:74)
	at com.kms.katalon.core.webui.keyword.WebUiBuiltInKeywords.verifyElementVisible(WebUiBuiltInKeywords.groovy:401)
	at com.kms.katalon.core.webui.keyword.WebUiBuiltInKeywords$verifyElementVisible$5.call(Unknown Source)
	at SPG - Advanced Filter - Carrier.run(SPG - Advanced Filter - Carrier:38)
	at com.kms.katalon.core.main.ScriptEngine.run(ScriptEngine.java:194)
	at com.kms.katalon.core.main.ScriptEngine.runScriptAsRawText(ScriptEngine.java:119)
	at com.kms.katalon.core.main.TestCaseExecutor.runScript(TestCaseExecutor.java:448)
	at com.kms.katalon.core.main.TestCaseExecutor.doExecute(TestCaseExecutor.java:439)
	at com.kms.katalon.core.main.TestCaseExecutor.processExecutionPhase(TestCaseExecutor.java:418)
	at com.kms.katalon.core.main.TestCaseExecutor.accessMainPhase(TestCaseExecutor.java:410)
	at com.kms.katalon.core.main.TestCaseExecutor.execute(TestCaseExecutor.java:285)
	at com.kms.katalon.core.common.CommonExecutor.accessTestCaseMainPhase(CommonExecutor.java:65)
	at com.kms.katalon.core.main.TestSuiteExecutor.accessTestSuiteMainPhase(TestSuiteExecutor.java:150)
	at com.kms.katalon.core.main.TestSuiteExecutor.execute(TestSuiteExecutor.java:106)
	at com.kms.katalon.core.main.TestCaseMain.startTestSuite(TestCaseMain.java:180)
	at com.kms.katalon.core.main.TestCaseMain$startTestSuite$0.call(Unknown Source)
	at TempTestSuite1761139096516.run(TempTestSuite1761139096516.groovy:35)
	at java.base/jdk.internal.reflect.NativeMethodAccessorImpl.invoke0(Native Method)
	at java.base/jdk.internal.reflect.NativeMethodAccessorImpl.invoke(NativeMethodAccessorImpl.java:77)
	at java.base/jdk.internal.reflect.DelegatingMethodAccessorImpl.invoke(DelegatingMethodAccessorImpl.java:43)
)

22-10-2025T10:47:54 - [MESSAGE][INFO] - Unable to find the element located by 'By.xpath: //*[@id="__BVID__10___BV_modal_footer_"]/button'. Please recheck the objects properties to make sure the desired element is located. 

22-10-2025T10:47:54 - [MESSAGE][WARNING] - [SELF-HEALING] Failed to find element with id 'Object Repository/TripFocus/Testing_Notification_btn'. Try using Self-healing.

22-10-2025T10:47:55 - [MESSAGE][INFO] - [SELF-HEALING] No working XPath is found.

22-10-2025T10:47:57 - [MESSAGE][INFO] - Unable to find the element located by 'By.xpath: '. Please recheck the objects properties to make sure the desired element is located. 

22-10-2025T10:47:57 - [MESSAGE][WARNING] - [SELF-HEALING] Cannot find elements when the selector is null

22-10-2025T10:47:57 - [MESSAGE][WARNING] - Web element with id: 'Object Repository/TripFocus/Testing_Notification_btn' located by '//*[@id="__BVID__10___BV_modal_footer_"]/button' not found (Root cause: com.kms.katalon.core.exception.StepFailedException: Web element with id: 'Object Repository/TripFocus/Testing_Notification_btn' located by '//*[@id="__BVID__10___BV_modal_footer_"]/button' not found
	at com.kms.katalon.core.webui.keyword.internal.WebUIKeywordMain.stepFailed(WebUIKeywordMain.groovy:117)
	at com.kms.katalon.core.webui.keyword.builtin.VerifyElementVisibleKeyword$_verifyElementVisible_closure1.doCall(VerifyElementVisibleKeyword.groovy:89)
	at com.kms.katalon.core.webui.keyword.builtin.VerifyElementVisibleKeyword$_verifyElementVisible_closure1.call(VerifyElementVisibleKeyword.groovy)
	at com.kms.katalon.core.webui.keyword.internal.WebUIKeywordMain.runKeyword(WebUIKeywordMain.groovy:35)
	at com.kms.katalon.core.webui.keyword.builtin.VerifyElementVisibleKeyword.verifyElementVisible(VerifyElementVisibleKeyword.groovy:97)
	at com.kms.katalon.core.webui.keyword.builtin.VerifyElementVisibleKeyword.execute(VerifyElementVisibleKeyword.groovy:67)
	at com.kms.katalon.core.keyword.internal.KeywordExecutor.executeKeywordForPlatform(KeywordExecutor.groovy:74)
	at com.kms.katalon.core.webui.keyword.WebUiBuiltInKeywords.verifyElementVisible(WebUiBuiltInKeywords.groovy:401)
	at com.kms.katalon.core.webui.keyword.WebUiBuiltInKeywords$verifyElementVisible$5.call(Unknown Source)
	at SPG - Advanced Filter - Carrier.run(SPG - Advanced Filter - Carrier:38)
	at com.kms.katalon.core.main.ScriptEngine.run(ScriptEngine.java:194)
	at com.kms.katalon.core.main.ScriptEngine.runScriptAsRawText(ScriptEngine.java:119)
	at com.kms.katalon.core.main.TestCaseExecutor.runScript(TestCaseExecutor.java:448)
	at com.kms.katalon.core.main.TestCaseExecutor.doExecute(TestCaseExecutor.java:439)
	at com.kms.katalon.core.main.TestCaseExecutor.processExecutionPhase(TestCaseExecutor.java:418)
	at com.kms.katalon.core.main.TestCaseExecutor.accessMainPhase(TestCaseExecutor.java:410)
	at com.kms.katalon.core.main.TestCaseExecutor.execute(TestCaseExecutor.java:285)
	at com.kms.katalon.core.common.CommonExecutor.accessTestCaseMainPhase(CommonExecutor.java:65)
	at com.kms.katalon.core.main.TestSuiteExecutor.accessTestSuiteMainPhase(TestSuiteExecutor.java:150)
	at com.kms.katalon.core.main.TestSuiteExecutor.execute(TestSuiteExecutor.java:106)
	at com.kms.katalon.core.main.TestCaseMain.startTestSuite(TestCaseMain.java:180)
	at com.kms.katalon.core.main.TestCaseMain$startTestSuite$0.call(Unknown Source)
	at TempTestSuite1761139096516.run(TempTestSuite1761139096516.groovy:35)
	at java.base/jdk.internal.reflect.NativeMethodAccessorImpl.invoke0(Native Method)
	at java.base/jdk.internal.reflect.NativeMethodAccessorImpl.invoke(NativeMethodAccessorImpl.java:77)
	at java.base/jdk.internal.reflect.DelegatingMethodAccessorImpl.invoke(DelegatingMethodAccessorImpl.java:43)
)

22-10-2025T10:47:57 - [TEST_STEP][PASSED] - click(findTestObject("TripFocus/SSO/SSO Orders Tab")): Object: 'Object Repository/TripFocus/SSO/SSO Orders Tab' is clicked on

22-10-2025T10:47:57 - [MESSAGE][PASSED] - Object: 'Object Repository/TripFocus/SSO/SSO Orders Tab' is clicked on

22-10-2025T10:47:57 - [TEST_STEP][PASSED] - waitForElementClickable(findTestObject("TripFocus/Orders/Advanced Filters_btn"), 30): Object 'Object Repository/TripFocus/Orders/Advanced Filters_btn' is clickable

22-10-2025T10:47:58 - [MESSAGE][PASSED] - Object 'Object Repository/TripFocus/Orders/Advanced Filters_btn' is clickable

22-10-2025T10:47:58 - [TEST_STEP][PASSED] - delay(1): Delayed 1 second(s)

22-10-2025T10:47:59 - [MESSAGE][PASSED] - Delayed 1 second(s)

22-10-2025T10:47:59 - [TEST_STEP][PASSED] - click(findTestObject("TripFocus/Orders/Advanced Filters_btn"), STOP_ON_FAILURE): Object: 'Object Repository/TripFocus/Orders/Advanced Filters_btn' is clicked on

22-10-2025T10:47:59 - [MESSAGE][PASSED] - Object: 'Object Repository/TripFocus/Orders/Advanced Filters_btn' is clicked on

22-10-2025T10:47:59 - [TEST_STEP][PASSED] - delay(2): Delayed 2 second(s)

22-10-2025T10:48:01 - [MESSAGE][PASSED] - Delayed 2 second(s)

22-10-2025T10:48:01 - [TEST_STEP][PASSED] - click(findTestObject("TripFocus/Orders/Advanced Filters/Advanced Search Fields/Advanced_Search_Fields_dropdown")): Object: 'Object Repository/TripFocus/Orders/Advanced Filters/Advanced Search Fields/Advanced_Search_Fields_dropdown' is clicked on

22-10-2025T10:48:01 - [MESSAGE][PASSED] - Object: 'Object Repository/TripFocus/Orders/Advanced Filters/Advanced Search Fields/Advanced_Search_Fields_dropdown' is clicked on

22-10-2025T10:48:01 - [TEST_STEP][PASSED] - delay(2): Delayed 2 second(s)

22-10-2025T10:48:03 - [MESSAGE][PASSED] - Delayed 2 second(s)

22-10-2025T10:48:03 - [TEST_STEP][PASSED] - click(findTestObject("TripFocus/Orders/Advanced Filters/Advanced Search Fields/Carrier_dropdown")): Object: 'Object Repository/TripFocus/Orders/Advanced Filters/Advanced Search Fields/Carrier_dropdown' is clicked on

22-10-2025T10:48:03 - [MESSAGE][PASSED] - Object: 'Object Repository/TripFocus/Orders/Advanced Filters/Advanced Search Fields/Carrier_dropdown' is clicked on

22-10-2025T10:48:03 - [TEST_STEP][PASSED] - delay(2): Delayed 2 second(s)

22-10-2025T10:48:05 - [MESSAGE][PASSED] - Delayed 2 second(s)

22-10-2025T10:48:05 - [TEST_STEP][PASSED] - sendKeys(findTestObject("TripFocus/Orders/Advanced Filters/Advanced Search Fields/Carrier_txt"), "786 HAULING LLC"): Keys '786 HAULING LLC' sent to object: 'Object Repository/TripFocus/Orders/Advanced Filters/Advanced Search Fields/Carrier_txt'

22-10-2025T10:48:05 - [MESSAGE][PASSED] - Keys '786 HAULING LLC' sent to object: 'Object Repository/TripFocus/Orders/Advanced Filters/Advanced Search Fields/Carrier_txt'

22-10-2025T10:48:05 - [TEST_STEP][PASSED] - delay(10): Delayed 10 second(s)

22-10-2025T10:48:15 - [MESSAGE][PASSED] - Delayed 10 second(s)

22-10-2025T10:48:15 - [TEST_STEP][PASSED] - sendKeys(findTestObject("TripFocus/Orders/Advanced Filters/Advanced Search Fields/Carrier_txt"), Keys.chord(ENTER)): Keys 'ENTER + ' sent to object: 'Object Repository/TripFocus/Orders/Advanced Filters/Advanced Search Fields/Carrier_txt'

22-10-2025T10:48:15 - [MESSAGE][PASSED] - Keys 'ENTER + ' sent to object: 'Object Repository/TripFocus/Orders/Advanced Filters/Advanced Search Fields/Carrier_txt'

22-10-2025T10:48:15 - [TEST_STEP][PASSED] - delay(2): Delayed 2 second(s)

22-10-2025T10:48:17 - [MESSAGE][PASSED] - Delayed 2 second(s)

22-10-2025T10:48:17 - [TEST_STEP][PASSED] - click(findTestObject("TripFocus/Sidebar Minimizer")): Object: 'Object Repository/TripFocus/Sidebar Minimizer' is clicked on

22-10-2025T10:48:17 - [MESSAGE][PASSED] - Object: 'Object Repository/TripFocus/Sidebar Minimizer' is clicked on

22-10-2025T10:48:17 - [TEST_STEP][PASSED] - delay(2): Delayed 2 second(s)

22-10-2025T10:48:19 - [MESSAGE][PASSED] - Delayed 2 second(s)

22-10-2025T10:48:19 - [TEST_STEP][PASSED] - click(findTestObject("TripFocus/Orders/Advanced Filters/Apply Filters_btn")): Object: 'Object Repository/TripFocus/Orders/Advanced Filters/Apply Filters_btn' is clicked on

22-10-2025T10:48:19 - [MESSAGE][PASSED] - Object: 'Object Repository/TripFocus/Orders/Advanced Filters/Apply Filters_btn' is clicked on

22-10-2025T10:48:19 - [TEST_STEP][PASSED] - delay(2): Delayed 2 second(s)

22-10-2025T10:48:21 - [MESSAGE][PASSED] - Delayed 2 second(s)

22-10-2025T10:48:21 - [TEST_STEP][PASSED] - closeBrowser(): Browser is closed

22-10-2025T10:48:23 - [MESSAGE][PASSED] - Browser is closed

22-10-2025T10:48:23 - [TEST_STEP][PASSED] - Start listener action : retryOnDisconnect: null

22-10-2025T10:48:23 - [TEST_STEP][PASSED] - tcId = testCaseContext.getTestCaseId(): null

22-10-2025T10:48:23 - [TEST_STEP][PASSED] - currentRetry = retryCounts.getOrDefault(tcId, 0): null

22-10-2025T10:48:23 - [TEST_STEP][PASSED] - if (testCaseContext.getTestCaseStatus() == "FAILED" && currentRetry < MAX_RETRIES): null]]></system-out>
         <system-err><![CDATA[]]></system-err>
      </testcase>
      <testcase name="Test Cases/TripFocus/SPG/SPG - Orders/SPG - Advanced Filter - Commodity Class" time="77.222" classname="Test Cases/TripFocus/SPG/SPG - Orders/SPG - Advanced Filter - Commodity Class" status="FAILED">
         <failure type="FAILED" message="Test Cases/TripFocus/SPG/SPG - Orders/SPG - Advanced Filter - Commodity Class FAILED.&#xa;Reason:&#xa;com.kms.katalon.core.exception.StepFailedException: Unable to click on object 'Object Repository/TripFocus/Orders/Advanced Filters/Advanced Search Fields/UNLEADED-CARB_option'&#xa;	at com.kms.katalon.core.webui.keyword.internal.WebUIKeywordMain.stepFailed(WebUIKeywordMain.groovy:117)&#xa;	at com.kms.katalon.core.webui.keyword.internal.WebUIKeywordMain.runKeyword(WebUIKeywordMain.groovy:43)&#xa;	at com.kms.katalon.core.webui.keyword.builtin.ClickKeyword.click(ClickKeyword.groovy:74)&#xa;	at com.kms.katalon.core.webui.keyword.builtin.ClickKeyword.execute(ClickKeyword.groovy:40)&#xa;	at com.kms.katalon.core.keyword.internal.KeywordExecutor.executeKeywordForPlatform(KeywordExecutor.groovy:74)&#xa;	at com.kms.katalon.core.webui.keyword.WebUiBuiltInKeywords.click(WebUiBuiltInKeywords.groovy:647)&#xa;	at com.kms.katalon.core.webui.keyword.WebUiBuiltInKeywords$click$7.call(Unknown Source)&#xa;	at SPG - Advanced Filter - Commodity Class.run(SPG - Advanced Filter - Commodity Class:62)&#xa;	at com.kms.katalon.core.main.ScriptEngine.run(ScriptEngine.java:194)&#xa;	at com.kms.katalon.core.main.ScriptEngine.runScriptAsRawText(ScriptEngine.java:119)&#xa;	at com.kms.katalon.core.main.TestCaseExecutor.runScript(TestCaseExecutor.java:448)&#xa;	at com.kms.katalon.core.main.TestCaseExecutor.doExecute(TestCaseExecutor.java:439)&#xa;	at com.kms.katalon.core.main.TestCaseExecutor.processExecutionPhase(TestCaseExecutor.java:418)&#xa;	at com.kms.katalon.core.main.TestCaseExecutor.accessMainPhase(TestCaseExecutor.java:410)&#xa;	at com.kms.katalon.core.main.TestCaseExecutor.execute(TestCaseExecutor.java:285)&#xa;	at com.kms.katalon.core.common.CommonExecutor.accessTestCaseMainPhase(CommonExecutor.java:65)&#xa;	at com.kms.katalon.core.main.TestSuiteExecutor.accessTestSuiteMainPhase(TestSuiteExecutor.java:150)&#xa;	at com.kms.katalon.core.main.TestSuiteExecutor.execute(TestSuiteExecutor.java:106)&#xa;	at com.kms.katalon.core.main.TestCaseMain.startTestSuite(TestCaseMain.java:180)&#xa;	at com.kms.katalon.core.main.TestCaseMain$startTestSuite$0.call(Unknown Source)&#xa;	at TempTestSuite1761139096516.run(TempTestSuite1761139096516.groovy:35)&#xa;	at java.base/jdk.internal.reflect.NativeMethodAccessorImpl.invoke0(Native Method)&#xa;	at java.base/jdk.internal.reflect.NativeMethodAccessorImpl.invoke(NativeMethodAccessorImpl.java:77)&#xa;	at java.base/jdk.internal.reflect.DelegatingMethodAccessorImpl.invoke(DelegatingMethodAccessorImpl.java:43)&#xa;Caused by: com.kms.katalon.core.webui.exception.WebElementNotFoundException: Web element with id: 'Object Repository/TripFocus/Orders/Advanced Filters/Advanced Search Fields/UNLEADED-CARB_option' located by '/html/body/div/div[2]/div/main/div/div[2]/div/div[2]/div/div/div[2]/div/div/div[5]/div/div/div/div[3]/ul/li[1]' not found&#xa;	at com.kms.katalon.core.webui.common.WebUiCommonHelper.findWebElement(WebUiCommonHelper.java:1423)&#xa;	at com.kms.katalon.core.webui.keyword.internal.WebUIAbstractKeyword.findWebElement(WebUIAbstractKeyword.groovy:27)&#xa;	at com.kms.katalon.core.webui.keyword.builtin.ClickKeyword$_click_closure1.doCall(ClickKeyword.groovy:65)&#xa;	at com.kms.katalon.core.webui.keyword.builtin.ClickKeyword$_click_closure1.call(ClickKeyword.groovy)&#xa;	at com.kms.katalon.core.webui.keyword.internal.WebUIKeywordMain.runKeyword(WebUIKeywordMain.groovy:35)&#xa;	... 22 more&#xa;"/>
         <system-out><![CDATA[22-10-2025T10:48:23 - [TEST_CASE][FAILED] - Test Cases/TripFocus/SPG/SPG - Orders/SPG - Advanced Filter - Commodity Class: Test Cases/TripFocus/SPG/SPG - Orders/SPG - Advanced Filter - Commodity Class FAILED.
Reason:
com.kms.katalon.core.exception.StepFailedException: Unable to click on object 'Object Repository/TripFocus/Orders/Advanced Filters/Advanced Search Fields/UNLEADED-CARB_option'
	at com.kms.katalon.core.webui.keyword.internal.WebUIKeywordMain.stepFailed(WebUIKeywordMain.groovy:117)
	at com.kms.katalon.core.webui.keyword.internal.WebUIKeywordMain.runKeyword(WebUIKeywordMain.groovy:43)
	at com.kms.katalon.core.webui.keyword.builtin.ClickKeyword.click(ClickKeyword.groovy:74)
	at com.kms.katalon.core.webui.keyword.builtin.ClickKeyword.execute(ClickKeyword.groovy:40)
	at com.kms.katalon.core.keyword.internal.KeywordExecutor.executeKeywordForPlatform(KeywordExecutor.groovy:74)
	at com.kms.katalon.core.webui.keyword.WebUiBuiltInKeywords.click(WebUiBuiltInKeywords.groovy:647)
	at com.kms.katalon.core.webui.keyword.WebUiBuiltInKeywords$click$7.call(Unknown Source)
	at SPG - Advanced Filter - Commodity Class.run(SPG - Advanced Filter - Commodity Class:62)
	at com.kms.katalon.core.main.ScriptEngine.run(ScriptEngine.java:194)
	at com.kms.katalon.core.main.ScriptEngine.runScriptAsRawText(ScriptEngine.java:119)
	at com.kms.katalon.core.main.TestCaseExecutor.runScript(TestCaseExecutor.java:448)
	at com.kms.katalon.core.main.TestCaseExecutor.doExecute(TestCaseExecutor.java:439)
	at com.kms.katalon.core.main.TestCaseExecutor.processExecutionPhase(TestCaseExecutor.java:418)
	at com.kms.katalon.core.main.TestCaseExecutor.accessMainPhase(TestCaseExecutor.java:410)
	at com.kms.katalon.core.main.TestCaseExecutor.execute(TestCaseExecutor.java:285)
	at com.kms.katalon.core.common.CommonExecutor.accessTestCaseMainPhase(CommonExecutor.java:65)
	at com.kms.katalon.core.main.TestSuiteExecutor.accessTestSuiteMainPhase(TestSuiteExecutor.java:150)
	at com.kms.katalon.core.main.TestSuiteExecutor.execute(TestSuiteExecutor.java:106)
	at com.kms.katalon.core.main.TestCaseMain.startTestSuite(TestCaseMain.java:180)
	at com.kms.katalon.core.main.TestCaseMain$startTestSuite$0.call(Unknown Source)
	at TempTestSuite1761139096516.run(TempTestSuite1761139096516.groovy:35)
	at java.base/jdk.internal.reflect.NativeMethodAccessorImpl.invoke0(Native Method)
	at java.base/jdk.internal.reflect.NativeMethodAccessorImpl.invoke(NativeMethodAccessorImpl.java:77)
	at java.base/jdk.internal.reflect.DelegatingMethodAccessorImpl.invoke(DelegatingMethodAccessorImpl.java:43)
Caused by: com.kms.katalon.core.webui.exception.WebElementNotFoundException: Web element with id: 'Object Repository/TripFocus/Orders/Advanced Filters/Advanced Search Fields/UNLEADED-CARB_option' located by '/html/body/div/div[2]/div/main/div/div[2]/div/div[2]/div/div/div[2]/div/div/div[5]/div/div/div/div[3]/ul/li[1]' not found
	at com.kms.katalon.core.webui.common.WebUiCommonHelper.findWebElement(WebUiCommonHelper.java:1423)
	at com.kms.katalon.core.webui.keyword.internal.WebUIAbstractKeyword.findWebElement(WebUIAbstractKeyword.groovy:27)
	at com.kms.katalon.core.webui.keyword.builtin.ClickKeyword$_click_closure1.doCall(ClickKeyword.groovy:65)
	at com.kms.katalon.core.webui.keyword.builtin.ClickKeyword$_click_closure1.call(ClickKeyword.groovy)
	at com.kms.katalon.core.webui.keyword.internal.WebUIKeywordMain.runKeyword(WebUIKeywordMain.groovy:35)
	... 22 more


22-10-2025T10:48:23 - [TEST_STEP][PASSED] - Start listener action : beforeTestCase: null

22-10-2025T10:48:23 - [TEST_STEP][PASSED] - addDefaultPackages(): null

22-10-2025T10:48:23 - [TEST_STEP][PASSED] - openBrowser(""): Browser is opened with url: ''

22-10-2025T10:48:23 - [MESSAGE][INFO] - Starting 'Chrome' driver

22-10-2025T10:48:23 - [MESSAGE][INFO] - User set preference: ['args', '[--no-sandbox, --disable-gpu, --disable-dev-shm-usage]']

22-10-2025T10:48:23 - [MESSAGE][INFO] - Action delay is set to 0 milliseconds

22-10-2025T10:48:24 - [MESSAGE][PASSED] - Browser is opened with url: ''

22-10-2025T10:48:24 - [TEST_STEP][PASSED] - navigateToUrl(TFBaseURL): Navigate to 'https://www.qa.tripfocus.com' successfully

22-10-2025T10:48:24 - [MESSAGE][PASSED] - Navigate to 'https://www.qa.tripfocus.com' successfully

22-10-2025T10:48:24 - [TEST_STEP][PASSED] - click(findTestObject("Object Repository/TripFocus/Page_TripFocus/button_Sign in")): Object: 'Object Repository/TripFocus/Page_TripFocus/button_Sign in' is clicked on

22-10-2025T10:48:24 - [MESSAGE][PASSED] - Object: 'Object Repository/TripFocus/Page_TripFocus/button_Sign in' is clicked on

22-10-2025T10:48:24 - [TEST_STEP][PASSED] - setText(findTestObject("Object Repository/TripFocus/Page_TripFocus/input_Username (e.g. email address)_Username"), TripFocusBleachTechSPGUsername): Text 'Ashford.Chenault+BleachtechCustomerSPGONLY@thekag.com' is set on object 'Object Repository/TripFocus/Page_TripFocus/input_Username (e.g. email address)_Username'

22-10-2025T10:48:25 - [MESSAGE][PASSED] - Text 'Ashford.Chenault+BleachtechCustomerSPGONLY@thekag.com' is set on object 'Object Repository/TripFocus/Page_TripFocus/input_Username (e.g. email address)_Username'

22-10-2025T10:48:25 - [TEST_STEP][PASSED] - setText(findTestObject("Object Repository/TripFocus/Page_TripFocus/input_Password_Password"), TripFocusFDGSPGPassword): Text 'CrashBan911!!' is set on object 'Object Repository/TripFocus/Page_TripFocus/input_Password_Password'

22-10-2025T10:48:25 - [MESSAGE][PASSED] - Text 'CrashBan911!!' is set on object 'Object Repository/TripFocus/Page_TripFocus/input_Password_Password'

22-10-2025T10:48:25 - [TEST_STEP][PASSED] - click(findTestObject("Object Repository/TripFocus/Page_TripFocus/button_Login")): Object: 'Object Repository/TripFocus/Page_TripFocus/button_Login' is clicked on

22-10-2025T10:48:25 - [MESSAGE][PASSED] - Object: 'Object Repository/TripFocus/Page_TripFocus/button_Login' is clicked on

22-10-2025T10:48:25 - [TEST_STEP][PASSED] - maximizeWindow(): Current window maximized

22-10-2025T10:48:26 - [MESSAGE][PASSED] - Current window maximized

22-10-2025T10:48:26 - [TEST_STEP][PASSED] - waitForElementVisible(findTestObject("TripFocus/Testing_Notification_btn"), 15, OPTIONAL): Web element with id: 'Object Repository/TripFocus/Testing_Notification_btn' located by '//*[@id="__BVID__10___BV_modal_footer_"]/button' not found

22-10-2025T10:48:42 - [MESSAGE][INFO] - Unable to find the element located by 'By.xpath: //*[@id="__BVID__10___BV_modal_footer_"]/button'. Please recheck the objects properties to make sure the desired element is located. 

22-10-2025T10:48:42 - [MESSAGE][WARNING] - [SELF-HEALING] Failed to find element with id 'Object Repository/TripFocus/Testing_Notification_btn'. Try using Self-healing.

22-10-2025T10:48:43 - [MESSAGE][INFO] - [SELF-HEALING] No working XPath is found.

22-10-2025T10:48:45 - [MESSAGE][INFO] - Unable to find the element located by 'By.xpath: '. Please recheck the objects properties to make sure the desired element is located. 

22-10-2025T10:48:45 - [MESSAGE][WARNING] - [SELF-HEALING] Cannot find elements when the selector is null

22-10-2025T10:48:45 - [MESSAGE][WARNING] - Web element with id: 'Object Repository/TripFocus/Testing_Notification_btn' located by '//*[@id="__BVID__10___BV_modal_footer_"]/button' not found

22-10-2025T10:48:45 - [TEST_STEP][PASSED] - if (verifyElementVisible(findTestObject("TripFocus/Testing_Notification_btn"), OPTIONAL) == true): Web element with id: 'Object Repository/TripFocus/Testing_Notification_btn' located by '//*[@id="__BVID__10___BV_modal_footer_"]/button' not found (Root cause: com.kms.katalon.core.exception.StepFailedException: Web element with id: 'Object Repository/TripFocus/Testing_Notification_btn' located by '//*[@id="__BVID__10___BV_modal_footer_"]/button' not found
	at com.kms.katalon.core.webui.keyword.internal.WebUIKeywordMain.stepFailed(WebUIKeywordMain.groovy:117)
	at com.kms.katalon.core.webui.keyword.builtin.VerifyElementVisibleKeyword$_verifyElementVisible_closure1.doCall(VerifyElementVisibleKeyword.groovy:89)
	at com.kms.katalon.core.webui.keyword.builtin.VerifyElementVisibleKeyword$_verifyElementVisible_closure1.call(VerifyElementVisibleKeyword.groovy)
	at com.kms.katalon.core.webui.keyword.internal.WebUIKeywordMain.runKeyword(WebUIKeywordMain.groovy:35)
	at com.kms.katalon.core.webui.keyword.builtin.VerifyElementVisibleKeyword.verifyElementVisible(VerifyElementVisibleKeyword.groovy:97)
	at com.kms.katalon.core.webui.keyword.builtin.VerifyElementVisibleKeyword.execute(VerifyElementVisibleKeyword.groovy:67)
	at com.kms.katalon.core.keyword.internal.KeywordExecutor.executeKeywordForPlatform(KeywordExecutor.groovy:74)
	at com.kms.katalon.core.webui.keyword.WebUiBuiltInKeywords.verifyElementVisible(WebUiBuiltInKeywords.groovy:401)
	at com.kms.katalon.core.webui.keyword.WebUiBuiltInKeywords$verifyElementVisible$5.call(Unknown Source)
	at SPG - Advanced Filter - Commodity Class.run(SPG - Advanced Filter - Commodity Class:38)
	at com.kms.katalon.core.main.ScriptEngine.run(ScriptEngine.java:194)
	at com.kms.katalon.core.main.ScriptEngine.runScriptAsRawText(ScriptEngine.java:119)
	at com.kms.katalon.core.main.TestCaseExecutor.runScript(TestCaseExecutor.java:448)
	at com.kms.katalon.core.main.TestCaseExecutor.doExecute(TestCaseExecutor.java:439)
	at com.kms.katalon.core.main.TestCaseExecutor.processExecutionPhase(TestCaseExecutor.java:418)
	at com.kms.katalon.core.main.TestCaseExecutor.accessMainPhase(TestCaseExecutor.java:410)
	at com.kms.katalon.core.main.TestCaseExecutor.execute(TestCaseExecutor.java:285)
	at com.kms.katalon.core.common.CommonExecutor.accessTestCaseMainPhase(CommonExecutor.java:65)
	at com.kms.katalon.core.main.TestSuiteExecutor.accessTestSuiteMainPhase(TestSuiteExecutor.java:150)
	at com.kms.katalon.core.main.TestSuiteExecutor.execute(TestSuiteExecutor.java:106)
	at com.kms.katalon.core.main.TestCaseMain.startTestSuite(TestCaseMain.java:180)
	at com.kms.katalon.core.main.TestCaseMain$startTestSuite$0.call(Unknown Source)
	at TempTestSuite1761139096516.run(TempTestSuite1761139096516.groovy:35)
	at java.base/jdk.internal.reflect.NativeMethodAccessorImpl.invoke0(Native Method)
	at java.base/jdk.internal.reflect.NativeMethodAccessorImpl.invoke(NativeMethodAccessorImpl.java:77)
	at java.base/jdk.internal.reflect.DelegatingMethodAccessorImpl.invoke(DelegatingMethodAccessorImpl.java:43)
)

22-10-2025T10:49:01 - [MESSAGE][INFO] - Unable to find the element located by 'By.xpath: //*[@id="__BVID__10___BV_modal_footer_"]/button'. Please recheck the objects properties to make sure the desired element is located. 

22-10-2025T10:49:01 - [MESSAGE][WARNING] - [SELF-HEALING] Failed to find element with id 'Object Repository/TripFocus/Testing_Notification_btn'. Try using Self-healing.

22-10-2025T10:49:02 - [MESSAGE][INFO] - [SELF-HEALING] No working XPath is found.

22-10-2025T10:49:04 - [MESSAGE][INFO] - Unable to find the element located by 'By.xpath: '. Please recheck the objects properties to make sure the desired element is located. 

22-10-2025T10:49:04 - [MESSAGE][WARNING] - [SELF-HEALING] Cannot find elements when the selector is null

22-10-2025T10:49:04 - [MESSAGE][WARNING] - Web element with id: 'Object Repository/TripFocus/Testing_Notification_btn' located by '//*[@id="__BVID__10___BV_modal_footer_"]/button' not found (Root cause: com.kms.katalon.core.exception.StepFailedException: Web element with id: 'Object Repository/TripFocus/Testing_Notification_btn' located by '//*[@id="__BVID__10___BV_modal_footer_"]/button' not found
	at com.kms.katalon.core.webui.keyword.internal.WebUIKeywordMain.stepFailed(WebUIKeywordMain.groovy:117)
	at com.kms.katalon.core.webui.keyword.builtin.VerifyElementVisibleKeyword$_verifyElementVisible_closure1.doCall(VerifyElementVisibleKeyword.groovy:89)
	at com.kms.katalon.core.webui.keyword.builtin.VerifyElementVisibleKeyword$_verifyElementVisible_closure1.call(VerifyElementVisibleKeyword.groovy)
	at com.kms.katalon.core.webui.keyword.internal.WebUIKeywordMain.runKeyword(WebUIKeywordMain.groovy:35)
	at com.kms.katalon.core.webui.keyword.builtin.VerifyElementVisibleKeyword.verifyElementVisible(VerifyElementVisibleKeyword.groovy:97)
	at com.kms.katalon.core.webui.keyword.builtin.VerifyElementVisibleKeyword.execute(VerifyElementVisibleKeyword.groovy:67)
	at com.kms.katalon.core.keyword.internal.KeywordExecutor.executeKeywordForPlatform(KeywordExecutor.groovy:74)
	at com.kms.katalon.core.webui.keyword.WebUiBuiltInKeywords.verifyElementVisible(WebUiBuiltInKeywords.groovy:401)
	at com.kms.katalon.core.webui.keyword.WebUiBuiltInKeywords$verifyElementVisible$5.call(Unknown Source)
	at SPG - Advanced Filter - Commodity Class.run(SPG - Advanced Filter - Commodity Class:38)
	at com.kms.katalon.core.main.ScriptEngine.run(ScriptEngine.java:194)
	at com.kms.katalon.core.main.ScriptEngine.runScriptAsRawText(ScriptEngine.java:119)
	at com.kms.katalon.core.main.TestCaseExecutor.runScript(TestCaseExecutor.java:448)
	at com.kms.katalon.core.main.TestCaseExecutor.doExecute(TestCaseExecutor.java:439)
	at com.kms.katalon.core.main.TestCaseExecutor.processExecutionPhase(TestCaseExecutor.java:418)
	at com.kms.katalon.core.main.TestCaseExecutor.accessMainPhase(TestCaseExecutor.java:410)
	at com.kms.katalon.core.main.TestCaseExecutor.execute(TestCaseExecutor.java:285)
	at com.kms.katalon.core.common.CommonExecutor.accessTestCaseMainPhase(CommonExecutor.java:65)
	at com.kms.katalon.core.main.TestSuiteExecutor.accessTestSuiteMainPhase(TestSuiteExecutor.java:150)
	at com.kms.katalon.core.main.TestSuiteExecutor.execute(TestSuiteExecutor.java:106)
	at com.kms.katalon.core.main.TestCaseMain.startTestSuite(TestCaseMain.java:180)
	at com.kms.katalon.core.main.TestCaseMain$startTestSuite$0.call(Unknown Source)
	at TempTestSuite1761139096516.run(TempTestSuite1761139096516.groovy:35)
	at java.base/jdk.internal.reflect.NativeMethodAccessorImpl.invoke0(Native Method)
	at java.base/jdk.internal.reflect.NativeMethodAccessorImpl.invoke(NativeMethodAccessorImpl.java:77)
	at java.base/jdk.internal.reflect.DelegatingMethodAccessorImpl.invoke(DelegatingMethodAccessorImpl.java:43)
)

22-10-2025T10:49:04 - [TEST_STEP][PASSED] - click(findTestObject("TripFocus/SSO/SSO Orders Tab")): Object: 'Object Repository/TripFocus/SSO/SSO Orders Tab' is clicked on

22-10-2025T10:49:04 - [MESSAGE][PASSED] - Object: 'Object Repository/TripFocus/SSO/SSO Orders Tab' is clicked on

22-10-2025T10:49:04 - [TEST_STEP][PASSED] - waitForElementClickable(findTestObject("TripFocus/Orders/Advanced Filters_btn"), 30): Object 'Object Repository/TripFocus/Orders/Advanced Filters_btn' is clickable

22-10-2025T10:49:04 - [MESSAGE][PASSED] - Object 'Object Repository/TripFocus/Orders/Advanced Filters_btn' is clickable

22-10-2025T10:49:04 - [TEST_STEP][PASSED] - delay(1): Delayed 1 second(s)

22-10-2025T10:49:05 - [MESSAGE][PASSED] - Delayed 1 second(s)

22-10-2025T10:49:05 - [TEST_STEP][PASSED] - click(findTestObject("TripFocus/Orders/Advanced Filters_btn"), STOP_ON_FAILURE): Object: 'Object Repository/TripFocus/Orders/Advanced Filters_btn' is clicked on

22-10-2025T10:49:06 - [MESSAGE][PASSED] - Object: 'Object Repository/TripFocus/Orders/Advanced Filters_btn' is clicked on

22-10-2025T10:49:06 - [TEST_STEP][PASSED] - delay(2): Delayed 2 second(s)

22-10-2025T10:49:08 - [MESSAGE][PASSED] - Delayed 2 second(s)

22-10-2025T10:49:08 - [TEST_STEP][PASSED] - click(findTestObject("TripFocus/Orders/Advanced Filters/Advanced Search Fields/Advanced_Search_Fields_dropdown")): Object: 'Object Repository/TripFocus/Orders/Advanced Filters/Advanced Search Fields/Advanced_Search_Fields_dropdown' is clicked on

22-10-2025T10:49:08 - [MESSAGE][PASSED] - Object: 'Object Repository/TripFocus/Orders/Advanced Filters/Advanced Search Fields/Advanced_Search_Fields_dropdown' is clicked on

22-10-2025T10:49:08 - [TEST_STEP][PASSED] - delay(2): Delayed 2 second(s)

22-10-2025T10:49:10 - [MESSAGE][PASSED] - Delayed 2 second(s)

22-10-2025T10:49:10 - [TEST_STEP][PASSED] - click(findTestObject("TripFocus/Orders/Advanced Filters/Advanced Search Fields/Commodity_Class_dropdown")): Object: 'Object Repository/TripFocus/Orders/Advanced Filters/Advanced Search Fields/Commodity_Class_dropdown' is clicked on

22-10-2025T10:49:10 - [MESSAGE][PASSED] - Object: 'Object Repository/TripFocus/Orders/Advanced Filters/Advanced Search Fields/Commodity_Class_dropdown' is clicked on

22-10-2025T10:49:10 - [TEST_STEP][PASSED] - delay(10): Delayed 10 second(s)

22-10-2025T10:49:20 - [MESSAGE][PASSED] - Delayed 10 second(s)

22-10-2025T10:49:20 - [TEST_STEP][FAILED] - click(findTestObject("TripFocus/Orders/Advanced Filters/Advanced Search Fields/UNLEADED-CARB_option"), STOP_ON_FAILURE): Unable to click on object 'Object Repository/TripFocus/Orders/Advanced Filters/Advanced Search Fields/UNLEADED-CARB_option' (Root cause: com.kms.katalon.core.exception.StepFailedException: Unable to click on object 'Object Repository/TripFocus/Orders/Advanced Filters/Advanced Search Fields/UNLEADED-CARB_option'
	at com.kms.katalon.core.webui.keyword.internal.WebUIKeywordMain.stepFailed(WebUIKeywordMain.groovy:117)
	at com.kms.katalon.core.webui.keyword.internal.WebUIKeywordMain.runKeyword(WebUIKeywordMain.groovy:43)
	at com.kms.katalon.core.webui.keyword.builtin.ClickKeyword.click(ClickKeyword.groovy:74)
	at com.kms.katalon.core.webui.keyword.builtin.ClickKeyword.execute(ClickKeyword.groovy:40)
	at com.kms.katalon.core.keyword.internal.KeywordExecutor.executeKeywordForPlatform(KeywordExecutor.groovy:74)
	at com.kms.katalon.core.webui.keyword.WebUiBuiltInKeywords.click(WebUiBuiltInKeywords.groovy:647)
	at com.kms.katalon.core.webui.keyword.WebUiBuiltInKeywords$click$7.call(Unknown Source)
	at SPG - Advanced Filter - Commodity Class.run(SPG - Advanced Filter - Commodity Class:62)
	at com.kms.katalon.core.main.ScriptEngine.run(ScriptEngine.java:194)
	at com.kms.katalon.core.main.ScriptEngine.runScriptAsRawText(ScriptEngine.java:119)
	at com.kms.katalon.core.main.TestCaseExecutor.runScript(TestCaseExecutor.java:448)
	at com.kms.katalon.core.main.TestCaseExecutor.doExecute(TestCaseExecutor.java:439)
	at com.kms.katalon.core.main.TestCaseExecutor.processExecutionPhase(TestCaseExecutor.java:418)
	at com.kms.katalon.core.main.TestCaseExecutor.accessMainPhase(TestCaseExecutor.java:410)
	at com.kms.katalon.core.main.TestCaseExecutor.execute(TestCaseExecutor.java:285)
	at com.kms.katalon.core.common.CommonExecutor.accessTestCaseMainPhase(CommonExecutor.java:65)
	at com.kms.katalon.core.main.TestSuiteExecutor.accessTestSuiteMainPhase(TestSuiteExecutor.java:150)
	at com.kms.katalon.core.main.TestSuiteExecutor.execute(TestSuiteExecutor.java:106)
	at com.kms.katalon.core.main.TestCaseMain.startTestSuite(TestCaseMain.java:180)
	at com.kms.katalon.core.main.TestCaseMain$startTestSuite$0.call(Unknown Source)
	at TempTestSuite1761139096516.run(TempTestSuite1761139096516.groovy:35)
	at java.base/jdk.internal.reflect.NativeMethodAccessorImpl.invoke0(Native Method)
	at java.base/jdk.internal.reflect.NativeMethodAccessorImpl.invoke(NativeMethodAccessorImpl.java:77)
	at java.base/jdk.internal.reflect.DelegatingMethodAccessorImpl.invoke(DelegatingMethodAccessorImpl.java:43)
Caused by: com.kms.katalon.core.webui.exception.WebElementNotFoundException: Web element with id: 'Object Repository/TripFocus/Orders/Advanced Filters/Advanced Search Fields/UNLEADED-CARB_option' located by '/html/body/div/div[2]/div/main/div/div[2]/div/div[2]/div/div/div[2]/div/div/div[5]/div/div/div/div[3]/ul/li[1]' not found
	at com.kms.katalon.core.webui.common.WebUiCommonHelper.findWebElement(WebUiCommonHelper.java:1423)
	at com.kms.katalon.core.webui.keyword.internal.WebUIAbstractKeyword.findWebElement(WebUIAbstractKeyword.groovy:27)
	at com.kms.katalon.core.webui.keyword.builtin.ClickKeyword$_click_closure1.doCall(ClickKeyword.groovy:65)
	at com.kms.katalon.core.webui.keyword.builtin.ClickKeyword$_click_closure1.call(ClickKeyword.groovy)
	at com.kms.katalon.core.webui.keyword.internal.WebUIKeywordMain.runKeyword(WebUIKeywordMain.groovy:35)
	at com.kms.katalon.core.webui.keyword.builtin.ClickKeyword.click(ClickKeyword.groovy:74)
	at com.kms.katalon.core.webui.keyword.builtin.ClickKeyword.execute(ClickKeyword.groovy:40)
	at com.kms.katalon.core.keyword.internal.KeywordExecutor.executeKeywordForPlatform(KeywordExecutor.groovy:74)
	at com.kms.katalon.core.webui.keyword.WebUiBuiltInKeywords.click(WebUiBuiltInKeywords.groovy:647)
	at com.kms.katalon.core.webui.keyword.WebUiBuiltInKeywords$click$7.call(Unknown Source)
	at Script1745009613928.run(Script1745009613928.groovy:62)
	... 16 more
)

22-10-2025T10:49:36 - [MESSAGE][INFO] - Unable to find the element located by 'By.xpath: /html/body/div/div[2]/div/main/div/div[2]/div/div[2]/div/div/div[2]/div/div/div[5]/div/div/div/div[3]/ul/li[1]'. Please recheck the objects properties to make sure the desired element is located. 

22-10-2025T10:49:36 - [MESSAGE][WARNING] - [SELF-HEALING] Failed to find element with id 'Object Repository/TripFocus/Orders/Advanced Filters/Advanced Search Fields/UNLEADED-CARB_option'. Try using Self-healing.

22-10-2025T10:49:37 - [MESSAGE][INFO] - [SELF-HEALING] No working XPath is found.

22-10-2025T10:49:39 - [MESSAGE][INFO] - Unable to find the element located by 'By.xpath: '. Please recheck the objects properties to make sure the desired element is located. 

22-10-2025T10:49:40 - [MESSAGE][INFO] - Unable to find the element located by 'By.cssSelector: '. Please recheck the objects properties to make sure the desired element is located. 

22-10-2025T10:49:40 - [MESSAGE][FAILED] - Unable to click on object 'Object Repository/TripFocus/Orders/Advanced Filters/Advanced Search Fields/UNLEADED-CARB_option' (Root cause: com.kms.katalon.core.exception.StepFailedException: Unable to click on object 'Object Repository/TripFocus/Orders/Advanced Filters/Advanced Search Fields/UNLEADED-CARB_option'
	at com.kms.katalon.core.webui.keyword.internal.WebUIKeywordMain.stepFailed(WebUIKeywordMain.groovy:117)
	at com.kms.katalon.core.webui.keyword.internal.WebUIKeywordMain.runKeyword(WebUIKeywordMain.groovy:43)
	at com.kms.katalon.core.webui.keyword.builtin.ClickKeyword.click(ClickKeyword.groovy:74)
	at com.kms.katalon.core.webui.keyword.builtin.ClickKeyword.execute(ClickKeyword.groovy:40)
	at com.kms.katalon.core.keyword.internal.KeywordExecutor.executeKeywordForPlatform(KeywordExecutor.groovy:74)
	at com.kms.katalon.core.webui.keyword.WebUiBuiltInKeywords.click(WebUiBuiltInKeywords.groovy:647)
	at com.kms.katalon.core.webui.keyword.WebUiBuiltInKeywords$click$7.call(Unknown Source)
	at SPG - Advanced Filter - Commodity Class.run(SPG - Advanced Filter - Commodity Class:62)
	at com.kms.katalon.core.main.ScriptEngine.run(ScriptEngine.java:194)
	at com.kms.katalon.core.main.ScriptEngine.runScriptAsRawText(ScriptEngine.java:119)
	at com.kms.katalon.core.main.TestCaseExecutor.runScript(TestCaseExecutor.java:448)
	at com.kms.katalon.core.main.TestCaseExecutor.doExecute(TestCaseExecutor.java:439)
	at com.kms.katalon.core.main.TestCaseExecutor.processExecutionPhase(TestCaseExecutor.java:418)
	at com.kms.katalon.core.main.TestCaseExecutor.accessMainPhase(TestCaseExecutor.java:410)
	at com.kms.katalon.core.main.TestCaseExecutor.execute(TestCaseExecutor.java:285)
	at com.kms.katalon.core.common.CommonExecutor.accessTestCaseMainPhase(CommonExecutor.java:65)
	at com.kms.katalon.core.main.TestSuiteExecutor.accessTestSuiteMainPhase(TestSuiteExecutor.java:150)
	at com.kms.katalon.core.main.TestSuiteExecutor.execute(TestSuiteExecutor.java:106)
	at com.kms.katalon.core.main.TestCaseMain.startTestSuite(TestCaseMain.java:180)
	at com.kms.katalon.core.main.TestCaseMain$startTestSuite$0.call(Unknown Source)
	at TempTestSuite1761139096516.run(TempTestSuite1761139096516.groovy:35)
	at java.base/jdk.internal.reflect.NativeMethodAccessorImpl.invoke0(Native Method)
	at java.base/jdk.internal.reflect.NativeMethodAccessorImpl.invoke(NativeMethodAccessorImpl.java:77)
	at java.base/jdk.internal.reflect.DelegatingMethodAccessorImpl.invoke(DelegatingMethodAccessorImpl.java:43)
Caused by: com.kms.katalon.core.webui.exception.WebElementNotFoundException: Web element with id: 'Object Repository/TripFocus/Orders/Advanced Filters/Advanced Search Fields/UNLEADED-CARB_option' located by '/html/body/div/div[2]/div/main/div/div[2]/div/div[2]/div/div/div[2]/div/div/div[5]/div/div/div/div[3]/ul/li[1]' not found
	at com.kms.katalon.core.webui.common.WebUiCommonHelper.findWebElement(WebUiCommonHelper.java:1423)
	at com.kms.katalon.core.webui.keyword.internal.WebUIAbstractKeyword.findWebElement(WebUIAbstractKeyword.groovy:27)
	at com.kms.katalon.core.webui.keyword.builtin.ClickKeyword$_click_closure1.doCall(ClickKeyword.groovy:65)
	at com.kms.katalon.core.webui.keyword.builtin.ClickKeyword$_click_closure1.call(ClickKeyword.groovy)
	at com.kms.katalon.core.webui.keyword.internal.WebUIKeywordMain.runKeyword(WebUIKeywordMain.groovy:35)
	at com.kms.katalon.core.webui.keyword.builtin.ClickKeyword.click(ClickKeyword.groovy:74)
	at com.kms.katalon.core.webui.keyword.builtin.ClickKeyword.execute(ClickKeyword.groovy:40)
	at com.kms.katalon.core.keyword.internal.KeywordExecutor.executeKeywordForPlatform(KeywordExecutor.groovy:74)
	at com.kms.katalon.core.webui.keyword.WebUiBuiltInKeywords.click(WebUiBuiltInKeywords.groovy:647)
	at com.kms.katalon.core.webui.keyword.WebUiBuiltInKeywords$click$7.call(Unknown Source)
	at Script1745009613928.run(Script1745009613928.groovy:62)
	... 16 more
)

22-10-2025T10:49:40 - [TEST_STEP][PASSED] - Start listener action : retryOnDisconnect: Current window's url is: 'https://www.qa.tripfocus.com/order-tenders'

22-10-2025T10:49:40 - [TEST_STEP][PASSED] - tcId = testCaseContext.getTestCaseId(): null

22-10-2025T10:49:40 - [TEST_STEP][PASSED] - currentRetry = retryCounts.getOrDefault(tcId, 0): null

22-10-2025T10:49:40 - [TEST_STEP][PASSED] - if (testCaseContext.getTestCaseStatus() == "FAILED" && currentRetry < MAX_RETRIES): Current window's url is: 'https://www.qa.tripfocus.com/order-tenders'

22-10-2025T10:49:40 - [TEST_STEP][PASSED] - try: Current window's url is: 'https://www.qa.tripfocus.com/order-tenders'

22-10-2025T10:49:40 - [TEST_STEP][PASSED] - comment(Checking for WebDriver disconnect for test case: $tcId): Checking for WebDriver disconnect for test case: Test Cases/TripFocus/SPG/SPG - Orders/SPG - Advanced Filter - Commodity Class

22-10-2025T10:49:40 - [MESSAGE][INFO] - Checking for WebDriver disconnect for test case: Test Cases/TripFocus/SPG/SPG - Orders/SPG - Advanced Filter - Commodity Class

22-10-2025T10:49:40 - [TEST_STEP][PASSED] - getUrl(): Current window's url is: 'https://www.qa.tripfocus.com/order-tenders'

22-10-2025T10:49:40 - [MESSAGE][PASSED] - Current window's url is: 'https://www.qa.tripfocus.com/order-tenders']]></system-out>
         <system-err><![CDATA[22-10-2025T10:48:23 - [TEST_CASE][FAILED] - Test Cases/TripFocus/SPG/SPG - Orders/SPG - Advanced Filter - Commodity Class: Test Cases/TripFocus/SPG/SPG - Orders/SPG - Advanced Filter - Commodity Class FAILED.
Reason:
com.kms.katalon.core.exception.StepFailedException: Unable to click on object 'Object Repository/TripFocus/Orders/Advanced Filters/Advanced Search Fields/UNLEADED-CARB_option'
	at com.kms.katalon.core.webui.keyword.internal.WebUIKeywordMain.stepFailed(WebUIKeywordMain.groovy:117)
	at com.kms.katalon.core.webui.keyword.internal.WebUIKeywordMain.runKeyword(WebUIKeywordMain.groovy:43)
	at com.kms.katalon.core.webui.keyword.builtin.ClickKeyword.click(ClickKeyword.groovy:74)
	at com.kms.katalon.core.webui.keyword.builtin.ClickKeyword.execute(ClickKeyword.groovy:40)
	at com.kms.katalon.core.keyword.internal.KeywordExecutor.executeKeywordForPlatform(KeywordExecutor.groovy:74)
	at com.kms.katalon.core.webui.keyword.WebUiBuiltInKeywords.click(WebUiBuiltInKeywords.groovy:647)
	at com.kms.katalon.core.webui.keyword.WebUiBuiltInKeywords$click$7.call(Unknown Source)
	at SPG - Advanced Filter - Commodity Class.run(SPG - Advanced Filter - Commodity Class:62)
	at com.kms.katalon.core.main.ScriptEngine.run(ScriptEngine.java:194)
	at com.kms.katalon.core.main.ScriptEngine.runScriptAsRawText(ScriptEngine.java:119)
	at com.kms.katalon.core.main.TestCaseExecutor.runScript(TestCaseExecutor.java:448)
	at com.kms.katalon.core.main.TestCaseExecutor.doExecute(TestCaseExecutor.java:439)
	at com.kms.katalon.core.main.TestCaseExecutor.processExecutionPhase(TestCaseExecutor.java:418)
	at com.kms.katalon.core.main.TestCaseExecutor.accessMainPhase(TestCaseExecutor.java:410)
	at com.kms.katalon.core.main.TestCaseExecutor.execute(TestCaseExecutor.java:285)
	at com.kms.katalon.core.common.CommonExecutor.accessTestCaseMainPhase(CommonExecutor.java:65)
	at com.kms.katalon.core.main.TestSuiteExecutor.accessTestSuiteMainPhase(TestSuiteExecutor.java:150)
	at com.kms.katalon.core.main.TestSuiteExecutor.execute(TestSuiteExecutor.java:106)
	at com.kms.katalon.core.main.TestCaseMain.startTestSuite(TestCaseMain.java:180)
	at com.kms.katalon.core.main.TestCaseMain$startTestSuite$0.call(Unknown Source)
	at TempTestSuite1761139096516.run(TempTestSuite1761139096516.groovy:35)
	at java.base/jdk.internal.reflect.NativeMethodAccessorImpl.invoke0(Native Method)
	at java.base/jdk.internal.reflect.NativeMethodAccessorImpl.invoke(NativeMethodAccessorImpl.java:77)
	at java.base/jdk.internal.reflect.DelegatingMethodAccessorImpl.invoke(DelegatingMethodAccessorImpl.java:43)
Caused by: com.kms.katalon.core.webui.exception.WebElementNotFoundException: Web element with id: 'Object Repository/TripFocus/Orders/Advanced Filters/Advanced Search Fields/UNLEADED-CARB_option' located by '/html/body/div/div[2]/div/main/div/div[2]/div/div[2]/div/div/div[2]/div/div/div[5]/div/div/div/div[3]/ul/li[1]' not found
	at com.kms.katalon.core.webui.common.WebUiCommonHelper.findWebElement(WebUiCommonHelper.java:1423)
	at com.kms.katalon.core.webui.keyword.internal.WebUIAbstractKeyword.findWebElement(WebUIAbstractKeyword.groovy:27)
	at com.kms.katalon.core.webui.keyword.builtin.ClickKeyword$_click_closure1.doCall(ClickKeyword.groovy:65)
	at com.kms.katalon.core.webui.keyword.builtin.ClickKeyword$_click_closure1.call(ClickKeyword.groovy)
	at com.kms.katalon.core.webui.keyword.internal.WebUIKeywordMain.runKeyword(WebUIKeywordMain.groovy:35)
	... 22 more]]></system-err>
      </testcase>
      <testcase name="Test Cases/TripFocus/SPG/SPG - Orders/SPG - Advanced Filter - Created From" time="53.463" classname="Test Cases/TripFocus/SPG/SPG - Orders/SPG - Advanced Filter - Created From" status="PASSED">
         <system-out><![CDATA[22-10-2025T10:49:40 - [TEST_CASE][PASSED] - Test Cases/TripFocus/SPG/SPG - Orders/SPG - Advanced Filter - Created From: Test Cases/TripFocus/SPG/SPG - Orders/SPG - Advanced Filter - Created From

22-10-2025T10:49:40 - [TEST_STEP][PASSED] - Start listener action : beforeTestCase: null

22-10-2025T10:49:40 - [TEST_STEP][PASSED] - addDefaultPackages(): null

22-10-2025T10:49:40 - [TEST_STEP][PASSED] - openBrowser(""): Browser is opened with url: ''

22-10-2025T10:49:40 - [MESSAGE][WARNING] - A browser is already opened. Closing browser and opening a new one

22-10-2025T10:49:40 - [MESSAGE][INFO] - Starting 'Chrome' driver

22-10-2025T10:49:40 - [MESSAGE][INFO] - User set preference: ['args', '[--no-sandbox, --disable-gpu, --disable-dev-shm-usage]']

22-10-2025T10:49:40 - [MESSAGE][INFO] - Action delay is set to 0 milliseconds

22-10-2025T10:49:41 - [MESSAGE][PASSED] - Browser is opened with url: ''

22-10-2025T10:49:41 - [TEST_STEP][PASSED] - navigateToUrl(TFBaseURL): Navigate to 'https://www.qa.tripfocus.com' successfully

22-10-2025T10:49:42 - [MESSAGE][PASSED] - Navigate to 'https://www.qa.tripfocus.com' successfully

22-10-2025T10:49:42 - [TEST_STEP][PASSED] - click(findTestObject("Object Repository/TripFocus/Page_TripFocus/button_Sign in")): Object: 'Object Repository/TripFocus/Page_TripFocus/button_Sign in' is clicked on

22-10-2025T10:49:42 - [MESSAGE][PASSED] - Object: 'Object Repository/TripFocus/Page_TripFocus/button_Sign in' is clicked on

22-10-2025T10:49:42 - [TEST_STEP][PASSED] - setText(findTestObject("Object Repository/TripFocus/Page_TripFocus/input_Username (e.g. email address)_Username"), TripFocusBleachTechSPGUsername): Text 'Ashford.Chenault+BleachtechCustomerSPGONLY@thekag.com' is set on object 'Object Repository/TripFocus/Page_TripFocus/input_Username (e.g. email address)_Username'

22-10-2025T10:49:42 - [MESSAGE][PASSED] - Text 'Ashford.Chenault+BleachtechCustomerSPGONLY@thekag.com' is set on object 'Object Repository/TripFocus/Page_TripFocus/input_Username (e.g. email address)_Username'

22-10-2025T10:49:42 - [TEST_STEP][PASSED] - setText(findTestObject("Object Repository/TripFocus/Page_TripFocus/input_Password_Password"), TripFocusFDGSPGPassword): Text 'CrashBan911!!' is set on object 'Object Repository/TripFocus/Page_TripFocus/input_Password_Password'

22-10-2025T10:49:42 - [MESSAGE][PASSED] - Text 'CrashBan911!!' is set on object 'Object Repository/TripFocus/Page_TripFocus/input_Password_Password'

22-10-2025T10:49:42 - [TEST_STEP][PASSED] - click(findTestObject("Object Repository/TripFocus/Page_TripFocus/button_Login")): Object: 'Object Repository/TripFocus/Page_TripFocus/button_Login' is clicked on

22-10-2025T10:49:43 - [MESSAGE][PASSED] - Object: 'Object Repository/TripFocus/Page_TripFocus/button_Login' is clicked on

22-10-2025T10:49:43 - [TEST_STEP][PASSED] - maximizeWindow(): Current window maximized

22-10-2025T10:49:43 - [MESSAGE][PASSED] - Current window maximized

22-10-2025T10:49:43 - [TEST_STEP][PASSED] - waitForElementVisible(findTestObject("TripFocus/Testing_Notification_btn"), 15, OPTIONAL): Web element with id: 'Object Repository/TripFocus/Testing_Notification_btn' located by '//*[@id="__BVID__10___BV_modal_footer_"]/button' not found

22-10-2025T10:49:59 - [MESSAGE][INFO] - Unable to find the element located by 'By.xpath: //*[@id="__BVID__10___BV_modal_footer_"]/button'. Please recheck the objects properties to make sure the desired element is located. 

22-10-2025T10:49:59 - [MESSAGE][WARNING] - [SELF-HEALING] Failed to find element with id 'Object Repository/TripFocus/Testing_Notification_btn'. Try using Self-healing.

22-10-2025T10:50:00 - [MESSAGE][INFO] - [SELF-HEALING] No working XPath is found.

22-10-2025T10:50:02 - [MESSAGE][INFO] - Unable to find the element located by 'By.xpath: '. Please recheck the objects properties to make sure the desired element is located. 

22-10-2025T10:50:02 - [MESSAGE][WARNING] - [SELF-HEALING] Cannot find elements when the selector is null

22-10-2025T10:50:02 - [MESSAGE][WARNING] - Web element with id: 'Object Repository/TripFocus/Testing_Notification_btn' located by '//*[@id="__BVID__10___BV_modal_footer_"]/button' not found

22-10-2025T10:50:02 - [TEST_STEP][PASSED] - if (verifyElementVisible(findTestObject("TripFocus/Testing_Notification_btn"), OPTIONAL) == true): Web element with id: 'Object Repository/TripFocus/Testing_Notification_btn' located by '//*[@id="__BVID__10___BV_modal_footer_"]/button' not found (Root cause: com.kms.katalon.core.exception.StepFailedException: Web element with id: 'Object Repository/TripFocus/Testing_Notification_btn' located by '//*[@id="__BVID__10___BV_modal_footer_"]/button' not found
	at com.kms.katalon.core.webui.keyword.internal.WebUIKeywordMain.stepFailed(WebUIKeywordMain.groovy:117)
	at com.kms.katalon.core.webui.keyword.builtin.VerifyElementVisibleKeyword$_verifyElementVisible_closure1.doCall(VerifyElementVisibleKeyword.groovy:89)
	at com.kms.katalon.core.webui.keyword.builtin.VerifyElementVisibleKeyword$_verifyElementVisible_closure1.call(VerifyElementVisibleKeyword.groovy)
	at com.kms.katalon.core.webui.keyword.internal.WebUIKeywordMain.runKeyword(WebUIKeywordMain.groovy:35)
	at com.kms.katalon.core.webui.keyword.builtin.VerifyElementVisibleKeyword.verifyElementVisible(VerifyElementVisibleKeyword.groovy:97)
	at com.kms.katalon.core.webui.keyword.builtin.VerifyElementVisibleKeyword.execute(VerifyElementVisibleKeyword.groovy:67)
	at com.kms.katalon.core.keyword.internal.KeywordExecutor.executeKeywordForPlatform(KeywordExecutor.groovy:74)
	at com.kms.katalon.core.webui.keyword.WebUiBuiltInKeywords.verifyElementVisible(WebUiBuiltInKeywords.groovy:401)
	at com.kms.katalon.core.webui.keyword.WebUiBuiltInKeywords$verifyElementVisible$5.call(Unknown Source)
	at SPG - Advanced Filter - Created From.run(SPG - Advanced Filter - Created From:38)
	at com.kms.katalon.core.main.ScriptEngine.run(ScriptEngine.java:194)
	at com.kms.katalon.core.main.ScriptEngine.runScriptAsRawText(ScriptEngine.java:119)
	at com.kms.katalon.core.main.TestCaseExecutor.runScript(TestCaseExecutor.java:448)
	at com.kms.katalon.core.main.TestCaseExecutor.doExecute(TestCaseExecutor.java:439)
	at com.kms.katalon.core.main.TestCaseExecutor.processExecutionPhase(TestCaseExecutor.java:418)
	at com.kms.katalon.core.main.TestCaseExecutor.accessMainPhase(TestCaseExecutor.java:410)
	at com.kms.katalon.core.main.TestCaseExecutor.execute(TestCaseExecutor.java:285)
	at com.kms.katalon.core.common.CommonExecutor.accessTestCaseMainPhase(CommonExecutor.java:65)
	at com.kms.katalon.core.main.TestSuiteExecutor.accessTestSuiteMainPhase(TestSuiteExecutor.java:150)
	at com.kms.katalon.core.main.TestSuiteExecutor.execute(TestSuiteExecutor.java:106)
	at com.kms.katalon.core.main.TestCaseMain.startTestSuite(TestCaseMain.java:180)
	at com.kms.katalon.core.main.TestCaseMain$startTestSuite$0.call(Unknown Source)
	at TempTestSuite1761139096516.run(TempTestSuite1761139096516.groovy:35)
	at java.base/jdk.internal.reflect.NativeMethodAccessorImpl.invoke0(Native Method)
	at java.base/jdk.internal.reflect.NativeMethodAccessorImpl.invoke(NativeMethodAccessorImpl.java:77)
	at java.base/jdk.internal.reflect.DelegatingMethodAccessorImpl.invoke(DelegatingMethodAccessorImpl.java:43)
)

22-10-2025T10:50:18 - [MESSAGE][INFO] - Unable to find the element located by 'By.xpath: //*[@id="__BVID__10___BV_modal_footer_"]/button'. Please recheck the objects properties to make sure the desired element is located. 

22-10-2025T10:50:18 - [MESSAGE][WARNING] - [SELF-HEALING] Failed to find element with id 'Object Repository/TripFocus/Testing_Notification_btn'. Try using Self-healing.

22-10-2025T10:50:19 - [MESSAGE][INFO] - [SELF-HEALING] No working XPath is found.

22-10-2025T10:50:21 - [MESSAGE][INFO] - Unable to find the element located by 'By.xpath: '. Please recheck the objects properties to make sure the desired element is located. 

22-10-2025T10:50:21 - [MESSAGE][WARNING] - [SELF-HEALING] Cannot find elements when the selector is null

22-10-2025T10:50:21 - [MESSAGE][WARNING] - Web element with id: 'Object Repository/TripFocus/Testing_Notification_btn' located by '//*[@id="__BVID__10___BV_modal_footer_"]/button' not found (Root cause: com.kms.katalon.core.exception.StepFailedException: Web element with id: 'Object Repository/TripFocus/Testing_Notification_btn' located by '//*[@id="__BVID__10___BV_modal_footer_"]/button' not found
	at com.kms.katalon.core.webui.keyword.internal.WebUIKeywordMain.stepFailed(WebUIKeywordMain.groovy:117)
	at com.kms.katalon.core.webui.keyword.builtin.VerifyElementVisibleKeyword$_verifyElementVisible_closure1.doCall(VerifyElementVisibleKeyword.groovy:89)
	at com.kms.katalon.core.webui.keyword.builtin.VerifyElementVisibleKeyword$_verifyElementVisible_closure1.call(VerifyElementVisibleKeyword.groovy)
	at com.kms.katalon.core.webui.keyword.internal.WebUIKeywordMain.runKeyword(WebUIKeywordMain.groovy:35)
	at com.kms.katalon.core.webui.keyword.builtin.VerifyElementVisibleKeyword.verifyElementVisible(VerifyElementVisibleKeyword.groovy:97)
	at com.kms.katalon.core.webui.keyword.builtin.VerifyElementVisibleKeyword.execute(VerifyElementVisibleKeyword.groovy:67)
	at com.kms.katalon.core.keyword.internal.KeywordExecutor.executeKeywordForPlatform(KeywordExecutor.groovy:74)
	at com.kms.katalon.core.webui.keyword.WebUiBuiltInKeywords.verifyElementVisible(WebUiBuiltInKeywords.groovy:401)
	at com.kms.katalon.core.webui.keyword.WebUiBuiltInKeywords$verifyElementVisible$5.call(Unknown Source)
	at SPG - Advanced Filter - Created From.run(SPG - Advanced Filter - Created From:38)
	at com.kms.katalon.core.main.ScriptEngine.run(ScriptEngine.java:194)
	at com.kms.katalon.core.main.ScriptEngine.runScriptAsRawText(ScriptEngine.java:119)
	at com.kms.katalon.core.main.TestCaseExecutor.runScript(TestCaseExecutor.java:448)
	at com.kms.katalon.core.main.TestCaseExecutor.doExecute(TestCaseExecutor.java:439)
	at com.kms.katalon.core.main.TestCaseExecutor.processExecutionPhase(TestCaseExecutor.java:418)
	at com.kms.katalon.core.main.TestCaseExecutor.accessMainPhase(TestCaseExecutor.java:410)
	at com.kms.katalon.core.main.TestCaseExecutor.execute(TestCaseExecutor.java:285)
	at com.kms.katalon.core.common.CommonExecutor.accessTestCaseMainPhase(CommonExecutor.java:65)
	at com.kms.katalon.core.main.TestSuiteExecutor.accessTestSuiteMainPhase(TestSuiteExecutor.java:150)
	at com.kms.katalon.core.main.TestSuiteExecutor.execute(TestSuiteExecutor.java:106)
	at com.kms.katalon.core.main.TestCaseMain.startTestSuite(TestCaseMain.java:180)
	at com.kms.katalon.core.main.TestCaseMain$startTestSuite$0.call(Unknown Source)
	at TempTestSuite1761139096516.run(TempTestSuite1761139096516.groovy:35)
	at java.base/jdk.internal.reflect.NativeMethodAccessorImpl.invoke0(Native Method)
	at java.base/jdk.internal.reflect.NativeMethodAccessorImpl.invoke(NativeMethodAccessorImpl.java:77)
	at java.base/jdk.internal.reflect.DelegatingMethodAccessorImpl.invoke(DelegatingMethodAccessorImpl.java:43)
)

22-10-2025T10:50:21 - [TEST_STEP][PASSED] - click(findTestObject("TripFocus/SSO/SSO Orders Tab")): Object: 'Object Repository/TripFocus/SSO/SSO Orders Tab' is clicked on

22-10-2025T10:50:21 - [MESSAGE][PASSED] - Object: 'Object Repository/TripFocus/SSO/SSO Orders Tab' is clicked on

22-10-2025T10:50:21 - [TEST_STEP][PASSED] - waitForElementClickable(findTestObject("TripFocus/Orders/Advanced Filters_btn"), 30): Object 'Object Repository/TripFocus/Orders/Advanced Filters_btn' is clickable

22-10-2025T10:50:22 - [MESSAGE][PASSED] - Object 'Object Repository/TripFocus/Orders/Advanced Filters_btn' is clickable

22-10-2025T10:50:22 - [TEST_STEP][PASSED] - delay(1): Delayed 1 second(s)

22-10-2025T10:50:23 - [MESSAGE][PASSED] - Delayed 1 second(s)

22-10-2025T10:50:23 - [TEST_STEP][PASSED] - click(findTestObject("TripFocus/Orders/Advanced Filters_btn"), STOP_ON_FAILURE): Object: 'Object Repository/TripFocus/Orders/Advanced Filters_btn' is clicked on

22-10-2025T10:50:23 - [MESSAGE][PASSED] - Object: 'Object Repository/TripFocus/Orders/Advanced Filters_btn' is clicked on

22-10-2025T10:50:23 - [TEST_STEP][PASSED] - delay(2): Delayed 2 second(s)

22-10-2025T10:50:25 - [MESSAGE][PASSED] - Delayed 2 second(s)

22-10-2025T10:50:25 - [TEST_STEP][PASSED] - click(findTestObject("TripFocus/Orders/Advanced Filters/Advanced Date Fields/Advanced_Date_Fields_dropdown")): Object: 'Object Repository/TripFocus/Orders/Advanced Filters/Advanced Date Fields/Advanced_Date_Fields_dropdown' is clicked on

22-10-2025T10:50:25 - [MESSAGE][PASSED] - Object: 'Object Repository/TripFocus/Orders/Advanced Filters/Advanced Date Fields/Advanced_Date_Fields_dropdown' is clicked on

22-10-2025T10:50:25 - [TEST_STEP][PASSED] - delay(2): Delayed 2 second(s)

22-10-2025T10:50:27 - [MESSAGE][PASSED] - Delayed 2 second(s)

22-10-2025T10:50:27 - [TEST_STEP][PASSED] - sendKeys(findTestObject("TripFocus/Orders/Advanced Filters/Advanced Date Fields/Created_To_txt"), "06/01/2024"): Keys '06/01/2024' sent to object: 'Object Repository/TripFocus/Orders/Advanced Filters/Advanced Date Fields/Created_To_txt'

22-10-2025T10:50:27 - [MESSAGE][PASSED] - Keys '06/01/2024' sent to object: 'Object Repository/TripFocus/Orders/Advanced Filters/Advanced Date Fields/Created_To_txt'

22-10-2025T10:50:27 - [TEST_STEP][PASSED] - delay(2): Delayed 2 second(s)

22-10-2025T10:50:29 - [MESSAGE][PASSED] - Delayed 2 second(s)

22-10-2025T10:50:29 - [TEST_STEP][PASSED] - click(findTestObject("TripFocus/Sidebar Minimizer")): Object: 'Object Repository/TripFocus/Sidebar Minimizer' is clicked on

22-10-2025T10:50:29 - [MESSAGE][PASSED] - Object: 'Object Repository/TripFocus/Sidebar Minimizer' is clicked on

22-10-2025T10:50:29 - [TEST_STEP][PASSED] - delay(2): Delayed 2 second(s)

22-10-2025T10:50:31 - [MESSAGE][PASSED] - Delayed 2 second(s)

22-10-2025T10:50:31 - [TEST_STEP][PASSED] - click(findTestObject("TripFocus/Orders/Advanced Filters/Apply Filters_btn")): Object: 'Object Repository/TripFocus/Orders/Advanced Filters/Apply Filters_btn' is clicked on

22-10-2025T10:50:31 - [MESSAGE][PASSED] - Object: 'Object Repository/TripFocus/Orders/Advanced Filters/Apply Filters_btn' is clicked on

22-10-2025T10:50:31 - [TEST_STEP][PASSED] - delay(2): Delayed 2 second(s)

22-10-2025T10:50:33 - [MESSAGE][PASSED] - Delayed 2 second(s)

22-10-2025T10:50:33 - [TEST_STEP][PASSED] - closeBrowser(): Browser is closed

22-10-2025T10:50:33 - [MESSAGE][PASSED] - Browser is closed

22-10-2025T10:50:33 - [TEST_STEP][PASSED] - Start listener action : retryOnDisconnect: null

22-10-2025T10:50:33 - [TEST_STEP][PASSED] - tcId = testCaseContext.getTestCaseId(): null

22-10-2025T10:50:33 - [TEST_STEP][PASSED] - currentRetry = retryCounts.getOrDefault(tcId, 0): null

22-10-2025T10:50:33 - [TEST_STEP][PASSED] - if (testCaseContext.getTestCaseStatus() == "FAILED" && currentRetry < MAX_RETRIES): null]]></system-out>
         <system-err><![CDATA[]]></system-err>
      </testcase>
      <testcase name="Test Cases/TripFocus/SPG/SPG - Orders/SPG - Advanced Filter - Created To" time="53.343" classname="Test Cases/TripFocus/SPG/SPG - Orders/SPG - Advanced Filter - Created To" status="PASSED">
         <system-out><![CDATA[22-10-2025T10:50:33 - [TEST_CASE][PASSED] - Test Cases/TripFocus/SPG/SPG - Orders/SPG - Advanced Filter - Created To: Test Cases/TripFocus/SPG/SPG - Orders/SPG - Advanced Filter - Created To

22-10-2025T10:50:33 - [TEST_STEP][PASSED] - Start listener action : beforeTestCase: null

22-10-2025T10:50:33 - [TEST_STEP][PASSED] - addDefaultPackages(): null

22-10-2025T10:50:33 - [TEST_STEP][PASSED] - openBrowser(""): Browser is opened with url: ''

22-10-2025T10:50:33 - [MESSAGE][INFO] - Starting 'Chrome' driver

22-10-2025T10:50:33 - [MESSAGE][INFO] - User set preference: ['args', '[--no-sandbox, --disable-gpu, --disable-dev-shm-usage]']

22-10-2025T10:50:33 - [MESSAGE][INFO] - Action delay is set to 0 milliseconds

22-10-2025T10:50:34 - [MESSAGE][PASSED] - Browser is opened with url: ''

22-10-2025T10:50:34 - [TEST_STEP][PASSED] - navigateToUrl(TFBaseURL): Navigate to 'https://www.qa.tripfocus.com' successfully

22-10-2025T10:50:35 - [MESSAGE][PASSED] - Navigate to 'https://www.qa.tripfocus.com' successfully

22-10-2025T10:50:35 - [TEST_STEP][PASSED] - click(findTestObject("Object Repository/TripFocus/Page_TripFocus/button_Sign in")): Object: 'Object Repository/TripFocus/Page_TripFocus/button_Sign in' is clicked on

22-10-2025T10:50:35 - [MESSAGE][PASSED] - Object: 'Object Repository/TripFocus/Page_TripFocus/button_Sign in' is clicked on

22-10-2025T10:50:35 - [TEST_STEP][PASSED] - setText(findTestObject("Object Repository/TripFocus/Page_TripFocus/input_Username (e.g. email address)_Username"), TripFocusBleachTechSPGUsername): Text 'Ashford.Chenault+BleachtechCustomerSPGONLY@thekag.com' is set on object 'Object Repository/TripFocus/Page_TripFocus/input_Username (e.g. email address)_Username'

22-10-2025T10:50:36 - [MESSAGE][PASSED] - Text 'Ashford.Chenault+BleachtechCustomerSPGONLY@thekag.com' is set on object 'Object Repository/TripFocus/Page_TripFocus/input_Username (e.g. email address)_Username'

22-10-2025T10:50:36 - [TEST_STEP][PASSED] - setText(findTestObject("Object Repository/TripFocus/Page_TripFocus/input_Password_Password"), TripFocusFDGSPGPassword): Text 'CrashBan911!!' is set on object 'Object Repository/TripFocus/Page_TripFocus/input_Password_Password'

22-10-2025T10:50:36 - [MESSAGE][PASSED] - Text 'CrashBan911!!' is set on object 'Object Repository/TripFocus/Page_TripFocus/input_Password_Password'

22-10-2025T10:50:36 - [TEST_STEP][PASSED] - click(findTestObject("Object Repository/TripFocus/Page_TripFocus/button_Login")): Object: 'Object Repository/TripFocus/Page_TripFocus/button_Login' is clicked on

22-10-2025T10:50:36 - [MESSAGE][PASSED] - Object: 'Object Repository/TripFocus/Page_TripFocus/button_Login' is clicked on

22-10-2025T10:50:36 - [TEST_STEP][PASSED] - maximizeWindow(): Current window maximized

22-10-2025T10:50:36 - [MESSAGE][PASSED] - Current window maximized

22-10-2025T10:50:36 - [TEST_STEP][PASSED] - waitForElementVisible(findTestObject("TripFocus/Testing_Notification_btn"), 15, OPTIONAL): Web element with id: 'Object Repository/TripFocus/Testing_Notification_btn' located by '//*[@id="__BVID__10___BV_modal_footer_"]/button' not found

22-10-2025T10:50:52 - [MESSAGE][INFO] - Unable to find the element located by 'By.xpath: //*[@id="__BVID__10___BV_modal_footer_"]/button'. Please recheck the objects properties to make sure the desired element is located. 

22-10-2025T10:50:52 - [MESSAGE][WARNING] - [SELF-HEALING] Failed to find element with id 'Object Repository/TripFocus/Testing_Notification_btn'. Try using Self-healing.

22-10-2025T10:50:53 - [MESSAGE][INFO] - [SELF-HEALING] No working XPath is found.

22-10-2025T10:50:55 - [MESSAGE][INFO] - Unable to find the element located by 'By.xpath: '. Please recheck the objects properties to make sure the desired element is located. 

22-10-2025T10:50:55 - [MESSAGE][WARNING] - [SELF-HEALING] Cannot find elements when the selector is null

22-10-2025T10:50:55 - [MESSAGE][WARNING] - Web element with id: 'Object Repository/TripFocus/Testing_Notification_btn' located by '//*[@id="__BVID__10___BV_modal_footer_"]/button' not found

22-10-2025T10:50:55 - [TEST_STEP][PASSED] - if (verifyElementVisible(findTestObject("TripFocus/Testing_Notification_btn"), OPTIONAL) == true): Web element with id: 'Object Repository/TripFocus/Testing_Notification_btn' located by '//*[@id="__BVID__10___BV_modal_footer_"]/button' not found (Root cause: com.kms.katalon.core.exception.StepFailedException: Web element with id: 'Object Repository/TripFocus/Testing_Notification_btn' located by '//*[@id="__BVID__10___BV_modal_footer_"]/button' not found
	at com.kms.katalon.core.webui.keyword.internal.WebUIKeywordMain.stepFailed(WebUIKeywordMain.groovy:117)
	at com.kms.katalon.core.webui.keyword.builtin.VerifyElementVisibleKeyword$_verifyElementVisible_closure1.doCall(VerifyElementVisibleKeyword.groovy:89)
	at com.kms.katalon.core.webui.keyword.builtin.VerifyElementVisibleKeyword$_verifyElementVisible_closure1.call(VerifyElementVisibleKeyword.groovy)
	at com.kms.katalon.core.webui.keyword.internal.WebUIKeywordMain.runKeyword(WebUIKeywordMain.groovy:35)
	at com.kms.katalon.core.webui.keyword.builtin.VerifyElementVisibleKeyword.verifyElementVisible(VerifyElementVisibleKeyword.groovy:97)
	at com.kms.katalon.core.webui.keyword.builtin.VerifyElementVisibleKeyword.execute(VerifyElementVisibleKeyword.groovy:67)
	at com.kms.katalon.core.keyword.internal.KeywordExecutor.executeKeywordForPlatform(KeywordExecutor.groovy:74)
	at com.kms.katalon.core.webui.keyword.WebUiBuiltInKeywords.verifyElementVisible(WebUiBuiltInKeywords.groovy:401)
	at com.kms.katalon.core.webui.keyword.WebUiBuiltInKeywords$verifyElementVisible$5.call(Unknown Source)
	at SPG - Advanced Filter - Created To.run(SPG - Advanced Filter - Created To:38)
	at com.kms.katalon.core.main.ScriptEngine.run(ScriptEngine.java:194)
	at com.kms.katalon.core.main.ScriptEngine.runScriptAsRawText(ScriptEngine.java:119)
	at com.kms.katalon.core.main.TestCaseExecutor.runScript(TestCaseExecutor.java:448)
	at com.kms.katalon.core.main.TestCaseExecutor.doExecute(TestCaseExecutor.java:439)
	at com.kms.katalon.core.main.TestCaseExecutor.processExecutionPhase(TestCaseExecutor.java:418)
	at com.kms.katalon.core.main.TestCaseExecutor.accessMainPhase(TestCaseExecutor.java:410)
	at com.kms.katalon.core.main.TestCaseExecutor.execute(TestCaseExecutor.java:285)
	at com.kms.katalon.core.common.CommonExecutor.accessTestCaseMainPhase(CommonExecutor.java:65)
	at com.kms.katalon.core.main.TestSuiteExecutor.accessTestSuiteMainPhase(TestSuiteExecutor.java:150)
	at com.kms.katalon.core.main.TestSuiteExecutor.execute(TestSuiteExecutor.java:106)
	at com.kms.katalon.core.main.TestCaseMain.startTestSuite(TestCaseMain.java:180)
	at com.kms.katalon.core.main.TestCaseMain$startTestSuite$0.call(Unknown Source)
	at TempTestSuite1761139096516.run(TempTestSuite1761139096516.groovy:35)
	at java.base/jdk.internal.reflect.NativeMethodAccessorImpl.invoke0(Native Method)
	at java.base/jdk.internal.reflect.NativeMethodAccessorImpl.invoke(NativeMethodAccessorImpl.java:77)
	at java.base/jdk.internal.reflect.DelegatingMethodAccessorImpl.invoke(DelegatingMethodAccessorImpl.java:43)
)

22-10-2025T10:51:11 - [MESSAGE][INFO] - Unable to find the element located by 'By.xpath: //*[@id="__BVID__10___BV_modal_footer_"]/button'. Please recheck the objects properties to make sure the desired element is located. 

22-10-2025T10:51:11 - [MESSAGE][WARNING] - [SELF-HEALING] Failed to find element with id 'Object Repository/TripFocus/Testing_Notification_btn'. Try using Self-healing.

22-10-2025T10:51:12 - [MESSAGE][INFO] - [SELF-HEALING] No working XPath is found.

22-10-2025T10:51:14 - [MESSAGE][INFO] - Unable to find the element located by 'By.xpath: '. Please recheck the objects properties to make sure the desired element is located. 

22-10-2025T10:51:14 - [MESSAGE][WARNING] - [SELF-HEALING] Cannot find elements when the selector is null

22-10-2025T10:51:14 - [MESSAGE][WARNING] - Web element with id: 'Object Repository/TripFocus/Testing_Notification_btn' located by '//*[@id="__BVID__10___BV_modal_footer_"]/button' not found (Root cause: com.kms.katalon.core.exception.StepFailedException: Web element with id: 'Object Repository/TripFocus/Testing_Notification_btn' located by '//*[@id="__BVID__10___BV_modal_footer_"]/button' not found
	at com.kms.katalon.core.webui.keyword.internal.WebUIKeywordMain.stepFailed(WebUIKeywordMain.groovy:117)
	at com.kms.katalon.core.webui.keyword.builtin.VerifyElementVisibleKeyword$_verifyElementVisible_closure1.doCall(VerifyElementVisibleKeyword.groovy:89)
	at com.kms.katalon.core.webui.keyword.builtin.VerifyElementVisibleKeyword$_verifyElementVisible_closure1.call(VerifyElementVisibleKeyword.groovy)
	at com.kms.katalon.core.webui.keyword.internal.WebUIKeywordMain.runKeyword(WebUIKeywordMain.groovy:35)
	at com.kms.katalon.core.webui.keyword.builtin.VerifyElementVisibleKeyword.verifyElementVisible(VerifyElementVisibleKeyword.groovy:97)
	at com.kms.katalon.core.webui.keyword.builtin.VerifyElementVisibleKeyword.execute(VerifyElementVisibleKeyword.groovy:67)
	at com.kms.katalon.core.keyword.internal.KeywordExecutor.executeKeywordForPlatform(KeywordExecutor.groovy:74)
	at com.kms.katalon.core.webui.keyword.WebUiBuiltInKeywords.verifyElementVisible(WebUiBuiltInKeywords.groovy:401)
	at com.kms.katalon.core.webui.keyword.WebUiBuiltInKeywords$verifyElementVisible$5.call(Unknown Source)
	at SPG - Advanced Filter - Created To.run(SPG - Advanced Filter - Created To:38)
	at com.kms.katalon.core.main.ScriptEngine.run(ScriptEngine.java:194)
	at com.kms.katalon.core.main.ScriptEngine.runScriptAsRawText(ScriptEngine.java:119)
	at com.kms.katalon.core.main.TestCaseExecutor.runScript(TestCaseExecutor.java:448)
	at com.kms.katalon.core.main.TestCaseExecutor.doExecute(TestCaseExecutor.java:439)
	at com.kms.katalon.core.main.TestCaseExecutor.processExecutionPhase(TestCaseExecutor.java:418)
	at com.kms.katalon.core.main.TestCaseExecutor.accessMainPhase(TestCaseExecutor.java:410)
	at com.kms.katalon.core.main.TestCaseExecutor.execute(TestCaseExecutor.java:285)
	at com.kms.katalon.core.common.CommonExecutor.accessTestCaseMainPhase(CommonExecutor.java:65)
	at com.kms.katalon.core.main.TestSuiteExecutor.accessTestSuiteMainPhase(TestSuiteExecutor.java:150)
	at com.kms.katalon.core.main.TestSuiteExecutor.execute(TestSuiteExecutor.java:106)
	at com.kms.katalon.core.main.TestCaseMain.startTestSuite(TestCaseMain.java:180)
	at com.kms.katalon.core.main.TestCaseMain$startTestSuite$0.call(Unknown Source)
	at TempTestSuite1761139096516.run(TempTestSuite1761139096516.groovy:35)
	at java.base/jdk.internal.reflect.NativeMethodAccessorImpl.invoke0(Native Method)
	at java.base/jdk.internal.reflect.NativeMethodAccessorImpl.invoke(NativeMethodAccessorImpl.java:77)
	at java.base/jdk.internal.reflect.DelegatingMethodAccessorImpl.invoke(DelegatingMethodAccessorImpl.java:43)
)

22-10-2025T10:51:14 - [TEST_STEP][PASSED] - click(findTestObject("TripFocus/SSO/SSO Orders Tab")): Object: 'Object Repository/TripFocus/SSO/SSO Orders Tab' is clicked on

22-10-2025T10:51:15 - [MESSAGE][PASSED] - Object: 'Object Repository/TripFocus/SSO/SSO Orders Tab' is clicked on

22-10-2025T10:51:15 - [TEST_STEP][PASSED] - waitForElementClickable(findTestObject("TripFocus/Orders/Advanced Filters_btn"), 30): Object 'Object Repository/TripFocus/Orders/Advanced Filters_btn' is clickable

22-10-2025T10:51:15 - [MESSAGE][PASSED] - Object 'Object Repository/TripFocus/Orders/Advanced Filters_btn' is clickable

22-10-2025T10:51:15 - [TEST_STEP][PASSED] - delay(1): Delayed 1 second(s)

22-10-2025T10:51:16 - [MESSAGE][PASSED] - Delayed 1 second(s)

22-10-2025T10:51:16 - [TEST_STEP][PASSED] - click(findTestObject("TripFocus/Orders/Advanced Filters_btn"), STOP_ON_FAILURE): Object: 'Object Repository/TripFocus/Orders/Advanced Filters_btn' is clicked on

22-10-2025T10:51:16 - [MESSAGE][PASSED] - Object: 'Object Repository/TripFocus/Orders/Advanced Filters_btn' is clicked on

22-10-2025T10:51:16 - [TEST_STEP][PASSED] - delay(2): Delayed 2 second(s)

22-10-2025T10:51:18 - [MESSAGE][PASSED] - Delayed 2 second(s)

22-10-2025T10:51:18 - [TEST_STEP][PASSED] - click(findTestObject("TripFocus/Orders/Advanced Filters/Advanced Date Fields/Advanced_Date_Fields_dropdown")): Object: 'Object Repository/TripFocus/Orders/Advanced Filters/Advanced Date Fields/Advanced_Date_Fields_dropdown' is clicked on

22-10-2025T10:51:18 - [MESSAGE][PASSED] - Object: 'Object Repository/TripFocus/Orders/Advanced Filters/Advanced Date Fields/Advanced_Date_Fields_dropdown' is clicked on

22-10-2025T10:51:18 - [TEST_STEP][PASSED] - delay(2): Delayed 2 second(s)

22-10-2025T10:51:20 - [MESSAGE][PASSED] - Delayed 2 second(s)

22-10-2025T10:51:20 - [TEST_STEP][PASSED] - sendKeys(findTestObject("TripFocus/Orders/Advanced Filters/Advanced Date Fields/Created_From_txt"), "05/24/2024"): Keys '05/24/2024' sent to object: 'Object Repository/TripFocus/Orders/Advanced Filters/Advanced Date Fields/Created_From_txt'

22-10-2025T10:51:20 - [MESSAGE][PASSED] - Keys '05/24/2024' sent to object: 'Object Repository/TripFocus/Orders/Advanced Filters/Advanced Date Fields/Created_From_txt'

22-10-2025T10:51:20 - [TEST_STEP][PASSED] - delay(2): Delayed 2 second(s)

22-10-2025T10:51:22 - [MESSAGE][PASSED] - Delayed 2 second(s)

22-10-2025T10:51:22 - [TEST_STEP][PASSED] - click(findTestObject("TripFocus/Sidebar Minimizer")): Object: 'Object Repository/TripFocus/Sidebar Minimizer' is clicked on

22-10-2025T10:51:22 - [MESSAGE][PASSED] - Object: 'Object Repository/TripFocus/Sidebar Minimizer' is clicked on

22-10-2025T10:51:22 - [TEST_STEP][PASSED] - delay(2): Delayed 2 second(s)

22-10-2025T10:51:24 - [MESSAGE][PASSED] - Delayed 2 second(s)

22-10-2025T10:51:24 - [TEST_STEP][PASSED] - click(findTestObject("TripFocus/Orders/Advanced Filters/Apply Filters_btn")): Object: 'Object Repository/TripFocus/Orders/Advanced Filters/Apply Filters_btn' is clicked on

22-10-2025T10:51:25 - [MESSAGE][PASSED] - Object: 'Object Repository/TripFocus/Orders/Advanced Filters/Apply Filters_btn' is clicked on

22-10-2025T10:51:25 - [TEST_STEP][PASSED] - delay(2): Delayed 2 second(s)

22-10-2025T10:51:27 - [MESSAGE][PASSED] - Delayed 2 second(s)

22-10-2025T10:51:27 - [TEST_STEP][PASSED] - closeBrowser(): Browser is closed

22-10-2025T10:51:27 - [MESSAGE][PASSED] - Browser is closed

22-10-2025T10:51:27 - [TEST_STEP][PASSED] - Start listener action : retryOnDisconnect: null

22-10-2025T10:51:27 - [TEST_STEP][PASSED] - tcId = testCaseContext.getTestCaseId(): null

22-10-2025T10:51:27 - [TEST_STEP][PASSED] - currentRetry = retryCounts.getOrDefault(tcId, 0): null

22-10-2025T10:51:27 - [TEST_STEP][PASSED] - if (testCaseContext.getTestCaseStatus() == "FAILED" && currentRetry < MAX_RETRIES): null]]></system-out>
         <system-err><![CDATA[]]></system-err>
      </testcase>
      <testcase name="Test Cases/TripFocus/SPG/SPG - Orders/SPG - Advanced Filter - Delivered From" time="50.783" classname="Test Cases/TripFocus/SPG/SPG - Orders/SPG - Advanced Filter - Delivered From" status="PASSED">
         <system-out><![CDATA[22-10-2025T10:51:27 - [TEST_CASE][PASSED] - Test Cases/TripFocus/SPG/SPG - Orders/SPG - Advanced Filter - Delivered From: Test Cases/TripFocus/SPG/SPG - Orders/SPG - Advanced Filter - Delivered From

22-10-2025T10:51:27 - [TEST_STEP][PASSED] - Start listener action : beforeTestCase: null

22-10-2025T10:51:27 - [TEST_STEP][PASSED] - addDefaultPackages(): null

22-10-2025T10:51:27 - [TEST_STEP][PASSED] - openBrowser(""): Browser is opened with url: ''

22-10-2025T10:51:27 - [MESSAGE][INFO] - Starting 'Chrome' driver

22-10-2025T10:51:27 - [MESSAGE][INFO] - User set preference: ['args', '[--no-sandbox, --disable-gpu, --disable-dev-shm-usage]']

22-10-2025T10:51:27 - [MESSAGE][INFO] - Action delay is set to 0 milliseconds

22-10-2025T10:51:28 - [MESSAGE][PASSED] - Browser is opened with url: ''

22-10-2025T10:51:28 - [TEST_STEP][PASSED] - navigateToUrl(TFBaseURL): Navigate to 'https://www.qa.tripfocus.com' successfully

22-10-2025T10:51:28 - [MESSAGE][PASSED] - Navigate to 'https://www.qa.tripfocus.com' successfully

22-10-2025T10:51:28 - [TEST_STEP][PASSED] - click(findTestObject("Object Repository/TripFocus/Page_TripFocus/button_Sign in")): Object: 'Object Repository/TripFocus/Page_TripFocus/button_Sign in' is clicked on

22-10-2025T10:51:28 - [MESSAGE][PASSED] - Object: 'Object Repository/TripFocus/Page_TripFocus/button_Sign in' is clicked on

22-10-2025T10:51:28 - [TEST_STEP][PASSED] - setText(findTestObject("Object Repository/TripFocus/Page_TripFocus/input_Username (e.g. email address)_Username"), TripFocusBleachTechSPGUsername): Text 'Ashford.Chenault+BleachtechCustomerSPGONLY@thekag.com' is set on object 'Object Repository/TripFocus/Page_TripFocus/input_Username (e.g. email address)_Username'

22-10-2025T10:51:29 - [MESSAGE][PASSED] - Text 'Ashford.Chenault+BleachtechCustomerSPGONLY@thekag.com' is set on object 'Object Repository/TripFocus/Page_TripFocus/input_Username (e.g. email address)_Username'

22-10-2025T10:51:29 - [TEST_STEP][PASSED] - setText(findTestObject("Object Repository/TripFocus/Page_TripFocus/input_Password_Password"), TripFocusFDGSPGPassword): Text 'CrashBan911!!' is set on object 'Object Repository/TripFocus/Page_TripFocus/input_Password_Password'

22-10-2025T10:51:29 - [MESSAGE][PASSED] - Text 'CrashBan911!!' is set on object 'Object Repository/TripFocus/Page_TripFocus/input_Password_Password'

22-10-2025T10:51:29 - [TEST_STEP][PASSED] - click(findTestObject("Object Repository/TripFocus/Page_TripFocus/button_Login")): Object: 'Object Repository/TripFocus/Page_TripFocus/button_Login' is clicked on

22-10-2025T10:51:29 - [MESSAGE][PASSED] - Object: 'Object Repository/TripFocus/Page_TripFocus/button_Login' is clicked on

22-10-2025T10:51:29 - [TEST_STEP][PASSED] - maximizeWindow(): Current window maximized

22-10-2025T10:51:29 - [MESSAGE][PASSED] - Current window maximized

22-10-2025T10:51:29 - [TEST_STEP][PASSED] - waitForElementVisible(findTestObject("TripFocus/Testing_Notification_btn"), 15, OPTIONAL): Web element with id: 'Object Repository/TripFocus/Testing_Notification_btn' located by '//*[@id="__BVID__10___BV_modal_footer_"]/button' not found

22-10-2025T10:51:45 - [MESSAGE][INFO] - Unable to find the element located by 'By.xpath: //*[@id="__BVID__10___BV_modal_footer_"]/button'. Please recheck the objects properties to make sure the desired element is located. 

22-10-2025T10:51:45 - [MESSAGE][WARNING] - [SELF-HEALING] Failed to find element with id 'Object Repository/TripFocus/Testing_Notification_btn'. Try using Self-healing.

22-10-2025T10:51:46 - [MESSAGE][INFO] - [SELF-HEALING] No working XPath is found.

22-10-2025T10:51:48 - [MESSAGE][INFO] - Unable to find the element located by 'By.xpath: '. Please recheck the objects properties to make sure the desired element is located. 

22-10-2025T10:51:48 - [MESSAGE][WARNING] - [SELF-HEALING] Cannot find elements when the selector is null

22-10-2025T10:51:48 - [MESSAGE][WARNING] - Web element with id: 'Object Repository/TripFocus/Testing_Notification_btn' located by '//*[@id="__BVID__10___BV_modal_footer_"]/button' not found

22-10-2025T10:51:48 - [TEST_STEP][PASSED] - if (verifyElementVisible(findTestObject("TripFocus/Testing_Notification_btn"), OPTIONAL) == true): Web element with id: 'Object Repository/TripFocus/Testing_Notification_btn' located by '//*[@id="__BVID__10___BV_modal_footer_"]/button' not found (Root cause: com.kms.katalon.core.exception.StepFailedException: Web element with id: 'Object Repository/TripFocus/Testing_Notification_btn' located by '//*[@id="__BVID__10___BV_modal_footer_"]/button' not found
	at com.kms.katalon.core.webui.keyword.internal.WebUIKeywordMain.stepFailed(WebUIKeywordMain.groovy:117)
	at com.kms.katalon.core.webui.keyword.builtin.VerifyElementVisibleKeyword$_verifyElementVisible_closure1.doCall(VerifyElementVisibleKeyword.groovy:89)
	at com.kms.katalon.core.webui.keyword.builtin.VerifyElementVisibleKeyword$_verifyElementVisible_closure1.call(VerifyElementVisibleKeyword.groovy)
	at com.kms.katalon.core.webui.keyword.internal.WebUIKeywordMain.runKeyword(WebUIKeywordMain.groovy:35)
	at com.kms.katalon.core.webui.keyword.builtin.VerifyElementVisibleKeyword.verifyElementVisible(VerifyElementVisibleKeyword.groovy:97)
	at com.kms.katalon.core.webui.keyword.builtin.VerifyElementVisibleKeyword.execute(VerifyElementVisibleKeyword.groovy:67)
	at com.kms.katalon.core.keyword.internal.KeywordExecutor.executeKeywordForPlatform(KeywordExecutor.groovy:74)
	at com.kms.katalon.core.webui.keyword.WebUiBuiltInKeywords.verifyElementVisible(WebUiBuiltInKeywords.groovy:401)
	at com.kms.katalon.core.webui.keyword.WebUiBuiltInKeywords$verifyElementVisible$5.call(Unknown Source)
	at SPG - Advanced Filter - Delivered From.run(SPG - Advanced Filter - Delivered From:38)
	at com.kms.katalon.core.main.ScriptEngine.run(ScriptEngine.java:194)
	at com.kms.katalon.core.main.ScriptEngine.runScriptAsRawText(ScriptEngine.java:119)
	at com.kms.katalon.core.main.TestCaseExecutor.runScript(TestCaseExecutor.java:448)
	at com.kms.katalon.core.main.TestCaseExecutor.doExecute(TestCaseExecutor.java:439)
	at com.kms.katalon.core.main.TestCaseExecutor.processExecutionPhase(TestCaseExecutor.java:418)
	at com.kms.katalon.core.main.TestCaseExecutor.accessMainPhase(TestCaseExecutor.java:410)
	at com.kms.katalon.core.main.TestCaseExecutor.execute(TestCaseExecutor.java:285)
	at com.kms.katalon.core.common.CommonExecutor.accessTestCaseMainPhase(CommonExecutor.java:65)
	at com.kms.katalon.core.main.TestSuiteExecutor.accessTestSuiteMainPhase(TestSuiteExecutor.java:150)
	at com.kms.katalon.core.main.TestSuiteExecutor.execute(TestSuiteExecutor.java:106)
	at com.kms.katalon.core.main.TestCaseMain.startTestSuite(TestCaseMain.java:180)
	at com.kms.katalon.core.main.TestCaseMain$startTestSuite$0.call(Unknown Source)
	at TempTestSuite1761139096516.run(TempTestSuite1761139096516.groovy:35)
	at java.base/jdk.internal.reflect.NativeMethodAccessorImpl.invoke0(Native Method)
	at java.base/jdk.internal.reflect.NativeMethodAccessorImpl.invoke(NativeMethodAccessorImpl.java:77)
	at java.base/jdk.internal.reflect.DelegatingMethodAccessorImpl.invoke(DelegatingMethodAccessorImpl.java:43)
)

22-10-2025T10:52:04 - [MESSAGE][INFO] - Unable to find the element located by 'By.xpath: //*[@id="__BVID__10___BV_modal_footer_"]/button'. Please recheck the objects properties to make sure the desired element is located. 

22-10-2025T10:52:04 - [MESSAGE][WARNING] - [SELF-HEALING] Failed to find element with id 'Object Repository/TripFocus/Testing_Notification_btn'. Try using Self-healing.

22-10-2025T10:52:05 - [MESSAGE][INFO] - [SELF-HEALING] No working XPath is found.

22-10-2025T10:52:07 - [MESSAGE][INFO] - Unable to find the element located by 'By.xpath: '. Please recheck the objects properties to make sure the desired element is located. 

22-10-2025T10:52:07 - [MESSAGE][WARNING] - [SELF-HEALING] Cannot find elements when the selector is null

22-10-2025T10:52:07 - [MESSAGE][WARNING] - Web element with id: 'Object Repository/TripFocus/Testing_Notification_btn' located by '//*[@id="__BVID__10___BV_modal_footer_"]/button' not found (Root cause: com.kms.katalon.core.exception.StepFailedException: Web element with id: 'Object Repository/TripFocus/Testing_Notification_btn' located by '//*[@id="__BVID__10___BV_modal_footer_"]/button' not found
	at com.kms.katalon.core.webui.keyword.internal.WebUIKeywordMain.stepFailed(WebUIKeywordMain.groovy:117)
	at com.kms.katalon.core.webui.keyword.builtin.VerifyElementVisibleKeyword$_verifyElementVisible_closure1.doCall(VerifyElementVisibleKeyword.groovy:89)
	at com.kms.katalon.core.webui.keyword.builtin.VerifyElementVisibleKeyword$_verifyElementVisible_closure1.call(VerifyElementVisibleKeyword.groovy)
	at com.kms.katalon.core.webui.keyword.internal.WebUIKeywordMain.runKeyword(WebUIKeywordMain.groovy:35)
	at com.kms.katalon.core.webui.keyword.builtin.VerifyElementVisibleKeyword.verifyElementVisible(VerifyElementVisibleKeyword.groovy:97)
	at com.kms.katalon.core.webui.keyword.builtin.VerifyElementVisibleKeyword.execute(VerifyElementVisibleKeyword.groovy:67)
	at com.kms.katalon.core.keyword.internal.KeywordExecutor.executeKeywordForPlatform(KeywordExecutor.groovy:74)
	at com.kms.katalon.core.webui.keyword.WebUiBuiltInKeywords.verifyElementVisible(WebUiBuiltInKeywords.groovy:401)
	at com.kms.katalon.core.webui.keyword.WebUiBuiltInKeywords$verifyElementVisible$5.call(Unknown Source)
	at SPG - Advanced Filter - Delivered From.run(SPG - Advanced Filter - Delivered From:38)
	at com.kms.katalon.core.main.ScriptEngine.run(ScriptEngine.java:194)
	at com.kms.katalon.core.main.ScriptEngine.runScriptAsRawText(ScriptEngine.java:119)
	at com.kms.katalon.core.main.TestCaseExecutor.runScript(TestCaseExecutor.java:448)
	at com.kms.katalon.core.main.TestCaseExecutor.doExecute(TestCaseExecutor.java:439)
	at com.kms.katalon.core.main.TestCaseExecutor.processExecutionPhase(TestCaseExecutor.java:418)
	at com.kms.katalon.core.main.TestCaseExecutor.accessMainPhase(TestCaseExecutor.java:410)
	at com.kms.katalon.core.main.TestCaseExecutor.execute(TestCaseExecutor.java:285)
	at com.kms.katalon.core.common.CommonExecutor.accessTestCaseMainPhase(CommonExecutor.java:65)
	at com.kms.katalon.core.main.TestSuiteExecutor.accessTestSuiteMainPhase(TestSuiteExecutor.java:150)
	at com.kms.katalon.core.main.TestSuiteExecutor.execute(TestSuiteExecutor.java:106)
	at com.kms.katalon.core.main.TestCaseMain.startTestSuite(TestCaseMain.java:180)
	at com.kms.katalon.core.main.TestCaseMain$startTestSuite$0.call(Unknown Source)
	at TempTestSuite1761139096516.run(TempTestSuite1761139096516.groovy:35)
	at java.base/jdk.internal.reflect.NativeMethodAccessorImpl.invoke0(Native Method)
	at java.base/jdk.internal.reflect.NativeMethodAccessorImpl.invoke(NativeMethodAccessorImpl.java:77)
	at java.base/jdk.internal.reflect.DelegatingMethodAccessorImpl.invoke(DelegatingMethodAccessorImpl.java:43)
)

22-10-2025T10:52:07 - [TEST_STEP][PASSED] - click(findTestObject("TripFocus/SSO/SSO Orders Tab")): Object: 'Object Repository/TripFocus/SSO/SSO Orders Tab' is clicked on

22-10-2025T10:52:07 - [MESSAGE][PASSED] - Object: 'Object Repository/TripFocus/SSO/SSO Orders Tab' is clicked on

22-10-2025T10:52:07 - [TEST_STEP][PASSED] - waitForElementClickable(findTestObject("TripFocus/Orders/Advanced Filters_btn"), 30): Object 'Object Repository/TripFocus/Orders/Advanced Filters_btn' is clickable

22-10-2025T10:52:08 - [MESSAGE][PASSED] - Object 'Object Repository/TripFocus/Orders/Advanced Filters_btn' is clickable

22-10-2025T10:52:08 - [TEST_STEP][PASSED] - delay(1): Delayed 1 second(s)

22-10-2025T10:52:09 - [MESSAGE][PASSED] - Delayed 1 second(s)

22-10-2025T10:52:09 - [TEST_STEP][PASSED] - click(findTestObject("TripFocus/Orders/Advanced Filters_btn"), STOP_ON_FAILURE): Object: 'Object Repository/TripFocus/Orders/Advanced Filters_btn' is clicked on

22-10-2025T10:52:09 - [MESSAGE][PASSED] - Object: 'Object Repository/TripFocus/Orders/Advanced Filters_btn' is clicked on

22-10-2025T10:52:09 - [TEST_STEP][PASSED] - delay(2): Delayed 2 second(s)

22-10-2025T10:52:11 - [MESSAGE][PASSED] - Delayed 2 second(s)

22-10-2025T10:52:11 - [TEST_STEP][PASSED] - sendKeys(findTestObject("TripFocus/Orders/Advanced Filters/Advanced Search Fields/Delivered_From_txt"), "05/23/2024"): Keys '05/23/2024' sent to object: 'Object Repository/TripFocus/Orders/Advanced Filters/Advanced Search Fields/Delivered_From_txt'

22-10-2025T10:52:11 - [MESSAGE][PASSED] - Keys '05/23/2024' sent to object: 'Object Repository/TripFocus/Orders/Advanced Filters/Advanced Search Fields/Delivered_From_txt'

22-10-2025T10:52:11 - [TEST_STEP][PASSED] - delay(2): Delayed 2 second(s)

22-10-2025T10:52:13 - [MESSAGE][PASSED] - Delayed 2 second(s)

22-10-2025T10:52:13 - [TEST_STEP][PASSED] - click(findTestObject("TripFocus/Sidebar Minimizer")): Object: 'Object Repository/TripFocus/Sidebar Minimizer' is clicked on

22-10-2025T10:52:13 - [MESSAGE][PASSED] - Object: 'Object Repository/TripFocus/Sidebar Minimizer' is clicked on

22-10-2025T10:52:13 - [TEST_STEP][PASSED] - delay(2): Delayed 2 second(s)

22-10-2025T10:52:15 - [MESSAGE][PASSED] - Delayed 2 second(s)

22-10-2025T10:52:15 - [TEST_STEP][PASSED] - click(findTestObject("TripFocus/Orders/Advanced Filters/Apply Filters_btn")): Object: 'Object Repository/TripFocus/Orders/Advanced Filters/Apply Filters_btn' is clicked on

22-10-2025T10:52:15 - [MESSAGE][PASSED] - Object: 'Object Repository/TripFocus/Orders/Advanced Filters/Apply Filters_btn' is clicked on

22-10-2025T10:52:15 - [TEST_STEP][PASSED] - delay(2): Delayed 2 second(s)

22-10-2025T10:52:17 - [MESSAGE][PASSED] - Delayed 2 second(s)

22-10-2025T10:52:17 - [TEST_STEP][PASSED] - closeBrowser(): Browser is closed

22-10-2025T10:52:17 - [MESSAGE][PASSED] - Browser is closed

22-10-2025T10:52:17 - [TEST_STEP][PASSED] - Start listener action : retryOnDisconnect: null

22-10-2025T10:52:17 - [TEST_STEP][PASSED] - tcId = testCaseContext.getTestCaseId(): null

22-10-2025T10:52:17 - [TEST_STEP][PASSED] - currentRetry = retryCounts.getOrDefault(tcId, 0): null

22-10-2025T10:52:17 - [TEST_STEP][PASSED] - if (testCaseContext.getTestCaseStatus() == "FAILED" && currentRetry < MAX_RETRIES): null]]></system-out>
         <system-err><![CDATA[]]></system-err>
      </testcase>
      <testcase name="Test Cases/TripFocus/SPG/SPG - Orders/SPG - Advanced Filter - Delivered To" time="50.773" classname="Test Cases/TripFocus/SPG/SPG - Orders/SPG - Advanced Filter - Delivered To" status="PASSED">
         <system-out><![CDATA[22-10-2025T10:52:17 - [TEST_CASE][PASSED] - Test Cases/TripFocus/SPG/SPG - Orders/SPG - Advanced Filter - Delivered To: Test Cases/TripFocus/SPG/SPG - Orders/SPG - Advanced Filter - Delivered To

22-10-2025T10:52:17 - [TEST_STEP][PASSED] - Start listener action : beforeTestCase: null

22-10-2025T10:52:17 - [TEST_STEP][PASSED] - addDefaultPackages(): null

22-10-2025T10:52:18 - [TEST_STEP][PASSED] - openBrowser(""): Browser is opened with url: ''

22-10-2025T10:52:18 - [MESSAGE][INFO] - Starting 'Chrome' driver

22-10-2025T10:52:18 - [MESSAGE][INFO] - User set preference: ['args', '[--no-sandbox, --disable-gpu, --disable-dev-shm-usage]']

22-10-2025T10:52:18 - [MESSAGE][INFO] - Action delay is set to 0 milliseconds

22-10-2025T10:52:18 - [MESSAGE][PASSED] - Browser is opened with url: ''

22-10-2025T10:52:18 - [TEST_STEP][PASSED] - navigateToUrl(TFBaseURL): Navigate to 'https://www.qa.tripfocus.com' successfully

22-10-2025T10:52:19 - [MESSAGE][PASSED] - Navigate to 'https://www.qa.tripfocus.com' successfully

22-10-2025T10:52:19 - [TEST_STEP][PASSED] - click(findTestObject("Object Repository/TripFocus/Page_TripFocus/button_Sign in")): Object: 'Object Repository/TripFocus/Page_TripFocus/button_Sign in' is clicked on

22-10-2025T10:52:19 - [MESSAGE][PASSED] - Object: 'Object Repository/TripFocus/Page_TripFocus/button_Sign in' is clicked on

22-10-2025T10:52:19 - [TEST_STEP][PASSED] - setText(findTestObject("Object Repository/TripFocus/Page_TripFocus/input_Username (e.g. email address)_Username"), TripFocusBleachTechSPGUsername): Text 'Ashford.Chenault+BleachtechCustomerSPGONLY@thekag.com' is set on object 'Object Repository/TripFocus/Page_TripFocus/input_Username (e.g. email address)_Username'

22-10-2025T10:52:19 - [MESSAGE][PASSED] - Text 'Ashford.Chenault+BleachtechCustomerSPGONLY@thekag.com' is set on object 'Object Repository/TripFocus/Page_TripFocus/input_Username (e.g. email address)_Username'

22-10-2025T10:52:19 - [TEST_STEP][PASSED] - setText(findTestObject("Object Repository/TripFocus/Page_TripFocus/input_Password_Password"), TripFocusFDGSPGPassword): Text 'CrashBan911!!' is set on object 'Object Repository/TripFocus/Page_TripFocus/input_Password_Password'

22-10-2025T10:52:20 - [MESSAGE][PASSED] - Text 'CrashBan911!!' is set on object 'Object Repository/TripFocus/Page_TripFocus/input_Password_Password'

22-10-2025T10:52:20 - [TEST_STEP][PASSED] - click(findTestObject("Object Repository/TripFocus/Page_TripFocus/button_Login")): Object: 'Object Repository/TripFocus/Page_TripFocus/button_Login' is clicked on

22-10-2025T10:52:20 - [MESSAGE][PASSED] - Object: 'Object Repository/TripFocus/Page_TripFocus/button_Login' is clicked on

22-10-2025T10:52:20 - [TEST_STEP][PASSED] - maximizeWindow(): Current window maximized

22-10-2025T10:52:20 - [MESSAGE][PASSED] - Current window maximized

22-10-2025T10:52:20 - [TEST_STEP][PASSED] - waitForElementVisible(findTestObject("TripFocus/Testing_Notification_btn"), 15, OPTIONAL): Web element with id: 'Object Repository/TripFocus/Testing_Notification_btn' located by '//*[@id="__BVID__10___BV_modal_footer_"]/button' not found

22-10-2025T10:52:36 - [MESSAGE][INFO] - Unable to find the element located by 'By.xpath: //*[@id="__BVID__10___BV_modal_footer_"]/button'. Please recheck the objects properties to make sure the desired element is located. 

22-10-2025T10:52:36 - [MESSAGE][WARNING] - [SELF-HEALING] Failed to find element with id 'Object Repository/TripFocus/Testing_Notification_btn'. Try using Self-healing.

22-10-2025T10:52:37 - [MESSAGE][INFO] - [SELF-HEALING] No working XPath is found.

22-10-2025T10:52:39 - [MESSAGE][INFO] - Unable to find the element located by 'By.xpath: '. Please recheck the objects properties to make sure the desired element is located. 

22-10-2025T10:52:39 - [MESSAGE][WARNING] - [SELF-HEALING] Cannot find elements when the selector is null

22-10-2025T10:52:39 - [MESSAGE][WARNING] - Web element with id: 'Object Repository/TripFocus/Testing_Notification_btn' located by '//*[@id="__BVID__10___BV_modal_footer_"]/button' not found

22-10-2025T10:52:39 - [TEST_STEP][PASSED] - if (verifyElementVisible(findTestObject("TripFocus/Testing_Notification_btn"), OPTIONAL) == true): Web element with id: 'Object Repository/TripFocus/Testing_Notification_btn' located by '//*[@id="__BVID__10___BV_modal_footer_"]/button' not found (Root cause: com.kms.katalon.core.exception.StepFailedException: Web element with id: 'Object Repository/TripFocus/Testing_Notification_btn' located by '//*[@id="__BVID__10___BV_modal_footer_"]/button' not found
	at com.kms.katalon.core.webui.keyword.internal.WebUIKeywordMain.stepFailed(WebUIKeywordMain.groovy:117)
	at com.kms.katalon.core.webui.keyword.builtin.VerifyElementVisibleKeyword$_verifyElementVisible_closure1.doCall(VerifyElementVisibleKeyword.groovy:89)
	at com.kms.katalon.core.webui.keyword.builtin.VerifyElementVisibleKeyword$_verifyElementVisible_closure1.call(VerifyElementVisibleKeyword.groovy)
	at com.kms.katalon.core.webui.keyword.internal.WebUIKeywordMain.runKeyword(WebUIKeywordMain.groovy:35)
	at com.kms.katalon.core.webui.keyword.builtin.VerifyElementVisibleKeyword.verifyElementVisible(VerifyElementVisibleKeyword.groovy:97)
	at com.kms.katalon.core.webui.keyword.builtin.VerifyElementVisibleKeyword.execute(VerifyElementVisibleKeyword.groovy:67)
	at com.kms.katalon.core.keyword.internal.KeywordExecutor.executeKeywordForPlatform(KeywordExecutor.groovy:74)
	at com.kms.katalon.core.webui.keyword.WebUiBuiltInKeywords.verifyElementVisible(WebUiBuiltInKeywords.groovy:401)
	at com.kms.katalon.core.webui.keyword.WebUiBuiltInKeywords$verifyElementVisible$5.call(Unknown Source)
	at SPG - Advanced Filter - Delivered To.run(SPG - Advanced Filter - Delivered To:38)
	at com.kms.katalon.core.main.ScriptEngine.run(ScriptEngine.java:194)
	at com.kms.katalon.core.main.ScriptEngine.runScriptAsRawText(ScriptEngine.java:119)
	at com.kms.katalon.core.main.TestCaseExecutor.runScript(TestCaseExecutor.java:448)
	at com.kms.katalon.core.main.TestCaseExecutor.doExecute(TestCaseExecutor.java:439)
	at com.kms.katalon.core.main.TestCaseExecutor.processExecutionPhase(TestCaseExecutor.java:418)
	at com.kms.katalon.core.main.TestCaseExecutor.accessMainPhase(TestCaseExecutor.java:410)
	at com.kms.katalon.core.main.TestCaseExecutor.execute(TestCaseExecutor.java:285)
	at com.kms.katalon.core.common.CommonExecutor.accessTestCaseMainPhase(CommonExecutor.java:65)
	at com.kms.katalon.core.main.TestSuiteExecutor.accessTestSuiteMainPhase(TestSuiteExecutor.java:150)
	at com.kms.katalon.core.main.TestSuiteExecutor.execute(TestSuiteExecutor.java:106)
	at com.kms.katalon.core.main.TestCaseMain.startTestSuite(TestCaseMain.java:180)
	at com.kms.katalon.core.main.TestCaseMain$startTestSuite$0.call(Unknown Source)
	at TempTestSuite1761139096516.run(TempTestSuite1761139096516.groovy:35)
	at java.base/jdk.internal.reflect.NativeMethodAccessorImpl.invoke0(Native Method)
	at java.base/jdk.internal.reflect.NativeMethodAccessorImpl.invoke(NativeMethodAccessorImpl.java:77)
	at java.base/jdk.internal.reflect.DelegatingMethodAccessorImpl.invoke(DelegatingMethodAccessorImpl.java:43)
)

22-10-2025T10:52:55 - [MESSAGE][INFO] - Unable to find the element located by 'By.xpath: //*[@id="__BVID__10___BV_modal_footer_"]/button'. Please recheck the objects properties to make sure the desired element is located. 

22-10-2025T10:52:55 - [MESSAGE][WARNING] - [SELF-HEALING] Failed to find element with id 'Object Repository/TripFocus/Testing_Notification_btn'. Try using Self-healing.

22-10-2025T10:52:56 - [MESSAGE][INFO] - [SELF-HEALING] No working XPath is found.

22-10-2025T10:52:58 - [MESSAGE][INFO] - Unable to find the element located by 'By.xpath: '. Please recheck the objects properties to make sure the desired element is located. 

22-10-2025T10:52:58 - [MESSAGE][WARNING] - [SELF-HEALING] Cannot find elements when the selector is null

22-10-2025T10:52:58 - [MESSAGE][WARNING] - Web element with id: 'Object Repository/TripFocus/Testing_Notification_btn' located by '//*[@id="__BVID__10___BV_modal_footer_"]/button' not found (Root cause: com.kms.katalon.core.exception.StepFailedException: Web element with id: 'Object Repository/TripFocus/Testing_Notification_btn' located by '//*[@id="__BVID__10___BV_modal_footer_"]/button' not found
	at com.kms.katalon.core.webui.keyword.internal.WebUIKeywordMain.stepFailed(WebUIKeywordMain.groovy:117)
	at com.kms.katalon.core.webui.keyword.builtin.VerifyElementVisibleKeyword$_verifyElementVisible_closure1.doCall(VerifyElementVisibleKeyword.groovy:89)
	at com.kms.katalon.core.webui.keyword.builtin.VerifyElementVisibleKeyword$_verifyElementVisible_closure1.call(VerifyElementVisibleKeyword.groovy)
	at com.kms.katalon.core.webui.keyword.internal.WebUIKeywordMain.runKeyword(WebUIKeywordMain.groovy:35)
	at com.kms.katalon.core.webui.keyword.builtin.VerifyElementVisibleKeyword.verifyElementVisible(VerifyElementVisibleKeyword.groovy:97)
	at com.kms.katalon.core.webui.keyword.builtin.VerifyElementVisibleKeyword.execute(VerifyElementVisibleKeyword.groovy:67)
	at com.kms.katalon.core.keyword.internal.KeywordExecutor.executeKeywordForPlatform(KeywordExecutor.groovy:74)
	at com.kms.katalon.core.webui.keyword.WebUiBuiltInKeywords.verifyElementVisible(WebUiBuiltInKeywords.groovy:401)
	at com.kms.katalon.core.webui.keyword.WebUiBuiltInKeywords$verifyElementVisible$5.call(Unknown Source)
	at SPG - Advanced Filter - Delivered To.run(SPG - Advanced Filter - Delivered To:38)
	at com.kms.katalon.core.main.ScriptEngine.run(ScriptEngine.java:194)
	at com.kms.katalon.core.main.ScriptEngine.runScriptAsRawText(ScriptEngine.java:119)
	at com.kms.katalon.core.main.TestCaseExecutor.runScript(TestCaseExecutor.java:448)
	at com.kms.katalon.core.main.TestCaseExecutor.doExecute(TestCaseExecutor.java:439)
	at com.kms.katalon.core.main.TestCaseExecutor.processExecutionPhase(TestCaseExecutor.java:418)
	at com.kms.katalon.core.main.TestCaseExecutor.accessMainPhase(TestCaseExecutor.java:410)
	at com.kms.katalon.core.main.TestCaseExecutor.execute(TestCaseExecutor.java:285)
	at com.kms.katalon.core.common.CommonExecutor.accessTestCaseMainPhase(CommonExecutor.java:65)
	at com.kms.katalon.core.main.TestSuiteExecutor.accessTestSuiteMainPhase(TestSuiteExecutor.java:150)
	at com.kms.katalon.core.main.TestSuiteExecutor.execute(TestSuiteExecutor.java:106)
	at com.kms.katalon.core.main.TestCaseMain.startTestSuite(TestCaseMain.java:180)
	at com.kms.katalon.core.main.TestCaseMain$startTestSuite$0.call(Unknown Source)
	at TempTestSuite1761139096516.run(TempTestSuite1761139096516.groovy:35)
	at java.base/jdk.internal.reflect.NativeMethodAccessorImpl.invoke0(Native Method)
	at java.base/jdk.internal.reflect.NativeMethodAccessorImpl.invoke(NativeMethodAccessorImpl.java:77)
	at java.base/jdk.internal.reflect.DelegatingMethodAccessorImpl.invoke(DelegatingMethodAccessorImpl.java:43)
)

22-10-2025T10:52:58 - [TEST_STEP][PASSED] - click(findTestObject("TripFocus/SSO/SSO Orders Tab")): Object: 'Object Repository/TripFocus/SSO/SSO Orders Tab' is clicked on

22-10-2025T10:52:58 - [MESSAGE][PASSED] - Object: 'Object Repository/TripFocus/SSO/SSO Orders Tab' is clicked on

22-10-2025T10:52:58 - [TEST_STEP][PASSED] - waitForElementClickable(findTestObject("TripFocus/Orders/Advanced Filters_btn"), 30): Object 'Object Repository/TripFocus/Orders/Advanced Filters_btn' is clickable

22-10-2025T10:52:59 - [MESSAGE][PASSED] - Object 'Object Repository/TripFocus/Orders/Advanced Filters_btn' is clickable

22-10-2025T10:52:59 - [TEST_STEP][PASSED] - delay(1): Delayed 1 second(s)

22-10-2025T10:53:00 - [MESSAGE][PASSED] - Delayed 1 second(s)

22-10-2025T10:53:00 - [TEST_STEP][PASSED] - click(findTestObject("TripFocus/Orders/Advanced Filters_btn"), STOP_ON_FAILURE): Object: 'Object Repository/TripFocus/Orders/Advanced Filters_btn' is clicked on

22-10-2025T10:53:00 - [MESSAGE][PASSED] - Object: 'Object Repository/TripFocus/Orders/Advanced Filters_btn' is clicked on

22-10-2025T10:53:00 - [TEST_STEP][PASSED] - delay(2): Delayed 2 second(s)

22-10-2025T10:53:02 - [MESSAGE][PASSED] - Delayed 2 second(s)

22-10-2025T10:53:02 - [TEST_STEP][PASSED] - sendKeys(findTestObject("TripFocus/Orders/Advanced Filters/Advanced Search Fields/Delivered_To_txt"), "06/01/2024"): Keys '06/01/2024' sent to object: 'Object Repository/TripFocus/Orders/Advanced Filters/Advanced Search Fields/Delivered_To_txt'

22-10-2025T10:53:02 - [MESSAGE][PASSED] - Keys '06/01/2024' sent to object: 'Object Repository/TripFocus/Orders/Advanced Filters/Advanced Search Fields/Delivered_To_txt'

22-10-2025T10:53:02 - [TEST_STEP][PASSED] - delay(2): Delayed 2 second(s)

22-10-2025T10:53:04 - [MESSAGE][PASSED] - Delayed 2 second(s)

22-10-2025T10:53:04 - [TEST_STEP][PASSED] - click(findTestObject("TripFocus/Sidebar Minimizer")): Object: 'Object Repository/TripFocus/Sidebar Minimizer' is clicked on

22-10-2025T10:53:04 - [MESSAGE][PASSED] - Object: 'Object Repository/TripFocus/Sidebar Minimizer' is clicked on

22-10-2025T10:53:04 - [TEST_STEP][PASSED] - delay(2): Delayed 2 second(s)

22-10-2025T10:53:06 - [MESSAGE][PASSED] - Delayed 2 second(s)

22-10-2025T10:53:06 - [TEST_STEP][PASSED] - click(findTestObject("TripFocus/Orders/Advanced Filters/Apply Filters_btn")): Object: 'Object Repository/TripFocus/Orders/Advanced Filters/Apply Filters_btn' is clicked on

22-10-2025T10:53:06 - [MESSAGE][PASSED] - Object: 'Object Repository/TripFocus/Orders/Advanced Filters/Apply Filters_btn' is clicked on

22-10-2025T10:53:06 - [TEST_STEP][PASSED] - delay(2): Delayed 2 second(s)

22-10-2025T10:53:08 - [MESSAGE][PASSED] - Delayed 2 second(s)

22-10-2025T10:53:08 - [TEST_STEP][PASSED] - closeBrowser(): Browser is closed

22-10-2025T10:53:08 - [MESSAGE][PASSED] - Browser is closed

22-10-2025T10:53:08 - [TEST_STEP][PASSED] - Start listener action : retryOnDisconnect: null

22-10-2025T10:53:08 - [TEST_STEP][PASSED] - tcId = testCaseContext.getTestCaseId(): null

22-10-2025T10:53:08 - [TEST_STEP][PASSED] - currentRetry = retryCounts.getOrDefault(tcId, 0): null

22-10-2025T10:53:08 - [TEST_STEP][PASSED] - if (testCaseContext.getTestCaseStatus() == "FAILED" && currentRetry < MAX_RETRIES): null]]></system-out>
         <system-err><![CDATA[]]></system-err>
      </testcase>
      <testcase name="Test Cases/TripFocus/SPG/SPG - Orders/SPG - Advanced Filter - Delivery City" time="66.106" classname="Test Cases/TripFocus/SPG/SPG - Orders/SPG - Advanced Filter - Delivery City" status="FAILED">
         <failure type="FAILED" message="Test Cases/TripFocus/SPG/SPG - Orders/SPG - Advanced Filter - Delivery City FAILED.&#xa;Reason:&#xa;com.kms.katalon.core.exception.StepFailedException: Unable to click on object 'Object Repository/TripFocus/Orders/Advanced Filters/Advanced Search Fields/Delivery_City_dropdown'&#xa;	at com.kms.katalon.core.webui.keyword.internal.WebUIKeywordMain.stepFailed(WebUIKeywordMain.groovy:117)&#xa;	at com.kms.katalon.core.webui.keyword.internal.WebUIKeywordMain.runKeyword(WebUIKeywordMain.groovy:43)&#xa;	at com.kms.katalon.core.webui.keyword.builtin.ClickKeyword.click(ClickKeyword.groovy:74)&#xa;	at com.kms.katalon.core.webui.keyword.builtin.ClickKeyword.execute(ClickKeyword.groovy:40)&#xa;	at com.kms.katalon.core.keyword.internal.KeywordExecutor.executeKeywordForPlatform(KeywordExecutor.groovy:74)&#xa;	at com.kms.katalon.core.webui.keyword.WebUiBuiltInKeywords.click(WebUiBuiltInKeywords.groovy:659)&#xa;	at com.kms.katalon.core.webui.keyword.WebUiBuiltInKeywords$click$1.call(Unknown Source)&#xa;	at SPG - Advanced Filter - Delivery City.run(SPG - Advanced Filter - Delivery City:60)&#xa;	at com.kms.katalon.core.main.ScriptEngine.run(ScriptEngine.java:194)&#xa;	at com.kms.katalon.core.main.ScriptEngine.runScriptAsRawText(ScriptEngine.java:119)&#xa;	at com.kms.katalon.core.main.TestCaseExecutor.runScript(TestCaseExecutor.java:448)&#xa;	at com.kms.katalon.core.main.TestCaseExecutor.doExecute(TestCaseExecutor.java:439)&#xa;	at com.kms.katalon.core.main.TestCaseExecutor.processExecutionPhase(TestCaseExecutor.java:418)&#xa;	at com.kms.katalon.core.main.TestCaseExecutor.accessMainPhase(TestCaseExecutor.java:410)&#xa;	at com.kms.katalon.core.main.TestCaseExecutor.execute(TestCaseExecutor.java:285)&#xa;	at com.kms.katalon.core.common.CommonExecutor.accessTestCaseMainPhase(CommonExecutor.java:65)&#xa;	at com.kms.katalon.core.main.TestSuiteExecutor.accessTestSuiteMainPhase(TestSuiteExecutor.java:150)&#xa;	at com.kms.katalon.core.main.TestSuiteExecutor.execute(TestSuiteExecutor.java:106)&#xa;	at com.kms.katalon.core.main.TestCaseMain.startTestSuite(TestCaseMain.java:180)&#xa;	at com.kms.katalon.core.main.TestCaseMain$startTestSuite$0.call(Unknown Source)&#xa;	at TempTestSuite1761139096516.run(TempTestSuite1761139096516.groovy:35)&#xa;	at java.base/jdk.internal.reflect.NativeMethodAccessorImpl.invoke0(Native Method)&#xa;	at java.base/jdk.internal.reflect.NativeMethodAccessorImpl.invoke(NativeMethodAccessorImpl.java:77)&#xa;	at java.base/jdk.internal.reflect.DelegatingMethodAccessorImpl.invoke(DelegatingMethodAccessorImpl.java:43)&#xa;Caused by: com.kms.katalon.core.webui.exception.WebElementNotFoundException: Web element with id: 'Object Repository/TripFocus/Orders/Advanced Filters/Advanced Search Fields/Delivery_City_dropdown' located by '/html/body/div/div[2]/div/main/div/div[2]/div/div[2]/div/div/div[2]/div/div/div[4]/div[1]/div/div/div[1]' not found&#xa;	at com.kms.katalon.core.webui.common.WebUiCommonHelper.findWebElement(WebUiCommonHelper.java:1423)&#xa;	at com.kms.katalon.core.webui.keyword.internal.WebUIAbstractKeyword.findWebElement(WebUIAbstractKeyword.groovy:27)&#xa;	at com.kms.katalon.core.webui.keyword.builtin.ClickKeyword$_click_closure1.doCall(ClickKeyword.groovy:65)&#xa;	at com.kms.katalon.core.webui.keyword.builtin.ClickKeyword$_click_closure1.call(ClickKeyword.groovy)&#xa;	at com.kms.katalon.core.webui.keyword.internal.WebUIKeywordMain.runKeyword(WebUIKeywordMain.groovy:35)&#xa;	... 22 more&#xa;"/>
         <system-out><![CDATA[22-10-2025T10:53:08 - [TEST_CASE][FAILED] - Test Cases/TripFocus/SPG/SPG - Orders/SPG - Advanced Filter - Delivery City: Test Cases/TripFocus/SPG/SPG - Orders/SPG - Advanced Filter - Delivery City FAILED.
Reason:
com.kms.katalon.core.exception.StepFailedException: Unable to click on object 'Object Repository/TripFocus/Orders/Advanced Filters/Advanced Search Fields/Delivery_City_dropdown'
	at com.kms.katalon.core.webui.keyword.internal.WebUIKeywordMain.stepFailed(WebUIKeywordMain.groovy:117)
	at com.kms.katalon.core.webui.keyword.internal.WebUIKeywordMain.runKeyword(WebUIKeywordMain.groovy:43)
	at com.kms.katalon.core.webui.keyword.builtin.ClickKeyword.click(ClickKeyword.groovy:74)
	at com.kms.katalon.core.webui.keyword.builtin.ClickKeyword.execute(ClickKeyword.groovy:40)
	at com.kms.katalon.core.keyword.internal.KeywordExecutor.executeKeywordForPlatform(KeywordExecutor.groovy:74)
	at com.kms.katalon.core.webui.keyword.WebUiBuiltInKeywords.click(WebUiBuiltInKeywords.groovy:659)
	at com.kms.katalon.core.webui.keyword.WebUiBuiltInKeywords$click$1.call(Unknown Source)
	at SPG - Advanced Filter - Delivery City.run(SPG - Advanced Filter - Delivery City:60)
	at com.kms.katalon.core.main.ScriptEngine.run(ScriptEngine.java:194)
	at com.kms.katalon.core.main.ScriptEngine.runScriptAsRawText(ScriptEngine.java:119)
	at com.kms.katalon.core.main.TestCaseExecutor.runScript(TestCaseExecutor.java:448)
	at com.kms.katalon.core.main.TestCaseExecutor.doExecute(TestCaseExecutor.java:439)
	at com.kms.katalon.core.main.TestCaseExecutor.processExecutionPhase(TestCaseExecutor.java:418)
	at com.kms.katalon.core.main.TestCaseExecutor.accessMainPhase(TestCaseExecutor.java:410)
	at com.kms.katalon.core.main.TestCaseExecutor.execute(TestCaseExecutor.java:285)
	at com.kms.katalon.core.common.CommonExecutor.accessTestCaseMainPhase(CommonExecutor.java:65)
	at com.kms.katalon.core.main.TestSuiteExecutor.accessTestSuiteMainPhase(TestSuiteExecutor.java:150)
	at com.kms.katalon.core.main.TestSuiteExecutor.execute(TestSuiteExecutor.java:106)
	at com.kms.katalon.core.main.TestCaseMain.startTestSuite(TestCaseMain.java:180)
	at com.kms.katalon.core.main.TestCaseMain$startTestSuite$0.call(Unknown Source)
	at TempTestSuite1761139096516.run(TempTestSuite1761139096516.groovy:35)
	at java.base/jdk.internal.reflect.NativeMethodAccessorImpl.invoke0(Native Method)
	at java.base/jdk.internal.reflect.NativeMethodAccessorImpl.invoke(NativeMethodAccessorImpl.java:77)
	at java.base/jdk.internal.reflect.DelegatingMethodAccessorImpl.invoke(DelegatingMethodAccessorImpl.java:43)
Caused by: com.kms.katalon.core.webui.exception.WebElementNotFoundException: Web element with id: 'Object Repository/TripFocus/Orders/Advanced Filters/Advanced Search Fields/Delivery_City_dropdown' located by '/html/body/div/div[2]/div/main/div/div[2]/div/div[2]/div/div/div[2]/div/div/div[4]/div[1]/div/div/div[1]' not found
	at com.kms.katalon.core.webui.common.WebUiCommonHelper.findWebElement(WebUiCommonHelper.java:1423)
	at com.kms.katalon.core.webui.keyword.internal.WebUIAbstractKeyword.findWebElement(WebUIAbstractKeyword.groovy:27)
	at com.kms.katalon.core.webui.keyword.builtin.ClickKeyword$_click_closure1.doCall(ClickKeyword.groovy:65)
	at com.kms.katalon.core.webui.keyword.builtin.ClickKeyword$_click_closure1.call(ClickKeyword.groovy)
	at com.kms.katalon.core.webui.keyword.internal.WebUIKeywordMain.runKeyword(WebUIKeywordMain.groovy:35)
	... 22 more


22-10-2025T10:53:08 - [TEST_STEP][PASSED] - Start listener action : beforeTestCase: null

22-10-2025T10:53:08 - [TEST_STEP][PASSED] - addDefaultPackages(): null

22-10-2025T10:53:08 - [TEST_STEP][PASSED] - openBrowser(""): Browser is opened with url: ''

22-10-2025T10:53:08 - [MESSAGE][INFO] - Starting 'Chrome' driver

22-10-2025T10:53:08 - [MESSAGE][INFO] - User set preference: ['args', '[--no-sandbox, --disable-gpu, --disable-dev-shm-usage]']

22-10-2025T10:53:08 - [MESSAGE][INFO] - Action delay is set to 0 milliseconds

22-10-2025T10:53:09 - [MESSAGE][PASSED] - Browser is opened with url: ''

22-10-2025T10:53:09 - [TEST_STEP][PASSED] - navigateToUrl(TFBaseURL): Navigate to 'https://www.qa.tripfocus.com' successfully

22-10-2025T10:53:10 - [MESSAGE][PASSED] - Navigate to 'https://www.qa.tripfocus.com' successfully

22-10-2025T10:53:10 - [TEST_STEP][PASSED] - click(findTestObject("Object Repository/TripFocus/Page_TripFocus/button_Sign in")): Object: 'Object Repository/TripFocus/Page_TripFocus/button_Sign in' is clicked on

22-10-2025T10:53:10 - [MESSAGE][PASSED] - Object: 'Object Repository/TripFocus/Page_TripFocus/button_Sign in' is clicked on

22-10-2025T10:53:10 - [TEST_STEP][PASSED] - setText(findTestObject("Object Repository/TripFocus/Page_TripFocus/input_Username (e.g. email address)_Username"), TripFocusBleachTechSPGUsername): Text 'Ashford.Chenault+BleachtechCustomerSPGONLY@thekag.com' is set on object 'Object Repository/TripFocus/Page_TripFocus/input_Username (e.g. email address)_Username'

22-10-2025T10:53:11 - [MESSAGE][PASSED] - Text 'Ashford.Chenault+BleachtechCustomerSPGONLY@thekag.com' is set on object 'Object Repository/TripFocus/Page_TripFocus/input_Username (e.g. email address)_Username'

22-10-2025T10:53:11 - [TEST_STEP][PASSED] - setText(findTestObject("Object Repository/TripFocus/Page_TripFocus/input_Password_Password"), TripFocusFDGSPGPassword): Text 'CrashBan911!!' is set on object 'Object Repository/TripFocus/Page_TripFocus/input_Password_Password'

22-10-2025T10:53:11 - [MESSAGE][PASSED] - Text 'CrashBan911!!' is set on object 'Object Repository/TripFocus/Page_TripFocus/input_Password_Password'

22-10-2025T10:53:11 - [TEST_STEP][PASSED] - click(findTestObject("Object Repository/TripFocus/Page_TripFocus/button_Login")): Object: 'Object Repository/TripFocus/Page_TripFocus/button_Login' is clicked on

22-10-2025T10:53:12 - [MESSAGE][PASSED] - Object: 'Object Repository/TripFocus/Page_TripFocus/button_Login' is clicked on

22-10-2025T10:53:12 - [TEST_STEP][PASSED] - maximizeWindow(): Current window maximized

22-10-2025T10:53:12 - [MESSAGE][PASSED] - Current window maximized

22-10-2025T10:53:12 - [TEST_STEP][PASSED] - waitForElementVisible(findTestObject("TripFocus/Testing_Notification_btn"), 15, OPTIONAL): Web element with id: 'Object Repository/TripFocus/Testing_Notification_btn' located by '//*[@id="__BVID__10___BV_modal_footer_"]/button' not found

22-10-2025T10:53:28 - [MESSAGE][INFO] - Unable to find the element located by 'By.xpath: //*[@id="__BVID__10___BV_modal_footer_"]/button'. Please recheck the objects properties to make sure the desired element is located. 

22-10-2025T10:53:28 - [MESSAGE][WARNING] - [SELF-HEALING] Failed to find element with id 'Object Repository/TripFocus/Testing_Notification_btn'. Try using Self-healing.

22-10-2025T10:53:29 - [MESSAGE][INFO] - [SELF-HEALING] No working XPath is found.

22-10-2025T10:53:31 - [MESSAGE][INFO] - Unable to find the element located by 'By.xpath: '. Please recheck the objects properties to make sure the desired element is located. 

22-10-2025T10:53:31 - [MESSAGE][WARNING] - [SELF-HEALING] Cannot find elements when the selector is null

22-10-2025T10:53:31 - [MESSAGE][WARNING] - Web element with id: 'Object Repository/TripFocus/Testing_Notification_btn' located by '//*[@id="__BVID__10___BV_modal_footer_"]/button' not found

22-10-2025T10:53:31 - [TEST_STEP][PASSED] - if (verifyElementVisible(findTestObject("TripFocus/Testing_Notification_btn"), OPTIONAL) == true): Web element with id: 'Object Repository/TripFocus/Testing_Notification_btn' located by '//*[@id="__BVID__10___BV_modal_footer_"]/button' not found (Root cause: com.kms.katalon.core.exception.StepFailedException: Web element with id: 'Object Repository/TripFocus/Testing_Notification_btn' located by '//*[@id="__BVID__10___BV_modal_footer_"]/button' not found
	at com.kms.katalon.core.webui.keyword.internal.WebUIKeywordMain.stepFailed(WebUIKeywordMain.groovy:117)
	at com.kms.katalon.core.webui.keyword.builtin.VerifyElementVisibleKeyword$_verifyElementVisible_closure1.doCall(VerifyElementVisibleKeyword.groovy:89)
	at com.kms.katalon.core.webui.keyword.builtin.VerifyElementVisibleKeyword$_verifyElementVisible_closure1.call(VerifyElementVisibleKeyword.groovy)
	at com.kms.katalon.core.webui.keyword.internal.WebUIKeywordMain.runKeyword(WebUIKeywordMain.groovy:35)
	at com.kms.katalon.core.webui.keyword.builtin.VerifyElementVisibleKeyword.verifyElementVisible(VerifyElementVisibleKeyword.groovy:97)
	at com.kms.katalon.core.webui.keyword.builtin.VerifyElementVisibleKeyword.execute(VerifyElementVisibleKeyword.groovy:67)
	at com.kms.katalon.core.keyword.internal.KeywordExecutor.executeKeywordForPlatform(KeywordExecutor.groovy:74)
	at com.kms.katalon.core.webui.keyword.WebUiBuiltInKeywords.verifyElementVisible(WebUiBuiltInKeywords.groovy:401)
	at com.kms.katalon.core.webui.keyword.WebUiBuiltInKeywords$verifyElementVisible$5.call(Unknown Source)
	at SPG - Advanced Filter - Delivery City.run(SPG - Advanced Filter - Delivery City:38)
	at com.kms.katalon.core.main.ScriptEngine.run(ScriptEngine.java:194)
	at com.kms.katalon.core.main.ScriptEngine.runScriptAsRawText(ScriptEngine.java:119)
	at com.kms.katalon.core.main.TestCaseExecutor.runScript(TestCaseExecutor.java:448)
	at com.kms.katalon.core.main.TestCaseExecutor.doExecute(TestCaseExecutor.java:439)
	at com.kms.katalon.core.main.TestCaseExecutor.processExecutionPhase(TestCaseExecutor.java:418)
	at com.kms.katalon.core.main.TestCaseExecutor.accessMainPhase(TestCaseExecutor.java:410)
	at com.kms.katalon.core.main.TestCaseExecutor.execute(TestCaseExecutor.java:285)
	at com.kms.katalon.core.common.CommonExecutor.accessTestCaseMainPhase(CommonExecutor.java:65)
	at com.kms.katalon.core.main.TestSuiteExecutor.accessTestSuiteMainPhase(TestSuiteExecutor.java:150)
	at com.kms.katalon.core.main.TestSuiteExecutor.execute(TestSuiteExecutor.java:106)
	at com.kms.katalon.core.main.TestCaseMain.startTestSuite(TestCaseMain.java:180)
	at com.kms.katalon.core.main.TestCaseMain$startTestSuite$0.call(Unknown Source)
	at TempTestSuite1761139096516.run(TempTestSuite1761139096516.groovy:35)
	at java.base/jdk.internal.reflect.NativeMethodAccessorImpl.invoke0(Native Method)
	at java.base/jdk.internal.reflect.NativeMethodAccessorImpl.invoke(NativeMethodAccessorImpl.java:77)
	at java.base/jdk.internal.reflect.DelegatingMethodAccessorImpl.invoke(DelegatingMethodAccessorImpl.java:43)
)

22-10-2025T10:53:47 - [MESSAGE][INFO] - Unable to find the element located by 'By.xpath: //*[@id="__BVID__10___BV_modal_footer_"]/button'. Please recheck the objects properties to make sure the desired element is located. 

22-10-2025T10:53:47 - [MESSAGE][WARNING] - [SELF-HEALING] Failed to find element with id 'Object Repository/TripFocus/Testing_Notification_btn'. Try using Self-healing.

22-10-2025T10:53:48 - [MESSAGE][INFO] - [SELF-HEALING] No working XPath is found.

22-10-2025T10:53:50 - [MESSAGE][INFO] - Unable to find the element located by 'By.xpath: '. Please recheck the objects properties to make sure the desired element is located. 

22-10-2025T10:53:50 - [MESSAGE][WARNING] - [SELF-HEALING] Cannot find elements when the selector is null

22-10-2025T10:53:50 - [MESSAGE][WARNING] - Web element with id: 'Object Repository/TripFocus/Testing_Notification_btn' located by '//*[@id="__BVID__10___BV_modal_footer_"]/button' not found (Root cause: com.kms.katalon.core.exception.StepFailedException: Web element with id: 'Object Repository/TripFocus/Testing_Notification_btn' located by '//*[@id="__BVID__10___BV_modal_footer_"]/button' not found
	at com.kms.katalon.core.webui.keyword.internal.WebUIKeywordMain.stepFailed(WebUIKeywordMain.groovy:117)
	at com.kms.katalon.core.webui.keyword.builtin.VerifyElementVisibleKeyword$_verifyElementVisible_closure1.doCall(VerifyElementVisibleKeyword.groovy:89)
	at com.kms.katalon.core.webui.keyword.builtin.VerifyElementVisibleKeyword$_verifyElementVisible_closure1.call(VerifyElementVisibleKeyword.groovy)
	at com.kms.katalon.core.webui.keyword.internal.WebUIKeywordMain.runKeyword(WebUIKeywordMain.groovy:35)
	at com.kms.katalon.core.webui.keyword.builtin.VerifyElementVisibleKeyword.verifyElementVisible(VerifyElementVisibleKeyword.groovy:97)
	at com.kms.katalon.core.webui.keyword.builtin.VerifyElementVisibleKeyword.execute(VerifyElementVisibleKeyword.groovy:67)
	at com.kms.katalon.core.keyword.internal.KeywordExecutor.executeKeywordForPlatform(KeywordExecutor.groovy:74)
	at com.kms.katalon.core.webui.keyword.WebUiBuiltInKeywords.verifyElementVisible(WebUiBuiltInKeywords.groovy:401)
	at com.kms.katalon.core.webui.keyword.WebUiBuiltInKeywords$verifyElementVisible$5.call(Unknown Source)
	at SPG - Advanced Filter - Delivery City.run(SPG - Advanced Filter - Delivery City:38)
	at com.kms.katalon.core.main.ScriptEngine.run(ScriptEngine.java:194)
	at com.kms.katalon.core.main.ScriptEngine.runScriptAsRawText(ScriptEngine.java:119)
	at com.kms.katalon.core.main.TestCaseExecutor.runScript(TestCaseExecutor.java:448)
	at com.kms.katalon.core.main.TestCaseExecutor.doExecute(TestCaseExecutor.java:439)
	at com.kms.katalon.core.main.TestCaseExecutor.processExecutionPhase(TestCaseExecutor.java:418)
	at com.kms.katalon.core.main.TestCaseExecutor.accessMainPhase(TestCaseExecutor.java:410)
	at com.kms.katalon.core.main.TestCaseExecutor.execute(TestCaseExecutor.java:285)
	at com.kms.katalon.core.common.CommonExecutor.accessTestCaseMainPhase(CommonExecutor.java:65)
	at com.kms.katalon.core.main.TestSuiteExecutor.accessTestSuiteMainPhase(TestSuiteExecutor.java:150)
	at com.kms.katalon.core.main.TestSuiteExecutor.execute(TestSuiteExecutor.java:106)
	at com.kms.katalon.core.main.TestCaseMain.startTestSuite(TestCaseMain.java:180)
	at com.kms.katalon.core.main.TestCaseMain$startTestSuite$0.call(Unknown Source)
	at TempTestSuite1761139096516.run(TempTestSuite1761139096516.groovy:35)
	at java.base/jdk.internal.reflect.NativeMethodAccessorImpl.invoke0(Native Method)
	at java.base/jdk.internal.reflect.NativeMethodAccessorImpl.invoke(NativeMethodAccessorImpl.java:77)
	at java.base/jdk.internal.reflect.DelegatingMethodAccessorImpl.invoke(DelegatingMethodAccessorImpl.java:43)
)

22-10-2025T10:53:50 - [TEST_STEP][PASSED] - click(findTestObject("TripFocus/SSO/SSO Orders Tab")): Object: 'Object Repository/TripFocus/SSO/SSO Orders Tab' is clicked on

22-10-2025T10:53:50 - [MESSAGE][PASSED] - Object: 'Object Repository/TripFocus/SSO/SSO Orders Tab' is clicked on

22-10-2025T10:53:50 - [TEST_STEP][PASSED] - waitForElementClickable(findTestObject("TripFocus/Orders/Advanced Filters_btn"), 30): Object 'Object Repository/TripFocus/Orders/Advanced Filters_btn' is clickable

22-10-2025T10:53:50 - [MESSAGE][PASSED] - Object 'Object Repository/TripFocus/Orders/Advanced Filters_btn' is clickable

22-10-2025T10:53:50 - [TEST_STEP][PASSED] - delay(1): Delayed 1 second(s)

22-10-2025T10:53:51 - [MESSAGE][PASSED] - Delayed 1 second(s)

22-10-2025T10:53:51 - [TEST_STEP][PASSED] - click(findTestObject("TripFocus/Orders/Advanced Filters_btn"), STOP_ON_FAILURE): Object: 'Object Repository/TripFocus/Orders/Advanced Filters_btn' is clicked on

22-10-2025T10:53:51 - [MESSAGE][PASSED] - Object: 'Object Repository/TripFocus/Orders/Advanced Filters_btn' is clicked on

22-10-2025T10:53:51 - [TEST_STEP][PASSED] - delay(2): Delayed 2 second(s)

22-10-2025T10:53:53 - [MESSAGE][PASSED] - Delayed 2 second(s)

22-10-2025T10:53:53 - [TEST_STEP][PASSED] - click(findTestObject("TripFocus/Orders/Advanced Filters/Advanced Search Fields/Advanced_Search_Fields_dropdown")): Object: 'Object Repository/TripFocus/Orders/Advanced Filters/Advanced Search Fields/Advanced_Search_Fields_dropdown' is clicked on

22-10-2025T10:53:53 - [MESSAGE][PASSED] - Object: 'Object Repository/TripFocus/Orders/Advanced Filters/Advanced Search Fields/Advanced_Search_Fields_dropdown' is clicked on

22-10-2025T10:53:53 - [TEST_STEP][PASSED] - delay(2): Delayed 2 second(s)

22-10-2025T10:53:55 - [MESSAGE][PASSED] - Delayed 2 second(s)

22-10-2025T10:53:55 - [TEST_STEP][FAILED] - click(findTestObject("TripFocus/Orders/Advanced Filters/Advanced Search Fields/Delivery_City_dropdown")): Unable to click on object 'Object Repository/TripFocus/Orders/Advanced Filters/Advanced Search Fields/Delivery_City_dropdown' (Root cause: com.kms.katalon.core.exception.StepFailedException: Unable to click on object 'Object Repository/TripFocus/Orders/Advanced Filters/Advanced Search Fields/Delivery_City_dropdown'
	at com.kms.katalon.core.webui.keyword.internal.WebUIKeywordMain.stepFailed(WebUIKeywordMain.groovy:117)
	at com.kms.katalon.core.webui.keyword.internal.WebUIKeywordMain.runKeyword(WebUIKeywordMain.groovy:43)
	at com.kms.katalon.core.webui.keyword.builtin.ClickKeyword.click(ClickKeyword.groovy:74)
	at com.kms.katalon.core.webui.keyword.builtin.ClickKeyword.execute(ClickKeyword.groovy:40)
	at com.kms.katalon.core.keyword.internal.KeywordExecutor.executeKeywordForPlatform(KeywordExecutor.groovy:74)
	at com.kms.katalon.core.webui.keyword.WebUiBuiltInKeywords.click(WebUiBuiltInKeywords.groovy:659)
	at com.kms.katalon.core.webui.keyword.WebUiBuiltInKeywords$click$1.call(Unknown Source)
	at SPG - Advanced Filter - Delivery City.run(SPG - Advanced Filter - Delivery City:60)
	at com.kms.katalon.core.main.ScriptEngine.run(ScriptEngine.java:194)
	at com.kms.katalon.core.main.ScriptEngine.runScriptAsRawText(ScriptEngine.java:119)
	at com.kms.katalon.core.main.TestCaseExecutor.runScript(TestCaseExecutor.java:448)
	at com.kms.katalon.core.main.TestCaseExecutor.doExecute(TestCaseExecutor.java:439)
	at com.kms.katalon.core.main.TestCaseExecutor.processExecutionPhase(TestCaseExecutor.java:418)
	at com.kms.katalon.core.main.TestCaseExecutor.accessMainPhase(TestCaseExecutor.java:410)
	at com.kms.katalon.core.main.TestCaseExecutor.execute(TestCaseExecutor.java:285)
	at com.kms.katalon.core.common.CommonExecutor.accessTestCaseMainPhase(CommonExecutor.java:65)
	at com.kms.katalon.core.main.TestSuiteExecutor.accessTestSuiteMainPhase(TestSuiteExecutor.java:150)
	at com.kms.katalon.core.main.TestSuiteExecutor.execute(TestSuiteExecutor.java:106)
	at com.kms.katalon.core.main.TestCaseMain.startTestSuite(TestCaseMain.java:180)
	at com.kms.katalon.core.main.TestCaseMain$startTestSuite$0.call(Unknown Source)
	at TempTestSuite1761139096516.run(TempTestSuite1761139096516.groovy:35)
	at java.base/jdk.internal.reflect.NativeMethodAccessorImpl.invoke0(Native Method)
	at java.base/jdk.internal.reflect.NativeMethodAccessorImpl.invoke(NativeMethodAccessorImpl.java:77)
	at java.base/jdk.internal.reflect.DelegatingMethodAccessorImpl.invoke(DelegatingMethodAccessorImpl.java:43)
Caused by: com.kms.katalon.core.webui.exception.WebElementNotFoundException: Web element with id: 'Object Repository/TripFocus/Orders/Advanced Filters/Advanced Search Fields/Delivery_City_dropdown' located by '/html/body/div/div[2]/div/main/div/div[2]/div/div[2]/div/div/div[2]/div/div/div[4]/div[1]/div/div/div[1]' not found
	at com.kms.katalon.core.webui.common.WebUiCommonHelper.findWebElement(WebUiCommonHelper.java:1423)
	at com.kms.katalon.core.webui.keyword.internal.WebUIAbstractKeyword.findWebElement(WebUIAbstractKeyword.groovy:27)
	at com.kms.katalon.core.webui.keyword.builtin.ClickKeyword$_click_closure1.doCall(ClickKeyword.groovy:65)
	at com.kms.katalon.core.webui.keyword.builtin.ClickKeyword$_click_closure1.call(ClickKeyword.groovy)
	at com.kms.katalon.core.webui.keyword.internal.WebUIKeywordMain.runKeyword(WebUIKeywordMain.groovy:35)
	at com.kms.katalon.core.webui.keyword.builtin.ClickKeyword.click(ClickKeyword.groovy:74)
	at com.kms.katalon.core.webui.keyword.builtin.ClickKeyword.execute(ClickKeyword.groovy:40)
	at com.kms.katalon.core.keyword.internal.KeywordExecutor.executeKeywordForPlatform(KeywordExecutor.groovy:74)
	at com.kms.katalon.core.webui.keyword.WebUiBuiltInKeywords.click(WebUiBuiltInKeywords.groovy:659)
	at com.kms.katalon.core.webui.keyword.WebUiBuiltInKeywords$click$1.call(Unknown Source)
	at Script1745009374693.run(Script1745009374693.groovy:60)
	... 16 more
)

22-10-2025T10:54:11 - [MESSAGE][INFO] - Unable to find the element located by 'By.xpath: /html/body/div/div[2]/div/main/div/div[2]/div/div[2]/div/div/div[2]/div/div/div[4]/div[1]/div/div/div[1]'. Please recheck the objects properties to make sure the desired element is located. 

22-10-2025T10:54:11 - [MESSAGE][WARNING] - [SELF-HEALING] Failed to find element with id 'Object Repository/TripFocus/Orders/Advanced Filters/Advanced Search Fields/Delivery_City_dropdown'. Try using Self-healing.

22-10-2025T10:54:12 - [MESSAGE][INFO] - [SELF-HEALING] No working XPath is found.

22-10-2025T10:54:14 - [MESSAGE][INFO] - Unable to find the element located by 'By.xpath: '. Please recheck the objects properties to make sure the desired element is located. 

22-10-2025T10:54:14 - [MESSAGE][WARNING] - [SELF-HEALING] Cannot find elements when the selector is null

22-10-2025T10:54:14 - [MESSAGE][FAILED] - Unable to click on object 'Object Repository/TripFocus/Orders/Advanced Filters/Advanced Search Fields/Delivery_City_dropdown' (Root cause: com.kms.katalon.core.exception.StepFailedException: Unable to click on object 'Object Repository/TripFocus/Orders/Advanced Filters/Advanced Search Fields/Delivery_City_dropdown'
	at com.kms.katalon.core.webui.keyword.internal.WebUIKeywordMain.stepFailed(WebUIKeywordMain.groovy:117)
	at com.kms.katalon.core.webui.keyword.internal.WebUIKeywordMain.runKeyword(WebUIKeywordMain.groovy:43)
	at com.kms.katalon.core.webui.keyword.builtin.ClickKeyword.click(ClickKeyword.groovy:74)
	at com.kms.katalon.core.webui.keyword.builtin.ClickKeyword.execute(ClickKeyword.groovy:40)
	at com.kms.katalon.core.keyword.internal.KeywordExecutor.executeKeywordForPlatform(KeywordExecutor.groovy:74)
	at com.kms.katalon.core.webui.keyword.WebUiBuiltInKeywords.click(WebUiBuiltInKeywords.groovy:659)
	at com.kms.katalon.core.webui.keyword.WebUiBuiltInKeywords$click$1.call(Unknown Source)
	at SPG - Advanced Filter - Delivery City.run(SPG - Advanced Filter - Delivery City:60)
	at com.kms.katalon.core.main.ScriptEngine.run(ScriptEngine.java:194)
	at com.kms.katalon.core.main.ScriptEngine.runScriptAsRawText(ScriptEngine.java:119)
	at com.kms.katalon.core.main.TestCaseExecutor.runScript(TestCaseExecutor.java:448)
	at com.kms.katalon.core.main.TestCaseExecutor.doExecute(TestCaseExecutor.java:439)
	at com.kms.katalon.core.main.TestCaseExecutor.processExecutionPhase(TestCaseExecutor.java:418)
	at com.kms.katalon.core.main.TestCaseExecutor.accessMainPhase(TestCaseExecutor.java:410)
	at com.kms.katalon.core.main.TestCaseExecutor.execute(TestCaseExecutor.java:285)
	at com.kms.katalon.core.common.CommonExecutor.accessTestCaseMainPhase(CommonExecutor.java:65)
	at com.kms.katalon.core.main.TestSuiteExecutor.accessTestSuiteMainPhase(TestSuiteExecutor.java:150)
	at com.kms.katalon.core.main.TestSuiteExecutor.execute(TestSuiteExecutor.java:106)
	at com.kms.katalon.core.main.TestCaseMain.startTestSuite(TestCaseMain.java:180)
	at com.kms.katalon.core.main.TestCaseMain$startTestSuite$0.call(Unknown Source)
	at TempTestSuite1761139096516.run(TempTestSuite1761139096516.groovy:35)
	at java.base/jdk.internal.reflect.NativeMethodAccessorImpl.invoke0(Native Method)
	at java.base/jdk.internal.reflect.NativeMethodAccessorImpl.invoke(NativeMethodAccessorImpl.java:77)
	at java.base/jdk.internal.reflect.DelegatingMethodAccessorImpl.invoke(DelegatingMethodAccessorImpl.java:43)
Caused by: com.kms.katalon.core.webui.exception.WebElementNotFoundException: Web element with id: 'Object Repository/TripFocus/Orders/Advanced Filters/Advanced Search Fields/Delivery_City_dropdown' located by '/html/body/div/div[2]/div/main/div/div[2]/div/div[2]/div/div/div[2]/div/div/div[4]/div[1]/div/div/div[1]' not found
	at com.kms.katalon.core.webui.common.WebUiCommonHelper.findWebElement(WebUiCommonHelper.java:1423)
	at com.kms.katalon.core.webui.keyword.internal.WebUIAbstractKeyword.findWebElement(WebUIAbstractKeyword.groovy:27)
	at com.kms.katalon.core.webui.keyword.builtin.ClickKeyword$_click_closure1.doCall(ClickKeyword.groovy:65)
	at com.kms.katalon.core.webui.keyword.builtin.ClickKeyword$_click_closure1.call(ClickKeyword.groovy)
	at com.kms.katalon.core.webui.keyword.internal.WebUIKeywordMain.runKeyword(WebUIKeywordMain.groovy:35)
	at com.kms.katalon.core.webui.keyword.builtin.ClickKeyword.click(ClickKeyword.groovy:74)
	at com.kms.katalon.core.webui.keyword.builtin.ClickKeyword.execute(ClickKeyword.groovy:40)
	at com.kms.katalon.core.keyword.internal.KeywordExecutor.executeKeywordForPlatform(KeywordExecutor.groovy:74)
	at com.kms.katalon.core.webui.keyword.WebUiBuiltInKeywords.click(WebUiBuiltInKeywords.groovy:659)
	at com.kms.katalon.core.webui.keyword.WebUiBuiltInKeywords$click$1.call(Unknown Source)
	at Script1745009374693.run(Script1745009374693.groovy:60)
	... 16 more
)

22-10-2025T10:54:14 - [TEST_STEP][PASSED] - Start listener action : retryOnDisconnect: Current window's url is: 'https://www.qa.tripfocus.com/order-tenders'

22-10-2025T10:54:14 - [TEST_STEP][PASSED] - tcId = testCaseContext.getTestCaseId(): null

22-10-2025T10:54:14 - [TEST_STEP][PASSED] - currentRetry = retryCounts.getOrDefault(tcId, 0): null

22-10-2025T10:54:14 - [TEST_STEP][PASSED] - if (testCaseContext.getTestCaseStatus() == "FAILED" && currentRetry < MAX_RETRIES): Current window's url is: 'https://www.qa.tripfocus.com/order-tenders'

22-10-2025T10:54:14 - [TEST_STEP][PASSED] - try: Current window's url is: 'https://www.qa.tripfocus.com/order-tenders'

22-10-2025T10:54:14 - [TEST_STEP][PASSED] - comment(Checking for WebDriver disconnect for test case: $tcId): Checking for WebDriver disconnect for test case: Test Cases/TripFocus/SPG/SPG - Orders/SPG - Advanced Filter - Delivery City

22-10-2025T10:54:14 - [MESSAGE][INFO] - Checking for WebDriver disconnect for test case: Test Cases/TripFocus/SPG/SPG - Orders/SPG - Advanced Filter - Delivery City

22-10-2025T10:54:14 - [TEST_STEP][PASSED] - getUrl(): Current window's url is: 'https://www.qa.tripfocus.com/order-tenders'

22-10-2025T10:54:14 - [MESSAGE][PASSED] - Current window's url is: 'https://www.qa.tripfocus.com/order-tenders']]></system-out>
         <system-err><![CDATA[22-10-2025T10:53:08 - [TEST_CASE][FAILED] - Test Cases/TripFocus/SPG/SPG - Orders/SPG - Advanced Filter - Delivery City: Test Cases/TripFocus/SPG/SPG - Orders/SPG - Advanced Filter - Delivery City FAILED.
Reason:
com.kms.katalon.core.exception.StepFailedException: Unable to click on object 'Object Repository/TripFocus/Orders/Advanced Filters/Advanced Search Fields/Delivery_City_dropdown'
	at com.kms.katalon.core.webui.keyword.internal.WebUIKeywordMain.stepFailed(WebUIKeywordMain.groovy:117)
	at com.kms.katalon.core.webui.keyword.internal.WebUIKeywordMain.runKeyword(WebUIKeywordMain.groovy:43)
	at com.kms.katalon.core.webui.keyword.builtin.ClickKeyword.click(ClickKeyword.groovy:74)
	at com.kms.katalon.core.webui.keyword.builtin.ClickKeyword.execute(ClickKeyword.groovy:40)
	at com.kms.katalon.core.keyword.internal.KeywordExecutor.executeKeywordForPlatform(KeywordExecutor.groovy:74)
	at com.kms.katalon.core.webui.keyword.WebUiBuiltInKeywords.click(WebUiBuiltInKeywords.groovy:659)
	at com.kms.katalon.core.webui.keyword.WebUiBuiltInKeywords$click$1.call(Unknown Source)
	at SPG - Advanced Filter - Delivery City.run(SPG - Advanced Filter - Delivery City:60)
	at com.kms.katalon.core.main.ScriptEngine.run(ScriptEngine.java:194)
	at com.kms.katalon.core.main.ScriptEngine.runScriptAsRawText(ScriptEngine.java:119)
	at com.kms.katalon.core.main.TestCaseExecutor.runScript(TestCaseExecutor.java:448)
	at com.kms.katalon.core.main.TestCaseExecutor.doExecute(TestCaseExecutor.java:439)
	at com.kms.katalon.core.main.TestCaseExecutor.processExecutionPhase(TestCaseExecutor.java:418)
	at com.kms.katalon.core.main.TestCaseExecutor.accessMainPhase(TestCaseExecutor.java:410)
	at com.kms.katalon.core.main.TestCaseExecutor.execute(TestCaseExecutor.java:285)
	at com.kms.katalon.core.common.CommonExecutor.accessTestCaseMainPhase(CommonExecutor.java:65)
	at com.kms.katalon.core.main.TestSuiteExecutor.accessTestSuiteMainPhase(TestSuiteExecutor.java:150)
	at com.kms.katalon.core.main.TestSuiteExecutor.execute(TestSuiteExecutor.java:106)
	at com.kms.katalon.core.main.TestCaseMain.startTestSuite(TestCaseMain.java:180)
	at com.kms.katalon.core.main.TestCaseMain$startTestSuite$0.call(Unknown Source)
	at TempTestSuite1761139096516.run(TempTestSuite1761139096516.groovy:35)
	at java.base/jdk.internal.reflect.NativeMethodAccessorImpl.invoke0(Native Method)
	at java.base/jdk.internal.reflect.NativeMethodAccessorImpl.invoke(NativeMethodAccessorImpl.java:77)
	at java.base/jdk.internal.reflect.DelegatingMethodAccessorImpl.invoke(DelegatingMethodAccessorImpl.java:43)
Caused by: com.kms.katalon.core.webui.exception.WebElementNotFoundException: Web element with id: 'Object Repository/TripFocus/Orders/Advanced Filters/Advanced Search Fields/Delivery_City_dropdown' located by '/html/body/div/div[2]/div/main/div/div[2]/div/div[2]/div/div/div[2]/div/div/div[4]/div[1]/div/div/div[1]' not found
	at com.kms.katalon.core.webui.common.WebUiCommonHelper.findWebElement(WebUiCommonHelper.java:1423)
	at com.kms.katalon.core.webui.keyword.internal.WebUIAbstractKeyword.findWebElement(WebUIAbstractKeyword.groovy:27)
	at com.kms.katalon.core.webui.keyword.builtin.ClickKeyword$_click_closure1.doCall(ClickKeyword.groovy:65)
	at com.kms.katalon.core.webui.keyword.builtin.ClickKeyword$_click_closure1.call(ClickKeyword.groovy)
	at com.kms.katalon.core.webui.keyword.internal.WebUIKeywordMain.runKeyword(WebUIKeywordMain.groovy:35)
	... 22 more]]></system-err>
      </testcase>
      <testcase name="Test Cases/TripFocus/SPG/SPG - Orders/SPG - Advanced Filter - Delivery Site" time="64.825" classname="Test Cases/TripFocus/SPG/SPG - Orders/SPG - Advanced Filter - Delivery Site" status="FAILED">
         <failure type="FAILED" message="Test Cases/TripFocus/SPG/SPG - Orders/SPG - Advanced Filter - Delivery Site FAILED.&#xa;Reason:&#xa;com.kms.katalon.core.exception.StepFailedException: Unable to click on object 'Object Repository/TripFocus/Orders/Advanced Filters/Basic Search Fields/Delivery_Site_txt'&#xa;	at com.kms.katalon.core.webui.keyword.internal.WebUIKeywordMain.stepFailed(WebUIKeywordMain.groovy:117)&#xa;	at com.kms.katalon.core.webui.keyword.internal.WebUIKeywordMain.runKeyword(WebUIKeywordMain.groovy:43)&#xa;	at com.kms.katalon.core.webui.keyword.builtin.ClickKeyword.click(ClickKeyword.groovy:74)&#xa;	at com.kms.katalon.core.webui.keyword.builtin.ClickKeyword.execute(ClickKeyword.groovy:40)&#xa;	at com.kms.katalon.core.keyword.internal.KeywordExecutor.executeKeywordForPlatform(KeywordExecutor.groovy:74)&#xa;	at com.kms.katalon.core.webui.keyword.WebUiBuiltInKeywords.click(WebUiBuiltInKeywords.groovy:647)&#xa;	at com.kms.katalon.core.webui.keyword.WebUiBuiltInKeywords$click$7.call(Unknown Source)&#xa;	at SPG - Advanced Filter - Delivery Site.run(SPG - Advanced Filter - Delivery Site:56)&#xa;	at com.kms.katalon.core.main.ScriptEngine.run(ScriptEngine.java:194)&#xa;	at com.kms.katalon.core.main.ScriptEngine.runScriptAsRawText(ScriptEngine.java:119)&#xa;	at com.kms.katalon.core.main.TestCaseExecutor.runScript(TestCaseExecutor.java:448)&#xa;	at com.kms.katalon.core.main.TestCaseExecutor.doExecute(TestCaseExecutor.java:439)&#xa;	at com.kms.katalon.core.main.TestCaseExecutor.processExecutionPhase(TestCaseExecutor.java:418)&#xa;	at com.kms.katalon.core.main.TestCaseExecutor.accessMainPhase(TestCaseExecutor.java:410)&#xa;	at com.kms.katalon.core.main.TestCaseExecutor.execute(TestCaseExecutor.java:285)&#xa;	at com.kms.katalon.core.common.CommonExecutor.accessTestCaseMainPhase(CommonExecutor.java:65)&#xa;	at com.kms.katalon.core.main.TestSuiteExecutor.accessTestSuiteMainPhase(TestSuiteExecutor.java:150)&#xa;	at com.kms.katalon.core.main.TestSuiteExecutor.execute(TestSuiteExecutor.java:106)&#xa;	at com.kms.katalon.core.main.TestCaseMain.startTestSuite(TestCaseMain.java:180)&#xa;	at com.kms.katalon.core.main.TestCaseMain$startTestSuite$0.call(Unknown Source)&#xa;	at TempTestSuite1761139096516.run(TempTestSuite1761139096516.groovy:35)&#xa;	at java.base/jdk.internal.reflect.NativeMethodAccessorImpl.invoke0(Native Method)&#xa;	at java.base/jdk.internal.reflect.NativeMethodAccessorImpl.invoke(NativeMethodAccessorImpl.java:77)&#xa;	at java.base/jdk.internal.reflect.DelegatingMethodAccessorImpl.invoke(DelegatingMethodAccessorImpl.java:43)&#xa;Caused by: com.kms.katalon.core.webui.exception.WebElementNotFoundException: Web element with id: 'Object Repository/TripFocus/Orders/Advanced Filters/Basic Search Fields/Delivery_Site_txt' located by '/html/body/div/div[2]/div/main/div/div[2]/div/div[2]/div/div/div[1]/div/div/div[2]/div[2]/div/div/div[2]/span' not found&#xa;	at com.kms.katalon.core.webui.common.WebUiCommonHelper.findWebElement(WebUiCommonHelper.java:1423)&#xa;	at com.kms.katalon.core.webui.keyword.internal.WebUIAbstractKeyword.findWebElement(WebUIAbstractKeyword.groovy:27)&#xa;	at com.kms.katalon.core.webui.keyword.builtin.ClickKeyword$_click_closure1.doCall(ClickKeyword.groovy:65)&#xa;	at com.kms.katalon.core.webui.keyword.builtin.ClickKeyword$_click_closure1.call(ClickKeyword.groovy)&#xa;	at com.kms.katalon.core.webui.keyword.internal.WebUIKeywordMain.runKeyword(WebUIKeywordMain.groovy:35)&#xa;	... 22 more&#xa;"/>
         <system-out><![CDATA[22-10-2025T10:54:14 - [TEST_CASE][FAILED] - Test Cases/TripFocus/SPG/SPG - Orders/SPG - Advanced Filter - Delivery Site: Test Cases/TripFocus/SPG/SPG - Orders/SPG - Advanced Filter - Delivery Site FAILED.
Reason:
com.kms.katalon.core.exception.StepFailedException: Unable to click on object 'Object Repository/TripFocus/Orders/Advanced Filters/Basic Search Fields/Delivery_Site_txt'
	at com.kms.katalon.core.webui.keyword.internal.WebUIKeywordMain.stepFailed(WebUIKeywordMain.groovy:117)
	at com.kms.katalon.core.webui.keyword.internal.WebUIKeywordMain.runKeyword(WebUIKeywordMain.groovy:43)
	at com.kms.katalon.core.webui.keyword.builtin.ClickKeyword.click(ClickKeyword.groovy:74)
	at com.kms.katalon.core.webui.keyword.builtin.ClickKeyword.execute(ClickKeyword.groovy:40)
	at com.kms.katalon.core.keyword.internal.KeywordExecutor.executeKeywordForPlatform(KeywordExecutor.groovy:74)
	at com.kms.katalon.core.webui.keyword.WebUiBuiltInKeywords.click(WebUiBuiltInKeywords.groovy:647)
	at com.kms.katalon.core.webui.keyword.WebUiBuiltInKeywords$click$7.call(Unknown Source)
	at SPG - Advanced Filter - Delivery Site.run(SPG - Advanced Filter - Delivery Site:56)
	at com.kms.katalon.core.main.ScriptEngine.run(ScriptEngine.java:194)
	at com.kms.katalon.core.main.ScriptEngine.runScriptAsRawText(ScriptEngine.java:119)
	at com.kms.katalon.core.main.TestCaseExecutor.runScript(TestCaseExecutor.java:448)
	at com.kms.katalon.core.main.TestCaseExecutor.doExecute(TestCaseExecutor.java:439)
	at com.kms.katalon.core.main.TestCaseExecutor.processExecutionPhase(TestCaseExecutor.java:418)
	at com.kms.katalon.core.main.TestCaseExecutor.accessMainPhase(TestCaseExecutor.java:410)
	at com.kms.katalon.core.main.TestCaseExecutor.execute(TestCaseExecutor.java:285)
	at com.kms.katalon.core.common.CommonExecutor.accessTestCaseMainPhase(CommonExecutor.java:65)
	at com.kms.katalon.core.main.TestSuiteExecutor.accessTestSuiteMainPhase(TestSuiteExecutor.java:150)
	at com.kms.katalon.core.main.TestSuiteExecutor.execute(TestSuiteExecutor.java:106)
	at com.kms.katalon.core.main.TestCaseMain.startTestSuite(TestCaseMain.java:180)
	at com.kms.katalon.core.main.TestCaseMain$startTestSuite$0.call(Unknown Source)
	at TempTestSuite1761139096516.run(TempTestSuite1761139096516.groovy:35)
	at java.base/jdk.internal.reflect.NativeMethodAccessorImpl.invoke0(Native Method)
	at java.base/jdk.internal.reflect.NativeMethodAccessorImpl.invoke(NativeMethodAccessorImpl.java:77)
	at java.base/jdk.internal.reflect.DelegatingMethodAccessorImpl.invoke(DelegatingMethodAccessorImpl.java:43)
Caused by: com.kms.katalon.core.webui.exception.WebElementNotFoundException: Web element with id: 'Object Repository/TripFocus/Orders/Advanced Filters/Basic Search Fields/Delivery_Site_txt' located by '/html/body/div/div[2]/div/main/div/div[2]/div/div[2]/div/div/div[1]/div/div/div[2]/div[2]/div/div/div[2]/span' not found
	at com.kms.katalon.core.webui.common.WebUiCommonHelper.findWebElement(WebUiCommonHelper.java:1423)
	at com.kms.katalon.core.webui.keyword.internal.WebUIAbstractKeyword.findWebElement(WebUIAbstractKeyword.groovy:27)
	at com.kms.katalon.core.webui.keyword.builtin.ClickKeyword$_click_closure1.doCall(ClickKeyword.groovy:65)
	at com.kms.katalon.core.webui.keyword.builtin.ClickKeyword$_click_closure1.call(ClickKeyword.groovy)
	at com.kms.katalon.core.webui.keyword.internal.WebUIKeywordMain.runKeyword(WebUIKeywordMain.groovy:35)
	... 22 more


22-10-2025T10:54:14 - [TEST_STEP][PASSED] - Start listener action : beforeTestCase: null

22-10-2025T10:54:14 - [TEST_STEP][PASSED] - addDefaultPackages(): null

22-10-2025T10:54:14 - [TEST_STEP][PASSED] - openBrowser(""): Browser is opened with url: ''

22-10-2025T10:54:14 - [MESSAGE][WARNING] - A browser is already opened. Closing browser and opening a new one

22-10-2025T10:54:15 - [MESSAGE][INFO] - Starting 'Chrome' driver

22-10-2025T10:54:15 - [MESSAGE][INFO] - User set preference: ['args', '[--no-sandbox, --disable-gpu, --disable-dev-shm-usage]']

22-10-2025T10:54:15 - [MESSAGE][INFO] - Action delay is set to 0 milliseconds

22-10-2025T10:54:15 - [MESSAGE][PASSED] - Browser is opened with url: ''

22-10-2025T10:54:15 - [TEST_STEP][PASSED] - navigateToUrl(TFBaseURL): Navigate to 'https://www.qa.tripfocus.com' successfully

22-10-2025T10:54:16 - [MESSAGE][PASSED] - Navigate to 'https://www.qa.tripfocus.com' successfully

22-10-2025T10:54:16 - [TEST_STEP][PASSED] - click(findTestObject("Object Repository/TripFocus/Page_TripFocus/button_Sign in")): Object: 'Object Repository/TripFocus/Page_TripFocus/button_Sign in' is clicked on

22-10-2025T10:54:16 - [MESSAGE][PASSED] - Object: 'Object Repository/TripFocus/Page_TripFocus/button_Sign in' is clicked on

22-10-2025T10:54:16 - [TEST_STEP][PASSED] - setText(findTestObject("Object Repository/TripFocus/Page_TripFocus/input_Username (e.g. email address)_Username"), TripFocusBleachTechSPGUsername): Text 'Ashford.Chenault+BleachtechCustomerSPGONLY@thekag.com' is set on object 'Object Repository/TripFocus/Page_TripFocus/input_Username (e.g. email address)_Username'

22-10-2025T10:54:18 - [MESSAGE][PASSED] - Text 'Ashford.Chenault+BleachtechCustomerSPGONLY@thekag.com' is set on object 'Object Repository/TripFocus/Page_TripFocus/input_Username (e.g. email address)_Username'

22-10-2025T10:54:18 - [TEST_STEP][PASSED] - setText(findTestObject("Object Repository/TripFocus/Page_TripFocus/input_Password_Password"), TripFocusFDGSPGPassword): Text 'CrashBan911!!' is set on object 'Object Repository/TripFocus/Page_TripFocus/input_Password_Password'

22-10-2025T10:54:18 - [MESSAGE][PASSED] - Text 'CrashBan911!!' is set on object 'Object Repository/TripFocus/Page_TripFocus/input_Password_Password'

22-10-2025T10:54:18 - [TEST_STEP][PASSED] - click(findTestObject("Object Repository/TripFocus/Page_TripFocus/button_Login")): Object: 'Object Repository/TripFocus/Page_TripFocus/button_Login' is clicked on

22-10-2025T10:54:18 - [MESSAGE][PASSED] - Object: 'Object Repository/TripFocus/Page_TripFocus/button_Login' is clicked on

22-10-2025T10:54:18 - [TEST_STEP][PASSED] - maximizeWindow(): Current window maximized

22-10-2025T10:54:18 - [MESSAGE][PASSED] - Current window maximized

22-10-2025T10:54:18 - [TEST_STEP][PASSED] - waitForElementVisible(findTestObject("TripFocus/Testing_Notification_btn"), 15, OPTIONAL): Web element with id: 'Object Repository/TripFocus/Testing_Notification_btn' located by '//*[@id="__BVID__10___BV_modal_footer_"]/button' not found

22-10-2025T10:54:34 - [MESSAGE][INFO] - Unable to find the element located by 'By.xpath: //*[@id="__BVID__10___BV_modal_footer_"]/button'. Please recheck the objects properties to make sure the desired element is located. 

22-10-2025T10:54:34 - [MESSAGE][WARNING] - [SELF-HEALING] Failed to find element with id 'Object Repository/TripFocus/Testing_Notification_btn'. Try using Self-healing.

22-10-2025T10:54:35 - [MESSAGE][INFO] - [SELF-HEALING] No working XPath is found.

22-10-2025T10:54:37 - [MESSAGE][INFO] - Unable to find the element located by 'By.xpath: '. Please recheck the objects properties to make sure the desired element is located. 

22-10-2025T10:54:37 - [MESSAGE][WARNING] - [SELF-HEALING] Cannot find elements when the selector is null

22-10-2025T10:54:37 - [MESSAGE][WARNING] - Web element with id: 'Object Repository/TripFocus/Testing_Notification_btn' located by '//*[@id="__BVID__10___BV_modal_footer_"]/button' not found

22-10-2025T10:54:37 - [TEST_STEP][PASSED] - if (verifyElementVisible(findTestObject("TripFocus/Testing_Notification_btn"), OPTIONAL) == true): Web element with id: 'Object Repository/TripFocus/Testing_Notification_btn' located by '//*[@id="__BVID__10___BV_modal_footer_"]/button' not found (Root cause: com.kms.katalon.core.exception.StepFailedException: Web element with id: 'Object Repository/TripFocus/Testing_Notification_btn' located by '//*[@id="__BVID__10___BV_modal_footer_"]/button' not found
	at com.kms.katalon.core.webui.keyword.internal.WebUIKeywordMain.stepFailed(WebUIKeywordMain.groovy:117)
	at com.kms.katalon.core.webui.keyword.builtin.VerifyElementVisibleKeyword$_verifyElementVisible_closure1.doCall(VerifyElementVisibleKeyword.groovy:89)
	at com.kms.katalon.core.webui.keyword.builtin.VerifyElementVisibleKeyword$_verifyElementVisible_closure1.call(VerifyElementVisibleKeyword.groovy)
	at com.kms.katalon.core.webui.keyword.internal.WebUIKeywordMain.runKeyword(WebUIKeywordMain.groovy:35)
	at com.kms.katalon.core.webui.keyword.builtin.VerifyElementVisibleKeyword.verifyElementVisible(VerifyElementVisibleKeyword.groovy:97)
	at com.kms.katalon.core.webui.keyword.builtin.VerifyElementVisibleKeyword.execute(VerifyElementVisibleKeyword.groovy:67)
	at com.kms.katalon.core.keyword.internal.KeywordExecutor.executeKeywordForPlatform(KeywordExecutor.groovy:74)
	at com.kms.katalon.core.webui.keyword.WebUiBuiltInKeywords.verifyElementVisible(WebUiBuiltInKeywords.groovy:401)
	at com.kms.katalon.core.webui.keyword.WebUiBuiltInKeywords$verifyElementVisible$5.call(Unknown Source)
	at SPG - Advanced Filter - Delivery Site.run(SPG - Advanced Filter - Delivery Site:38)
	at com.kms.katalon.core.main.ScriptEngine.run(ScriptEngine.java:194)
	at com.kms.katalon.core.main.ScriptEngine.runScriptAsRawText(ScriptEngine.java:119)
	at com.kms.katalon.core.main.TestCaseExecutor.runScript(TestCaseExecutor.java:448)
	at com.kms.katalon.core.main.TestCaseExecutor.doExecute(TestCaseExecutor.java:439)
	at com.kms.katalon.core.main.TestCaseExecutor.processExecutionPhase(TestCaseExecutor.java:418)
	at com.kms.katalon.core.main.TestCaseExecutor.accessMainPhase(TestCaseExecutor.java:410)
	at com.kms.katalon.core.main.TestCaseExecutor.execute(TestCaseExecutor.java:285)
	at com.kms.katalon.core.common.CommonExecutor.accessTestCaseMainPhase(CommonExecutor.java:65)
	at com.kms.katalon.core.main.TestSuiteExecutor.accessTestSuiteMainPhase(TestSuiteExecutor.java:150)
	at com.kms.katalon.core.main.TestSuiteExecutor.execute(TestSuiteExecutor.java:106)
	at com.kms.katalon.core.main.TestCaseMain.startTestSuite(TestCaseMain.java:180)
	at com.kms.katalon.core.main.TestCaseMain$startTestSuite$0.call(Unknown Source)
	at TempTestSuite1761139096516.run(TempTestSuite1761139096516.groovy:35)
	at java.base/jdk.internal.reflect.NativeMethodAccessorImpl.invoke0(Native Method)
	at java.base/jdk.internal.reflect.NativeMethodAccessorImpl.invoke(NativeMethodAccessorImpl.java:77)
	at java.base/jdk.internal.reflect.DelegatingMethodAccessorImpl.invoke(DelegatingMethodAccessorImpl.java:43)
)

22-10-2025T10:54:53 - [MESSAGE][INFO] - Unable to find the element located by 'By.xpath: //*[@id="__BVID__10___BV_modal_footer_"]/button'. Please recheck the objects properties to make sure the desired element is located. 

22-10-2025T10:54:53 - [MESSAGE][WARNING] - [SELF-HEALING] Failed to find element with id 'Object Repository/TripFocus/Testing_Notification_btn'. Try using Self-healing.

22-10-2025T10:54:54 - [MESSAGE][INFO] - [SELF-HEALING] No working XPath is found.

22-10-2025T10:54:56 - [MESSAGE][INFO] - Unable to find the element located by 'By.xpath: '. Please recheck the objects properties to make sure the desired element is located. 

22-10-2025T10:54:56 - [MESSAGE][WARNING] - [SELF-HEALING] Cannot find elements when the selector is null

22-10-2025T10:54:56 - [MESSAGE][WARNING] - Web element with id: 'Object Repository/TripFocus/Testing_Notification_btn' located by '//*[@id="__BVID__10___BV_modal_footer_"]/button' not found (Root cause: com.kms.katalon.core.exception.StepFailedException: Web element with id: 'Object Repository/TripFocus/Testing_Notification_btn' located by '//*[@id="__BVID__10___BV_modal_footer_"]/button' not found
	at com.kms.katalon.core.webui.keyword.internal.WebUIKeywordMain.stepFailed(WebUIKeywordMain.groovy:117)
	at com.kms.katalon.core.webui.keyword.builtin.VerifyElementVisibleKeyword$_verifyElementVisible_closure1.doCall(VerifyElementVisibleKeyword.groovy:89)
	at com.kms.katalon.core.webui.keyword.builtin.VerifyElementVisibleKeyword$_verifyElementVisible_closure1.call(VerifyElementVisibleKeyword.groovy)
	at com.kms.katalon.core.webui.keyword.internal.WebUIKeywordMain.runKeyword(WebUIKeywordMain.groovy:35)
	at com.kms.katalon.core.webui.keyword.builtin.VerifyElementVisibleKeyword.verifyElementVisible(VerifyElementVisibleKeyword.groovy:97)
	at com.kms.katalon.core.webui.keyword.builtin.VerifyElementVisibleKeyword.execute(VerifyElementVisibleKeyword.groovy:67)
	at com.kms.katalon.core.keyword.internal.KeywordExecutor.executeKeywordForPlatform(KeywordExecutor.groovy:74)
	at com.kms.katalon.core.webui.keyword.WebUiBuiltInKeywords.verifyElementVisible(WebUiBuiltInKeywords.groovy:401)
	at com.kms.katalon.core.webui.keyword.WebUiBuiltInKeywords$verifyElementVisible$5.call(Unknown Source)
	at SPG - Advanced Filter - Delivery Site.run(SPG - Advanced Filter - Delivery Site:38)
	at com.kms.katalon.core.main.ScriptEngine.run(ScriptEngine.java:194)
	at com.kms.katalon.core.main.ScriptEngine.runScriptAsRawText(ScriptEngine.java:119)
	at com.kms.katalon.core.main.TestCaseExecutor.runScript(TestCaseExecutor.java:448)
	at com.kms.katalon.core.main.TestCaseExecutor.doExecute(TestCaseExecutor.java:439)
	at com.kms.katalon.core.main.TestCaseExecutor.processExecutionPhase(TestCaseExecutor.java:418)
	at com.kms.katalon.core.main.TestCaseExecutor.accessMainPhase(TestCaseExecutor.java:410)
	at com.kms.katalon.core.main.TestCaseExecutor.execute(TestCaseExecutor.java:285)
	at com.kms.katalon.core.common.CommonExecutor.accessTestCaseMainPhase(CommonExecutor.java:65)
	at com.kms.katalon.core.main.TestSuiteExecutor.accessTestSuiteMainPhase(TestSuiteExecutor.java:150)
	at com.kms.katalon.core.main.TestSuiteExecutor.execute(TestSuiteExecutor.java:106)
	at com.kms.katalon.core.main.TestCaseMain.startTestSuite(TestCaseMain.java:180)
	at com.kms.katalon.core.main.TestCaseMain$startTestSuite$0.call(Unknown Source)
	at TempTestSuite1761139096516.run(TempTestSuite1761139096516.groovy:35)
	at java.base/jdk.internal.reflect.NativeMethodAccessorImpl.invoke0(Native Method)
	at java.base/jdk.internal.reflect.NativeMethodAccessorImpl.invoke(NativeMethodAccessorImpl.java:77)
	at java.base/jdk.internal.reflect.DelegatingMethodAccessorImpl.invoke(DelegatingMethodAccessorImpl.java:43)
)

22-10-2025T10:54:56 - [TEST_STEP][PASSED] - click(findTestObject("TripFocus/SSO/SSO Orders Tab")): Object: 'Object Repository/TripFocus/SSO/SSO Orders Tab' is clicked on

22-10-2025T10:54:57 - [MESSAGE][PASSED] - Object: 'Object Repository/TripFocus/SSO/SSO Orders Tab' is clicked on

22-10-2025T10:54:57 - [TEST_STEP][PASSED] - waitForElementClickable(findTestObject("TripFocus/Orders/Advanced Filters_btn"), 30): Object 'Object Repository/TripFocus/Orders/Advanced Filters_btn' is clickable

22-10-2025T10:54:57 - [MESSAGE][PASSED] - Object 'Object Repository/TripFocus/Orders/Advanced Filters_btn' is clickable

22-10-2025T10:54:57 - [TEST_STEP][PASSED] - delay(1): Delayed 1 second(s)

22-10-2025T10:54:58 - [MESSAGE][PASSED] - Delayed 1 second(s)

22-10-2025T10:54:58 - [TEST_STEP][PASSED] - click(findTestObject("TripFocus/Orders/Advanced Filters_btn"), STOP_ON_FAILURE): Object: 'Object Repository/TripFocus/Orders/Advanced Filters_btn' is clicked on

22-10-2025T10:54:58 - [MESSAGE][PASSED] - Object: 'Object Repository/TripFocus/Orders/Advanced Filters_btn' is clicked on

22-10-2025T10:54:58 - [TEST_STEP][PASSED] - delay(2): Delayed 2 second(s)

22-10-2025T10:55:00 - [MESSAGE][PASSED] - Delayed 2 second(s)

22-10-2025T10:55:00 - [TEST_STEP][FAILED] - click(findTestObject("TripFocus/Orders/Advanced Filters/Basic Search Fields/Delivery_Site_txt"), STOP_ON_FAILURE): Unable to click on object 'Object Repository/TripFocus/Orders/Advanced Filters/Basic Search Fields/Delivery_Site_txt' (Root cause: com.kms.katalon.core.exception.StepFailedException: Unable to click on object 'Object Repository/TripFocus/Orders/Advanced Filters/Basic Search Fields/Delivery_Site_txt'
	at com.kms.katalon.core.webui.keyword.internal.WebUIKeywordMain.stepFailed(WebUIKeywordMain.groovy:117)
	at com.kms.katalon.core.webui.keyword.internal.WebUIKeywordMain.runKeyword(WebUIKeywordMain.groovy:43)
	at com.kms.katalon.core.webui.keyword.builtin.ClickKeyword.click(ClickKeyword.groovy:74)
	at com.kms.katalon.core.webui.keyword.builtin.ClickKeyword.execute(ClickKeyword.groovy:40)
	at com.kms.katalon.core.keyword.internal.KeywordExecutor.executeKeywordForPlatform(KeywordExecutor.groovy:74)
	at com.kms.katalon.core.webui.keyword.WebUiBuiltInKeywords.click(WebUiBuiltInKeywords.groovy:647)
	at com.kms.katalon.core.webui.keyword.WebUiBuiltInKeywords$click$7.call(Unknown Source)
	at SPG - Advanced Filter - Delivery Site.run(SPG - Advanced Filter - Delivery Site:56)
	at com.kms.katalon.core.main.ScriptEngine.run(ScriptEngine.java:194)
	at com.kms.katalon.core.main.ScriptEngine.runScriptAsRawText(ScriptEngine.java:119)
	at com.kms.katalon.core.main.TestCaseExecutor.runScript(TestCaseExecutor.java:448)
	at com.kms.katalon.core.main.TestCaseExecutor.doExecute(TestCaseExecutor.java:439)
	at com.kms.katalon.core.main.TestCaseExecutor.processExecutionPhase(TestCaseExecutor.java:418)
	at com.kms.katalon.core.main.TestCaseExecutor.accessMainPhase(TestCaseExecutor.java:410)
	at com.kms.katalon.core.main.TestCaseExecutor.execute(TestCaseExecutor.java:285)
	at com.kms.katalon.core.common.CommonExecutor.accessTestCaseMainPhase(CommonExecutor.java:65)
	at com.kms.katalon.core.main.TestSuiteExecutor.accessTestSuiteMainPhase(TestSuiteExecutor.java:150)
	at com.kms.katalon.core.main.TestSuiteExecutor.execute(TestSuiteExecutor.java:106)
	at com.kms.katalon.core.main.TestCaseMain.startTestSuite(TestCaseMain.java:180)
	at com.kms.katalon.core.main.TestCaseMain$startTestSuite$0.call(Unknown Source)
	at TempTestSuite1761139096516.run(TempTestSuite1761139096516.groovy:35)
	at java.base/jdk.internal.reflect.NativeMethodAccessorImpl.invoke0(Native Method)
	at java.base/jdk.internal.reflect.NativeMethodAccessorImpl.invoke(NativeMethodAccessorImpl.java:77)
	at java.base/jdk.internal.reflect.DelegatingMethodAccessorImpl.invoke(DelegatingMethodAccessorImpl.java:43)
Caused by: com.kms.katalon.core.webui.exception.WebElementNotFoundException: Web element with id: 'Object Repository/TripFocus/Orders/Advanced Filters/Basic Search Fields/Delivery_Site_txt' located by '/html/body/div/div[2]/div/main/div/div[2]/div/div[2]/div/div/div[1]/div/div/div[2]/div[2]/div/div/div[2]/span' not found
	at com.kms.katalon.core.webui.common.WebUiCommonHelper.findWebElement(WebUiCommonHelper.java:1423)
	at com.kms.katalon.core.webui.keyword.internal.WebUIAbstractKeyword.findWebElement(WebUIAbstractKeyword.groovy:27)
	at com.kms.katalon.core.webui.keyword.builtin.ClickKeyword$_click_closure1.doCall(ClickKeyword.groovy:65)
	at com.kms.katalon.core.webui.keyword.builtin.ClickKeyword$_click_closure1.call(ClickKeyword.groovy)
	at com.kms.katalon.core.webui.keyword.internal.WebUIKeywordMain.runKeyword(WebUIKeywordMain.groovy:35)
	at com.kms.katalon.core.webui.keyword.builtin.ClickKeyword.click(ClickKeyword.groovy:74)
	at com.kms.katalon.core.webui.keyword.builtin.ClickKeyword.execute(ClickKeyword.groovy:40)
	at com.kms.katalon.core.keyword.internal.KeywordExecutor.executeKeywordForPlatform(KeywordExecutor.groovy:74)
	at com.kms.katalon.core.webui.keyword.WebUiBuiltInKeywords.click(WebUiBuiltInKeywords.groovy:647)
	at com.kms.katalon.core.webui.keyword.WebUiBuiltInKeywords$click$7.call(Unknown Source)
	at Script1745009379237.run(Script1745009379237.groovy:56)
	... 16 more
)

22-10-2025T10:55:16 - [MESSAGE][INFO] - Unable to find the element located by 'By.xpath: /html/body/div/div[2]/div/main/div/div[2]/div/div[2]/div/div/div[1]/div/div/div[2]/div[2]/div/div/div[2]/span'. Please recheck the objects properties to make sure the desired element is located. 

22-10-2025T10:55:16 - [MESSAGE][WARNING] - [SELF-HEALING] Failed to find element with id 'Object Repository/TripFocus/Orders/Advanced Filters/Basic Search Fields/Delivery_Site_txt'. Try using Self-healing.

22-10-2025T10:55:17 - [MESSAGE][INFO] - [SELF-HEALING] No working XPath is found.

22-10-2025T10:55:19 - [MESSAGE][INFO] - Unable to find the element located by 'By.xpath: '. Please recheck the objects properties to make sure the desired element is located. 

22-10-2025T10:55:19 - [MESSAGE][WARNING] - [SELF-HEALING] Cannot find elements when the selector is null

22-10-2025T10:55:19 - [MESSAGE][FAILED] - Unable to click on object 'Object Repository/TripFocus/Orders/Advanced Filters/Basic Search Fields/Delivery_Site_txt' (Root cause: com.kms.katalon.core.exception.StepFailedException: Unable to click on object 'Object Repository/TripFocus/Orders/Advanced Filters/Basic Search Fields/Delivery_Site_txt'
	at com.kms.katalon.core.webui.keyword.internal.WebUIKeywordMain.stepFailed(WebUIKeywordMain.groovy:117)
	at com.kms.katalon.core.webui.keyword.internal.WebUIKeywordMain.runKeyword(WebUIKeywordMain.groovy:43)
	at com.kms.katalon.core.webui.keyword.builtin.ClickKeyword.click(ClickKeyword.groovy:74)
	at com.kms.katalon.core.webui.keyword.builtin.ClickKeyword.execute(ClickKeyword.groovy:40)
	at com.kms.katalon.core.keyword.internal.KeywordExecutor.executeKeywordForPlatform(KeywordExecutor.groovy:74)
	at com.kms.katalon.core.webui.keyword.WebUiBuiltInKeywords.click(WebUiBuiltInKeywords.groovy:647)
	at com.kms.katalon.core.webui.keyword.WebUiBuiltInKeywords$click$7.call(Unknown Source)
	at SPG - Advanced Filter - Delivery Site.run(SPG - Advanced Filter - Delivery Site:56)
	at com.kms.katalon.core.main.ScriptEngine.run(ScriptEngine.java:194)
	at com.kms.katalon.core.main.ScriptEngine.runScriptAsRawText(ScriptEngine.java:119)
	at com.kms.katalon.core.main.TestCaseExecutor.runScript(TestCaseExecutor.java:448)
	at com.kms.katalon.core.main.TestCaseExecutor.doExecute(TestCaseExecutor.java:439)
	at com.kms.katalon.core.main.TestCaseExecutor.processExecutionPhase(TestCaseExecutor.java:418)
	at com.kms.katalon.core.main.TestCaseExecutor.accessMainPhase(TestCaseExecutor.java:410)
	at com.kms.katalon.core.main.TestCaseExecutor.execute(TestCaseExecutor.java:285)
	at com.kms.katalon.core.common.CommonExecutor.accessTestCaseMainPhase(CommonExecutor.java:65)
	at com.kms.katalon.core.main.TestSuiteExecutor.accessTestSuiteMainPhase(TestSuiteExecutor.java:150)
	at com.kms.katalon.core.main.TestSuiteExecutor.execute(TestSuiteExecutor.java:106)
	at com.kms.katalon.core.main.TestCaseMain.startTestSuite(TestCaseMain.java:180)
	at com.kms.katalon.core.main.TestCaseMain$startTestSuite$0.call(Unknown Source)
	at TempTestSuite1761139096516.run(TempTestSuite1761139096516.groovy:35)
	at java.base/jdk.internal.reflect.NativeMethodAccessorImpl.invoke0(Native Method)
	at java.base/jdk.internal.reflect.NativeMethodAccessorImpl.invoke(NativeMethodAccessorImpl.java:77)
	at java.base/jdk.internal.reflect.DelegatingMethodAccessorImpl.invoke(DelegatingMethodAccessorImpl.java:43)
Caused by: com.kms.katalon.core.webui.exception.WebElementNotFoundException: Web element with id: 'Object Repository/TripFocus/Orders/Advanced Filters/Basic Search Fields/Delivery_Site_txt' located by '/html/body/div/div[2]/div/main/div/div[2]/div/div[2]/div/div/div[1]/div/div/div[2]/div[2]/div/div/div[2]/span' not found
	at com.kms.katalon.core.webui.common.WebUiCommonHelper.findWebElement(WebUiCommonHelper.java:1423)
	at com.kms.katalon.core.webui.keyword.internal.WebUIAbstractKeyword.findWebElement(WebUIAbstractKeyword.groovy:27)
	at com.kms.katalon.core.webui.keyword.builtin.ClickKeyword$_click_closure1.doCall(ClickKeyword.groovy:65)
	at com.kms.katalon.core.webui.keyword.builtin.ClickKeyword$_click_closure1.call(ClickKeyword.groovy)
	at com.kms.katalon.core.webui.keyword.internal.WebUIKeywordMain.runKeyword(WebUIKeywordMain.groovy:35)
	at com.kms.katalon.core.webui.keyword.builtin.ClickKeyword.click(ClickKeyword.groovy:74)
	at com.kms.katalon.core.webui.keyword.builtin.ClickKeyword.execute(ClickKeyword.groovy:40)
	at com.kms.katalon.core.keyword.internal.KeywordExecutor.executeKeywordForPlatform(KeywordExecutor.groovy:74)
	at com.kms.katalon.core.webui.keyword.WebUiBuiltInKeywords.click(WebUiBuiltInKeywords.groovy:647)
	at com.kms.katalon.core.webui.keyword.WebUiBuiltInKeywords$click$7.call(Unknown Source)
	at Script1745009379237.run(Script1745009379237.groovy:56)
	... 16 more
)

22-10-2025T10:55:19 - [TEST_STEP][PASSED] - Start listener action : retryOnDisconnect: Current window's url is: 'https://www.qa.tripfocus.com/order-tenders'

22-10-2025T10:55:19 - [TEST_STEP][PASSED] - tcId = testCaseContext.getTestCaseId(): null

22-10-2025T10:55:19 - [TEST_STEP][PASSED] - currentRetry = retryCounts.getOrDefault(tcId, 0): null

22-10-2025T10:55:19 - [TEST_STEP][PASSED] - if (testCaseContext.getTestCaseStatus() == "FAILED" && currentRetry < MAX_RETRIES): Current window's url is: 'https://www.qa.tripfocus.com/order-tenders'

22-10-2025T10:55:19 - [TEST_STEP][PASSED] - try: Current window's url is: 'https://www.qa.tripfocus.com/order-tenders'

22-10-2025T10:55:19 - [TEST_STEP][PASSED] - comment(Checking for WebDriver disconnect for test case: $tcId): Checking for WebDriver disconnect for test case: Test Cases/TripFocus/SPG/SPG - Orders/SPG - Advanced Filter - Delivery Site

22-10-2025T10:55:19 - [MESSAGE][INFO] - Checking for WebDriver disconnect for test case: Test Cases/TripFocus/SPG/SPG - Orders/SPG - Advanced Filter - Delivery Site

22-10-2025T10:55:19 - [TEST_STEP][PASSED] - getUrl(): Current window's url is: 'https://www.qa.tripfocus.com/order-tenders'

22-10-2025T10:55:19 - [MESSAGE][PASSED] - Current window's url is: 'https://www.qa.tripfocus.com/order-tenders']]></system-out>
         <system-err><![CDATA[22-10-2025T10:54:14 - [TEST_CASE][FAILED] - Test Cases/TripFocus/SPG/SPG - Orders/SPG - Advanced Filter - Delivery Site: Test Cases/TripFocus/SPG/SPG - Orders/SPG - Advanced Filter - Delivery Site FAILED.
Reason:
com.kms.katalon.core.exception.StepFailedException: Unable to click on object 'Object Repository/TripFocus/Orders/Advanced Filters/Basic Search Fields/Delivery_Site_txt'
	at com.kms.katalon.core.webui.keyword.internal.WebUIKeywordMain.stepFailed(WebUIKeywordMain.groovy:117)
	at com.kms.katalon.core.webui.keyword.internal.WebUIKeywordMain.runKeyword(WebUIKeywordMain.groovy:43)
	at com.kms.katalon.core.webui.keyword.builtin.ClickKeyword.click(ClickKeyword.groovy:74)
	at com.kms.katalon.core.webui.keyword.builtin.ClickKeyword.execute(ClickKeyword.groovy:40)
	at com.kms.katalon.core.keyword.internal.KeywordExecutor.executeKeywordForPlatform(KeywordExecutor.groovy:74)
	at com.kms.katalon.core.webui.keyword.WebUiBuiltInKeywords.click(WebUiBuiltInKeywords.groovy:647)
	at com.kms.katalon.core.webui.keyword.WebUiBuiltInKeywords$click$7.call(Unknown Source)
	at SPG - Advanced Filter - Delivery Site.run(SPG - Advanced Filter - Delivery Site:56)
	at com.kms.katalon.core.main.ScriptEngine.run(ScriptEngine.java:194)
	at com.kms.katalon.core.main.ScriptEngine.runScriptAsRawText(ScriptEngine.java:119)
	at com.kms.katalon.core.main.TestCaseExecutor.runScript(TestCaseExecutor.java:448)
	at com.kms.katalon.core.main.TestCaseExecutor.doExecute(TestCaseExecutor.java:439)
	at com.kms.katalon.core.main.TestCaseExecutor.processExecutionPhase(TestCaseExecutor.java:418)
	at com.kms.katalon.core.main.TestCaseExecutor.accessMainPhase(TestCaseExecutor.java:410)
	at com.kms.katalon.core.main.TestCaseExecutor.execute(TestCaseExecutor.java:285)
	at com.kms.katalon.core.common.CommonExecutor.accessTestCaseMainPhase(CommonExecutor.java:65)
	at com.kms.katalon.core.main.TestSuiteExecutor.accessTestSuiteMainPhase(TestSuiteExecutor.java:150)
	at com.kms.katalon.core.main.TestSuiteExecutor.execute(TestSuiteExecutor.java:106)
	at com.kms.katalon.core.main.TestCaseMain.startTestSuite(TestCaseMain.java:180)
	at com.kms.katalon.core.main.TestCaseMain$startTestSuite$0.call(Unknown Source)
	at TempTestSuite1761139096516.run(TempTestSuite1761139096516.groovy:35)
	at java.base/jdk.internal.reflect.NativeMethodAccessorImpl.invoke0(Native Method)
	at java.base/jdk.internal.reflect.NativeMethodAccessorImpl.invoke(NativeMethodAccessorImpl.java:77)
	at java.base/jdk.internal.reflect.DelegatingMethodAccessorImpl.invoke(DelegatingMethodAccessorImpl.java:43)
Caused by: com.kms.katalon.core.webui.exception.WebElementNotFoundException: Web element with id: 'Object Repository/TripFocus/Orders/Advanced Filters/Basic Search Fields/Delivery_Site_txt' located by '/html/body/div/div[2]/div/main/div/div[2]/div/div[2]/div/div/div[1]/div/div/div[2]/div[2]/div/div/div[2]/span' not found
	at com.kms.katalon.core.webui.common.WebUiCommonHelper.findWebElement(WebUiCommonHelper.java:1423)
	at com.kms.katalon.core.webui.keyword.internal.WebUIAbstractKeyword.findWebElement(WebUIAbstractKeyword.groovy:27)
	at com.kms.katalon.core.webui.keyword.builtin.ClickKeyword$_click_closure1.doCall(ClickKeyword.groovy:65)
	at com.kms.katalon.core.webui.keyword.builtin.ClickKeyword$_click_closure1.call(ClickKeyword.groovy)
	at com.kms.katalon.core.webui.keyword.internal.WebUIKeywordMain.runKeyword(WebUIKeywordMain.groovy:35)
	... 22 more]]></system-err>
      </testcase>
      <testcase name="Test Cases/TripFocus/SPG/SPG - Orders/SPG - Advanced Filter - Delivery State" time="66.55" classname="Test Cases/TripFocus/SPG/SPG - Orders/SPG - Advanced Filter - Delivery State" status="FAILED">
         <failure type="FAILED" message="Test Cases/TripFocus/SPG/SPG - Orders/SPG - Advanced Filter - Delivery State FAILED.&#xa;Reason:&#xa;com.kms.katalon.core.exception.StepFailedException: Unable to click on object 'Object Repository/TripFocus/Orders/Advanced Filters/Advanced Search Fields/Delivery_State_dropdown'&#xa;	at com.kms.katalon.core.webui.keyword.internal.WebUIKeywordMain.stepFailed(WebUIKeywordMain.groovy:117)&#xa;	at com.kms.katalon.core.webui.keyword.internal.WebUIKeywordMain.runKeyword(WebUIKeywordMain.groovy:43)&#xa;	at com.kms.katalon.core.webui.keyword.builtin.ClickKeyword.click(ClickKeyword.groovy:74)&#xa;	at com.kms.katalon.core.webui.keyword.builtin.ClickKeyword.execute(ClickKeyword.groovy:40)&#xa;	at com.kms.katalon.core.keyword.internal.KeywordExecutor.executeKeywordForPlatform(KeywordExecutor.groovy:74)&#xa;	at com.kms.katalon.core.webui.keyword.WebUiBuiltInKeywords.click(WebUiBuiltInKeywords.groovy:659)&#xa;	at com.kms.katalon.core.webui.keyword.WebUiBuiltInKeywords$click$1.call(Unknown Source)&#xa;	at SPG - Advanced Filter - Delivery State.run(SPG - Advanced Filter - Delivery State:59)&#xa;	at com.kms.katalon.core.main.ScriptEngine.run(ScriptEngine.java:194)&#xa;	at com.kms.katalon.core.main.ScriptEngine.runScriptAsRawText(ScriptEngine.java:119)&#xa;	at com.kms.katalon.core.main.TestCaseExecutor.runScript(TestCaseExecutor.java:448)&#xa;	at com.kms.katalon.core.main.TestCaseExecutor.doExecute(TestCaseExecutor.java:439)&#xa;	at com.kms.katalon.core.main.TestCaseExecutor.processExecutionPhase(TestCaseExecutor.java:418)&#xa;	at com.kms.katalon.core.main.TestCaseExecutor.accessMainPhase(TestCaseExecutor.java:410)&#xa;	at com.kms.katalon.core.main.TestCaseExecutor.execute(TestCaseExecutor.java:285)&#xa;	at com.kms.katalon.core.common.CommonExecutor.accessTestCaseMainPhase(CommonExecutor.java:65)&#xa;	at com.kms.katalon.core.main.TestSuiteExecutor.accessTestSuiteMainPhase(TestSuiteExecutor.java:150)&#xa;	at com.kms.katalon.core.main.TestSuiteExecutor.execute(TestSuiteExecutor.java:106)&#xa;	at com.kms.katalon.core.main.TestCaseMain.startTestSuite(TestCaseMain.java:180)&#xa;	at com.kms.katalon.core.main.TestCaseMain$startTestSuite$0.call(Unknown Source)&#xa;	at TempTestSuite1761139096516.run(TempTestSuite1761139096516.groovy:35)&#xa;	at java.base/jdk.internal.reflect.NativeMethodAccessorImpl.invoke0(Native Method)&#xa;	at java.base/jdk.internal.reflect.NativeMethodAccessorImpl.invoke(NativeMethodAccessorImpl.java:77)&#xa;	at java.base/jdk.internal.reflect.DelegatingMethodAccessorImpl.invoke(DelegatingMethodAccessorImpl.java:43)&#xa;Caused by: com.kms.katalon.core.webui.exception.WebElementNotFoundException: Web element with id: 'Object Repository/TripFocus/Orders/Advanced Filters/Advanced Search Fields/Delivery_State_dropdown' located by '/html/body/div/div[2]/div/main/div/div[2]/div/div[2]/div/div/div[2]/div/div/div[4]/div[2]/div/div/div[1]' not found&#xa;	at com.kms.katalon.core.webui.common.WebUiCommonHelper.findWebElement(WebUiCommonHelper.java:1423)&#xa;	at com.kms.katalon.core.webui.keyword.internal.WebUIAbstractKeyword.findWebElement(WebUIAbstractKeyword.groovy:27)&#xa;	at com.kms.katalon.core.webui.keyword.builtin.ClickKeyword$_click_closure1.doCall(ClickKeyword.groovy:65)&#xa;	at com.kms.katalon.core.webui.keyword.builtin.ClickKeyword$_click_closure1.call(ClickKeyword.groovy)&#xa;	at com.kms.katalon.core.webui.keyword.internal.WebUIKeywordMain.runKeyword(WebUIKeywordMain.groovy:35)&#xa;	... 22 more&#xa;"/>
         <system-out><![CDATA[22-10-2025T10:55:19 - [TEST_CASE][FAILED] - Test Cases/TripFocus/SPG/SPG - Orders/SPG - Advanced Filter - Delivery State: Test Cases/TripFocus/SPG/SPG - Orders/SPG - Advanced Filter - Delivery State FAILED.
Reason:
com.kms.katalon.core.exception.StepFailedException: Unable to click on object 'Object Repository/TripFocus/Orders/Advanced Filters/Advanced Search Fields/Delivery_State_dropdown'
	at com.kms.katalon.core.webui.keyword.internal.WebUIKeywordMain.stepFailed(WebUIKeywordMain.groovy:117)
	at com.kms.katalon.core.webui.keyword.internal.WebUIKeywordMain.runKeyword(WebUIKeywordMain.groovy:43)
	at com.kms.katalon.core.webui.keyword.builtin.ClickKeyword.click(ClickKeyword.groovy:74)
	at com.kms.katalon.core.webui.keyword.builtin.ClickKeyword.execute(ClickKeyword.groovy:40)
	at com.kms.katalon.core.keyword.internal.KeywordExecutor.executeKeywordForPlatform(KeywordExecutor.groovy:74)
	at com.kms.katalon.core.webui.keyword.WebUiBuiltInKeywords.click(WebUiBuiltInKeywords.groovy:659)
	at com.kms.katalon.core.webui.keyword.WebUiBuiltInKeywords$click$1.call(Unknown Source)
	at SPG - Advanced Filter - Delivery State.run(SPG - Advanced Filter - Delivery State:59)
	at com.kms.katalon.core.main.ScriptEngine.run(ScriptEngine.java:194)
	at com.kms.katalon.core.main.ScriptEngine.runScriptAsRawText(ScriptEngine.java:119)
	at com.kms.katalon.core.main.TestCaseExecutor.runScript(TestCaseExecutor.java:448)
	at com.kms.katalon.core.main.TestCaseExecutor.doExecute(TestCaseExecutor.java:439)
	at com.kms.katalon.core.main.TestCaseExecutor.processExecutionPhase(TestCaseExecutor.java:418)
	at com.kms.katalon.core.main.TestCaseExecutor.accessMainPhase(TestCaseExecutor.java:410)
	at com.kms.katalon.core.main.TestCaseExecutor.execute(TestCaseExecutor.java:285)
	at com.kms.katalon.core.common.CommonExecutor.accessTestCaseMainPhase(CommonExecutor.java:65)
	at com.kms.katalon.core.main.TestSuiteExecutor.accessTestSuiteMainPhase(TestSuiteExecutor.java:150)
	at com.kms.katalon.core.main.TestSuiteExecutor.execute(TestSuiteExecutor.java:106)
	at com.kms.katalon.core.main.TestCaseMain.startTestSuite(TestCaseMain.java:180)
	at com.kms.katalon.core.main.TestCaseMain$startTestSuite$0.call(Unknown Source)
	at TempTestSuite1761139096516.run(TempTestSuite1761139096516.groovy:35)
	at java.base/jdk.internal.reflect.NativeMethodAccessorImpl.invoke0(Native Method)
	at java.base/jdk.internal.reflect.NativeMethodAccessorImpl.invoke(NativeMethodAccessorImpl.java:77)
	at java.base/jdk.internal.reflect.DelegatingMethodAccessorImpl.invoke(DelegatingMethodAccessorImpl.java:43)
Caused by: com.kms.katalon.core.webui.exception.WebElementNotFoundException: Web element with id: 'Object Repository/TripFocus/Orders/Advanced Filters/Advanced Search Fields/Delivery_State_dropdown' located by '/html/body/div/div[2]/div/main/div/div[2]/div/div[2]/div/div/div[2]/div/div/div[4]/div[2]/div/div/div[1]' not found
	at com.kms.katalon.core.webui.common.WebUiCommonHelper.findWebElement(WebUiCommonHelper.java:1423)
	at com.kms.katalon.core.webui.keyword.internal.WebUIAbstractKeyword.findWebElement(WebUIAbstractKeyword.groovy:27)
	at com.kms.katalon.core.webui.keyword.builtin.ClickKeyword$_click_closure1.doCall(ClickKeyword.groovy:65)
	at com.kms.katalon.core.webui.keyword.builtin.ClickKeyword$_click_closure1.call(ClickKeyword.groovy)
	at com.kms.katalon.core.webui.keyword.internal.WebUIKeywordMain.runKeyword(WebUIKeywordMain.groovy:35)
	... 22 more


22-10-2025T10:55:19 - [TEST_STEP][PASSED] - Start listener action : beforeTestCase: null

22-10-2025T10:55:19 - [TEST_STEP][PASSED] - addDefaultPackages(): null

22-10-2025T10:55:19 - [TEST_STEP][PASSED] - openBrowser(""): Browser is opened with url: ''

22-10-2025T10:55:19 - [MESSAGE][WARNING] - A browser is already opened. Closing browser and opening a new one

22-10-2025T10:55:19 - [MESSAGE][INFO] - Starting 'Chrome' driver

22-10-2025T10:55:19 - [MESSAGE][INFO] - User set preference: ['args', '[--no-sandbox, --disable-gpu, --disable-dev-shm-usage]']

22-10-2025T10:55:19 - [MESSAGE][INFO] - Action delay is set to 0 milliseconds

22-10-2025T10:55:21 - [MESSAGE][PASSED] - Browser is opened with url: ''

22-10-2025T10:55:21 - [TEST_STEP][PASSED] - navigateToUrl(TFBaseURL): Navigate to 'https://www.qa.tripfocus.com' successfully

22-10-2025T10:55:21 - [MESSAGE][PASSED] - Navigate to 'https://www.qa.tripfocus.com' successfully

22-10-2025T10:55:21 - [TEST_STEP][PASSED] - click(findTestObject("Object Repository/TripFocus/Page_TripFocus/button_Sign in")): Object: 'Object Repository/TripFocus/Page_TripFocus/button_Sign in' is clicked on

22-10-2025T10:55:21 - [MESSAGE][PASSED] - Object: 'Object Repository/TripFocus/Page_TripFocus/button_Sign in' is clicked on

22-10-2025T10:55:21 - [TEST_STEP][PASSED] - setText(findTestObject("Object Repository/TripFocus/Page_TripFocus/input_Username (e.g. email address)_Username"), TripFocusBleachTechSPGUsername): Text 'Ashford.Chenault+BleachtechCustomerSPGONLY@thekag.com' is set on object 'Object Repository/TripFocus/Page_TripFocus/input_Username (e.g. email address)_Username'

22-10-2025T10:55:22 - [MESSAGE][PASSED] - Text 'Ashford.Chenault+BleachtechCustomerSPGONLY@thekag.com' is set on object 'Object Repository/TripFocus/Page_TripFocus/input_Username (e.g. email address)_Username'

22-10-2025T10:55:22 - [TEST_STEP][PASSED] - setText(findTestObject("Object Repository/TripFocus/Page_TripFocus/input_Password_Password"), TripFocusFDGSPGPassword): Text 'CrashBan911!!' is set on object 'Object Repository/TripFocus/Page_TripFocus/input_Password_Password'

22-10-2025T10:55:22 - [MESSAGE][PASSED] - Text 'CrashBan911!!' is set on object 'Object Repository/TripFocus/Page_TripFocus/input_Password_Password'

22-10-2025T10:55:22 - [TEST_STEP][PASSED] - click(findTestObject("Object Repository/TripFocus/Page_TripFocus/button_Login")): Object: 'Object Repository/TripFocus/Page_TripFocus/button_Login' is clicked on

22-10-2025T10:55:22 - [MESSAGE][PASSED] - Object: 'Object Repository/TripFocus/Page_TripFocus/button_Login' is clicked on

22-10-2025T10:55:22 - [TEST_STEP][PASSED] - maximizeWindow(): Current window maximized

22-10-2025T10:55:23 - [MESSAGE][PASSED] - Current window maximized

22-10-2025T10:55:23 - [TEST_STEP][PASSED] - waitForElementVisible(findTestObject("TripFocus/Testing_Notification_btn"), 15, OPTIONAL): Web element with id: 'Object Repository/TripFocus/Testing_Notification_btn' located by '//*[@id="__BVID__10___BV_modal_footer_"]/button' not found

22-10-2025T10:55:39 - [MESSAGE][INFO] - Unable to find the element located by 'By.xpath: //*[@id="__BVID__10___BV_modal_footer_"]/button'. Please recheck the objects properties to make sure the desired element is located. 

22-10-2025T10:55:39 - [MESSAGE][WARNING] - [SELF-HEALING] Failed to find element with id 'Object Repository/TripFocus/Testing_Notification_btn'. Try using Self-healing.

22-10-2025T10:55:40 - [MESSAGE][INFO] - [SELF-HEALING] No working XPath is found.

22-10-2025T10:55:42 - [MESSAGE][INFO] - Unable to find the element located by 'By.xpath: '. Please recheck the objects properties to make sure the desired element is located. 

22-10-2025T10:55:42 - [MESSAGE][WARNING] - [SELF-HEALING] Cannot find elements when the selector is null

22-10-2025T10:55:42 - [MESSAGE][WARNING] - Web element with id: 'Object Repository/TripFocus/Testing_Notification_btn' located by '//*[@id="__BVID__10___BV_modal_footer_"]/button' not found

22-10-2025T10:55:42 - [TEST_STEP][PASSED] - if (verifyElementVisible(findTestObject("TripFocus/Testing_Notification_btn"), OPTIONAL) == true): Web element with id: 'Object Repository/TripFocus/Testing_Notification_btn' located by '//*[@id="__BVID__10___BV_modal_footer_"]/button' not found (Root cause: com.kms.katalon.core.exception.StepFailedException: Web element with id: 'Object Repository/TripFocus/Testing_Notification_btn' located by '//*[@id="__BVID__10___BV_modal_footer_"]/button' not found
	at com.kms.katalon.core.webui.keyword.internal.WebUIKeywordMain.stepFailed(WebUIKeywordMain.groovy:117)
	at com.kms.katalon.core.webui.keyword.builtin.VerifyElementVisibleKeyword$_verifyElementVisible_closure1.doCall(VerifyElementVisibleKeyword.groovy:89)
	at com.kms.katalon.core.webui.keyword.builtin.VerifyElementVisibleKeyword$_verifyElementVisible_closure1.call(VerifyElementVisibleKeyword.groovy)
	at com.kms.katalon.core.webui.keyword.internal.WebUIKeywordMain.runKeyword(WebUIKeywordMain.groovy:35)
	at com.kms.katalon.core.webui.keyword.builtin.VerifyElementVisibleKeyword.verifyElementVisible(VerifyElementVisibleKeyword.groovy:97)
	at com.kms.katalon.core.webui.keyword.builtin.VerifyElementVisibleKeyword.execute(VerifyElementVisibleKeyword.groovy:67)
	at com.kms.katalon.core.keyword.internal.KeywordExecutor.executeKeywordForPlatform(KeywordExecutor.groovy:74)
	at com.kms.katalon.core.webui.keyword.WebUiBuiltInKeywords.verifyElementVisible(WebUiBuiltInKeywords.groovy:401)
	at com.kms.katalon.core.webui.keyword.WebUiBuiltInKeywords$verifyElementVisible$5.call(Unknown Source)
	at SPG - Advanced Filter - Delivery State.run(SPG - Advanced Filter - Delivery State:38)
	at com.kms.katalon.core.main.ScriptEngine.run(ScriptEngine.java:194)
	at com.kms.katalon.core.main.ScriptEngine.runScriptAsRawText(ScriptEngine.java:119)
	at com.kms.katalon.core.main.TestCaseExecutor.runScript(TestCaseExecutor.java:448)
	at com.kms.katalon.core.main.TestCaseExecutor.doExecute(TestCaseExecutor.java:439)
	at com.kms.katalon.core.main.TestCaseExecutor.processExecutionPhase(TestCaseExecutor.java:418)
	at com.kms.katalon.core.main.TestCaseExecutor.accessMainPhase(TestCaseExecutor.java:410)
	at com.kms.katalon.core.main.TestCaseExecutor.execute(TestCaseExecutor.java:285)
	at com.kms.katalon.core.common.CommonExecutor.accessTestCaseMainPhase(CommonExecutor.java:65)
	at com.kms.katalon.core.main.TestSuiteExecutor.accessTestSuiteMainPhase(TestSuiteExecutor.java:150)
	at com.kms.katalon.core.main.TestSuiteExecutor.execute(TestSuiteExecutor.java:106)
	at com.kms.katalon.core.main.TestCaseMain.startTestSuite(TestCaseMain.java:180)
	at com.kms.katalon.core.main.TestCaseMain$startTestSuite$0.call(Unknown Source)
	at TempTestSuite1761139096516.run(TempTestSuite1761139096516.groovy:35)
	at java.base/jdk.internal.reflect.NativeMethodAccessorImpl.invoke0(Native Method)
	at java.base/jdk.internal.reflect.NativeMethodAccessorImpl.invoke(NativeMethodAccessorImpl.java:77)
	at java.base/jdk.internal.reflect.DelegatingMethodAccessorImpl.invoke(DelegatingMethodAccessorImpl.java:43)
)

22-10-2025T10:55:58 - [MESSAGE][INFO] - Unable to find the element located by 'By.xpath: //*[@id="__BVID__10___BV_modal_footer_"]/button'. Please recheck the objects properties to make sure the desired element is located. 

22-10-2025T10:55:58 - [MESSAGE][WARNING] - [SELF-HEALING] Failed to find element with id 'Object Repository/TripFocus/Testing_Notification_btn'. Try using Self-healing.

22-10-2025T10:55:59 - [MESSAGE][INFO] - [SELF-HEALING] No working XPath is found.

22-10-2025T10:56:01 - [MESSAGE][INFO] - Unable to find the element located by 'By.xpath: '. Please recheck the objects properties to make sure the desired element is located. 

22-10-2025T10:56:01 - [MESSAGE][WARNING] - [SELF-HEALING] Cannot find elements when the selector is null

22-10-2025T10:56:01 - [MESSAGE][WARNING] - Web element with id: 'Object Repository/TripFocus/Testing_Notification_btn' located by '//*[@id="__BVID__10___BV_modal_footer_"]/button' not found (Root cause: com.kms.katalon.core.exception.StepFailedException: Web element with id: 'Object Repository/TripFocus/Testing_Notification_btn' located by '//*[@id="__BVID__10___BV_modal_footer_"]/button' not found
	at com.kms.katalon.core.webui.keyword.internal.WebUIKeywordMain.stepFailed(WebUIKeywordMain.groovy:117)
	at com.kms.katalon.core.webui.keyword.builtin.VerifyElementVisibleKeyword$_verifyElementVisible_closure1.doCall(VerifyElementVisibleKeyword.groovy:89)
	at com.kms.katalon.core.webui.keyword.builtin.VerifyElementVisibleKeyword$_verifyElementVisible_closure1.call(VerifyElementVisibleKeyword.groovy)
	at com.kms.katalon.core.webui.keyword.internal.WebUIKeywordMain.runKeyword(WebUIKeywordMain.groovy:35)
	at com.kms.katalon.core.webui.keyword.builtin.VerifyElementVisibleKeyword.verifyElementVisible(VerifyElementVisibleKeyword.groovy:97)
	at com.kms.katalon.core.webui.keyword.builtin.VerifyElementVisibleKeyword.execute(VerifyElementVisibleKeyword.groovy:67)
	at com.kms.katalon.core.keyword.internal.KeywordExecutor.executeKeywordForPlatform(KeywordExecutor.groovy:74)
	at com.kms.katalon.core.webui.keyword.WebUiBuiltInKeywords.verifyElementVisible(WebUiBuiltInKeywords.groovy:401)
	at com.kms.katalon.core.webui.keyword.WebUiBuiltInKeywords$verifyElementVisible$5.call(Unknown Source)
	at SPG - Advanced Filter - Delivery State.run(SPG - Advanced Filter - Delivery State:38)
	at com.kms.katalon.core.main.ScriptEngine.run(ScriptEngine.java:194)
	at com.kms.katalon.core.main.ScriptEngine.runScriptAsRawText(ScriptEngine.java:119)
	at com.kms.katalon.core.main.TestCaseExecutor.runScript(TestCaseExecutor.java:448)
	at com.kms.katalon.core.main.TestCaseExecutor.doExecute(TestCaseExecutor.java:439)
	at com.kms.katalon.core.main.TestCaseExecutor.processExecutionPhase(TestCaseExecutor.java:418)
	at com.kms.katalon.core.main.TestCaseExecutor.accessMainPhase(TestCaseExecutor.java:410)
	at com.kms.katalon.core.main.TestCaseExecutor.execute(TestCaseExecutor.java:285)
	at com.kms.katalon.core.common.CommonExecutor.accessTestCaseMainPhase(CommonExecutor.java:65)
	at com.kms.katalon.core.main.TestSuiteExecutor.accessTestSuiteMainPhase(TestSuiteExecutor.java:150)
	at com.kms.katalon.core.main.TestSuiteExecutor.execute(TestSuiteExecutor.java:106)
	at com.kms.katalon.core.main.TestCaseMain.startTestSuite(TestCaseMain.java:180)
	at com.kms.katalon.core.main.TestCaseMain$startTestSuite$0.call(Unknown Source)
	at TempTestSuite1761139096516.run(TempTestSuite1761139096516.groovy:35)
	at java.base/jdk.internal.reflect.NativeMethodAccessorImpl.invoke0(Native Method)
	at java.base/jdk.internal.reflect.NativeMethodAccessorImpl.invoke(NativeMethodAccessorImpl.java:77)
	at java.base/jdk.internal.reflect.DelegatingMethodAccessorImpl.invoke(DelegatingMethodAccessorImpl.java:43)
)

22-10-2025T10:56:01 - [TEST_STEP][PASSED] - click(findTestObject("TripFocus/SSO/SSO Orders Tab")): Object: 'Object Repository/TripFocus/SSO/SSO Orders Tab' is clicked on

22-10-2025T10:56:01 - [MESSAGE][PASSED] - Object: 'Object Repository/TripFocus/SSO/SSO Orders Tab' is clicked on

22-10-2025T10:56:01 - [TEST_STEP][PASSED] - waitForElementClickable(findTestObject("TripFocus/Orders/Advanced Filters_btn"), 30): Object 'Object Repository/TripFocus/Orders/Advanced Filters_btn' is clickable

22-10-2025T10:56:01 - [MESSAGE][PASSED] - Object 'Object Repository/TripFocus/Orders/Advanced Filters_btn' is clickable

22-10-2025T10:56:01 - [TEST_STEP][PASSED] - delay(1): Delayed 1 second(s)

22-10-2025T10:56:02 - [MESSAGE][PASSED] - Delayed 1 second(s)

22-10-2025T10:56:02 - [TEST_STEP][PASSED] - click(findTestObject("TripFocus/Orders/Advanced Filters_btn"), STOP_ON_FAILURE): Object: 'Object Repository/TripFocus/Orders/Advanced Filters_btn' is clicked on

22-10-2025T10:56:03 - [MESSAGE][PASSED] - Object: 'Object Repository/TripFocus/Orders/Advanced Filters_btn' is clicked on

22-10-2025T10:56:03 - [TEST_STEP][PASSED] - delay(2): Delayed 2 second(s)

22-10-2025T10:56:05 - [MESSAGE][PASSED] - Delayed 2 second(s)

22-10-2025T10:56:05 - [TEST_STEP][PASSED] - click(findTestObject("TripFocus/Orders/Advanced Filters/Advanced Search Fields/Advanced_Search_Fields_dropdown")): Object: 'Object Repository/TripFocus/Orders/Advanced Filters/Advanced Search Fields/Advanced_Search_Fields_dropdown' is clicked on

22-10-2025T10:56:05 - [MESSAGE][PASSED] - Object: 'Object Repository/TripFocus/Orders/Advanced Filters/Advanced Search Fields/Advanced_Search_Fields_dropdown' is clicked on

22-10-2025T10:56:05 - [TEST_STEP][PASSED] - delay(2): Delayed 2 second(s)

22-10-2025T10:56:07 - [MESSAGE][PASSED] - Delayed 2 second(s)

22-10-2025T10:56:07 - [TEST_STEP][FAILED] - click(findTestObject("TripFocus/Orders/Advanced Filters/Advanced Search Fields/Delivery_State_dropdown")): Unable to click on object 'Object Repository/TripFocus/Orders/Advanced Filters/Advanced Search Fields/Delivery_State_dropdown' (Root cause: com.kms.katalon.core.exception.StepFailedException: Unable to click on object 'Object Repository/TripFocus/Orders/Advanced Filters/Advanced Search Fields/Delivery_State_dropdown'
	at com.kms.katalon.core.webui.keyword.internal.WebUIKeywordMain.stepFailed(WebUIKeywordMain.groovy:117)
	at com.kms.katalon.core.webui.keyword.internal.WebUIKeywordMain.runKeyword(WebUIKeywordMain.groovy:43)
	at com.kms.katalon.core.webui.keyword.builtin.ClickKeyword.click(ClickKeyword.groovy:74)
	at com.kms.katalon.core.webui.keyword.builtin.ClickKeyword.execute(ClickKeyword.groovy:40)
	at com.kms.katalon.core.keyword.internal.KeywordExecutor.executeKeywordForPlatform(KeywordExecutor.groovy:74)
	at com.kms.katalon.core.webui.keyword.WebUiBuiltInKeywords.click(WebUiBuiltInKeywords.groovy:659)
	at com.kms.katalon.core.webui.keyword.WebUiBuiltInKeywords$click$1.call(Unknown Source)
	at SPG - Advanced Filter - Delivery State.run(SPG - Advanced Filter - Delivery State:59)
	at com.kms.katalon.core.main.ScriptEngine.run(ScriptEngine.java:194)
	at com.kms.katalon.core.main.ScriptEngine.runScriptAsRawText(ScriptEngine.java:119)
	at com.kms.katalon.core.main.TestCaseExecutor.runScript(TestCaseExecutor.java:448)
	at com.kms.katalon.core.main.TestCaseExecutor.doExecute(TestCaseExecutor.java:439)
	at com.kms.katalon.core.main.TestCaseExecutor.processExecutionPhase(TestCaseExecutor.java:418)
	at com.kms.katalon.core.main.TestCaseExecutor.accessMainPhase(TestCaseExecutor.java:410)
	at com.kms.katalon.core.main.TestCaseExecutor.execute(TestCaseExecutor.java:285)
	at com.kms.katalon.core.common.CommonExecutor.accessTestCaseMainPhase(CommonExecutor.java:65)
	at com.kms.katalon.core.main.TestSuiteExecutor.accessTestSuiteMainPhase(TestSuiteExecutor.java:150)
	at com.kms.katalon.core.main.TestSuiteExecutor.execute(TestSuiteExecutor.java:106)
	at com.kms.katalon.core.main.TestCaseMain.startTestSuite(TestCaseMain.java:180)
	at com.kms.katalon.core.main.TestCaseMain$startTestSuite$0.call(Unknown Source)
	at TempTestSuite1761139096516.run(TempTestSuite1761139096516.groovy:35)
	at java.base/jdk.internal.reflect.NativeMethodAccessorImpl.invoke0(Native Method)
	at java.base/jdk.internal.reflect.NativeMethodAccessorImpl.invoke(NativeMethodAccessorImpl.java:77)
	at java.base/jdk.internal.reflect.DelegatingMethodAccessorImpl.invoke(DelegatingMethodAccessorImpl.java:43)
Caused by: com.kms.katalon.core.webui.exception.WebElementNotFoundException: Web element with id: 'Object Repository/TripFocus/Orders/Advanced Filters/Advanced Search Fields/Delivery_State_dropdown' located by '/html/body/div/div[2]/div/main/div/div[2]/div/div[2]/div/div/div[2]/div/div/div[4]/div[2]/div/div/div[1]' not found
	at com.kms.katalon.core.webui.common.WebUiCommonHelper.findWebElement(WebUiCommonHelper.java:1423)
	at com.kms.katalon.core.webui.keyword.internal.WebUIAbstractKeyword.findWebElement(WebUIAbstractKeyword.groovy:27)
	at com.kms.katalon.core.webui.keyword.builtin.ClickKeyword$_click_closure1.doCall(ClickKeyword.groovy:65)
	at com.kms.katalon.core.webui.keyword.builtin.ClickKeyword$_click_closure1.call(ClickKeyword.groovy)
	at com.kms.katalon.core.webui.keyword.internal.WebUIKeywordMain.runKeyword(WebUIKeywordMain.groovy:35)
	at com.kms.katalon.core.webui.keyword.builtin.ClickKeyword.click(ClickKeyword.groovy:74)
	at com.kms.katalon.core.webui.keyword.builtin.ClickKeyword.execute(ClickKeyword.groovy:40)
	at com.kms.katalon.core.keyword.internal.KeywordExecutor.executeKeywordForPlatform(KeywordExecutor.groovy:74)
	at com.kms.katalon.core.webui.keyword.WebUiBuiltInKeywords.click(WebUiBuiltInKeywords.groovy:659)
	at com.kms.katalon.core.webui.keyword.WebUiBuiltInKeywords$click$1.call(Unknown Source)
	at Script1745009383241.run(Script1745009383241.groovy:59)
	... 16 more
)

22-10-2025T10:56:23 - [MESSAGE][INFO] - Unable to find the element located by 'By.xpath: /html/body/div/div[2]/div/main/div/div[2]/div/div[2]/div/div/div[2]/div/div/div[4]/div[2]/div/div/div[1]'. Please recheck the objects properties to make sure the desired element is located. 

22-10-2025T10:56:23 - [MESSAGE][WARNING] - [SELF-HEALING] Failed to find element with id 'Object Repository/TripFocus/Orders/Advanced Filters/Advanced Search Fields/Delivery_State_dropdown'. Try using Self-healing.

22-10-2025T10:56:24 - [MESSAGE][INFO] - [SELF-HEALING] No working XPath is found.

22-10-2025T10:56:26 - [MESSAGE][INFO] - Unable to find the element located by 'By.xpath: '. Please recheck the objects properties to make sure the desired element is located. 

22-10-2025T10:56:26 - [MESSAGE][WARNING] - [SELF-HEALING] Cannot find elements when the selector is null

22-10-2025T10:56:26 - [MESSAGE][FAILED] - Unable to click on object 'Object Repository/TripFocus/Orders/Advanced Filters/Advanced Search Fields/Delivery_State_dropdown' (Root cause: com.kms.katalon.core.exception.StepFailedException: Unable to click on object 'Object Repository/TripFocus/Orders/Advanced Filters/Advanced Search Fields/Delivery_State_dropdown'
	at com.kms.katalon.core.webui.keyword.internal.WebUIKeywordMain.stepFailed(WebUIKeywordMain.groovy:117)
	at com.kms.katalon.core.webui.keyword.internal.WebUIKeywordMain.runKeyword(WebUIKeywordMain.groovy:43)
	at com.kms.katalon.core.webui.keyword.builtin.ClickKeyword.click(ClickKeyword.groovy:74)
	at com.kms.katalon.core.webui.keyword.builtin.ClickKeyword.execute(ClickKeyword.groovy:40)
	at com.kms.katalon.core.keyword.internal.KeywordExecutor.executeKeywordForPlatform(KeywordExecutor.groovy:74)
	at com.kms.katalon.core.webui.keyword.WebUiBuiltInKeywords.click(WebUiBuiltInKeywords.groovy:659)
	at com.kms.katalon.core.webui.keyword.WebUiBuiltInKeywords$click$1.call(Unknown Source)
	at SPG - Advanced Filter - Delivery State.run(SPG - Advanced Filter - Delivery State:59)
	at com.kms.katalon.core.main.ScriptEngine.run(ScriptEngine.java:194)
	at com.kms.katalon.core.main.ScriptEngine.runScriptAsRawText(ScriptEngine.java:119)
	at com.kms.katalon.core.main.TestCaseExecutor.runScript(TestCaseExecutor.java:448)
	at com.kms.katalon.core.main.TestCaseExecutor.doExecute(TestCaseExecutor.java:439)
	at com.kms.katalon.core.main.TestCaseExecutor.processExecutionPhase(TestCaseExecutor.java:418)
	at com.kms.katalon.core.main.TestCaseExecutor.accessMainPhase(TestCaseExecutor.java:410)
	at com.kms.katalon.core.main.TestCaseExecutor.execute(TestCaseExecutor.java:285)
	at com.kms.katalon.core.common.CommonExecutor.accessTestCaseMainPhase(CommonExecutor.java:65)
	at com.kms.katalon.core.main.TestSuiteExecutor.accessTestSuiteMainPhase(TestSuiteExecutor.java:150)
	at com.kms.katalon.core.main.TestSuiteExecutor.execute(TestSuiteExecutor.java:106)
	at com.kms.katalon.core.main.TestCaseMain.startTestSuite(TestCaseMain.java:180)
	at com.kms.katalon.core.main.TestCaseMain$startTestSuite$0.call(Unknown Source)
	at TempTestSuite1761139096516.run(TempTestSuite1761139096516.groovy:35)
	at java.base/jdk.internal.reflect.NativeMethodAccessorImpl.invoke0(Native Method)
	at java.base/jdk.internal.reflect.NativeMethodAccessorImpl.invoke(NativeMethodAccessorImpl.java:77)
	at java.base/jdk.internal.reflect.DelegatingMethodAccessorImpl.invoke(DelegatingMethodAccessorImpl.java:43)
Caused by: com.kms.katalon.core.webui.exception.WebElementNotFoundException: Web element with id: 'Object Repository/TripFocus/Orders/Advanced Filters/Advanced Search Fields/Delivery_State_dropdown' located by '/html/body/div/div[2]/div/main/div/div[2]/div/div[2]/div/div/div[2]/div/div/div[4]/div[2]/div/div/div[1]' not found
	at com.kms.katalon.core.webui.common.WebUiCommonHelper.findWebElement(WebUiCommonHelper.java:1423)
	at com.kms.katalon.core.webui.keyword.internal.WebUIAbstractKeyword.findWebElement(WebUIAbstractKeyword.groovy:27)
	at com.kms.katalon.core.webui.keyword.builtin.ClickKeyword$_click_closure1.doCall(ClickKeyword.groovy:65)
	at com.kms.katalon.core.webui.keyword.builtin.ClickKeyword$_click_closure1.call(ClickKeyword.groovy)
	at com.kms.katalon.core.webui.keyword.internal.WebUIKeywordMain.runKeyword(WebUIKeywordMain.groovy:35)
	at com.kms.katalon.core.webui.keyword.builtin.ClickKeyword.click(ClickKeyword.groovy:74)
	at com.kms.katalon.core.webui.keyword.builtin.ClickKeyword.execute(ClickKeyword.groovy:40)
	at com.kms.katalon.core.keyword.internal.KeywordExecutor.executeKeywordForPlatform(KeywordExecutor.groovy:74)
	at com.kms.katalon.core.webui.keyword.WebUiBuiltInKeywords.click(WebUiBuiltInKeywords.groovy:659)
	at com.kms.katalon.core.webui.keyword.WebUiBuiltInKeywords$click$1.call(Unknown Source)
	at Script1745009383241.run(Script1745009383241.groovy:59)
	... 16 more
)

22-10-2025T10:56:26 - [TEST_STEP][PASSED] - Start listener action : retryOnDisconnect: Current window's url is: 'https://www.qa.tripfocus.com/order-tenders'

22-10-2025T10:56:26 - [TEST_STEP][PASSED] - tcId = testCaseContext.getTestCaseId(): null

22-10-2025T10:56:26 - [TEST_STEP][PASSED] - currentRetry = retryCounts.getOrDefault(tcId, 0): null

22-10-2025T10:56:26 - [TEST_STEP][PASSED] - if (testCaseContext.getTestCaseStatus() == "FAILED" && currentRetry < MAX_RETRIES): Current window's url is: 'https://www.qa.tripfocus.com/order-tenders'

22-10-2025T10:56:26 - [TEST_STEP][PASSED] - try: Current window's url is: 'https://www.qa.tripfocus.com/order-tenders'

22-10-2025T10:56:26 - [TEST_STEP][PASSED] - comment(Checking for WebDriver disconnect for test case: $tcId): Checking for WebDriver disconnect for test case: Test Cases/TripFocus/SPG/SPG - Orders/SPG - Advanced Filter - Delivery State

22-10-2025T10:56:26 - [MESSAGE][INFO] - Checking for WebDriver disconnect for test case: Test Cases/TripFocus/SPG/SPG - Orders/SPG - Advanced Filter - Delivery State

22-10-2025T10:56:26 - [TEST_STEP][PASSED] - getUrl(): Current window's url is: 'https://www.qa.tripfocus.com/order-tenders'

22-10-2025T10:56:26 - [MESSAGE][PASSED] - Current window's url is: 'https://www.qa.tripfocus.com/order-tenders']]></system-out>
         <system-err><![CDATA[22-10-2025T10:55:19 - [TEST_CASE][FAILED] - Test Cases/TripFocus/SPG/SPG - Orders/SPG - Advanced Filter - Delivery State: Test Cases/TripFocus/SPG/SPG - Orders/SPG - Advanced Filter - Delivery State FAILED.
Reason:
com.kms.katalon.core.exception.StepFailedException: Unable to click on object 'Object Repository/TripFocus/Orders/Advanced Filters/Advanced Search Fields/Delivery_State_dropdown'
	at com.kms.katalon.core.webui.keyword.internal.WebUIKeywordMain.stepFailed(WebUIKeywordMain.groovy:117)
	at com.kms.katalon.core.webui.keyword.internal.WebUIKeywordMain.runKeyword(WebUIKeywordMain.groovy:43)
	at com.kms.katalon.core.webui.keyword.builtin.ClickKeyword.click(ClickKeyword.groovy:74)
	at com.kms.katalon.core.webui.keyword.builtin.ClickKeyword.execute(ClickKeyword.groovy:40)
	at com.kms.katalon.core.keyword.internal.KeywordExecutor.executeKeywordForPlatform(KeywordExecutor.groovy:74)
	at com.kms.katalon.core.webui.keyword.WebUiBuiltInKeywords.click(WebUiBuiltInKeywords.groovy:659)
	at com.kms.katalon.core.webui.keyword.WebUiBuiltInKeywords$click$1.call(Unknown Source)
	at SPG - Advanced Filter - Delivery State.run(SPG - Advanced Filter - Delivery State:59)
	at com.kms.katalon.core.main.ScriptEngine.run(ScriptEngine.java:194)
	at com.kms.katalon.core.main.ScriptEngine.runScriptAsRawText(ScriptEngine.java:119)
	at com.kms.katalon.core.main.TestCaseExecutor.runScript(TestCaseExecutor.java:448)
	at com.kms.katalon.core.main.TestCaseExecutor.doExecute(TestCaseExecutor.java:439)
	at com.kms.katalon.core.main.TestCaseExecutor.processExecutionPhase(TestCaseExecutor.java:418)
	at com.kms.katalon.core.main.TestCaseExecutor.accessMainPhase(TestCaseExecutor.java:410)
	at com.kms.katalon.core.main.TestCaseExecutor.execute(TestCaseExecutor.java:285)
	at com.kms.katalon.core.common.CommonExecutor.accessTestCaseMainPhase(CommonExecutor.java:65)
	at com.kms.katalon.core.main.TestSuiteExecutor.accessTestSuiteMainPhase(TestSuiteExecutor.java:150)
	at com.kms.katalon.core.main.TestSuiteExecutor.execute(TestSuiteExecutor.java:106)
	at com.kms.katalon.core.main.TestCaseMain.startTestSuite(TestCaseMain.java:180)
	at com.kms.katalon.core.main.TestCaseMain$startTestSuite$0.call(Unknown Source)
	at TempTestSuite1761139096516.run(TempTestSuite1761139096516.groovy:35)
	at java.base/jdk.internal.reflect.NativeMethodAccessorImpl.invoke0(Native Method)
	at java.base/jdk.internal.reflect.NativeMethodAccessorImpl.invoke(NativeMethodAccessorImpl.java:77)
	at java.base/jdk.internal.reflect.DelegatingMethodAccessorImpl.invoke(DelegatingMethodAccessorImpl.java:43)
Caused by: com.kms.katalon.core.webui.exception.WebElementNotFoundException: Web element with id: 'Object Repository/TripFocus/Orders/Advanced Filters/Advanced Search Fields/Delivery_State_dropdown' located by '/html/body/div/div[2]/div/main/div/div[2]/div/div[2]/div/div/div[2]/div/div/div[4]/div[2]/div/div/div[1]' not found
	at com.kms.katalon.core.webui.common.WebUiCommonHelper.findWebElement(WebUiCommonHelper.java:1423)
	at com.kms.katalon.core.webui.keyword.internal.WebUIAbstractKeyword.findWebElement(WebUIAbstractKeyword.groovy:27)
	at com.kms.katalon.core.webui.keyword.builtin.ClickKeyword$_click_closure1.doCall(ClickKeyword.groovy:65)
	at com.kms.katalon.core.webui.keyword.builtin.ClickKeyword$_click_closure1.call(ClickKeyword.groovy)
	at com.kms.katalon.core.webui.keyword.internal.WebUIKeywordMain.runKeyword(WebUIKeywordMain.groovy:35)
	... 22 more]]></system-err>
      </testcase>
      <testcase name="Test Cases/TripFocus/SPG/SPG - Orders/SPG - Advanced Filter - Invoiced From" time="55.198" classname="Test Cases/TripFocus/SPG/SPG - Orders/SPG - Advanced Filter - Invoiced From" status="PASSED">
         <system-out><![CDATA[22-10-2025T10:56:26 - [TEST_CASE][PASSED] - Test Cases/TripFocus/SPG/SPG - Orders/SPG - Advanced Filter - Invoiced From: Test Cases/TripFocus/SPG/SPG - Orders/SPG - Advanced Filter - Invoiced From

22-10-2025T10:56:26 - [TEST_STEP][PASSED] - Start listener action : beforeTestCase: null

22-10-2025T10:56:26 - [TEST_STEP][PASSED] - addDefaultPackages(): null

22-10-2025T10:56:26 - [TEST_STEP][PASSED] - openBrowser(""): Browser is opened with url: ''

22-10-2025T10:56:26 - [MESSAGE][WARNING] - A browser is already opened. Closing browser and opening a new one

22-10-2025T10:56:26 - [MESSAGE][INFO] - Starting 'Chrome' driver

22-10-2025T10:56:26 - [MESSAGE][INFO] - User set preference: ['args', '[--no-sandbox, --disable-gpu, --disable-dev-shm-usage]']

22-10-2025T10:56:26 - [MESSAGE][INFO] - Action delay is set to 0 milliseconds

22-10-2025T10:56:27 - [MESSAGE][PASSED] - Browser is opened with url: ''

22-10-2025T10:56:27 - [TEST_STEP][PASSED] - navigateToUrl(TFBaseURL): Navigate to 'https://www.qa.tripfocus.com' successfully

22-10-2025T10:56:27 - [MESSAGE][PASSED] - Navigate to 'https://www.qa.tripfocus.com' successfully

22-10-2025T10:56:27 - [TEST_STEP][PASSED] - click(findTestObject("Object Repository/TripFocus/Page_TripFocus/button_Sign in")): Object: 'Object Repository/TripFocus/Page_TripFocus/button_Sign in' is clicked on

22-10-2025T10:56:28 - [MESSAGE][PASSED] - Object: 'Object Repository/TripFocus/Page_TripFocus/button_Sign in' is clicked on

22-10-2025T10:56:28 - [TEST_STEP][PASSED] - setText(findTestObject("Object Repository/TripFocus/Page_TripFocus/input_Username (e.g. email address)_Username"), TripFocusBleachTechSPGUsername): Text 'Ashford.Chenault+BleachtechCustomerSPGONLY@thekag.com' is set on object 'Object Repository/TripFocus/Page_TripFocus/input_Username (e.g. email address)_Username'

22-10-2025T10:56:29 - [MESSAGE][PASSED] - Text 'Ashford.Chenault+BleachtechCustomerSPGONLY@thekag.com' is set on object 'Object Repository/TripFocus/Page_TripFocus/input_Username (e.g. email address)_Username'

22-10-2025T10:56:29 - [TEST_STEP][PASSED] - setText(findTestObject("Object Repository/TripFocus/Page_TripFocus/input_Password_Password"), TripFocusFDGSPGPassword): Text 'CrashBan911!!' is set on object 'Object Repository/TripFocus/Page_TripFocus/input_Password_Password'

22-10-2025T10:56:29 - [MESSAGE][PASSED] - Text 'CrashBan911!!' is set on object 'Object Repository/TripFocus/Page_TripFocus/input_Password_Password'

22-10-2025T10:56:29 - [TEST_STEP][PASSED] - click(findTestObject("Object Repository/TripFocus/Page_TripFocus/button_Login")): Object: 'Object Repository/TripFocus/Page_TripFocus/button_Login' is clicked on

22-10-2025T10:56:30 - [MESSAGE][PASSED] - Object: 'Object Repository/TripFocus/Page_TripFocus/button_Login' is clicked on

22-10-2025T10:56:30 - [TEST_STEP][PASSED] - maximizeWindow(): Current window maximized

22-10-2025T10:56:30 - [MESSAGE][PASSED] - Current window maximized

22-10-2025T10:56:30 - [TEST_STEP][PASSED] - waitForElementVisible(findTestObject("TripFocus/Testing_Notification_btn"), 15, OPTIONAL): Web element with id: 'Object Repository/TripFocus/Testing_Notification_btn' located by '//*[@id="__BVID__10___BV_modal_footer_"]/button' not found

22-10-2025T10:56:46 - [MESSAGE][INFO] - Unable to find the element located by 'By.xpath: //*[@id="__BVID__10___BV_modal_footer_"]/button'. Please recheck the objects properties to make sure the desired element is located. 

22-10-2025T10:56:46 - [MESSAGE][WARNING] - [SELF-HEALING] Failed to find element with id 'Object Repository/TripFocus/Testing_Notification_btn'. Try using Self-healing.

22-10-2025T10:56:47 - [MESSAGE][INFO] - [SELF-HEALING] No working XPath is found.

22-10-2025T10:56:49 - [MESSAGE][INFO] - Unable to find the element located by 'By.xpath: '. Please recheck the objects properties to make sure the desired element is located. 

22-10-2025T10:56:49 - [MESSAGE][WARNING] - [SELF-HEALING] Cannot find elements when the selector is null

22-10-2025T10:56:49 - [MESSAGE][WARNING] - Web element with id: 'Object Repository/TripFocus/Testing_Notification_btn' located by '//*[@id="__BVID__10___BV_modal_footer_"]/button' not found

22-10-2025T10:56:49 - [TEST_STEP][PASSED] - if (verifyElementVisible(findTestObject("TripFocus/Testing_Notification_btn"), OPTIONAL) == true): Web element with id: 'Object Repository/TripFocus/Testing_Notification_btn' located by '//*[@id="__BVID__10___BV_modal_footer_"]/button' not found (Root cause: com.kms.katalon.core.exception.StepFailedException: Web element with id: 'Object Repository/TripFocus/Testing_Notification_btn' located by '//*[@id="__BVID__10___BV_modal_footer_"]/button' not found
	at com.kms.katalon.core.webui.keyword.internal.WebUIKeywordMain.stepFailed(WebUIKeywordMain.groovy:117)
	at com.kms.katalon.core.webui.keyword.builtin.VerifyElementVisibleKeyword$_verifyElementVisible_closure1.doCall(VerifyElementVisibleKeyword.groovy:89)
	at com.kms.katalon.core.webui.keyword.builtin.VerifyElementVisibleKeyword$_verifyElementVisible_closure1.call(VerifyElementVisibleKeyword.groovy)
	at com.kms.katalon.core.webui.keyword.internal.WebUIKeywordMain.runKeyword(WebUIKeywordMain.groovy:35)
	at com.kms.katalon.core.webui.keyword.builtin.VerifyElementVisibleKeyword.verifyElementVisible(VerifyElementVisibleKeyword.groovy:97)
	at com.kms.katalon.core.webui.keyword.builtin.VerifyElementVisibleKeyword.execute(VerifyElementVisibleKeyword.groovy:67)
	at com.kms.katalon.core.keyword.internal.KeywordExecutor.executeKeywordForPlatform(KeywordExecutor.groovy:74)
	at com.kms.katalon.core.webui.keyword.WebUiBuiltInKeywords.verifyElementVisible(WebUiBuiltInKeywords.groovy:401)
	at com.kms.katalon.core.webui.keyword.WebUiBuiltInKeywords$verifyElementVisible$5.call(Unknown Source)
	at SPG - Advanced Filter - Invoiced From.run(SPG - Advanced Filter - Invoiced From:38)
	at com.kms.katalon.core.main.ScriptEngine.run(ScriptEngine.java:194)
	at com.kms.katalon.core.main.ScriptEngine.runScriptAsRawText(ScriptEngine.java:119)
	at com.kms.katalon.core.main.TestCaseExecutor.runScript(TestCaseExecutor.java:448)
	at com.kms.katalon.core.main.TestCaseExecutor.doExecute(TestCaseExecutor.java:439)
	at com.kms.katalon.core.main.TestCaseExecutor.processExecutionPhase(TestCaseExecutor.java:418)
	at com.kms.katalon.core.main.TestCaseExecutor.accessMainPhase(TestCaseExecutor.java:410)
	at com.kms.katalon.core.main.TestCaseExecutor.execute(TestCaseExecutor.java:285)
	at com.kms.katalon.core.common.CommonExecutor.accessTestCaseMainPhase(CommonExecutor.java:65)
	at com.kms.katalon.core.main.TestSuiteExecutor.accessTestSuiteMainPhase(TestSuiteExecutor.java:150)
	at com.kms.katalon.core.main.TestSuiteExecutor.execute(TestSuiteExecutor.java:106)
	at com.kms.katalon.core.main.TestCaseMain.startTestSuite(TestCaseMain.java:180)
	at com.kms.katalon.core.main.TestCaseMain$startTestSuite$0.call(Unknown Source)
	at TempTestSuite1761139096516.run(TempTestSuite1761139096516.groovy:35)
	at java.base/jdk.internal.reflect.NativeMethodAccessorImpl.invoke0(Native Method)
	at java.base/jdk.internal.reflect.NativeMethodAccessorImpl.invoke(NativeMethodAccessorImpl.java:77)
	at java.base/jdk.internal.reflect.DelegatingMethodAccessorImpl.invoke(DelegatingMethodAccessorImpl.java:43)
)

22-10-2025T10:57:05 - [MESSAGE][INFO] - Unable to find the element located by 'By.xpath: //*[@id="__BVID__10___BV_modal_footer_"]/button'. Please recheck the objects properties to make sure the desired element is located. 

22-10-2025T10:57:05 - [MESSAGE][WARNING] - [SELF-HEALING] Failed to find element with id 'Object Repository/TripFocus/Testing_Notification_btn'. Try using Self-healing.

22-10-2025T10:57:06 - [MESSAGE][INFO] - [SELF-HEALING] No working XPath is found.

22-10-2025T10:57:08 - [MESSAGE][INFO] - Unable to find the element located by 'By.xpath: '. Please recheck the objects properties to make sure the desired element is located. 

22-10-2025T10:57:08 - [MESSAGE][WARNING] - [SELF-HEALING] Cannot find elements when the selector is null

22-10-2025T10:57:08 - [MESSAGE][WARNING] - Web element with id: 'Object Repository/TripFocus/Testing_Notification_btn' located by '//*[@id="__BVID__10___BV_modal_footer_"]/button' not found (Root cause: com.kms.katalon.core.exception.StepFailedException: Web element with id: 'Object Repository/TripFocus/Testing_Notification_btn' located by '//*[@id="__BVID__10___BV_modal_footer_"]/button' not found
	at com.kms.katalon.core.webui.keyword.internal.WebUIKeywordMain.stepFailed(WebUIKeywordMain.groovy:117)
	at com.kms.katalon.core.webui.keyword.builtin.VerifyElementVisibleKeyword$_verifyElementVisible_closure1.doCall(VerifyElementVisibleKeyword.groovy:89)
	at com.kms.katalon.core.webui.keyword.builtin.VerifyElementVisibleKeyword$_verifyElementVisible_closure1.call(VerifyElementVisibleKeyword.groovy)
	at com.kms.katalon.core.webui.keyword.internal.WebUIKeywordMain.runKeyword(WebUIKeywordMain.groovy:35)
	at com.kms.katalon.core.webui.keyword.builtin.VerifyElementVisibleKeyword.verifyElementVisible(VerifyElementVisibleKeyword.groovy:97)
	at com.kms.katalon.core.webui.keyword.builtin.VerifyElementVisibleKeyword.execute(VerifyElementVisibleKeyword.groovy:67)
	at com.kms.katalon.core.keyword.internal.KeywordExecutor.executeKeywordForPlatform(KeywordExecutor.groovy:74)
	at com.kms.katalon.core.webui.keyword.WebUiBuiltInKeywords.verifyElementVisible(WebUiBuiltInKeywords.groovy:401)
	at com.kms.katalon.core.webui.keyword.WebUiBuiltInKeywords$verifyElementVisible$5.call(Unknown Source)
	at SPG - Advanced Filter - Invoiced From.run(SPG - Advanced Filter - Invoiced From:38)
	at com.kms.katalon.core.main.ScriptEngine.run(ScriptEngine.java:194)
	at com.kms.katalon.core.main.ScriptEngine.runScriptAsRawText(ScriptEngine.java:119)
	at com.kms.katalon.core.main.TestCaseExecutor.runScript(TestCaseExecutor.java:448)
	at com.kms.katalon.core.main.TestCaseExecutor.doExecute(TestCaseExecutor.java:439)
	at com.kms.katalon.core.main.TestCaseExecutor.processExecutionPhase(TestCaseExecutor.java:418)
	at com.kms.katalon.core.main.TestCaseExecutor.accessMainPhase(TestCaseExecutor.java:410)
	at com.kms.katalon.core.main.TestCaseExecutor.execute(TestCaseExecutor.java:285)
	at com.kms.katalon.core.common.CommonExecutor.accessTestCaseMainPhase(CommonExecutor.java:65)
	at com.kms.katalon.core.main.TestSuiteExecutor.accessTestSuiteMainPhase(TestSuiteExecutor.java:150)
	at com.kms.katalon.core.main.TestSuiteExecutor.execute(TestSuiteExecutor.java:106)
	at com.kms.katalon.core.main.TestCaseMain.startTestSuite(TestCaseMain.java:180)
	at com.kms.katalon.core.main.TestCaseMain$startTestSuite$0.call(Unknown Source)
	at TempTestSuite1761139096516.run(TempTestSuite1761139096516.groovy:35)
	at java.base/jdk.internal.reflect.NativeMethodAccessorImpl.invoke0(Native Method)
	at java.base/jdk.internal.reflect.NativeMethodAccessorImpl.invoke(NativeMethodAccessorImpl.java:77)
	at java.base/jdk.internal.reflect.DelegatingMethodAccessorImpl.invoke(DelegatingMethodAccessorImpl.java:43)
)

22-10-2025T10:57:08 - [TEST_STEP][PASSED] - click(findTestObject("TripFocus/SSO/SSO Orders Tab")): Object: 'Object Repository/TripFocus/SSO/SSO Orders Tab' is clicked on

22-10-2025T10:57:08 - [MESSAGE][PASSED] - Object: 'Object Repository/TripFocus/SSO/SSO Orders Tab' is clicked on

22-10-2025T10:57:08 - [TEST_STEP][PASSED] - waitForElementClickable(findTestObject("TripFocus/Orders/Advanced Filters_btn"), 30): Object 'Object Repository/TripFocus/Orders/Advanced Filters_btn' is clickable

22-10-2025T10:57:08 - [MESSAGE][PASSED] - Object 'Object Repository/TripFocus/Orders/Advanced Filters_btn' is clickable

22-10-2025T10:57:08 - [TEST_STEP][PASSED] - delay(1): Delayed 1 second(s)

22-10-2025T10:57:09 - [MESSAGE][PASSED] - Delayed 1 second(s)

22-10-2025T10:57:09 - [TEST_STEP][PASSED] - click(findTestObject("TripFocus/Orders/Advanced Filters_btn"), STOP_ON_FAILURE): Object: 'Object Repository/TripFocus/Orders/Advanced Filters_btn' is clicked on

22-10-2025T10:57:09 - [MESSAGE][PASSED] - Object: 'Object Repository/TripFocus/Orders/Advanced Filters_btn' is clicked on

22-10-2025T10:57:09 - [TEST_STEP][PASSED] - delay(3): Delayed 3 second(s)

22-10-2025T10:57:12 - [MESSAGE][PASSED] - Delayed 3 second(s)

22-10-2025T10:57:12 - [TEST_STEP][PASSED] - click(findTestObject("TripFocus/Orders/Advanced Filters/Advanced Date Fields/Advanced_Date_Fields_dropdown")): Object: 'Object Repository/TripFocus/Orders/Advanced Filters/Advanced Date Fields/Advanced_Date_Fields_dropdown' is clicked on

22-10-2025T10:57:12 - [MESSAGE][PASSED] - Object: 'Object Repository/TripFocus/Orders/Advanced Filters/Advanced Date Fields/Advanced_Date_Fields_dropdown' is clicked on

22-10-2025T10:57:12 - [TEST_STEP][PASSED] - delay(2): Delayed 2 second(s)

22-10-2025T10:57:14 - [MESSAGE][PASSED] - Delayed 2 second(s)

22-10-2025T10:57:14 - [TEST_STEP][PASSED] - sendKeys(findTestObject("TripFocus/Orders/Advanced Filters/Advanced Date Fields/Invoiced_From_txt"), "06/01/2024"): Keys '06/01/2024' sent to object: 'Object Repository/TripFocus/Orders/Advanced Filters/Advanced Date Fields/Invoiced_From_txt'

22-10-2025T10:57:14 - [MESSAGE][PASSED] - Keys '06/01/2024' sent to object: 'Object Repository/TripFocus/Orders/Advanced Filters/Advanced Date Fields/Invoiced_From_txt'

22-10-2025T10:57:14 - [TEST_STEP][PASSED] - delay(2): Delayed 2 second(s)

22-10-2025T10:57:16 - [MESSAGE][PASSED] - Delayed 2 second(s)

22-10-2025T10:57:16 - [TEST_STEP][PASSED] - click(findTestObject("TripFocus/Sidebar Minimizer")): Object: 'Object Repository/TripFocus/Sidebar Minimizer' is clicked on

22-10-2025T10:57:17 - [MESSAGE][PASSED] - Object: 'Object Repository/TripFocus/Sidebar Minimizer' is clicked on

22-10-2025T10:57:17 - [TEST_STEP][PASSED] - delay(2): Delayed 2 second(s)

22-10-2025T10:57:19 - [MESSAGE][PASSED] - Delayed 2 second(s)

22-10-2025T10:57:19 - [TEST_STEP][PASSED] - click(findTestObject("TripFocus/Orders/Advanced Filters/Apply Filters_btn")): Object: 'Object Repository/TripFocus/Orders/Advanced Filters/Apply Filters_btn' is clicked on

22-10-2025T10:57:19 - [MESSAGE][PASSED] - Object: 'Object Repository/TripFocus/Orders/Advanced Filters/Apply Filters_btn' is clicked on

22-10-2025T10:57:19 - [TEST_STEP][PASSED] - delay(2): Delayed 2 second(s)

22-10-2025T10:57:21 - [MESSAGE][PASSED] - Delayed 2 second(s)

22-10-2025T10:57:21 - [TEST_STEP][PASSED] - closeBrowser(): Browser is closed

22-10-2025T10:57:21 - [MESSAGE][PASSED] - Browser is closed

22-10-2025T10:57:21 - [TEST_STEP][PASSED] - Start listener action : retryOnDisconnect: null

22-10-2025T10:57:21 - [TEST_STEP][PASSED] - tcId = testCaseContext.getTestCaseId(): null

22-10-2025T10:57:21 - [TEST_STEP][PASSED] - currentRetry = retryCounts.getOrDefault(tcId, 0): null

22-10-2025T10:57:21 - [TEST_STEP][PASSED] - if (testCaseContext.getTestCaseStatus() == "FAILED" && currentRetry < MAX_RETRIES): null]]></system-out>
         <system-err><![CDATA[]]></system-err>
      </testcase>
      <testcase name="Test Cases/TripFocus/SPG/SPG - Orders/SPG - Advanced Filter - Invoiced To" time="54.639" classname="Test Cases/TripFocus/SPG/SPG - Orders/SPG - Advanced Filter - Invoiced To" status="PASSED">
         <system-out><![CDATA[22-10-2025T10:57:21 - [TEST_CASE][PASSED] - Test Cases/TripFocus/SPG/SPG - Orders/SPG - Advanced Filter - Invoiced To: Test Cases/TripFocus/SPG/SPG - Orders/SPG - Advanced Filter - Invoiced To

22-10-2025T10:57:21 - [TEST_STEP][PASSED] - Start listener action : beforeTestCase: null

22-10-2025T10:57:21 - [TEST_STEP][PASSED] - addDefaultPackages(): null

22-10-2025T10:57:21 - [TEST_STEP][PASSED] - openBrowser(""): Browser is opened with url: ''

22-10-2025T10:57:21 - [MESSAGE][INFO] - Starting 'Chrome' driver

22-10-2025T10:57:21 - [MESSAGE][INFO] - User set preference: ['args', '[--no-sandbox, --disable-gpu, --disable-dev-shm-usage]']

22-10-2025T10:57:21 - [MESSAGE][INFO] - Action delay is set to 0 milliseconds

22-10-2025T10:57:22 - [MESSAGE][PASSED] - Browser is opened with url: ''

22-10-2025T10:57:22 - [TEST_STEP][PASSED] - navigateToUrl(TFBaseURL): Navigate to 'https://www.qa.tripfocus.com' successfully

22-10-2025T10:57:22 - [MESSAGE][PASSED] - Navigate to 'https://www.qa.tripfocus.com' successfully

22-10-2025T10:57:22 - [TEST_STEP][PASSED] - click(findTestObject("Object Repository/TripFocus/Page_TripFocus/button_Sign in")): Object: 'Object Repository/TripFocus/Page_TripFocus/button_Sign in' is clicked on

22-10-2025T10:57:23 - [MESSAGE][PASSED] - Object: 'Object Repository/TripFocus/Page_TripFocus/button_Sign in' is clicked on

22-10-2025T10:57:23 - [TEST_STEP][PASSED] - setText(findTestObject("Object Repository/TripFocus/Page_TripFocus/input_Username (e.g. email address)_Username"), TripFocusBleachTechSPGUsername): Text 'Ashford.Chenault+BleachtechCustomerSPGONLY@thekag.com' is set on object 'Object Repository/TripFocus/Page_TripFocus/input_Username (e.g. email address)_Username'

22-10-2025T10:57:24 - [MESSAGE][PASSED] - Text 'Ashford.Chenault+BleachtechCustomerSPGONLY@thekag.com' is set on object 'Object Repository/TripFocus/Page_TripFocus/input_Username (e.g. email address)_Username'

22-10-2025T10:57:24 - [TEST_STEP][PASSED] - setText(findTestObject("Object Repository/TripFocus/Page_TripFocus/input_Password_Password"), TripFocusFDGSPGPassword): Text 'CrashBan911!!' is set on object 'Object Repository/TripFocus/Page_TripFocus/input_Password_Password'

22-10-2025T10:57:24 - [MESSAGE][PASSED] - Text 'CrashBan911!!' is set on object 'Object Repository/TripFocus/Page_TripFocus/input_Password_Password'

22-10-2025T10:57:24 - [TEST_STEP][PASSED] - click(findTestObject("Object Repository/TripFocus/Page_TripFocus/button_Login")): Object: 'Object Repository/TripFocus/Page_TripFocus/button_Login' is clicked on

22-10-2025T10:57:24 - [MESSAGE][PASSED] - Object: 'Object Repository/TripFocus/Page_TripFocus/button_Login' is clicked on

22-10-2025T10:57:24 - [TEST_STEP][PASSED] - maximizeWindow(): Current window maximized

22-10-2025T10:57:24 - [MESSAGE][PASSED] - Current window maximized

22-10-2025T10:57:24 - [TEST_STEP][PASSED] - waitForElementVisible(findTestObject("TripFocus/Testing_Notification_btn"), 15, OPTIONAL): Web element with id: 'Object Repository/TripFocus/Testing_Notification_btn' located by '//*[@id="__BVID__10___BV_modal_footer_"]/button' not found

22-10-2025T10:57:40 - [MESSAGE][INFO] - Unable to find the element located by 'By.xpath: //*[@id="__BVID__10___BV_modal_footer_"]/button'. Please recheck the objects properties to make sure the desired element is located. 

22-10-2025T10:57:40 - [MESSAGE][WARNING] - [SELF-HEALING] Failed to find element with id 'Object Repository/TripFocus/Testing_Notification_btn'. Try using Self-healing.

22-10-2025T10:57:41 - [MESSAGE][INFO] - [SELF-HEALING] No working XPath is found.

22-10-2025T10:57:43 - [MESSAGE][INFO] - Unable to find the element located by 'By.xpath: '. Please recheck the objects properties to make sure the desired element is located. 

22-10-2025T10:57:43 - [MESSAGE][WARNING] - [SELF-HEALING] Cannot find elements when the selector is null

22-10-2025T10:57:43 - [MESSAGE][WARNING] - Web element with id: 'Object Repository/TripFocus/Testing_Notification_btn' located by '//*[@id="__BVID__10___BV_modal_footer_"]/button' not found

22-10-2025T10:57:43 - [TEST_STEP][PASSED] - if (verifyElementVisible(findTestObject("TripFocus/Testing_Notification_btn"), OPTIONAL) == true): Web element with id: 'Object Repository/TripFocus/Testing_Notification_btn' located by '//*[@id="__BVID__10___BV_modal_footer_"]/button' not found (Root cause: com.kms.katalon.core.exception.StepFailedException: Web element with id: 'Object Repository/TripFocus/Testing_Notification_btn' located by '//*[@id="__BVID__10___BV_modal_footer_"]/button' not found
	at com.kms.katalon.core.webui.keyword.internal.WebUIKeywordMain.stepFailed(WebUIKeywordMain.groovy:117)
	at com.kms.katalon.core.webui.keyword.builtin.VerifyElementVisibleKeyword$_verifyElementVisible_closure1.doCall(VerifyElementVisibleKeyword.groovy:89)
	at com.kms.katalon.core.webui.keyword.builtin.VerifyElementVisibleKeyword$_verifyElementVisible_closure1.call(VerifyElementVisibleKeyword.groovy)
	at com.kms.katalon.core.webui.keyword.internal.WebUIKeywordMain.runKeyword(WebUIKeywordMain.groovy:35)
	at com.kms.katalon.core.webui.keyword.builtin.VerifyElementVisibleKeyword.verifyElementVisible(VerifyElementVisibleKeyword.groovy:97)
	at com.kms.katalon.core.webui.keyword.builtin.VerifyElementVisibleKeyword.execute(VerifyElementVisibleKeyword.groovy:67)
	at com.kms.katalon.core.keyword.internal.KeywordExecutor.executeKeywordForPlatform(KeywordExecutor.groovy:74)
	at com.kms.katalon.core.webui.keyword.WebUiBuiltInKeywords.verifyElementVisible(WebUiBuiltInKeywords.groovy:401)
	at com.kms.katalon.core.webui.keyword.WebUiBuiltInKeywords$verifyElementVisible$5.call(Unknown Source)
	at SPG - Advanced Filter - Invoiced To.run(SPG - Advanced Filter - Invoiced To:38)
	at com.kms.katalon.core.main.ScriptEngine.run(ScriptEngine.java:194)
	at com.kms.katalon.core.main.ScriptEngine.runScriptAsRawText(ScriptEngine.java:119)
	at com.kms.katalon.core.main.TestCaseExecutor.runScript(TestCaseExecutor.java:448)
	at com.kms.katalon.core.main.TestCaseExecutor.doExecute(TestCaseExecutor.java:439)
	at com.kms.katalon.core.main.TestCaseExecutor.processExecutionPhase(TestCaseExecutor.java:418)
	at com.kms.katalon.core.main.TestCaseExecutor.accessMainPhase(TestCaseExecutor.java:410)
	at com.kms.katalon.core.main.TestCaseExecutor.execute(TestCaseExecutor.java:285)
	at com.kms.katalon.core.common.CommonExecutor.accessTestCaseMainPhase(CommonExecutor.java:65)
	at com.kms.katalon.core.main.TestSuiteExecutor.accessTestSuiteMainPhase(TestSuiteExecutor.java:150)
	at com.kms.katalon.core.main.TestSuiteExecutor.execute(TestSuiteExecutor.java:106)
	at com.kms.katalon.core.main.TestCaseMain.startTestSuite(TestCaseMain.java:180)
	at com.kms.katalon.core.main.TestCaseMain$startTestSuite$0.call(Unknown Source)
	at TempTestSuite1761139096516.run(TempTestSuite1761139096516.groovy:35)
	at java.base/jdk.internal.reflect.NativeMethodAccessorImpl.invoke0(Native Method)
	at java.base/jdk.internal.reflect.NativeMethodAccessorImpl.invoke(NativeMethodAccessorImpl.java:77)
	at java.base/jdk.internal.reflect.DelegatingMethodAccessorImpl.invoke(DelegatingMethodAccessorImpl.java:43)
)

22-10-2025T10:57:59 - [MESSAGE][INFO] - Unable to find the element located by 'By.xpath: //*[@id="__BVID__10___BV_modal_footer_"]/button'. Please recheck the objects properties to make sure the desired element is located. 

22-10-2025T10:57:59 - [MESSAGE][WARNING] - [SELF-HEALING] Failed to find element with id 'Object Repository/TripFocus/Testing_Notification_btn'. Try using Self-healing.

22-10-2025T10:58:00 - [MESSAGE][INFO] - [SELF-HEALING] No working XPath is found.

22-10-2025T10:58:02 - [MESSAGE][INFO] - Unable to find the element located by 'By.xpath: '. Please recheck the objects properties to make sure the desired element is located. 

22-10-2025T10:58:02 - [MESSAGE][WARNING] - [SELF-HEALING] Cannot find elements when the selector is null

22-10-2025T10:58:02 - [MESSAGE][WARNING] - Web element with id: 'Object Repository/TripFocus/Testing_Notification_btn' located by '//*[@id="__BVID__10___BV_modal_footer_"]/button' not found (Root cause: com.kms.katalon.core.exception.StepFailedException: Web element with id: 'Object Repository/TripFocus/Testing_Notification_btn' located by '//*[@id="__BVID__10___BV_modal_footer_"]/button' not found
	at com.kms.katalon.core.webui.keyword.internal.WebUIKeywordMain.stepFailed(WebUIKeywordMain.groovy:117)
	at com.kms.katalon.core.webui.keyword.builtin.VerifyElementVisibleKeyword$_verifyElementVisible_closure1.doCall(VerifyElementVisibleKeyword.groovy:89)
	at com.kms.katalon.core.webui.keyword.builtin.VerifyElementVisibleKeyword$_verifyElementVisible_closure1.call(VerifyElementVisibleKeyword.groovy)
	at com.kms.katalon.core.webui.keyword.internal.WebUIKeywordMain.runKeyword(WebUIKeywordMain.groovy:35)
	at com.kms.katalon.core.webui.keyword.builtin.VerifyElementVisibleKeyword.verifyElementVisible(VerifyElementVisibleKeyword.groovy:97)
	at com.kms.katalon.core.webui.keyword.builtin.VerifyElementVisibleKeyword.execute(VerifyElementVisibleKeyword.groovy:67)
	at com.kms.katalon.core.keyword.internal.KeywordExecutor.executeKeywordForPlatform(KeywordExecutor.groovy:74)
	at com.kms.katalon.core.webui.keyword.WebUiBuiltInKeywords.verifyElementVisible(WebUiBuiltInKeywords.groovy:401)
	at com.kms.katalon.core.webui.keyword.WebUiBuiltInKeywords$verifyElementVisible$5.call(Unknown Source)
	at SPG - Advanced Filter - Invoiced To.run(SPG - Advanced Filter - Invoiced To:38)
	at com.kms.katalon.core.main.ScriptEngine.run(ScriptEngine.java:194)
	at com.kms.katalon.core.main.ScriptEngine.runScriptAsRawText(ScriptEngine.java:119)
	at com.kms.katalon.core.main.TestCaseExecutor.runScript(TestCaseExecutor.java:448)
	at com.kms.katalon.core.main.TestCaseExecutor.doExecute(TestCaseExecutor.java:439)
	at com.kms.katalon.core.main.TestCaseExecutor.processExecutionPhase(TestCaseExecutor.java:418)
	at com.kms.katalon.core.main.TestCaseExecutor.accessMainPhase(TestCaseExecutor.java:410)
	at com.kms.katalon.core.main.TestCaseExecutor.execute(TestCaseExecutor.java:285)
	at com.kms.katalon.core.common.CommonExecutor.accessTestCaseMainPhase(CommonExecutor.java:65)
	at com.kms.katalon.core.main.TestSuiteExecutor.accessTestSuiteMainPhase(TestSuiteExecutor.java:150)
	at com.kms.katalon.core.main.TestSuiteExecutor.execute(TestSuiteExecutor.java:106)
	at com.kms.katalon.core.main.TestCaseMain.startTestSuite(TestCaseMain.java:180)
	at com.kms.katalon.core.main.TestCaseMain$startTestSuite$0.call(Unknown Source)
	at TempTestSuite1761139096516.run(TempTestSuite1761139096516.groovy:35)
	at java.base/jdk.internal.reflect.NativeMethodAccessorImpl.invoke0(Native Method)
	at java.base/jdk.internal.reflect.NativeMethodAccessorImpl.invoke(NativeMethodAccessorImpl.java:77)
	at java.base/jdk.internal.reflect.DelegatingMethodAccessorImpl.invoke(DelegatingMethodAccessorImpl.java:43)
)

22-10-2025T10:58:02 - [TEST_STEP][PASSED] - click(findTestObject("TripFocus/SSO/SSO Orders Tab")): Object: 'Object Repository/TripFocus/SSO/SSO Orders Tab' is clicked on

22-10-2025T10:58:02 - [MESSAGE][PASSED] - Object: 'Object Repository/TripFocus/SSO/SSO Orders Tab' is clicked on

22-10-2025T10:58:02 - [TEST_STEP][PASSED] - waitForElementClickable(findTestObject("TripFocus/Orders/Advanced Filters_btn"), 30): Object 'Object Repository/TripFocus/Orders/Advanced Filters_btn' is clickable

22-10-2025T10:58:03 - [MESSAGE][PASSED] - Object 'Object Repository/TripFocus/Orders/Advanced Filters_btn' is clickable

22-10-2025T10:58:03 - [TEST_STEP][PASSED] - delay(1): Delayed 1 second(s)

22-10-2025T10:58:04 - [MESSAGE][PASSED] - Delayed 1 second(s)

22-10-2025T10:58:04 - [TEST_STEP][PASSED] - click(findTestObject("TripFocus/Orders/Advanced Filters_btn"), STOP_ON_FAILURE): Object: 'Object Repository/TripFocus/Orders/Advanced Filters_btn' is clicked on

22-10-2025T10:58:04 - [MESSAGE][PASSED] - Object: 'Object Repository/TripFocus/Orders/Advanced Filters_btn' is clicked on

22-10-2025T10:58:04 - [TEST_STEP][PASSED] - delay(3): Delayed 3 second(s)

22-10-2025T10:58:07 - [MESSAGE][PASSED] - Delayed 3 second(s)

22-10-2025T10:58:07 - [TEST_STEP][PASSED] - click(findTestObject("TripFocus/Orders/Advanced Filters/Advanced Date Fields/Advanced_Date_Fields_dropdown")): Object: 'Object Repository/TripFocus/Orders/Advanced Filters/Advanced Date Fields/Advanced_Date_Fields_dropdown' is clicked on

22-10-2025T10:58:07 - [MESSAGE][PASSED] - Object: 'Object Repository/TripFocus/Orders/Advanced Filters/Advanced Date Fields/Advanced_Date_Fields_dropdown' is clicked on

22-10-2025T10:58:07 - [TEST_STEP][PASSED] - delay(2): Delayed 2 second(s)

22-10-2025T10:58:09 - [MESSAGE][PASSED] - Delayed 2 second(s)

22-10-2025T10:58:09 - [TEST_STEP][PASSED] - sendKeys(findTestObject("TripFocus/Orders/Advanced Filters/Advanced Date Fields/Invoiced_To_txt"), "05/24/2024"): Keys '05/24/2024' sent to object: 'Object Repository/TripFocus/Orders/Advanced Filters/Advanced Date Fields/Invoiced_To_txt'

22-10-2025T10:58:09 - [MESSAGE][PASSED] - Keys '05/24/2024' sent to object: 'Object Repository/TripFocus/Orders/Advanced Filters/Advanced Date Fields/Invoiced_To_txt'

22-10-2025T10:58:09 - [TEST_STEP][PASSED] - delay(2): Delayed 2 second(s)

22-10-2025T10:58:11 - [MESSAGE][PASSED] - Delayed 2 second(s)

22-10-2025T10:58:11 - [TEST_STEP][PASSED] - click(findTestObject("TripFocus/Sidebar Minimizer")): Object: 'Object Repository/TripFocus/Sidebar Minimizer' is clicked on

22-10-2025T10:58:11 - [MESSAGE][PASSED] - Object: 'Object Repository/TripFocus/Sidebar Minimizer' is clicked on

22-10-2025T10:58:11 - [TEST_STEP][PASSED] - delay(2): Delayed 2 second(s)

22-10-2025T10:58:13 - [MESSAGE][PASSED] - Delayed 2 second(s)

22-10-2025T10:58:13 - [TEST_STEP][PASSED] - click(findTestObject("TripFocus/Orders/Advanced Filters/Apply Filters_btn")): Object: 'Object Repository/TripFocus/Orders/Advanced Filters/Apply Filters_btn' is clicked on

22-10-2025T10:58:13 - [MESSAGE][PASSED] - Object: 'Object Repository/TripFocus/Orders/Advanced Filters/Apply Filters_btn' is clicked on

22-10-2025T10:58:13 - [TEST_STEP][PASSED] - delay(2): Delayed 2 second(s)

22-10-2025T10:58:15 - [MESSAGE][PASSED] - Delayed 2 second(s)

22-10-2025T10:58:15 - [TEST_STEP][PASSED] - closeBrowser(): Browser is closed

22-10-2025T10:58:16 - [MESSAGE][PASSED] - Browser is closed

22-10-2025T10:58:16 - [TEST_STEP][PASSED] - Start listener action : retryOnDisconnect: null

22-10-2025T10:58:16 - [TEST_STEP][PASSED] - tcId = testCaseContext.getTestCaseId(): null

22-10-2025T10:58:16 - [TEST_STEP][PASSED] - currentRetry = retryCounts.getOrDefault(tcId, 0): null

22-10-2025T10:58:16 - [TEST_STEP][PASSED] - if (testCaseContext.getTestCaseStatus() == "FAILED" && currentRetry < MAX_RETRIES): null]]></system-out>
         <system-err><![CDATA[]]></system-err>
      </testcase>
      <testcase name="Test Cases/TripFocus/SPG/SPG - Orders/SPG - Advanced Filter - KAG Terminal" time="67.035" classname="Test Cases/TripFocus/SPG/SPG - Orders/SPG - Advanced Filter - KAG Terminal" status="FAILED">
         <failure type="FAILED" message="Test Cases/TripFocus/SPG/SPG - Orders/SPG - Advanced Filter - KAG Terminal FAILED.&#xa;Reason:&#xa;com.kms.katalon.core.exception.StepFailedException: Unable to click on object 'Object Repository/TripFocus/Orders/Advanced Filters/Advanced Search Fields/KAG_Terminal_dropdown'&#xa;	at com.kms.katalon.core.webui.keyword.internal.WebUIKeywordMain.stepFailed(WebUIKeywordMain.groovy:117)&#xa;	at com.kms.katalon.core.webui.keyword.internal.WebUIKeywordMain.runKeyword(WebUIKeywordMain.groovy:43)&#xa;	at com.kms.katalon.core.webui.keyword.builtin.ClickKeyword.click(ClickKeyword.groovy:74)&#xa;	at com.kms.katalon.core.webui.keyword.builtin.ClickKeyword.execute(ClickKeyword.groovy:40)&#xa;	at com.kms.katalon.core.keyword.internal.KeywordExecutor.executeKeywordForPlatform(KeywordExecutor.groovy:74)&#xa;	at com.kms.katalon.core.webui.keyword.WebUiBuiltInKeywords.click(WebUiBuiltInKeywords.groovy:659)&#xa;	at com.kms.katalon.core.webui.keyword.WebUiBuiltInKeywords$click$1.call(Unknown Source)&#xa;	at SPG - Advanced Filter - KAG Terminal.run(SPG - Advanced Filter - KAG Terminal:60)&#xa;	at com.kms.katalon.core.main.ScriptEngine.run(ScriptEngine.java:194)&#xa;	at com.kms.katalon.core.main.ScriptEngine.runScriptAsRawText(ScriptEngine.java:119)&#xa;	at com.kms.katalon.core.main.TestCaseExecutor.runScript(TestCaseExecutor.java:448)&#xa;	at com.kms.katalon.core.main.TestCaseExecutor.doExecute(TestCaseExecutor.java:439)&#xa;	at com.kms.katalon.core.main.TestCaseExecutor.processExecutionPhase(TestCaseExecutor.java:418)&#xa;	at com.kms.katalon.core.main.TestCaseExecutor.accessMainPhase(TestCaseExecutor.java:410)&#xa;	at com.kms.katalon.core.main.TestCaseExecutor.execute(TestCaseExecutor.java:285)&#xa;	at com.kms.katalon.core.common.CommonExecutor.accessTestCaseMainPhase(CommonExecutor.java:65)&#xa;	at com.kms.katalon.core.main.TestSuiteExecutor.accessTestSuiteMainPhase(TestSuiteExecutor.java:150)&#xa;	at com.kms.katalon.core.main.TestSuiteExecutor.execute(TestSuiteExecutor.java:106)&#xa;	at com.kms.katalon.core.main.TestCaseMain.startTestSuite(TestCaseMain.java:180)&#xa;	at com.kms.katalon.core.main.TestCaseMain$startTestSuite$0.call(Unknown Source)&#xa;	at TempTestSuite1761139096516.run(TempTestSuite1761139096516.groovy:35)&#xa;	at java.base/jdk.internal.reflect.NativeMethodAccessorImpl.invoke0(Native Method)&#xa;	at java.base/jdk.internal.reflect.NativeMethodAccessorImpl.invoke(NativeMethodAccessorImpl.java:77)&#xa;	at java.base/jdk.internal.reflect.DelegatingMethodAccessorImpl.invoke(DelegatingMethodAccessorImpl.java:43)&#xa;Caused by: com.kms.katalon.core.webui.exception.WebElementNotFoundException: Web element with id: 'Object Repository/TripFocus/Orders/Advanced Filters/Advanced Search Fields/KAG_Terminal_dropdown' located by '/html/body/div/div[2]/div/main/div/div[2]/div/div[2]/div/div/div[2]/div/div/div[1]/div[2]/div/div/div[1]' not found&#xa;	at com.kms.katalon.core.webui.common.WebUiCommonHelper.findWebElement(WebUiCommonHelper.java:1423)&#xa;	at com.kms.katalon.core.webui.keyword.internal.WebUIAbstractKeyword.findWebElement(WebUIAbstractKeyword.groovy:27)&#xa;	at com.kms.katalon.core.webui.keyword.builtin.ClickKeyword$_click_closure1.doCall(ClickKeyword.groovy:65)&#xa;	at com.kms.katalon.core.webui.keyword.builtin.ClickKeyword$_click_closure1.call(ClickKeyword.groovy)&#xa;	at com.kms.katalon.core.webui.keyword.internal.WebUIKeywordMain.runKeyword(WebUIKeywordMain.groovy:35)&#xa;	... 22 more&#xa;"/>
         <system-out><![CDATA[22-10-2025T10:58:16 - [TEST_CASE][FAILED] - Test Cases/TripFocus/SPG/SPG - Orders/SPG - Advanced Filter - KAG Terminal: Test Cases/TripFocus/SPG/SPG - Orders/SPG - Advanced Filter - KAG Terminal FAILED.
Reason:
com.kms.katalon.core.exception.StepFailedException: Unable to click on object 'Object Repository/TripFocus/Orders/Advanced Filters/Advanced Search Fields/KAG_Terminal_dropdown'
	at com.kms.katalon.core.webui.keyword.internal.WebUIKeywordMain.stepFailed(WebUIKeywordMain.groovy:117)
	at com.kms.katalon.core.webui.keyword.internal.WebUIKeywordMain.runKeyword(WebUIKeywordMain.groovy:43)
	at com.kms.katalon.core.webui.keyword.builtin.ClickKeyword.click(ClickKeyword.groovy:74)
	at com.kms.katalon.core.webui.keyword.builtin.ClickKeyword.execute(ClickKeyword.groovy:40)
	at com.kms.katalon.core.keyword.internal.KeywordExecutor.executeKeywordForPlatform(KeywordExecutor.groovy:74)
	at com.kms.katalon.core.webui.keyword.WebUiBuiltInKeywords.click(WebUiBuiltInKeywords.groovy:659)
	at com.kms.katalon.core.webui.keyword.WebUiBuiltInKeywords$click$1.call(Unknown Source)
	at SPG - Advanced Filter - KAG Terminal.run(SPG - Advanced Filter - KAG Terminal:60)
	at com.kms.katalon.core.main.ScriptEngine.run(ScriptEngine.java:194)
	at com.kms.katalon.core.main.ScriptEngine.runScriptAsRawText(ScriptEngine.java:119)
	at com.kms.katalon.core.main.TestCaseExecutor.runScript(TestCaseExecutor.java:448)
	at com.kms.katalon.core.main.TestCaseExecutor.doExecute(TestCaseExecutor.java:439)
	at com.kms.katalon.core.main.TestCaseExecutor.processExecutionPhase(TestCaseExecutor.java:418)
	at com.kms.katalon.core.main.TestCaseExecutor.accessMainPhase(TestCaseExecutor.java:410)
	at com.kms.katalon.core.main.TestCaseExecutor.execute(TestCaseExecutor.java:285)
	at com.kms.katalon.core.common.CommonExecutor.accessTestCaseMainPhase(CommonExecutor.java:65)
	at com.kms.katalon.core.main.TestSuiteExecutor.accessTestSuiteMainPhase(TestSuiteExecutor.java:150)
	at com.kms.katalon.core.main.TestSuiteExecutor.execute(TestSuiteExecutor.java:106)
	at com.kms.katalon.core.main.TestCaseMain.startTestSuite(TestCaseMain.java:180)
	at com.kms.katalon.core.main.TestCaseMain$startTestSuite$0.call(Unknown Source)
	at TempTestSuite1761139096516.run(TempTestSuite1761139096516.groovy:35)
	at java.base/jdk.internal.reflect.NativeMethodAccessorImpl.invoke0(Native Method)
	at java.base/jdk.internal.reflect.NativeMethodAccessorImpl.invoke(NativeMethodAccessorImpl.java:77)
	at java.base/jdk.internal.reflect.DelegatingMethodAccessorImpl.invoke(DelegatingMethodAccessorImpl.java:43)
Caused by: com.kms.katalon.core.webui.exception.WebElementNotFoundException: Web element with id: 'Object Repository/TripFocus/Orders/Advanced Filters/Advanced Search Fields/KAG_Terminal_dropdown' located by '/html/body/div/div[2]/div/main/div/div[2]/div/div[2]/div/div/div[2]/div/div/div[1]/div[2]/div/div/div[1]' not found
	at com.kms.katalon.core.webui.common.WebUiCommonHelper.findWebElement(WebUiCommonHelper.java:1423)
	at com.kms.katalon.core.webui.keyword.internal.WebUIAbstractKeyword.findWebElement(WebUIAbstractKeyword.groovy:27)
	at com.kms.katalon.core.webui.keyword.builtin.ClickKeyword$_click_closure1.doCall(ClickKeyword.groovy:65)
	at com.kms.katalon.core.webui.keyword.builtin.ClickKeyword$_click_closure1.call(ClickKeyword.groovy)
	at com.kms.katalon.core.webui.keyword.internal.WebUIKeywordMain.runKeyword(WebUIKeywordMain.groovy:35)
	... 22 more


22-10-2025T10:58:16 - [TEST_STEP][PASSED] - Start listener action : beforeTestCase: null

22-10-2025T10:58:16 - [TEST_STEP][PASSED] - addDefaultPackages(): null

22-10-2025T10:58:16 - [TEST_STEP][PASSED] - openBrowser(""): Browser is opened with url: ''

22-10-2025T10:58:16 - [MESSAGE][INFO] - Starting 'Chrome' driver

22-10-2025T10:58:16 - [MESSAGE][INFO] - User set preference: ['args', '[--no-sandbox, --disable-gpu, --disable-dev-shm-usage]']

22-10-2025T10:58:16 - [MESSAGE][INFO] - Action delay is set to 0 milliseconds

22-10-2025T10:58:17 - [MESSAGE][PASSED] - Browser is opened with url: ''

22-10-2025T10:58:17 - [TEST_STEP][PASSED] - navigateToUrl(TFBaseURL): Navigate to 'https://www.qa.tripfocus.com' successfully

22-10-2025T10:58:18 - [MESSAGE][PASSED] - Navigate to 'https://www.qa.tripfocus.com' successfully

22-10-2025T10:58:18 - [TEST_STEP][PASSED] - click(findTestObject("Object Repository/TripFocus/Page_TripFocus/button_Sign in")): Object: 'Object Repository/TripFocus/Page_TripFocus/button_Sign in' is clicked on

22-10-2025T10:58:18 - [MESSAGE][PASSED] - Object: 'Object Repository/TripFocus/Page_TripFocus/button_Sign in' is clicked on

22-10-2025T10:58:18 - [TEST_STEP][PASSED] - setText(findTestObject("Object Repository/TripFocus/Page_TripFocus/input_Username (e.g. email address)_Username"), TripFocusBleachTechSPGUsername): Text 'Ashford.Chenault+BleachtechCustomerSPGONLY@thekag.com' is set on object 'Object Repository/TripFocus/Page_TripFocus/input_Username (e.g. email address)_Username'

22-10-2025T10:58:19 - [MESSAGE][PASSED] - Text 'Ashford.Chenault+BleachtechCustomerSPGONLY@thekag.com' is set on object 'Object Repository/TripFocus/Page_TripFocus/input_Username (e.g. email address)_Username'

22-10-2025T10:58:19 - [TEST_STEP][PASSED] - setText(findTestObject("Object Repository/TripFocus/Page_TripFocus/input_Password_Password"), TripFocusFDGSPGPassword): Text 'CrashBan911!!' is set on object 'Object Repository/TripFocus/Page_TripFocus/input_Password_Password'

22-10-2025T10:58:19 - [MESSAGE][PASSED] - Text 'CrashBan911!!' is set on object 'Object Repository/TripFocus/Page_TripFocus/input_Password_Password'

22-10-2025T10:58:19 - [TEST_STEP][PASSED] - click(findTestObject("Object Repository/TripFocus/Page_TripFocus/button_Login")): Object: 'Object Repository/TripFocus/Page_TripFocus/button_Login' is clicked on

22-10-2025T10:58:19 - [MESSAGE][PASSED] - Object: 'Object Repository/TripFocus/Page_TripFocus/button_Login' is clicked on

22-10-2025T10:58:19 - [TEST_STEP][PASSED] - maximizeWindow(): Current window maximized

22-10-2025T10:58:20 - [MESSAGE][PASSED] - Current window maximized

22-10-2025T10:58:20 - [TEST_STEP][PASSED] - waitForElementVisible(findTestObject("TripFocus/Testing_Notification_btn"), 15, OPTIONAL): Web element with id: 'Object Repository/TripFocus/Testing_Notification_btn' located by '//*[@id="__BVID__10___BV_modal_footer_"]/button' not found

22-10-2025T10:58:36 - [MESSAGE][INFO] - Unable to find the element located by 'By.xpath: //*[@id="__BVID__10___BV_modal_footer_"]/button'. Please recheck the objects properties to make sure the desired element is located. 

22-10-2025T10:58:36 - [MESSAGE][WARNING] - [SELF-HEALING] Failed to find element with id 'Object Repository/TripFocus/Testing_Notification_btn'. Try using Self-healing.

22-10-2025T10:58:37 - [MESSAGE][INFO] - [SELF-HEALING] No working XPath is found.

22-10-2025T10:58:39 - [MESSAGE][INFO] - Unable to find the element located by 'By.xpath: '. Please recheck the objects properties to make sure the desired element is located. 

22-10-2025T10:58:39 - [MESSAGE][WARNING] - [SELF-HEALING] Cannot find elements when the selector is null

22-10-2025T10:58:39 - [MESSAGE][WARNING] - Web element with id: 'Object Repository/TripFocus/Testing_Notification_btn' located by '//*[@id="__BVID__10___BV_modal_footer_"]/button' not found

22-10-2025T10:58:39 - [TEST_STEP][PASSED] - if (verifyElementVisible(findTestObject("TripFocus/Testing_Notification_btn"), OPTIONAL) == true): Web element with id: 'Object Repository/TripFocus/Testing_Notification_btn' located by '//*[@id="__BVID__10___BV_modal_footer_"]/button' not found (Root cause: com.kms.katalon.core.exception.StepFailedException: Web element with id: 'Object Repository/TripFocus/Testing_Notification_btn' located by '//*[@id="__BVID__10___BV_modal_footer_"]/button' not found
	at com.kms.katalon.core.webui.keyword.internal.WebUIKeywordMain.stepFailed(WebUIKeywordMain.groovy:117)
	at com.kms.katalon.core.webui.keyword.builtin.VerifyElementVisibleKeyword$_verifyElementVisible_closure1.doCall(VerifyElementVisibleKeyword.groovy:89)
	at com.kms.katalon.core.webui.keyword.builtin.VerifyElementVisibleKeyword$_verifyElementVisible_closure1.call(VerifyElementVisibleKeyword.groovy)
	at com.kms.katalon.core.webui.keyword.internal.WebUIKeywordMain.runKeyword(WebUIKeywordMain.groovy:35)
	at com.kms.katalon.core.webui.keyword.builtin.VerifyElementVisibleKeyword.verifyElementVisible(VerifyElementVisibleKeyword.groovy:97)
	at com.kms.katalon.core.webui.keyword.builtin.VerifyElementVisibleKeyword.execute(VerifyElementVisibleKeyword.groovy:67)
	at com.kms.katalon.core.keyword.internal.KeywordExecutor.executeKeywordForPlatform(KeywordExecutor.groovy:74)
	at com.kms.katalon.core.webui.keyword.WebUiBuiltInKeywords.verifyElementVisible(WebUiBuiltInKeywords.groovy:401)
	at com.kms.katalon.core.webui.keyword.WebUiBuiltInKeywords$verifyElementVisible$5.call(Unknown Source)
	at SPG - Advanced Filter - KAG Terminal.run(SPG - Advanced Filter - KAG Terminal:38)
	at com.kms.katalon.core.main.ScriptEngine.run(ScriptEngine.java:194)
	at com.kms.katalon.core.main.ScriptEngine.runScriptAsRawText(ScriptEngine.java:119)
	at com.kms.katalon.core.main.TestCaseExecutor.runScript(TestCaseExecutor.java:448)
	at com.kms.katalon.core.main.TestCaseExecutor.doExecute(TestCaseExecutor.java:439)
	at com.kms.katalon.core.main.TestCaseExecutor.processExecutionPhase(TestCaseExecutor.java:418)
	at com.kms.katalon.core.main.TestCaseExecutor.accessMainPhase(TestCaseExecutor.java:410)
	at com.kms.katalon.core.main.TestCaseExecutor.execute(TestCaseExecutor.java:285)
	at com.kms.katalon.core.common.CommonExecutor.accessTestCaseMainPhase(CommonExecutor.java:65)
	at com.kms.katalon.core.main.TestSuiteExecutor.accessTestSuiteMainPhase(TestSuiteExecutor.java:150)
	at com.kms.katalon.core.main.TestSuiteExecutor.execute(TestSuiteExecutor.java:106)
	at com.kms.katalon.core.main.TestCaseMain.startTestSuite(TestCaseMain.java:180)
	at com.kms.katalon.core.main.TestCaseMain$startTestSuite$0.call(Unknown Source)
	at TempTestSuite1761139096516.run(TempTestSuite1761139096516.groovy:35)
	at java.base/jdk.internal.reflect.NativeMethodAccessorImpl.invoke0(Native Method)
	at java.base/jdk.internal.reflect.NativeMethodAccessorImpl.invoke(NativeMethodAccessorImpl.java:77)
	at java.base/jdk.internal.reflect.DelegatingMethodAccessorImpl.invoke(DelegatingMethodAccessorImpl.java:43)
)

22-10-2025T10:58:55 - [MESSAGE][INFO] - Unable to find the element located by 'By.xpath: //*[@id="__BVID__10___BV_modal_footer_"]/button'. Please recheck the objects properties to make sure the desired element is located. 

22-10-2025T10:58:55 - [MESSAGE][WARNING] - [SELF-HEALING] Failed to find element with id 'Object Repository/TripFocus/Testing_Notification_btn'. Try using Self-healing.

22-10-2025T10:58:56 - [MESSAGE][INFO] - [SELF-HEALING] No working XPath is found.

22-10-2025T10:58:58 - [MESSAGE][INFO] - Unable to find the element located by 'By.xpath: '. Please recheck the objects properties to make sure the desired element is located. 

22-10-2025T10:58:58 - [MESSAGE][WARNING] - [SELF-HEALING] Cannot find elements when the selector is null

22-10-2025T10:58:58 - [MESSAGE][WARNING] - Web element with id: 'Object Repository/TripFocus/Testing_Notification_btn' located by '//*[@id="__BVID__10___BV_modal_footer_"]/button' not found (Root cause: com.kms.katalon.core.exception.StepFailedException: Web element with id: 'Object Repository/TripFocus/Testing_Notification_btn' located by '//*[@id="__BVID__10___BV_modal_footer_"]/button' not found
	at com.kms.katalon.core.webui.keyword.internal.WebUIKeywordMain.stepFailed(WebUIKeywordMain.groovy:117)
	at com.kms.katalon.core.webui.keyword.builtin.VerifyElementVisibleKeyword$_verifyElementVisible_closure1.doCall(VerifyElementVisibleKeyword.groovy:89)
	at com.kms.katalon.core.webui.keyword.builtin.VerifyElementVisibleKeyword$_verifyElementVisible_closure1.call(VerifyElementVisibleKeyword.groovy)
	at com.kms.katalon.core.webui.keyword.internal.WebUIKeywordMain.runKeyword(WebUIKeywordMain.groovy:35)
	at com.kms.katalon.core.webui.keyword.builtin.VerifyElementVisibleKeyword.verifyElementVisible(VerifyElementVisibleKeyword.groovy:97)
	at com.kms.katalon.core.webui.keyword.builtin.VerifyElementVisibleKeyword.execute(VerifyElementVisibleKeyword.groovy:67)
	at com.kms.katalon.core.keyword.internal.KeywordExecutor.executeKeywordForPlatform(KeywordExecutor.groovy:74)
	at com.kms.katalon.core.webui.keyword.WebUiBuiltInKeywords.verifyElementVisible(WebUiBuiltInKeywords.groovy:401)
	at com.kms.katalon.core.webui.keyword.WebUiBuiltInKeywords$verifyElementVisible$5.call(Unknown Source)
	at SPG - Advanced Filter - KAG Terminal.run(SPG - Advanced Filter - KAG Terminal:38)
	at com.kms.katalon.core.main.ScriptEngine.run(ScriptEngine.java:194)
	at com.kms.katalon.core.main.ScriptEngine.runScriptAsRawText(ScriptEngine.java:119)
	at com.kms.katalon.core.main.TestCaseExecutor.runScript(TestCaseExecutor.java:448)
	at com.kms.katalon.core.main.TestCaseExecutor.doExecute(TestCaseExecutor.java:439)
	at com.kms.katalon.core.main.TestCaseExecutor.processExecutionPhase(TestCaseExecutor.java:418)
	at com.kms.katalon.core.main.TestCaseExecutor.accessMainPhase(TestCaseExecutor.java:410)
	at com.kms.katalon.core.main.TestCaseExecutor.execute(TestCaseExecutor.java:285)
	at com.kms.katalon.core.common.CommonExecutor.accessTestCaseMainPhase(CommonExecutor.java:65)
	at com.kms.katalon.core.main.TestSuiteExecutor.accessTestSuiteMainPhase(TestSuiteExecutor.java:150)
	at com.kms.katalon.core.main.TestSuiteExecutor.execute(TestSuiteExecutor.java:106)
	at com.kms.katalon.core.main.TestCaseMain.startTestSuite(TestCaseMain.java:180)
	at com.kms.katalon.core.main.TestCaseMain$startTestSuite$0.call(Unknown Source)
	at TempTestSuite1761139096516.run(TempTestSuite1761139096516.groovy:35)
	at java.base/jdk.internal.reflect.NativeMethodAccessorImpl.invoke0(Native Method)
	at java.base/jdk.internal.reflect.NativeMethodAccessorImpl.invoke(NativeMethodAccessorImpl.java:77)
	at java.base/jdk.internal.reflect.DelegatingMethodAccessorImpl.invoke(DelegatingMethodAccessorImpl.java:43)
)

22-10-2025T10:58:58 - [TEST_STEP][PASSED] - click(findTestObject("TripFocus/SSO/SSO Orders Tab")): Object: 'Object Repository/TripFocus/SSO/SSO Orders Tab' is clicked on

22-10-2025T10:58:58 - [MESSAGE][PASSED] - Object: 'Object Repository/TripFocus/SSO/SSO Orders Tab' is clicked on

22-10-2025T10:58:58 - [TEST_STEP][PASSED] - waitForElementClickable(findTestObject("TripFocus/Orders/Advanced Filters_btn"), 30): Object 'Object Repository/TripFocus/Orders/Advanced Filters_btn' is clickable

22-10-2025T10:58:58 - [MESSAGE][PASSED] - Object 'Object Repository/TripFocus/Orders/Advanced Filters_btn' is clickable

22-10-2025T10:58:58 - [TEST_STEP][PASSED] - delay(1): Delayed 1 second(s)

22-10-2025T10:58:59 - [MESSAGE][PASSED] - Delayed 1 second(s)

22-10-2025T10:58:59 - [TEST_STEP][PASSED] - click(findTestObject("TripFocus/Orders/Advanced Filters_btn"), STOP_ON_FAILURE): Object: 'Object Repository/TripFocus/Orders/Advanced Filters_btn' is clicked on

22-10-2025T10:58:59 - [MESSAGE][PASSED] - Object: 'Object Repository/TripFocus/Orders/Advanced Filters_btn' is clicked on

22-10-2025T10:58:59 - [TEST_STEP][PASSED] - delay(2): Delayed 2 second(s)

22-10-2025T10:59:01 - [MESSAGE][PASSED] - Delayed 2 second(s)

22-10-2025T10:59:01 - [TEST_STEP][PASSED] - click(findTestObject("TripFocus/Orders/Advanced Filters/Advanced Search Fields/Advanced_Search_Fields_dropdown")): Object: 'Object Repository/TripFocus/Orders/Advanced Filters/Advanced Search Fields/Advanced_Search_Fields_dropdown' is clicked on

22-10-2025T10:59:02 - [MESSAGE][PASSED] - Object: 'Object Repository/TripFocus/Orders/Advanced Filters/Advanced Search Fields/Advanced_Search_Fields_dropdown' is clicked on

22-10-2025T10:59:02 - [TEST_STEP][PASSED] - delay(2): Delayed 2 second(s)

22-10-2025T10:59:04 - [MESSAGE][PASSED] - Delayed 2 second(s)

22-10-2025T10:59:04 - [TEST_STEP][FAILED] - click(findTestObject("TripFocus/Orders/Advanced Filters/Advanced Search Fields/KAG_Terminal_dropdown")): Unable to click on object 'Object Repository/TripFocus/Orders/Advanced Filters/Advanced Search Fields/KAG_Terminal_dropdown' (Root cause: com.kms.katalon.core.exception.StepFailedException: Unable to click on object 'Object Repository/TripFocus/Orders/Advanced Filters/Advanced Search Fields/KAG_Terminal_dropdown'
	at com.kms.katalon.core.webui.keyword.internal.WebUIKeywordMain.stepFailed(WebUIKeywordMain.groovy:117)
	at com.kms.katalon.core.webui.keyword.internal.WebUIKeywordMain.runKeyword(WebUIKeywordMain.groovy:43)
	at com.kms.katalon.core.webui.keyword.builtin.ClickKeyword.click(ClickKeyword.groovy:74)
	at com.kms.katalon.core.webui.keyword.builtin.ClickKeyword.execute(ClickKeyword.groovy:40)
	at com.kms.katalon.core.keyword.internal.KeywordExecutor.executeKeywordForPlatform(KeywordExecutor.groovy:74)
	at com.kms.katalon.core.webui.keyword.WebUiBuiltInKeywords.click(WebUiBuiltInKeywords.groovy:659)
	at com.kms.katalon.core.webui.keyword.WebUiBuiltInKeywords$click$1.call(Unknown Source)
	at SPG - Advanced Filter - KAG Terminal.run(SPG - Advanced Filter - KAG Terminal:60)
	at com.kms.katalon.core.main.ScriptEngine.run(ScriptEngine.java:194)
	at com.kms.katalon.core.main.ScriptEngine.runScriptAsRawText(ScriptEngine.java:119)
	at com.kms.katalon.core.main.TestCaseExecutor.runScript(TestCaseExecutor.java:448)
	at com.kms.katalon.core.main.TestCaseExecutor.doExecute(TestCaseExecutor.java:439)
	at com.kms.katalon.core.main.TestCaseExecutor.processExecutionPhase(TestCaseExecutor.java:418)
	at com.kms.katalon.core.main.TestCaseExecutor.accessMainPhase(TestCaseExecutor.java:410)
	at com.kms.katalon.core.main.TestCaseExecutor.execute(TestCaseExecutor.java:285)
	at com.kms.katalon.core.common.CommonExecutor.accessTestCaseMainPhase(CommonExecutor.java:65)
	at com.kms.katalon.core.main.TestSuiteExecutor.accessTestSuiteMainPhase(TestSuiteExecutor.java:150)
	at com.kms.katalon.core.main.TestSuiteExecutor.execute(TestSuiteExecutor.java:106)
	at com.kms.katalon.core.main.TestCaseMain.startTestSuite(TestCaseMain.java:180)
	at com.kms.katalon.core.main.TestCaseMain$startTestSuite$0.call(Unknown Source)
	at TempTestSuite1761139096516.run(TempTestSuite1761139096516.groovy:35)
	at java.base/jdk.internal.reflect.NativeMethodAccessorImpl.invoke0(Native Method)
	at java.base/jdk.internal.reflect.NativeMethodAccessorImpl.invoke(NativeMethodAccessorImpl.java:77)
	at java.base/jdk.internal.reflect.DelegatingMethodAccessorImpl.invoke(DelegatingMethodAccessorImpl.java:43)
Caused by: com.kms.katalon.core.webui.exception.WebElementNotFoundException: Web element with id: 'Object Repository/TripFocus/Orders/Advanced Filters/Advanced Search Fields/KAG_Terminal_dropdown' located by '/html/body/div/div[2]/div/main/div/div[2]/div/div[2]/div/div/div[2]/div/div/div[1]/div[2]/div/div/div[1]' not found
	at com.kms.katalon.core.webui.common.WebUiCommonHelper.findWebElement(WebUiCommonHelper.java:1423)
	at com.kms.katalon.core.webui.keyword.internal.WebUIAbstractKeyword.findWebElement(WebUIAbstractKeyword.groovy:27)
	at com.kms.katalon.core.webui.keyword.builtin.ClickKeyword$_click_closure1.doCall(ClickKeyword.groovy:65)
	at com.kms.katalon.core.webui.keyword.builtin.ClickKeyword$_click_closure1.call(ClickKeyword.groovy)
	at com.kms.katalon.core.webui.keyword.internal.WebUIKeywordMain.runKeyword(WebUIKeywordMain.groovy:35)
	at com.kms.katalon.core.webui.keyword.builtin.ClickKeyword.click(ClickKeyword.groovy:74)
	at com.kms.katalon.core.webui.keyword.builtin.ClickKeyword.execute(ClickKeyword.groovy:40)
	at com.kms.katalon.core.keyword.internal.KeywordExecutor.executeKeywordForPlatform(KeywordExecutor.groovy:74)
	at com.kms.katalon.core.webui.keyword.WebUiBuiltInKeywords.click(WebUiBuiltInKeywords.groovy:659)
	at com.kms.katalon.core.webui.keyword.WebUiBuiltInKeywords$click$1.call(Unknown Source)
	at Script1745009395547.run(Script1745009395547.groovy:60)
	... 16 more
)

22-10-2025T10:59:20 - [MESSAGE][INFO] - Unable to find the element located by 'By.xpath: /html/body/div/div[2]/div/main/div/div[2]/div/div[2]/div/div/div[2]/div/div/div[1]/div[2]/div/div/div[1]'. Please recheck the objects properties to make sure the desired element is located. 

22-10-2025T10:59:20 - [MESSAGE][WARNING] - [SELF-HEALING] Failed to find element with id 'Object Repository/TripFocus/Orders/Advanced Filters/Advanced Search Fields/KAG_Terminal_dropdown'. Try using Self-healing.

22-10-2025T10:59:21 - [MESSAGE][INFO] - [SELF-HEALING] No working XPath is found.

22-10-2025T10:59:23 - [MESSAGE][INFO] - Unable to find the element located by 'By.xpath: '. Please recheck the objects properties to make sure the desired element is located. 

22-10-2025T10:59:23 - [MESSAGE][WARNING] - [SELF-HEALING] Cannot find elements when the selector is null

22-10-2025T10:59:23 - [MESSAGE][FAILED] - Unable to click on object 'Object Repository/TripFocus/Orders/Advanced Filters/Advanced Search Fields/KAG_Terminal_dropdown' (Root cause: com.kms.katalon.core.exception.StepFailedException: Unable to click on object 'Object Repository/TripFocus/Orders/Advanced Filters/Advanced Search Fields/KAG_Terminal_dropdown'
	at com.kms.katalon.core.webui.keyword.internal.WebUIKeywordMain.stepFailed(WebUIKeywordMain.groovy:117)
	at com.kms.katalon.core.webui.keyword.internal.WebUIKeywordMain.runKeyword(WebUIKeywordMain.groovy:43)
	at com.kms.katalon.core.webui.keyword.builtin.ClickKeyword.click(ClickKeyword.groovy:74)
	at com.kms.katalon.core.webui.keyword.builtin.ClickKeyword.execute(ClickKeyword.groovy:40)
	at com.kms.katalon.core.keyword.internal.KeywordExecutor.executeKeywordForPlatform(KeywordExecutor.groovy:74)
	at com.kms.katalon.core.webui.keyword.WebUiBuiltInKeywords.click(WebUiBuiltInKeywords.groovy:659)
	at com.kms.katalon.core.webui.keyword.WebUiBuiltInKeywords$click$1.call(Unknown Source)
	at SPG - Advanced Filter - KAG Terminal.run(SPG - Advanced Filter - KAG Terminal:60)
	at com.kms.katalon.core.main.ScriptEngine.run(ScriptEngine.java:194)
	at com.kms.katalon.core.main.ScriptEngine.runScriptAsRawText(ScriptEngine.java:119)
	at com.kms.katalon.core.main.TestCaseExecutor.runScript(TestCaseExecutor.java:448)
	at com.kms.katalon.core.main.TestCaseExecutor.doExecute(TestCaseExecutor.java:439)
	at com.kms.katalon.core.main.TestCaseExecutor.processExecutionPhase(TestCaseExecutor.java:418)
	at com.kms.katalon.core.main.TestCaseExecutor.accessMainPhase(TestCaseExecutor.java:410)
	at com.kms.katalon.core.main.TestCaseExecutor.execute(TestCaseExecutor.java:285)
	at com.kms.katalon.core.common.CommonExecutor.accessTestCaseMainPhase(CommonExecutor.java:65)
	at com.kms.katalon.core.main.TestSuiteExecutor.accessTestSuiteMainPhase(TestSuiteExecutor.java:150)
	at com.kms.katalon.core.main.TestSuiteExecutor.execute(TestSuiteExecutor.java:106)
	at com.kms.katalon.core.main.TestCaseMain.startTestSuite(TestCaseMain.java:180)
	at com.kms.katalon.core.main.TestCaseMain$startTestSuite$0.call(Unknown Source)
	at TempTestSuite1761139096516.run(TempTestSuite1761139096516.groovy:35)
	at java.base/jdk.internal.reflect.NativeMethodAccessorImpl.invoke0(Native Method)
	at java.base/jdk.internal.reflect.NativeMethodAccessorImpl.invoke(NativeMethodAccessorImpl.java:77)
	at java.base/jdk.internal.reflect.DelegatingMethodAccessorImpl.invoke(DelegatingMethodAccessorImpl.java:43)
Caused by: com.kms.katalon.core.webui.exception.WebElementNotFoundException: Web element with id: 'Object Repository/TripFocus/Orders/Advanced Filters/Advanced Search Fields/KAG_Terminal_dropdown' located by '/html/body/div/div[2]/div/main/div/div[2]/div/div[2]/div/div/div[2]/div/div/div[1]/div[2]/div/div/div[1]' not found
	at com.kms.katalon.core.webui.common.WebUiCommonHelper.findWebElement(WebUiCommonHelper.java:1423)
	at com.kms.katalon.core.webui.keyword.internal.WebUIAbstractKeyword.findWebElement(WebUIAbstractKeyword.groovy:27)
	at com.kms.katalon.core.webui.keyword.builtin.ClickKeyword$_click_closure1.doCall(ClickKeyword.groovy:65)
	at com.kms.katalon.core.webui.keyword.builtin.ClickKeyword$_click_closure1.call(ClickKeyword.groovy)
	at com.kms.katalon.core.webui.keyword.internal.WebUIKeywordMain.runKeyword(WebUIKeywordMain.groovy:35)
	at com.kms.katalon.core.webui.keyword.builtin.ClickKeyword.click(ClickKeyword.groovy:74)
	at com.kms.katalon.core.webui.keyword.builtin.ClickKeyword.execute(ClickKeyword.groovy:40)
	at com.kms.katalon.core.keyword.internal.KeywordExecutor.executeKeywordForPlatform(KeywordExecutor.groovy:74)
	at com.kms.katalon.core.webui.keyword.WebUiBuiltInKeywords.click(WebUiBuiltInKeywords.groovy:659)
	at com.kms.katalon.core.webui.keyword.WebUiBuiltInKeywords$click$1.call(Unknown Source)
	at Script1745009395547.run(Script1745009395547.groovy:60)
	... 16 more
)

22-10-2025T10:59:23 - [TEST_STEP][PASSED] - Start listener action : retryOnDisconnect: Current window's url is: 'https://www.qa.tripfocus.com/order-tenders'

22-10-2025T10:59:23 - [TEST_STEP][PASSED] - tcId = testCaseContext.getTestCaseId(): null

22-10-2025T10:59:23 - [TEST_STEP][PASSED] - currentRetry = retryCounts.getOrDefault(tcId, 0): null

22-10-2025T10:59:23 - [TEST_STEP][PASSED] - if (testCaseContext.getTestCaseStatus() == "FAILED" && currentRetry < MAX_RETRIES): Current window's url is: 'https://www.qa.tripfocus.com/order-tenders'

22-10-2025T10:59:23 - [TEST_STEP][PASSED] - try: Current window's url is: 'https://www.qa.tripfocus.com/order-tenders'

22-10-2025T10:59:23 - [TEST_STEP][PASSED] - comment(Checking for WebDriver disconnect for test case: $tcId): Checking for WebDriver disconnect for test case: Test Cases/TripFocus/SPG/SPG - Orders/SPG - Advanced Filter - KAG Terminal

22-10-2025T10:59:23 - [MESSAGE][INFO] - Checking for WebDriver disconnect for test case: Test Cases/TripFocus/SPG/SPG - Orders/SPG - Advanced Filter - KAG Terminal

22-10-2025T10:59:23 - [TEST_STEP][PASSED] - getUrl(): Current window's url is: 'https://www.qa.tripfocus.com/order-tenders'

22-10-2025T10:59:23 - [MESSAGE][PASSED] - Current window's url is: 'https://www.qa.tripfocus.com/order-tenders']]></system-out>
         <system-err><![CDATA[22-10-2025T10:58:16 - [TEST_CASE][FAILED] - Test Cases/TripFocus/SPG/SPG - Orders/SPG - Advanced Filter - KAG Terminal: Test Cases/TripFocus/SPG/SPG - Orders/SPG - Advanced Filter - KAG Terminal FAILED.
Reason:
com.kms.katalon.core.exception.StepFailedException: Unable to click on object 'Object Repository/TripFocus/Orders/Advanced Filters/Advanced Search Fields/KAG_Terminal_dropdown'
	at com.kms.katalon.core.webui.keyword.internal.WebUIKeywordMain.stepFailed(WebUIKeywordMain.groovy:117)
	at com.kms.katalon.core.webui.keyword.internal.WebUIKeywordMain.runKeyword(WebUIKeywordMain.groovy:43)
	at com.kms.katalon.core.webui.keyword.builtin.ClickKeyword.click(ClickKeyword.groovy:74)
	at com.kms.katalon.core.webui.keyword.builtin.ClickKeyword.execute(ClickKeyword.groovy:40)
	at com.kms.katalon.core.keyword.internal.KeywordExecutor.executeKeywordForPlatform(KeywordExecutor.groovy:74)
	at com.kms.katalon.core.webui.keyword.WebUiBuiltInKeywords.click(WebUiBuiltInKeywords.groovy:659)
	at com.kms.katalon.core.webui.keyword.WebUiBuiltInKeywords$click$1.call(Unknown Source)
	at SPG - Advanced Filter - KAG Terminal.run(SPG - Advanced Filter - KAG Terminal:60)
	at com.kms.katalon.core.main.ScriptEngine.run(ScriptEngine.java:194)
	at com.kms.katalon.core.main.ScriptEngine.runScriptAsRawText(ScriptEngine.java:119)
	at com.kms.katalon.core.main.TestCaseExecutor.runScript(TestCaseExecutor.java:448)
	at com.kms.katalon.core.main.TestCaseExecutor.doExecute(TestCaseExecutor.java:439)
	at com.kms.katalon.core.main.TestCaseExecutor.processExecutionPhase(TestCaseExecutor.java:418)
	at com.kms.katalon.core.main.TestCaseExecutor.accessMainPhase(TestCaseExecutor.java:410)
	at com.kms.katalon.core.main.TestCaseExecutor.execute(TestCaseExecutor.java:285)
	at com.kms.katalon.core.common.CommonExecutor.accessTestCaseMainPhase(CommonExecutor.java:65)
	at com.kms.katalon.core.main.TestSuiteExecutor.accessTestSuiteMainPhase(TestSuiteExecutor.java:150)
	at com.kms.katalon.core.main.TestSuiteExecutor.execute(TestSuiteExecutor.java:106)
	at com.kms.katalon.core.main.TestCaseMain.startTestSuite(TestCaseMain.java:180)
	at com.kms.katalon.core.main.TestCaseMain$startTestSuite$0.call(Unknown Source)
	at TempTestSuite1761139096516.run(TempTestSuite1761139096516.groovy:35)
	at java.base/jdk.internal.reflect.NativeMethodAccessorImpl.invoke0(Native Method)
	at java.base/jdk.internal.reflect.NativeMethodAccessorImpl.invoke(NativeMethodAccessorImpl.java:77)
	at java.base/jdk.internal.reflect.DelegatingMethodAccessorImpl.invoke(DelegatingMethodAccessorImpl.java:43)
Caused by: com.kms.katalon.core.webui.exception.WebElementNotFoundException: Web element with id: 'Object Repository/TripFocus/Orders/Advanced Filters/Advanced Search Fields/KAG_Terminal_dropdown' located by '/html/body/div/div[2]/div/main/div/div[2]/div/div[2]/div/div/div[2]/div/div/div[1]/div[2]/div/div/div[1]' not found
	at com.kms.katalon.core.webui.common.WebUiCommonHelper.findWebElement(WebUiCommonHelper.java:1423)
	at com.kms.katalon.core.webui.keyword.internal.WebUIAbstractKeyword.findWebElement(WebUIAbstractKeyword.groovy:27)
	at com.kms.katalon.core.webui.keyword.builtin.ClickKeyword$_click_closure1.doCall(ClickKeyword.groovy:65)
	at com.kms.katalon.core.webui.keyword.builtin.ClickKeyword$_click_closure1.call(ClickKeyword.groovy)
	at com.kms.katalon.core.webui.keyword.internal.WebUIKeywordMain.runKeyword(WebUIKeywordMain.groovy:35)
	... 22 more]]></system-err>
      </testcase>
      <testcase name="Test Cases/TripFocus/SPG/SPG - Orders/SPG - Advanced Filter - Order Reference Number" time="69.996" classname="Test Cases/TripFocus/SPG/SPG - Orders/SPG - Advanced Filter - Order Reference Number" status="PASSED">
         <system-out><![CDATA[22-10-2025T10:59:23 - [TEST_CASE][PASSED] - Test Cases/TripFocus/SPG/SPG - Orders/SPG - Advanced Filter - Order Reference Number: Test Cases/TripFocus/SPG/SPG - Orders/SPG - Advanced Filter - Order Reference Number

22-10-2025T10:59:23 - [TEST_STEP][PASSED] - Start listener action : beforeTestCase: null

22-10-2025T10:59:23 - [TEST_STEP][PASSED] - addDefaultPackages(): null

22-10-2025T10:59:23 - [TEST_STEP][PASSED] - openBrowser(""): Browser is opened with url: ''

22-10-2025T10:59:23 - [MESSAGE][WARNING] - A browser is already opened. Closing browser and opening a new one

22-10-2025T10:59:23 - [MESSAGE][INFO] - Starting 'Chrome' driver

22-10-2025T10:59:23 - [MESSAGE][INFO] - User set preference: ['args', '[--no-sandbox, --disable-gpu, --disable-dev-shm-usage]']

22-10-2025T10:59:23 - [MESSAGE][INFO] - Action delay is set to 0 milliseconds

22-10-2025T10:59:24 - [MESSAGE][PASSED] - Browser is opened with url: ''

22-10-2025T10:59:24 - [TEST_STEP][PASSED] - navigateToUrl(TFBaseURL): Navigate to 'https://www.qa.tripfocus.com' successfully

22-10-2025T10:59:25 - [MESSAGE][PASSED] - Navigate to 'https://www.qa.tripfocus.com' successfully

22-10-2025T10:59:25 - [TEST_STEP][PASSED] - click(findTestObject("Object Repository/TripFocus/Page_TripFocus/button_Sign in")): Object: 'Object Repository/TripFocus/Page_TripFocus/button_Sign in' is clicked on

22-10-2025T10:59:25 - [MESSAGE][PASSED] - Object: 'Object Repository/TripFocus/Page_TripFocus/button_Sign in' is clicked on

22-10-2025T10:59:25 - [TEST_STEP][PASSED] - setText(findTestObject("Object Repository/TripFocus/Page_TripFocus/input_Username (e.g. email address)_Username"), TripFocusBleachTechSPGUsername): Text 'Ashford.Chenault+BleachtechCustomerSPGONLY@thekag.com' is set on object 'Object Repository/TripFocus/Page_TripFocus/input_Username (e.g. email address)_Username'

22-10-2025T10:59:25 - [MESSAGE][PASSED] - Text 'Ashford.Chenault+BleachtechCustomerSPGONLY@thekag.com' is set on object 'Object Repository/TripFocus/Page_TripFocus/input_Username (e.g. email address)_Username'

22-10-2025T10:59:25 - [TEST_STEP][PASSED] - setText(findTestObject("Object Repository/TripFocus/Page_TripFocus/input_Password_Password"), TripFocusFDGSPGPassword): Text 'CrashBan911!!' is set on object 'Object Repository/TripFocus/Page_TripFocus/input_Password_Password'

22-10-2025T10:59:25 - [MESSAGE][PASSED] - Text 'CrashBan911!!' is set on object 'Object Repository/TripFocus/Page_TripFocus/input_Password_Password'

22-10-2025T10:59:25 - [TEST_STEP][PASSED] - click(findTestObject("Object Repository/TripFocus/Page_TripFocus/button_Login")): Object: 'Object Repository/TripFocus/Page_TripFocus/button_Login' is clicked on

22-10-2025T10:59:26 - [MESSAGE][PASSED] - Object: 'Object Repository/TripFocus/Page_TripFocus/button_Login' is clicked on

22-10-2025T10:59:26 - [TEST_STEP][PASSED] - maximizeWindow(): Current window maximized

22-10-2025T10:59:26 - [MESSAGE][PASSED] - Current window maximized

22-10-2025T10:59:26 - [TEST_STEP][PASSED] - waitForElementVisible(findTestObject("TripFocus/Testing_Notification_btn"), 15, OPTIONAL): Web element with id: 'Object Repository/TripFocus/Testing_Notification_btn' located by '//*[@id="__BVID__10___BV_modal_footer_"]/button' not found

22-10-2025T10:59:42 - [MESSAGE][INFO] - Unable to find the element located by 'By.xpath: //*[@id="__BVID__10___BV_modal_footer_"]/button'. Please recheck the objects properties to make sure the desired element is located. 

22-10-2025T10:59:42 - [MESSAGE][WARNING] - [SELF-HEALING] Failed to find element with id 'Object Repository/TripFocus/Testing_Notification_btn'. Try using Self-healing.

22-10-2025T10:59:43 - [MESSAGE][INFO] - [SELF-HEALING] No working XPath is found.

22-10-2025T10:59:45 - [MESSAGE][INFO] - Unable to find the element located by 'By.xpath: '. Please recheck the objects properties to make sure the desired element is located. 

22-10-2025T10:59:45 - [MESSAGE][WARNING] - [SELF-HEALING] Cannot find elements when the selector is null

22-10-2025T10:59:45 - [MESSAGE][WARNING] - Web element with id: 'Object Repository/TripFocus/Testing_Notification_btn' located by '//*[@id="__BVID__10___BV_modal_footer_"]/button' not found

22-10-2025T10:59:45 - [TEST_STEP][PASSED] - if (verifyElementVisible(findTestObject("TripFocus/Testing_Notification_btn"), OPTIONAL) == true): Web element with id: 'Object Repository/TripFocus/Testing_Notification_btn' located by '//*[@id="__BVID__10___BV_modal_footer_"]/button' not found (Root cause: com.kms.katalon.core.exception.StepFailedException: Web element with id: 'Object Repository/TripFocus/Testing_Notification_btn' located by '//*[@id="__BVID__10___BV_modal_footer_"]/button' not found
	at com.kms.katalon.core.webui.keyword.internal.WebUIKeywordMain.stepFailed(WebUIKeywordMain.groovy:117)
	at com.kms.katalon.core.webui.keyword.builtin.VerifyElementVisibleKeyword$_verifyElementVisible_closure1.doCall(VerifyElementVisibleKeyword.groovy:89)
	at com.kms.katalon.core.webui.keyword.builtin.VerifyElementVisibleKeyword$_verifyElementVisible_closure1.call(VerifyElementVisibleKeyword.groovy)
	at com.kms.katalon.core.webui.keyword.internal.WebUIKeywordMain.runKeyword(WebUIKeywordMain.groovy:35)
	at com.kms.katalon.core.webui.keyword.builtin.VerifyElementVisibleKeyword.verifyElementVisible(VerifyElementVisibleKeyword.groovy:97)
	at com.kms.katalon.core.webui.keyword.builtin.VerifyElementVisibleKeyword.execute(VerifyElementVisibleKeyword.groovy:67)
	at com.kms.katalon.core.keyword.internal.KeywordExecutor.executeKeywordForPlatform(KeywordExecutor.groovy:74)
	at com.kms.katalon.core.webui.keyword.WebUiBuiltInKeywords.verifyElementVisible(WebUiBuiltInKeywords.groovy:401)
	at com.kms.katalon.core.webui.keyword.WebUiBuiltInKeywords$verifyElementVisible$5.call(Unknown Source)
	at SPG - Advanced Filter - Order Reference Number.run(SPG - Advanced Filter - Order Reference Number:38)
	at com.kms.katalon.core.main.ScriptEngine.run(ScriptEngine.java:194)
	at com.kms.katalon.core.main.ScriptEngine.runScriptAsRawText(ScriptEngine.java:119)
	at com.kms.katalon.core.main.TestCaseExecutor.runScript(TestCaseExecutor.java:448)
	at com.kms.katalon.core.main.TestCaseExecutor.doExecute(TestCaseExecutor.java:439)
	at com.kms.katalon.core.main.TestCaseExecutor.processExecutionPhase(TestCaseExecutor.java:418)
	at com.kms.katalon.core.main.TestCaseExecutor.accessMainPhase(TestCaseExecutor.java:410)
	at com.kms.katalon.core.main.TestCaseExecutor.execute(TestCaseExecutor.java:285)
	at com.kms.katalon.core.common.CommonExecutor.accessTestCaseMainPhase(CommonExecutor.java:65)
	at com.kms.katalon.core.main.TestSuiteExecutor.accessTestSuiteMainPhase(TestSuiteExecutor.java:150)
	at com.kms.katalon.core.main.TestSuiteExecutor.execute(TestSuiteExecutor.java:106)
	at com.kms.katalon.core.main.TestCaseMain.startTestSuite(TestCaseMain.java:180)
	at com.kms.katalon.core.main.TestCaseMain$startTestSuite$0.call(Unknown Source)
	at TempTestSuite1761139096516.run(TempTestSuite1761139096516.groovy:35)
	at java.base/jdk.internal.reflect.NativeMethodAccessorImpl.invoke0(Native Method)
	at java.base/jdk.internal.reflect.NativeMethodAccessorImpl.invoke(NativeMethodAccessorImpl.java:77)
	at java.base/jdk.internal.reflect.DelegatingMethodAccessorImpl.invoke(DelegatingMethodAccessorImpl.java:43)
)

22-10-2025T11:00:01 - [MESSAGE][INFO] - Unable to find the element located by 'By.xpath: //*[@id="__BVID__10___BV_modal_footer_"]/button'. Please recheck the objects properties to make sure the desired element is located. 

22-10-2025T11:00:01 - [MESSAGE][WARNING] - [SELF-HEALING] Failed to find element with id 'Object Repository/TripFocus/Testing_Notification_btn'. Try using Self-healing.

22-10-2025T11:00:02 - [MESSAGE][INFO] - [SELF-HEALING] No working XPath is found.

22-10-2025T11:00:04 - [MESSAGE][INFO] - Unable to find the element located by 'By.xpath: '. Please recheck the objects properties to make sure the desired element is located. 

22-10-2025T11:00:04 - [MESSAGE][WARNING] - [SELF-HEALING] Cannot find elements when the selector is null

22-10-2025T11:00:04 - [MESSAGE][WARNING] - Web element with id: 'Object Repository/TripFocus/Testing_Notification_btn' located by '//*[@id="__BVID__10___BV_modal_footer_"]/button' not found (Root cause: com.kms.katalon.core.exception.StepFailedException: Web element with id: 'Object Repository/TripFocus/Testing_Notification_btn' located by '//*[@id="__BVID__10___BV_modal_footer_"]/button' not found
	at com.kms.katalon.core.webui.keyword.internal.WebUIKeywordMain.stepFailed(WebUIKeywordMain.groovy:117)
	at com.kms.katalon.core.webui.keyword.builtin.VerifyElementVisibleKeyword$_verifyElementVisible_closure1.doCall(VerifyElementVisibleKeyword.groovy:89)
	at com.kms.katalon.core.webui.keyword.builtin.VerifyElementVisibleKeyword$_verifyElementVisible_closure1.call(VerifyElementVisibleKeyword.groovy)
	at com.kms.katalon.core.webui.keyword.internal.WebUIKeywordMain.runKeyword(WebUIKeywordMain.groovy:35)
	at com.kms.katalon.core.webui.keyword.builtin.VerifyElementVisibleKeyword.verifyElementVisible(VerifyElementVisibleKeyword.groovy:97)
	at com.kms.katalon.core.webui.keyword.builtin.VerifyElementVisibleKeyword.execute(VerifyElementVisibleKeyword.groovy:67)
	at com.kms.katalon.core.keyword.internal.KeywordExecutor.executeKeywordForPlatform(KeywordExecutor.groovy:74)
	at com.kms.katalon.core.webui.keyword.WebUiBuiltInKeywords.verifyElementVisible(WebUiBuiltInKeywords.groovy:401)
	at com.kms.katalon.core.webui.keyword.WebUiBuiltInKeywords$verifyElementVisible$5.call(Unknown Source)
	at SPG - Advanced Filter - Order Reference Number.run(SPG - Advanced Filter - Order Reference Number:38)
	at com.kms.katalon.core.main.ScriptEngine.run(ScriptEngine.java:194)
	at com.kms.katalon.core.main.ScriptEngine.runScriptAsRawText(ScriptEngine.java:119)
	at com.kms.katalon.core.main.TestCaseExecutor.runScript(TestCaseExecutor.java:448)
	at com.kms.katalon.core.main.TestCaseExecutor.doExecute(TestCaseExecutor.java:439)
	at com.kms.katalon.core.main.TestCaseExecutor.processExecutionPhase(TestCaseExecutor.java:418)
	at com.kms.katalon.core.main.TestCaseExecutor.accessMainPhase(TestCaseExecutor.java:410)
	at com.kms.katalon.core.main.TestCaseExecutor.execute(TestCaseExecutor.java:285)
	at com.kms.katalon.core.common.CommonExecutor.accessTestCaseMainPhase(CommonExecutor.java:65)
	at com.kms.katalon.core.main.TestSuiteExecutor.accessTestSuiteMainPhase(TestSuiteExecutor.java:150)
	at com.kms.katalon.core.main.TestSuiteExecutor.execute(TestSuiteExecutor.java:106)
	at com.kms.katalon.core.main.TestCaseMain.startTestSuite(TestCaseMain.java:180)
	at com.kms.katalon.core.main.TestCaseMain$startTestSuite$0.call(Unknown Source)
	at TempTestSuite1761139096516.run(TempTestSuite1761139096516.groovy:35)
	at java.base/jdk.internal.reflect.NativeMethodAccessorImpl.invoke0(Native Method)
	at java.base/jdk.internal.reflect.NativeMethodAccessorImpl.invoke(NativeMethodAccessorImpl.java:77)
	at java.base/jdk.internal.reflect.DelegatingMethodAccessorImpl.invoke(DelegatingMethodAccessorImpl.java:43)
)

22-10-2025T11:00:04 - [TEST_STEP][PASSED] - click(findTestObject("TripFocus/SSO/SSO Orders Tab")): Object: 'Object Repository/TripFocus/SSO/SSO Orders Tab' is clicked on

22-10-2025T11:00:04 - [MESSAGE][PASSED] - Object: 'Object Repository/TripFocus/SSO/SSO Orders Tab' is clicked on

22-10-2025T11:00:04 - [TEST_STEP][PASSED] - waitForElementClickable(findTestObject("TripFocus/Orders/Advanced Filters_btn"), 30): Object 'Object Repository/TripFocus/Orders/Advanced Filters_btn' is clickable

22-10-2025T11:00:05 - [MESSAGE][PASSED] - Object 'Object Repository/TripFocus/Orders/Advanced Filters_btn' is clickable

22-10-2025T11:00:05 - [TEST_STEP][PASSED] - delay(1): Delayed 1 second(s)

22-10-2025T11:00:06 - [MESSAGE][PASSED] - Delayed 1 second(s)

22-10-2025T11:00:06 - [TEST_STEP][PASSED] - click(findTestObject("TripFocus/Orders/Advanced Filters_btn"), STOP_ON_FAILURE): Object: 'Object Repository/TripFocus/Orders/Advanced Filters_btn' is clicked on

22-10-2025T11:00:06 - [MESSAGE][PASSED] - Object: 'Object Repository/TripFocus/Orders/Advanced Filters_btn' is clicked on

22-10-2025T11:00:06 - [TEST_STEP][PASSED] - delay(15): Delayed 15 second(s)

22-10-2025T11:00:21 - [MESSAGE][PASSED] - Delayed 15 second(s)

22-10-2025T11:00:21 - [TEST_STEP][PASSED] - setText(findTestObject("Object Repository/TripFocus/Page_TripFocus/textarea_OrderReference Number_txtOrderRefe_fbfcbd"), "85775381"): Text '85775381' is set on object 'Object Repository/TripFocus/Page_TripFocus/textarea_OrderReference Number_txtOrderRefe_fbfcbd'

22-10-2025T11:00:21 - [MESSAGE][PASSED] - Text '85775381' is set on object 'Object Repository/TripFocus/Page_TripFocus/textarea_OrderReference Number_txtOrderRefe_fbfcbd'

22-10-2025T11:00:21 - [TEST_STEP][PASSED] - delay(2): Delayed 2 second(s)

22-10-2025T11:00:23 - [MESSAGE][PASSED] - Delayed 2 second(s)

22-10-2025T11:00:23 - [TEST_STEP][PASSED] - click(findTestObject("TripFocus/Sidebar Minimizer")): Object: 'Object Repository/TripFocus/Sidebar Minimizer' is clicked on

22-10-2025T11:00:23 - [MESSAGE][PASSED] - Object: 'Object Repository/TripFocus/Sidebar Minimizer' is clicked on

22-10-2025T11:00:23 - [TEST_STEP][PASSED] - delay(2): Delayed 2 second(s)

22-10-2025T11:00:25 - [MESSAGE][PASSED] - Delayed 2 second(s)

22-10-2025T11:00:25 - [TEST_STEP][PASSED] - click(findTestObject("TripFocus/Orders/Advanced Filters/Apply Filters_btn")): Object: 'Object Repository/TripFocus/Orders/Advanced Filters/Apply Filters_btn' is clicked on

22-10-2025T11:00:25 - [MESSAGE][PASSED] - Object: 'Object Repository/TripFocus/Orders/Advanced Filters/Apply Filters_btn' is clicked on

22-10-2025T11:00:25 - [TEST_STEP][PASSED] - delay(5): Delayed 5 second(s)

22-10-2025T11:00:30 - [MESSAGE][PASSED] - Delayed 5 second(s)

22-10-2025T11:00:30 - [TEST_STEP][PASSED] - verifyTextPresent("85775381", false): Text '85775381' is present on page 

22-10-2025T11:00:30 - [MESSAGE][PASSED] - Text '85775381' is present on page 

22-10-2025T11:00:30 - [TEST_STEP][PASSED] - delay(2): Delayed 2 second(s)

22-10-2025T11:00:32 - [MESSAGE][PASSED] - Delayed 2 second(s)

22-10-2025T11:00:32 - [TEST_STEP][PASSED] - closeBrowser(): Browser is closed

22-10-2025T11:00:33 - [MESSAGE][PASSED] - Browser is closed

22-10-2025T11:00:33 - [TEST_STEP][PASSED] - Start listener action : retryOnDisconnect: null

22-10-2025T11:00:33 - [TEST_STEP][PASSED] - tcId = testCaseContext.getTestCaseId(): null

22-10-2025T11:00:33 - [TEST_STEP][PASSED] - currentRetry = retryCounts.getOrDefault(tcId, 0): null

22-10-2025T11:00:33 - [TEST_STEP][PASSED] - if (testCaseContext.getTestCaseStatus() == "FAILED" && currentRetry < MAX_RETRIES): null]]></system-out>
         <system-err><![CDATA[]]></system-err>
      </testcase>
      <testcase name="Test Cases/TripFocus/SPG/SPG - Orders/SPG - Advanced Filter - Order Status" time="66.561" classname="Test Cases/TripFocus/SPG/SPG - Orders/SPG - Advanced Filter - Order Status" status="FAILED">
         <failure type="FAILED" message="Test Cases/TripFocus/SPG/SPG - Orders/SPG - Advanced Filter - Order Status FAILED.&#xa;Reason:&#xa;com.kms.katalon.core.exception.StepFailedException: Unable to click on object 'Object Repository/TripFocus/Orders/Advanced Filters/Basic Search Fields/Order_Status_dropdown'&#xa;	at com.kms.katalon.core.webui.keyword.internal.WebUIKeywordMain.stepFailed(WebUIKeywordMain.groovy:117)&#xa;	at com.kms.katalon.core.webui.keyword.internal.WebUIKeywordMain.runKeyword(WebUIKeywordMain.groovy:43)&#xa;	at com.kms.katalon.core.webui.keyword.builtin.ClickKeyword.click(ClickKeyword.groovy:74)&#xa;	at com.kms.katalon.core.webui.keyword.builtin.ClickKeyword.execute(ClickKeyword.groovy:40)&#xa;	at com.kms.katalon.core.keyword.internal.KeywordExecutor.executeKeywordForPlatform(KeywordExecutor.groovy:74)&#xa;	at com.kms.katalon.core.webui.keyword.WebUiBuiltInKeywords.click(WebUiBuiltInKeywords.groovy:659)&#xa;	at com.kms.katalon.core.webui.keyword.WebUiBuiltInKeywords$click$1.call(Unknown Source)&#xa;	at SPG - Advanced Filter - Order Status.run(SPG - Advanced Filter - Order Status:56)&#xa;	at com.kms.katalon.core.main.ScriptEngine.run(ScriptEngine.java:194)&#xa;	at com.kms.katalon.core.main.ScriptEngine.runScriptAsRawText(ScriptEngine.java:119)&#xa;	at com.kms.katalon.core.main.TestCaseExecutor.runScript(TestCaseExecutor.java:448)&#xa;	at com.kms.katalon.core.main.TestCaseExecutor.doExecute(TestCaseExecutor.java:439)&#xa;	at com.kms.katalon.core.main.TestCaseExecutor.processExecutionPhase(TestCaseExecutor.java:418)&#xa;	at com.kms.katalon.core.main.TestCaseExecutor.accessMainPhase(TestCaseExecutor.java:410)&#xa;	at com.kms.katalon.core.main.TestCaseExecutor.execute(TestCaseExecutor.java:285)&#xa;	at com.kms.katalon.core.common.CommonExecutor.accessTestCaseMainPhase(CommonExecutor.java:65)&#xa;	at com.kms.katalon.core.main.TestSuiteExecutor.accessTestSuiteMainPhase(TestSuiteExecutor.java:150)&#xa;	at com.kms.katalon.core.main.TestSuiteExecutor.execute(TestSuiteExecutor.java:106)&#xa;	at com.kms.katalon.core.main.TestCaseMain.startTestSuite(TestCaseMain.java:180)&#xa;	at com.kms.katalon.core.main.TestCaseMain$startTestSuite$0.call(Unknown Source)&#xa;	at TempTestSuite1761139096516.run(TempTestSuite1761139096516.groovy:35)&#xa;	at java.base/jdk.internal.reflect.NativeMethodAccessorImpl.invoke0(Native Method)&#xa;	at java.base/jdk.internal.reflect.NativeMethodAccessorImpl.invoke(NativeMethodAccessorImpl.java:77)&#xa;	at java.base/jdk.internal.reflect.DelegatingMethodAccessorImpl.invoke(DelegatingMethodAccessorImpl.java:43)&#xa;Caused by: com.kms.katalon.core.webui.exception.WebElementNotFoundException: Web element with id: 'Object Repository/TripFocus/Orders/Advanced Filters/Basic Search Fields/Order_Status_dropdown' located by '/html/body/div/div[2]/div/main/div/div[2]/div/div[2]/div/div/div[1]/div/div/div[2]/div[1]/div/div[1]' not found&#xa;	at com.kms.katalon.core.webui.common.WebUiCommonHelper.findWebElement(WebUiCommonHelper.java:1423)&#xa;	at com.kms.katalon.core.webui.keyword.internal.WebUIAbstractKeyword.findWebElement(WebUIAbstractKeyword.groovy:27)&#xa;	at com.kms.katalon.core.webui.keyword.builtin.ClickKeyword$_click_closure1.doCall(ClickKeyword.groovy:65)&#xa;	at com.kms.katalon.core.webui.keyword.builtin.ClickKeyword$_click_closure1.call(ClickKeyword.groovy)&#xa;	at com.kms.katalon.core.webui.keyword.internal.WebUIKeywordMain.runKeyword(WebUIKeywordMain.groovy:35)&#xa;	... 22 more&#xa;"/>
         <system-out><![CDATA[22-10-2025T11:00:33 - [TEST_CASE][FAILED] - Test Cases/TripFocus/SPG/SPG - Orders/SPG - Advanced Filter - Order Status: Test Cases/TripFocus/SPG/SPG - Orders/SPG - Advanced Filter - Order Status FAILED.
Reason:
com.kms.katalon.core.exception.StepFailedException: Unable to click on object 'Object Repository/TripFocus/Orders/Advanced Filters/Basic Search Fields/Order_Status_dropdown'
	at com.kms.katalon.core.webui.keyword.internal.WebUIKeywordMain.stepFailed(WebUIKeywordMain.groovy:117)
	at com.kms.katalon.core.webui.keyword.internal.WebUIKeywordMain.runKeyword(WebUIKeywordMain.groovy:43)
	at com.kms.katalon.core.webui.keyword.builtin.ClickKeyword.click(ClickKeyword.groovy:74)
	at com.kms.katalon.core.webui.keyword.builtin.ClickKeyword.execute(ClickKeyword.groovy:40)
	at com.kms.katalon.core.keyword.internal.KeywordExecutor.executeKeywordForPlatform(KeywordExecutor.groovy:74)
	at com.kms.katalon.core.webui.keyword.WebUiBuiltInKeywords.click(WebUiBuiltInKeywords.groovy:659)
	at com.kms.katalon.core.webui.keyword.WebUiBuiltInKeywords$click$1.call(Unknown Source)
	at SPG - Advanced Filter - Order Status.run(SPG - Advanced Filter - Order Status:56)
	at com.kms.katalon.core.main.ScriptEngine.run(ScriptEngine.java:194)
	at com.kms.katalon.core.main.ScriptEngine.runScriptAsRawText(ScriptEngine.java:119)
	at com.kms.katalon.core.main.TestCaseExecutor.runScript(TestCaseExecutor.java:448)
	at com.kms.katalon.core.main.TestCaseExecutor.doExecute(TestCaseExecutor.java:439)
	at com.kms.katalon.core.main.TestCaseExecutor.processExecutionPhase(TestCaseExecutor.java:418)
	at com.kms.katalon.core.main.TestCaseExecutor.accessMainPhase(TestCaseExecutor.java:410)
	at com.kms.katalon.core.main.TestCaseExecutor.execute(TestCaseExecutor.java:285)
	at com.kms.katalon.core.common.CommonExecutor.accessTestCaseMainPhase(CommonExecutor.java:65)
	at com.kms.katalon.core.main.TestSuiteExecutor.accessTestSuiteMainPhase(TestSuiteExecutor.java:150)
	at com.kms.katalon.core.main.TestSuiteExecutor.execute(TestSuiteExecutor.java:106)
	at com.kms.katalon.core.main.TestCaseMain.startTestSuite(TestCaseMain.java:180)
	at com.kms.katalon.core.main.TestCaseMain$startTestSuite$0.call(Unknown Source)
	at TempTestSuite1761139096516.run(TempTestSuite1761139096516.groovy:35)
	at java.base/jdk.internal.reflect.NativeMethodAccessorImpl.invoke0(Native Method)
	at java.base/jdk.internal.reflect.NativeMethodAccessorImpl.invoke(NativeMethodAccessorImpl.java:77)
	at java.base/jdk.internal.reflect.DelegatingMethodAccessorImpl.invoke(DelegatingMethodAccessorImpl.java:43)
Caused by: com.kms.katalon.core.webui.exception.WebElementNotFoundException: Web element with id: 'Object Repository/TripFocus/Orders/Advanced Filters/Basic Search Fields/Order_Status_dropdown' located by '/html/body/div/div[2]/div/main/div/div[2]/div/div[2]/div/div/div[1]/div/div/div[2]/div[1]/div/div[1]' not found
	at com.kms.katalon.core.webui.common.WebUiCommonHelper.findWebElement(WebUiCommonHelper.java:1423)
	at com.kms.katalon.core.webui.keyword.internal.WebUIAbstractKeyword.findWebElement(WebUIAbstractKeyword.groovy:27)
	at com.kms.katalon.core.webui.keyword.builtin.ClickKeyword$_click_closure1.doCall(ClickKeyword.groovy:65)
	at com.kms.katalon.core.webui.keyword.builtin.ClickKeyword$_click_closure1.call(ClickKeyword.groovy)
	at com.kms.katalon.core.webui.keyword.internal.WebUIKeywordMain.runKeyword(WebUIKeywordMain.groovy:35)
	... 22 more


22-10-2025T11:00:33 - [TEST_STEP][PASSED] - Start listener action : beforeTestCase: null

22-10-2025T11:00:33 - [TEST_STEP][PASSED] - addDefaultPackages(): null

22-10-2025T11:00:33 - [TEST_STEP][PASSED] - openBrowser(""): Browser is opened with url: ''

22-10-2025T11:00:33 - [MESSAGE][INFO] - Starting 'Chrome' driver

22-10-2025T11:00:33 - [MESSAGE][INFO] - User set preference: ['args', '[--no-sandbox, --disable-gpu, --disable-dev-shm-usage]']

22-10-2025T11:00:33 - [MESSAGE][INFO] - Action delay is set to 0 milliseconds

22-10-2025T11:00:34 - [MESSAGE][PASSED] - Browser is opened with url: ''

22-10-2025T11:00:34 - [TEST_STEP][PASSED] - navigateToUrl(TFBaseURL): Navigate to 'https://www.qa.tripfocus.com' successfully

22-10-2025T11:00:34 - [MESSAGE][PASSED] - Navigate to 'https://www.qa.tripfocus.com' successfully

22-10-2025T11:00:34 - [TEST_STEP][PASSED] - click(findTestObject("Object Repository/TripFocus/Page_TripFocus/button_Sign in")): Object: 'Object Repository/TripFocus/Page_TripFocus/button_Sign in' is clicked on

22-10-2025T11:00:34 - [MESSAGE][PASSED] - Object: 'Object Repository/TripFocus/Page_TripFocus/button_Sign in' is clicked on

22-10-2025T11:00:34 - [TEST_STEP][PASSED] - setText(findTestObject("Object Repository/TripFocus/Page_TripFocus/input_Username (e.g. email address)_Username"), TripFocusBleachTechSPGUsername): Text 'Ashford.Chenault+BleachtechCustomerSPGONLY@thekag.com' is set on object 'Object Repository/TripFocus/Page_TripFocus/input_Username (e.g. email address)_Username'

22-10-2025T11:00:35 - [MESSAGE][PASSED] - Text 'Ashford.Chenault+BleachtechCustomerSPGONLY@thekag.com' is set on object 'Object Repository/TripFocus/Page_TripFocus/input_Username (e.g. email address)_Username'

22-10-2025T11:00:35 - [TEST_STEP][PASSED] - setText(findTestObject("Object Repository/TripFocus/Page_TripFocus/input_Password_Password"), TripFocusFDGSPGPassword): Text 'CrashBan911!!' is set on object 'Object Repository/TripFocus/Page_TripFocus/input_Password_Password'

22-10-2025T11:00:35 - [MESSAGE][PASSED] - Text 'CrashBan911!!' is set on object 'Object Repository/TripFocus/Page_TripFocus/input_Password_Password'

22-10-2025T11:00:35 - [TEST_STEP][PASSED] - click(findTestObject("Object Repository/TripFocus/Page_TripFocus/button_Login")): Object: 'Object Repository/TripFocus/Page_TripFocus/button_Login' is clicked on

22-10-2025T11:00:35 - [MESSAGE][PASSED] - Object: 'Object Repository/TripFocus/Page_TripFocus/button_Login' is clicked on

22-10-2025T11:00:35 - [TEST_STEP][PASSED] - maximizeWindow(): Current window maximized

22-10-2025T11:00:35 - [MESSAGE][PASSED] - Current window maximized

22-10-2025T11:00:35 - [TEST_STEP][PASSED] - waitForElementVisible(findTestObject("TripFocus/Testing_Notification_btn"), 15, OPTIONAL): Web element with id: 'Object Repository/TripFocus/Testing_Notification_btn' located by '//*[@id="__BVID__10___BV_modal_footer_"]/button' not found

22-10-2025T11:00:51 - [MESSAGE][INFO] - Unable to find the element located by 'By.xpath: //*[@id="__BVID__10___BV_modal_footer_"]/button'. Please recheck the objects properties to make sure the desired element is located. 

22-10-2025T11:00:51 - [MESSAGE][WARNING] - [SELF-HEALING] Failed to find element with id 'Object Repository/TripFocus/Testing_Notification_btn'. Try using Self-healing.

22-10-2025T11:00:52 - [MESSAGE][INFO] - [SELF-HEALING] No working XPath is found.

22-10-2025T11:00:54 - [MESSAGE][INFO] - Unable to find the element located by 'By.xpath: '. Please recheck the objects properties to make sure the desired element is located. 

22-10-2025T11:00:54 - [MESSAGE][WARNING] - [SELF-HEALING] Cannot find elements when the selector is null

22-10-2025T11:00:54 - [MESSAGE][WARNING] - Web element with id: 'Object Repository/TripFocus/Testing_Notification_btn' located by '//*[@id="__BVID__10___BV_modal_footer_"]/button' not found

22-10-2025T11:00:54 - [TEST_STEP][PASSED] - if (verifyElementVisible(findTestObject("TripFocus/Testing_Notification_btn"), OPTIONAL) == true): Web element with id: 'Object Repository/TripFocus/Testing_Notification_btn' located by '//*[@id="__BVID__10___BV_modal_footer_"]/button' not found (Root cause: com.kms.katalon.core.exception.StepFailedException: Web element with id: 'Object Repository/TripFocus/Testing_Notification_btn' located by '//*[@id="__BVID__10___BV_modal_footer_"]/button' not found
	at com.kms.katalon.core.webui.keyword.internal.WebUIKeywordMain.stepFailed(WebUIKeywordMain.groovy:117)
	at com.kms.katalon.core.webui.keyword.builtin.VerifyElementVisibleKeyword$_verifyElementVisible_closure1.doCall(VerifyElementVisibleKeyword.groovy:89)
	at com.kms.katalon.core.webui.keyword.builtin.VerifyElementVisibleKeyword$_verifyElementVisible_closure1.call(VerifyElementVisibleKeyword.groovy)
	at com.kms.katalon.core.webui.keyword.internal.WebUIKeywordMain.runKeyword(WebUIKeywordMain.groovy:35)
	at com.kms.katalon.core.webui.keyword.builtin.VerifyElementVisibleKeyword.verifyElementVisible(VerifyElementVisibleKeyword.groovy:97)
	at com.kms.katalon.core.webui.keyword.builtin.VerifyElementVisibleKeyword.execute(VerifyElementVisibleKeyword.groovy:67)
	at com.kms.katalon.core.keyword.internal.KeywordExecutor.executeKeywordForPlatform(KeywordExecutor.groovy:74)
	at com.kms.katalon.core.webui.keyword.WebUiBuiltInKeywords.verifyElementVisible(WebUiBuiltInKeywords.groovy:401)
	at com.kms.katalon.core.webui.keyword.WebUiBuiltInKeywords$verifyElementVisible$5.call(Unknown Source)
	at SPG - Advanced Filter - Order Status.run(SPG - Advanced Filter - Order Status:38)
	at com.kms.katalon.core.main.ScriptEngine.run(ScriptEngine.java:194)
	at com.kms.katalon.core.main.ScriptEngine.runScriptAsRawText(ScriptEngine.java:119)
	at com.kms.katalon.core.main.TestCaseExecutor.runScript(TestCaseExecutor.java:448)
	at com.kms.katalon.core.main.TestCaseExecutor.doExecute(TestCaseExecutor.java:439)
	at com.kms.katalon.core.main.TestCaseExecutor.processExecutionPhase(TestCaseExecutor.java:418)
	at com.kms.katalon.core.main.TestCaseExecutor.accessMainPhase(TestCaseExecutor.java:410)
	at com.kms.katalon.core.main.TestCaseExecutor.execute(TestCaseExecutor.java:285)
	at com.kms.katalon.core.common.CommonExecutor.accessTestCaseMainPhase(CommonExecutor.java:65)
	at com.kms.katalon.core.main.TestSuiteExecutor.accessTestSuiteMainPhase(TestSuiteExecutor.java:150)
	at com.kms.katalon.core.main.TestSuiteExecutor.execute(TestSuiteExecutor.java:106)
	at com.kms.katalon.core.main.TestCaseMain.startTestSuite(TestCaseMain.java:180)
	at com.kms.katalon.core.main.TestCaseMain$startTestSuite$0.call(Unknown Source)
	at TempTestSuite1761139096516.run(TempTestSuite1761139096516.groovy:35)
	at java.base/jdk.internal.reflect.NativeMethodAccessorImpl.invoke0(Native Method)
	at java.base/jdk.internal.reflect.NativeMethodAccessorImpl.invoke(NativeMethodAccessorImpl.java:77)
	at java.base/jdk.internal.reflect.DelegatingMethodAccessorImpl.invoke(DelegatingMethodAccessorImpl.java:43)
)

22-10-2025T11:01:10 - [MESSAGE][INFO] - Unable to find the element located by 'By.xpath: //*[@id="__BVID__10___BV_modal_footer_"]/button'. Please recheck the objects properties to make sure the desired element is located. 

22-10-2025T11:01:10 - [MESSAGE][WARNING] - [SELF-HEALING] Failed to find element with id 'Object Repository/TripFocus/Testing_Notification_btn'. Try using Self-healing.

22-10-2025T11:01:11 - [MESSAGE][INFO] - [SELF-HEALING] No working XPath is found.

22-10-2025T11:01:13 - [MESSAGE][INFO] - Unable to find the element located by 'By.xpath: '. Please recheck the objects properties to make sure the desired element is located. 

22-10-2025T11:01:14 - [MESSAGE][WARNING] - [SELF-HEALING] Cannot find elements when the selector is null

22-10-2025T11:01:14 - [MESSAGE][WARNING] - Web element with id: 'Object Repository/TripFocus/Testing_Notification_btn' located by '//*[@id="__BVID__10___BV_modal_footer_"]/button' not found (Root cause: com.kms.katalon.core.exception.StepFailedException: Web element with id: 'Object Repository/TripFocus/Testing_Notification_btn' located by '//*[@id="__BVID__10___BV_modal_footer_"]/button' not found
	at com.kms.katalon.core.webui.keyword.internal.WebUIKeywordMain.stepFailed(WebUIKeywordMain.groovy:117)
	at com.kms.katalon.core.webui.keyword.builtin.VerifyElementVisibleKeyword$_verifyElementVisible_closure1.doCall(VerifyElementVisibleKeyword.groovy:89)
	at com.kms.katalon.core.webui.keyword.builtin.VerifyElementVisibleKeyword$_verifyElementVisible_closure1.call(VerifyElementVisibleKeyword.groovy)
	at com.kms.katalon.core.webui.keyword.internal.WebUIKeywordMain.runKeyword(WebUIKeywordMain.groovy:35)
	at com.kms.katalon.core.webui.keyword.builtin.VerifyElementVisibleKeyword.verifyElementVisible(VerifyElementVisibleKeyword.groovy:97)
	at com.kms.katalon.core.webui.keyword.builtin.VerifyElementVisibleKeyword.execute(VerifyElementVisibleKeyword.groovy:67)
	at com.kms.katalon.core.keyword.internal.KeywordExecutor.executeKeywordForPlatform(KeywordExecutor.groovy:74)
	at com.kms.katalon.core.webui.keyword.WebUiBuiltInKeywords.verifyElementVisible(WebUiBuiltInKeywords.groovy:401)
	at com.kms.katalon.core.webui.keyword.WebUiBuiltInKeywords$verifyElementVisible$5.call(Unknown Source)
	at SPG - Advanced Filter - Order Status.run(SPG - Advanced Filter - Order Status:38)
	at com.kms.katalon.core.main.ScriptEngine.run(ScriptEngine.java:194)
	at com.kms.katalon.core.main.ScriptEngine.runScriptAsRawText(ScriptEngine.java:119)
	at com.kms.katalon.core.main.TestCaseExecutor.runScript(TestCaseExecutor.java:448)
	at com.kms.katalon.core.main.TestCaseExecutor.doExecute(TestCaseExecutor.java:439)
	at com.kms.katalon.core.main.TestCaseExecutor.processExecutionPhase(TestCaseExecutor.java:418)
	at com.kms.katalon.core.main.TestCaseExecutor.accessMainPhase(TestCaseExecutor.java:410)
	at com.kms.katalon.core.main.TestCaseExecutor.execute(TestCaseExecutor.java:285)
	at com.kms.katalon.core.common.CommonExecutor.accessTestCaseMainPhase(CommonExecutor.java:65)
	at com.kms.katalon.core.main.TestSuiteExecutor.accessTestSuiteMainPhase(TestSuiteExecutor.java:150)
	at com.kms.katalon.core.main.TestSuiteExecutor.execute(TestSuiteExecutor.java:106)
	at com.kms.katalon.core.main.TestCaseMain.startTestSuite(TestCaseMain.java:180)
	at com.kms.katalon.core.main.TestCaseMain$startTestSuite$0.call(Unknown Source)
	at TempTestSuite1761139096516.run(TempTestSuite1761139096516.groovy:35)
	at java.base/jdk.internal.reflect.NativeMethodAccessorImpl.invoke0(Native Method)
	at java.base/jdk.internal.reflect.NativeMethodAccessorImpl.invoke(NativeMethodAccessorImpl.java:77)
	at java.base/jdk.internal.reflect.DelegatingMethodAccessorImpl.invoke(DelegatingMethodAccessorImpl.java:43)
)

22-10-2025T11:01:14 - [TEST_STEP][PASSED] - click(findTestObject("TripFocus/SSO/SSO Orders Tab")): Object: 'Object Repository/TripFocus/SSO/SSO Orders Tab' is clicked on

22-10-2025T11:01:14 - [MESSAGE][PASSED] - Object: 'Object Repository/TripFocus/SSO/SSO Orders Tab' is clicked on

22-10-2025T11:01:14 - [TEST_STEP][PASSED] - waitForElementClickable(findTestObject("TripFocus/Orders/Advanced Filters_btn"), 30): Object 'Object Repository/TripFocus/Orders/Advanced Filters_btn' is clickable

22-10-2025T11:01:14 - [MESSAGE][PASSED] - Object 'Object Repository/TripFocus/Orders/Advanced Filters_btn' is clickable

22-10-2025T11:01:14 - [TEST_STEP][PASSED] - delay(1): Delayed 1 second(s)

22-10-2025T11:01:15 - [MESSAGE][PASSED] - Delayed 1 second(s)

22-10-2025T11:01:15 - [TEST_STEP][PASSED] - click(findTestObject("TripFocus/Orders/Advanced Filters_btn"), STOP_ON_FAILURE): Object: 'Object Repository/TripFocus/Orders/Advanced Filters_btn' is clicked on

22-10-2025T11:01:15 - [MESSAGE][PASSED] - Object: 'Object Repository/TripFocus/Orders/Advanced Filters_btn' is clicked on

22-10-2025T11:01:15 - [TEST_STEP][PASSED] - delay(5): Delayed 5 second(s)

22-10-2025T11:01:20 - [MESSAGE][PASSED] - Delayed 5 second(s)

22-10-2025T11:01:20 - [TEST_STEP][FAILED] - click(findTestObject("TripFocus/Orders/Advanced Filters/Basic Search Fields/Order_Status_dropdown")): Unable to click on object 'Object Repository/TripFocus/Orders/Advanced Filters/Basic Search Fields/Order_Status_dropdown' (Root cause: com.kms.katalon.core.exception.StepFailedException: Unable to click on object 'Object Repository/TripFocus/Orders/Advanced Filters/Basic Search Fields/Order_Status_dropdown'
	at com.kms.katalon.core.webui.keyword.internal.WebUIKeywordMain.stepFailed(WebUIKeywordMain.groovy:117)
	at com.kms.katalon.core.webui.keyword.internal.WebUIKeywordMain.runKeyword(WebUIKeywordMain.groovy:43)
	at com.kms.katalon.core.webui.keyword.builtin.ClickKeyword.click(ClickKeyword.groovy:74)
	at com.kms.katalon.core.webui.keyword.builtin.ClickKeyword.execute(ClickKeyword.groovy:40)
	at com.kms.katalon.core.keyword.internal.KeywordExecutor.executeKeywordForPlatform(KeywordExecutor.groovy:74)
	at com.kms.katalon.core.webui.keyword.WebUiBuiltInKeywords.click(WebUiBuiltInKeywords.groovy:659)
	at com.kms.katalon.core.webui.keyword.WebUiBuiltInKeywords$click$1.call(Unknown Source)
	at SPG - Advanced Filter - Order Status.run(SPG - Advanced Filter - Order Status:56)
	at com.kms.katalon.core.main.ScriptEngine.run(ScriptEngine.java:194)
	at com.kms.katalon.core.main.ScriptEngine.runScriptAsRawText(ScriptEngine.java:119)
	at com.kms.katalon.core.main.TestCaseExecutor.runScript(TestCaseExecutor.java:448)
	at com.kms.katalon.core.main.TestCaseExecutor.doExecute(TestCaseExecutor.java:439)
	at com.kms.katalon.core.main.TestCaseExecutor.processExecutionPhase(TestCaseExecutor.java:418)
	at com.kms.katalon.core.main.TestCaseExecutor.accessMainPhase(TestCaseExecutor.java:410)
	at com.kms.katalon.core.main.TestCaseExecutor.execute(TestCaseExecutor.java:285)
	at com.kms.katalon.core.common.CommonExecutor.accessTestCaseMainPhase(CommonExecutor.java:65)
	at com.kms.katalon.core.main.TestSuiteExecutor.accessTestSuiteMainPhase(TestSuiteExecutor.java:150)
	at com.kms.katalon.core.main.TestSuiteExecutor.execute(TestSuiteExecutor.java:106)
	at com.kms.katalon.core.main.TestCaseMain.startTestSuite(TestCaseMain.java:180)
	at com.kms.katalon.core.main.TestCaseMain$startTestSuite$0.call(Unknown Source)
	at TempTestSuite1761139096516.run(TempTestSuite1761139096516.groovy:35)
	at java.base/jdk.internal.reflect.NativeMethodAccessorImpl.invoke0(Native Method)
	at java.base/jdk.internal.reflect.NativeMethodAccessorImpl.invoke(NativeMethodAccessorImpl.java:77)
	at java.base/jdk.internal.reflect.DelegatingMethodAccessorImpl.invoke(DelegatingMethodAccessorImpl.java:43)
Caused by: com.kms.katalon.core.webui.exception.WebElementNotFoundException: Web element with id: 'Object Repository/TripFocus/Orders/Advanced Filters/Basic Search Fields/Order_Status_dropdown' located by '/html/body/div/div[2]/div/main/div/div[2]/div/div[2]/div/div/div[1]/div/div/div[2]/div[1]/div/div[1]' not found
	at com.kms.katalon.core.webui.common.WebUiCommonHelper.findWebElement(WebUiCommonHelper.java:1423)
	at com.kms.katalon.core.webui.keyword.internal.WebUIAbstractKeyword.findWebElement(WebUIAbstractKeyword.groovy:27)
	at com.kms.katalon.core.webui.keyword.builtin.ClickKeyword$_click_closure1.doCall(ClickKeyword.groovy:65)
	at com.kms.katalon.core.webui.keyword.builtin.ClickKeyword$_click_closure1.call(ClickKeyword.groovy)
	at com.kms.katalon.core.webui.keyword.internal.WebUIKeywordMain.runKeyword(WebUIKeywordMain.groovy:35)
	at com.kms.katalon.core.webui.keyword.builtin.ClickKeyword.click(ClickKeyword.groovy:74)
	at com.kms.katalon.core.webui.keyword.builtin.ClickKeyword.execute(ClickKeyword.groovy:40)
	at com.kms.katalon.core.keyword.internal.KeywordExecutor.executeKeywordForPlatform(KeywordExecutor.groovy:74)
	at com.kms.katalon.core.webui.keyword.WebUiBuiltInKeywords.click(WebUiBuiltInKeywords.groovy:659)
	at com.kms.katalon.core.webui.keyword.WebUiBuiltInKeywords$click$1.call(Unknown Source)
	at Script1745009404542.run(Script1745009404542.groovy:56)
	... 16 more
)

22-10-2025T11:01:36 - [MESSAGE][INFO] - Unable to find the element located by 'By.xpath: /html/body/div/div[2]/div/main/div/div[2]/div/div[2]/div/div/div[1]/div/div/div[2]/div[1]/div/div[1]'. Please recheck the objects properties to make sure the desired element is located. 

22-10-2025T11:01:36 - [MESSAGE][WARNING] - [SELF-HEALING] Failed to find element with id 'Object Repository/TripFocus/Orders/Advanced Filters/Basic Search Fields/Order_Status_dropdown'. Try using Self-healing.

22-10-2025T11:01:37 - [MESSAGE][INFO] - [SELF-HEALING] No working XPath is found.

22-10-2025T11:01:39 - [MESSAGE][INFO] - Unable to find the element located by 'By.xpath: '. Please recheck the objects properties to make sure the desired element is located. 

22-10-2025T11:01:39 - [MESSAGE][WARNING] - [SELF-HEALING] Cannot find elements when the selector is null

22-10-2025T11:01:39 - [MESSAGE][FAILED] - Unable to click on object 'Object Repository/TripFocus/Orders/Advanced Filters/Basic Search Fields/Order_Status_dropdown' (Root cause: com.kms.katalon.core.exception.StepFailedException: Unable to click on object 'Object Repository/TripFocus/Orders/Advanced Filters/Basic Search Fields/Order_Status_dropdown'
	at com.kms.katalon.core.webui.keyword.internal.WebUIKeywordMain.stepFailed(WebUIKeywordMain.groovy:117)
	at com.kms.katalon.core.webui.keyword.internal.WebUIKeywordMain.runKeyword(WebUIKeywordMain.groovy:43)
	at com.kms.katalon.core.webui.keyword.builtin.ClickKeyword.click(ClickKeyword.groovy:74)
	at com.kms.katalon.core.webui.keyword.builtin.ClickKeyword.execute(ClickKeyword.groovy:40)
	at com.kms.katalon.core.keyword.internal.KeywordExecutor.executeKeywordForPlatform(KeywordExecutor.groovy:74)
	at com.kms.katalon.core.webui.keyword.WebUiBuiltInKeywords.click(WebUiBuiltInKeywords.groovy:659)
	at com.kms.katalon.core.webui.keyword.WebUiBuiltInKeywords$click$1.call(Unknown Source)
	at SPG - Advanced Filter - Order Status.run(SPG - Advanced Filter - Order Status:56)
	at com.kms.katalon.core.main.ScriptEngine.run(ScriptEngine.java:194)
	at com.kms.katalon.core.main.ScriptEngine.runScriptAsRawText(ScriptEngine.java:119)
	at com.kms.katalon.core.main.TestCaseExecutor.runScript(TestCaseExecutor.java:448)
	at com.kms.katalon.core.main.TestCaseExecutor.doExecute(TestCaseExecutor.java:439)
	at com.kms.katalon.core.main.TestCaseExecutor.processExecutionPhase(TestCaseExecutor.java:418)
	at com.kms.katalon.core.main.TestCaseExecutor.accessMainPhase(TestCaseExecutor.java:410)
	at com.kms.katalon.core.main.TestCaseExecutor.execute(TestCaseExecutor.java:285)
	at com.kms.katalon.core.common.CommonExecutor.accessTestCaseMainPhase(CommonExecutor.java:65)
	at com.kms.katalon.core.main.TestSuiteExecutor.accessTestSuiteMainPhase(TestSuiteExecutor.java:150)
	at com.kms.katalon.core.main.TestSuiteExecutor.execute(TestSuiteExecutor.java:106)
	at com.kms.katalon.core.main.TestCaseMain.startTestSuite(TestCaseMain.java:180)
	at com.kms.katalon.core.main.TestCaseMain$startTestSuite$0.call(Unknown Source)
	at TempTestSuite1761139096516.run(TempTestSuite1761139096516.groovy:35)
	at java.base/jdk.internal.reflect.NativeMethodAccessorImpl.invoke0(Native Method)
	at java.base/jdk.internal.reflect.NativeMethodAccessorImpl.invoke(NativeMethodAccessorImpl.java:77)
	at java.base/jdk.internal.reflect.DelegatingMethodAccessorImpl.invoke(DelegatingMethodAccessorImpl.java:43)
Caused by: com.kms.katalon.core.webui.exception.WebElementNotFoundException: Web element with id: 'Object Repository/TripFocus/Orders/Advanced Filters/Basic Search Fields/Order_Status_dropdown' located by '/html/body/div/div[2]/div/main/div/div[2]/div/div[2]/div/div/div[1]/div/div/div[2]/div[1]/div/div[1]' not found
	at com.kms.katalon.core.webui.common.WebUiCommonHelper.findWebElement(WebUiCommonHelper.java:1423)
	at com.kms.katalon.core.webui.keyword.internal.WebUIAbstractKeyword.findWebElement(WebUIAbstractKeyword.groovy:27)
	at com.kms.katalon.core.webui.keyword.builtin.ClickKeyword$_click_closure1.doCall(ClickKeyword.groovy:65)
	at com.kms.katalon.core.webui.keyword.builtin.ClickKeyword$_click_closure1.call(ClickKeyword.groovy)
	at com.kms.katalon.core.webui.keyword.internal.WebUIKeywordMain.runKeyword(WebUIKeywordMain.groovy:35)
	at com.kms.katalon.core.webui.keyword.builtin.ClickKeyword.click(ClickKeyword.groovy:74)
	at com.kms.katalon.core.webui.keyword.builtin.ClickKeyword.execute(ClickKeyword.groovy:40)
	at com.kms.katalon.core.keyword.internal.KeywordExecutor.executeKeywordForPlatform(KeywordExecutor.groovy:74)
	at com.kms.katalon.core.webui.keyword.WebUiBuiltInKeywords.click(WebUiBuiltInKeywords.groovy:659)
	at com.kms.katalon.core.webui.keyword.WebUiBuiltInKeywords$click$1.call(Unknown Source)
	at Script1745009404542.run(Script1745009404542.groovy:56)
	... 16 more
)

22-10-2025T11:01:39 - [TEST_STEP][PASSED] - Start listener action : retryOnDisconnect: Current window's url is: 'https://www.qa.tripfocus.com/order-tenders'

22-10-2025T11:01:39 - [TEST_STEP][PASSED] - tcId = testCaseContext.getTestCaseId(): null

22-10-2025T11:01:39 - [TEST_STEP][PASSED] - currentRetry = retryCounts.getOrDefault(tcId, 0): null

22-10-2025T11:01:39 - [TEST_STEP][PASSED] - if (testCaseContext.getTestCaseStatus() == "FAILED" && currentRetry < MAX_RETRIES): Current window's url is: 'https://www.qa.tripfocus.com/order-tenders'

22-10-2025T11:01:39 - [TEST_STEP][PASSED] - try: Current window's url is: 'https://www.qa.tripfocus.com/order-tenders'

22-10-2025T11:01:39 - [TEST_STEP][PASSED] - comment(Checking for WebDriver disconnect for test case: $tcId): Checking for WebDriver disconnect for test case: Test Cases/TripFocus/SPG/SPG - Orders/SPG - Advanced Filter - Order Status

22-10-2025T11:01:39 - [MESSAGE][INFO] - Checking for WebDriver disconnect for test case: Test Cases/TripFocus/SPG/SPG - Orders/SPG - Advanced Filter - Order Status

22-10-2025T11:01:39 - [TEST_STEP][PASSED] - getUrl(): Current window's url is: 'https://www.qa.tripfocus.com/order-tenders'

22-10-2025T11:01:39 - [MESSAGE][PASSED] - Current window's url is: 'https://www.qa.tripfocus.com/order-tenders']]></system-out>
         <system-err><![CDATA[22-10-2025T11:00:33 - [TEST_CASE][FAILED] - Test Cases/TripFocus/SPG/SPG - Orders/SPG - Advanced Filter - Order Status: Test Cases/TripFocus/SPG/SPG - Orders/SPG - Advanced Filter - Order Status FAILED.
Reason:
com.kms.katalon.core.exception.StepFailedException: Unable to click on object 'Object Repository/TripFocus/Orders/Advanced Filters/Basic Search Fields/Order_Status_dropdown'
	at com.kms.katalon.core.webui.keyword.internal.WebUIKeywordMain.stepFailed(WebUIKeywordMain.groovy:117)
	at com.kms.katalon.core.webui.keyword.internal.WebUIKeywordMain.runKeyword(WebUIKeywordMain.groovy:43)
	at com.kms.katalon.core.webui.keyword.builtin.ClickKeyword.click(ClickKeyword.groovy:74)
	at com.kms.katalon.core.webui.keyword.builtin.ClickKeyword.execute(ClickKeyword.groovy:40)
	at com.kms.katalon.core.keyword.internal.KeywordExecutor.executeKeywordForPlatform(KeywordExecutor.groovy:74)
	at com.kms.katalon.core.webui.keyword.WebUiBuiltInKeywords.click(WebUiBuiltInKeywords.groovy:659)
	at com.kms.katalon.core.webui.keyword.WebUiBuiltInKeywords$click$1.call(Unknown Source)
	at SPG - Advanced Filter - Order Status.run(SPG - Advanced Filter - Order Status:56)
	at com.kms.katalon.core.main.ScriptEngine.run(ScriptEngine.java:194)
	at com.kms.katalon.core.main.ScriptEngine.runScriptAsRawText(ScriptEngine.java:119)
	at com.kms.katalon.core.main.TestCaseExecutor.runScript(TestCaseExecutor.java:448)
	at com.kms.katalon.core.main.TestCaseExecutor.doExecute(TestCaseExecutor.java:439)
	at com.kms.katalon.core.main.TestCaseExecutor.processExecutionPhase(TestCaseExecutor.java:418)
	at com.kms.katalon.core.main.TestCaseExecutor.accessMainPhase(TestCaseExecutor.java:410)
	at com.kms.katalon.core.main.TestCaseExecutor.execute(TestCaseExecutor.java:285)
	at com.kms.katalon.core.common.CommonExecutor.accessTestCaseMainPhase(CommonExecutor.java:65)
	at com.kms.katalon.core.main.TestSuiteExecutor.accessTestSuiteMainPhase(TestSuiteExecutor.java:150)
	at com.kms.katalon.core.main.TestSuiteExecutor.execute(TestSuiteExecutor.java:106)
	at com.kms.katalon.core.main.TestCaseMain.startTestSuite(TestCaseMain.java:180)
	at com.kms.katalon.core.main.TestCaseMain$startTestSuite$0.call(Unknown Source)
	at TempTestSuite1761139096516.run(TempTestSuite1761139096516.groovy:35)
	at java.base/jdk.internal.reflect.NativeMethodAccessorImpl.invoke0(Native Method)
	at java.base/jdk.internal.reflect.NativeMethodAccessorImpl.invoke(NativeMethodAccessorImpl.java:77)
	at java.base/jdk.internal.reflect.DelegatingMethodAccessorImpl.invoke(DelegatingMethodAccessorImpl.java:43)
Caused by: com.kms.katalon.core.webui.exception.WebElementNotFoundException: Web element with id: 'Object Repository/TripFocus/Orders/Advanced Filters/Basic Search Fields/Order_Status_dropdown' located by '/html/body/div/div[2]/div/main/div/div[2]/div/div[2]/div/div/div[1]/div/div/div[2]/div[1]/div/div[1]' not found
	at com.kms.katalon.core.webui.common.WebUiCommonHelper.findWebElement(WebUiCommonHelper.java:1423)
	at com.kms.katalon.core.webui.keyword.internal.WebUIAbstractKeyword.findWebElement(WebUIAbstractKeyword.groovy:27)
	at com.kms.katalon.core.webui.keyword.builtin.ClickKeyword$_click_closure1.doCall(ClickKeyword.groovy:65)
	at com.kms.katalon.core.webui.keyword.builtin.ClickKeyword$_click_closure1.call(ClickKeyword.groovy)
	at com.kms.katalon.core.webui.keyword.internal.WebUIKeywordMain.runKeyword(WebUIKeywordMain.groovy:35)
	... 22 more]]></system-err>
      </testcase>
      <testcase name="Test Cases/TripFocus/SPG/SPG - Orders/SPG - Advanced Filter - Shipped From" time="66.466" classname="Test Cases/TripFocus/SPG/SPG - Orders/SPG - Advanced Filter - Shipped From" status="FAILED">
         <failure type="FAILED" message="Test Cases/TripFocus/SPG/SPG - Orders/SPG - Advanced Filter - Shipped From FAILED.&#xa;Reason:&#xa;com.kms.katalon.core.exception.StepFailedException: Unable to send keys '05/24/2024' to object 'Object Repository/TripFocus/Orders/Advanced Filters/Advanced Date Fields/Shipped_From_txt'&#xa;	at com.kms.katalon.core.webui.keyword.internal.WebUIKeywordMain.stepFailed(WebUIKeywordMain.groovy:117)&#xa;	at com.kms.katalon.core.webui.keyword.internal.WebUIKeywordMain.runKeyword(WebUIKeywordMain.groovy:43)&#xa;	at com.kms.katalon.core.webui.keyword.builtin.SendKeysKeyword.sendKeys(SendKeysKeyword.groovy:60)&#xa;	at com.kms.katalon.core.webui.keyword.builtin.SendKeysKeyword.execute(SendKeysKeyword.groovy:38)&#xa;	at com.kms.katalon.core.keyword.internal.KeywordExecutor.executeKeywordForPlatform(KeywordExecutor.groovy:74)&#xa;	at com.kms.katalon.core.webui.keyword.WebUiBuiltInKeywords.sendKeys(WebUiBuiltInKeywords.groovy:903)&#xa;	at com.kms.katalon.core.webui.keyword.WebUiBuiltInKeywords$sendKeys$9.call(Unknown Source)&#xa;	at SPG - Advanced Filter - Shipped From.run(SPG - Advanced Filter - Shipped From:60)&#xa;	at com.kms.katalon.core.main.ScriptEngine.run(ScriptEngine.java:194)&#xa;	at com.kms.katalon.core.main.ScriptEngine.runScriptAsRawText(ScriptEngine.java:119)&#xa;	at com.kms.katalon.core.main.TestCaseExecutor.runScript(TestCaseExecutor.java:448)&#xa;	at com.kms.katalon.core.main.TestCaseExecutor.doExecute(TestCaseExecutor.java:439)&#xa;	at com.kms.katalon.core.main.TestCaseExecutor.processExecutionPhase(TestCaseExecutor.java:418)&#xa;	at com.kms.katalon.core.main.TestCaseExecutor.accessMainPhase(TestCaseExecutor.java:410)&#xa;	at com.kms.katalon.core.main.TestCaseExecutor.execute(TestCaseExecutor.java:285)&#xa;	at com.kms.katalon.core.common.CommonExecutor.accessTestCaseMainPhase(CommonExecutor.java:65)&#xa;	at com.kms.katalon.core.main.TestSuiteExecutor.accessTestSuiteMainPhase(TestSuiteExecutor.java:150)&#xa;	at com.kms.katalon.core.main.TestSuiteExecutor.execute(TestSuiteExecutor.java:106)&#xa;	at com.kms.katalon.core.main.TestCaseMain.startTestSuite(TestCaseMain.java:180)&#xa;	at com.kms.katalon.core.main.TestCaseMain$startTestSuite$0.call(Unknown Source)&#xa;	at TempTestSuite1761139096516.run(TempTestSuite1761139096516.groovy:35)&#xa;	at java.base/jdk.internal.reflect.NativeMethodAccessorImpl.invoke0(Native Method)&#xa;	at java.base/jdk.internal.reflect.NativeMethodAccessorImpl.invoke(NativeMethodAccessorImpl.java:77)&#xa;	at java.base/jdk.internal.reflect.DelegatingMethodAccessorImpl.invoke(DelegatingMethodAccessorImpl.java:43)&#xa;Caused by: com.kms.katalon.core.webui.exception.WebElementNotFoundException: Web element with id: 'Object Repository/TripFocus/Orders/Advanced Filters/Advanced Date Fields/Shipped_From_txt' located by '/html/body/div/div[2]/div/main/div/div[2]/div/div[2]/div/div/div[3]/div/div/div[1]/div[1]/div/fieldset/div/div/input' not found&#xa;	at com.kms.katalon.core.webui.common.WebUiCommonHelper.findWebElement(WebUiCommonHelper.java:1423)&#xa;	at com.kms.katalon.core.webui.keyword.internal.WebUIAbstractKeyword.findWebElement(WebUIAbstractKeyword.groovy:27)&#xa;	at com.kms.katalon.core.webui.keyword.internal.WebUIAbstractKeyword.findWebElement(WebUIAbstractKeyword.groovy:26)&#xa;	at com.kms.katalon.core.webui.keyword.builtin.SendKeysKeyword$_sendKeys_closure1.doCall(SendKeysKeyword.groovy:52)&#xa;	at com.kms.katalon.core.webui.keyword.builtin.SendKeysKeyword$_sendKeys_closure1.call(SendKeysKeyword.groovy)&#xa;	at com.kms.katalon.core.webui.keyword.internal.WebUIKeywordMain.runKeyword(WebUIKeywordMain.groovy:35)&#xa;	... 22 more&#xa;"/>
         <system-out><![CDATA[22-10-2025T11:01:39 - [TEST_CASE][FAILED] - Test Cases/TripFocus/SPG/SPG - Orders/SPG - Advanced Filter - Shipped From: Test Cases/TripFocus/SPG/SPG - Orders/SPG - Advanced Filter - Shipped From FAILED.
Reason:
com.kms.katalon.core.exception.StepFailedException: Unable to send keys '05/24/2024' to object 'Object Repository/TripFocus/Orders/Advanced Filters/Advanced Date Fields/Shipped_From_txt'
	at com.kms.katalon.core.webui.keyword.internal.WebUIKeywordMain.stepFailed(WebUIKeywordMain.groovy:117)
	at com.kms.katalon.core.webui.keyword.internal.WebUIKeywordMain.runKeyword(WebUIKeywordMain.groovy:43)
	at com.kms.katalon.core.webui.keyword.builtin.SendKeysKeyword.sendKeys(SendKeysKeyword.groovy:60)
	at com.kms.katalon.core.webui.keyword.builtin.SendKeysKeyword.execute(SendKeysKeyword.groovy:38)
	at com.kms.katalon.core.keyword.internal.KeywordExecutor.executeKeywordForPlatform(KeywordExecutor.groovy:74)
	at com.kms.katalon.core.webui.keyword.WebUiBuiltInKeywords.sendKeys(WebUiBuiltInKeywords.groovy:903)
	at com.kms.katalon.core.webui.keyword.WebUiBuiltInKeywords$sendKeys$9.call(Unknown Source)
	at SPG - Advanced Filter - Shipped From.run(SPG - Advanced Filter - Shipped From:60)
	at com.kms.katalon.core.main.ScriptEngine.run(ScriptEngine.java:194)
	at com.kms.katalon.core.main.ScriptEngine.runScriptAsRawText(ScriptEngine.java:119)
	at com.kms.katalon.core.main.TestCaseExecutor.runScript(TestCaseExecutor.java:448)
	at com.kms.katalon.core.main.TestCaseExecutor.doExecute(TestCaseExecutor.java:439)
	at com.kms.katalon.core.main.TestCaseExecutor.processExecutionPhase(TestCaseExecutor.java:418)
	at com.kms.katalon.core.main.TestCaseExecutor.accessMainPhase(TestCaseExecutor.java:410)
	at com.kms.katalon.core.main.TestCaseExecutor.execute(TestCaseExecutor.java:285)
	at com.kms.katalon.core.common.CommonExecutor.accessTestCaseMainPhase(CommonExecutor.java:65)
	at com.kms.katalon.core.main.TestSuiteExecutor.accessTestSuiteMainPhase(TestSuiteExecutor.java:150)
	at com.kms.katalon.core.main.TestSuiteExecutor.execute(TestSuiteExecutor.java:106)
	at com.kms.katalon.core.main.TestCaseMain.startTestSuite(TestCaseMain.java:180)
	at com.kms.katalon.core.main.TestCaseMain$startTestSuite$0.call(Unknown Source)
	at TempTestSuite1761139096516.run(TempTestSuite1761139096516.groovy:35)
	at java.base/jdk.internal.reflect.NativeMethodAccessorImpl.invoke0(Native Method)
	at java.base/jdk.internal.reflect.NativeMethodAccessorImpl.invoke(NativeMethodAccessorImpl.java:77)
	at java.base/jdk.internal.reflect.DelegatingMethodAccessorImpl.invoke(DelegatingMethodAccessorImpl.java:43)
Caused by: com.kms.katalon.core.webui.exception.WebElementNotFoundException: Web element with id: 'Object Repository/TripFocus/Orders/Advanced Filters/Advanced Date Fields/Shipped_From_txt' located by '/html/body/div/div[2]/div/main/div/div[2]/div/div[2]/div/div/div[3]/div/div/div[1]/div[1]/div/fieldset/div/div/input' not found
	at com.kms.katalon.core.webui.common.WebUiCommonHelper.findWebElement(WebUiCommonHelper.java:1423)
	at com.kms.katalon.core.webui.keyword.internal.WebUIAbstractKeyword.findWebElement(WebUIAbstractKeyword.groovy:27)
	at com.kms.katalon.core.webui.keyword.internal.WebUIAbstractKeyword.findWebElement(WebUIAbstractKeyword.groovy:26)
	at com.kms.katalon.core.webui.keyword.builtin.SendKeysKeyword$_sendKeys_closure1.doCall(SendKeysKeyword.groovy:52)
	at com.kms.katalon.core.webui.keyword.builtin.SendKeysKeyword$_sendKeys_closure1.call(SendKeysKeyword.groovy)
	at com.kms.katalon.core.webui.keyword.internal.WebUIKeywordMain.runKeyword(WebUIKeywordMain.groovy:35)
	... 22 more


22-10-2025T11:01:39 - [TEST_STEP][PASSED] - Start listener action : beforeTestCase: null

22-10-2025T11:01:39 - [TEST_STEP][PASSED] - addDefaultPackages(): null

22-10-2025T11:01:39 - [TEST_STEP][PASSED] - openBrowser(""): Browser is opened with url: ''

22-10-2025T11:01:39 - [MESSAGE][WARNING] - A browser is already opened. Closing browser and opening a new one

22-10-2025T11:01:39 - [MESSAGE][INFO] - Starting 'Chrome' driver

22-10-2025T11:01:39 - [MESSAGE][INFO] - User set preference: ['args', '[--no-sandbox, --disable-gpu, --disable-dev-shm-usage]']

22-10-2025T11:01:39 - [MESSAGE][INFO] - Action delay is set to 0 milliseconds

22-10-2025T11:01:41 - [MESSAGE][PASSED] - Browser is opened with url: ''

22-10-2025T11:01:41 - [TEST_STEP][PASSED] - navigateToUrl(TFBaseURL): Navigate to 'https://www.qa.tripfocus.com' successfully

22-10-2025T11:01:41 - [MESSAGE][PASSED] - Navigate to 'https://www.qa.tripfocus.com' successfully

22-10-2025T11:01:41 - [TEST_STEP][PASSED] - click(findTestObject("Object Repository/TripFocus/Page_TripFocus/button_Sign in")): Object: 'Object Repository/TripFocus/Page_TripFocus/button_Sign in' is clicked on

22-10-2025T11:01:41 - [MESSAGE][PASSED] - Object: 'Object Repository/TripFocus/Page_TripFocus/button_Sign in' is clicked on

22-10-2025T11:01:41 - [TEST_STEP][PASSED] - setText(findTestObject("Object Repository/TripFocus/Page_TripFocus/input_Username (e.g. email address)_Username"), TripFocusBleachTechSPGUsername): Text 'Ashford.Chenault+BleachtechCustomerSPGONLY@thekag.com' is set on object 'Object Repository/TripFocus/Page_TripFocus/input_Username (e.g. email address)_Username'

22-10-2025T11:01:42 - [MESSAGE][PASSED] - Text 'Ashford.Chenault+BleachtechCustomerSPGONLY@thekag.com' is set on object 'Object Repository/TripFocus/Page_TripFocus/input_Username (e.g. email address)_Username'

22-10-2025T11:01:42 - [TEST_STEP][PASSED] - setText(findTestObject("Object Repository/TripFocus/Page_TripFocus/input_Password_Password"), TripFocusFDGSPGPassword): Text 'CrashBan911!!' is set on object 'Object Repository/TripFocus/Page_TripFocus/input_Password_Password'

22-10-2025T11:01:42 - [MESSAGE][PASSED] - Text 'CrashBan911!!' is set on object 'Object Repository/TripFocus/Page_TripFocus/input_Password_Password'

22-10-2025T11:01:42 - [TEST_STEP][PASSED] - click(findTestObject("Object Repository/TripFocus/Page_TripFocus/button_Login")): Object: 'Object Repository/TripFocus/Page_TripFocus/button_Login' is clicked on

22-10-2025T11:01:43 - [MESSAGE][PASSED] - Object: 'Object Repository/TripFocus/Page_TripFocus/button_Login' is clicked on

22-10-2025T11:01:43 - [TEST_STEP][PASSED] - maximizeWindow(): Current window maximized

22-10-2025T11:01:43 - [MESSAGE][PASSED] - Current window maximized

22-10-2025T11:01:43 - [TEST_STEP][PASSED] - waitForElementVisible(findTestObject("TripFocus/Testing_Notification_btn"), 15, OPTIONAL): Web element with id: 'Object Repository/TripFocus/Testing_Notification_btn' located by '//*[@id="__BVID__10___BV_modal_footer_"]/button' not found

22-10-2025T11:01:59 - [MESSAGE][INFO] - Unable to find the element located by 'By.xpath: //*[@id="__BVID__10___BV_modal_footer_"]/button'. Please recheck the objects properties to make sure the desired element is located. 

22-10-2025T11:01:59 - [MESSAGE][WARNING] - [SELF-HEALING] Failed to find element with id 'Object Repository/TripFocus/Testing_Notification_btn'. Try using Self-healing.

22-10-2025T11:02:00 - [MESSAGE][INFO] - [SELF-HEALING] No working XPath is found.

22-10-2025T11:02:02 - [MESSAGE][INFO] - Unable to find the element located by 'By.xpath: '. Please recheck the objects properties to make sure the desired element is located. 

22-10-2025T11:02:02 - [MESSAGE][WARNING] - [SELF-HEALING] Cannot find elements when the selector is null

22-10-2025T11:02:02 - [MESSAGE][WARNING] - Web element with id: 'Object Repository/TripFocus/Testing_Notification_btn' located by '//*[@id="__BVID__10___BV_modal_footer_"]/button' not found

22-10-2025T11:02:02 - [TEST_STEP][PASSED] - if (verifyElementVisible(findTestObject("TripFocus/Testing_Notification_btn"), OPTIONAL) == true): Web element with id: 'Object Repository/TripFocus/Testing_Notification_btn' located by '//*[@id="__BVID__10___BV_modal_footer_"]/button' not found (Root cause: com.kms.katalon.core.exception.StepFailedException: Web element with id: 'Object Repository/TripFocus/Testing_Notification_btn' located by '//*[@id="__BVID__10___BV_modal_footer_"]/button' not found
	at com.kms.katalon.core.webui.keyword.internal.WebUIKeywordMain.stepFailed(WebUIKeywordMain.groovy:117)
	at com.kms.katalon.core.webui.keyword.builtin.VerifyElementVisibleKeyword$_verifyElementVisible_closure1.doCall(VerifyElementVisibleKeyword.groovy:89)
	at com.kms.katalon.core.webui.keyword.builtin.VerifyElementVisibleKeyword$_verifyElementVisible_closure1.call(VerifyElementVisibleKeyword.groovy)
	at com.kms.katalon.core.webui.keyword.internal.WebUIKeywordMain.runKeyword(WebUIKeywordMain.groovy:35)
	at com.kms.katalon.core.webui.keyword.builtin.VerifyElementVisibleKeyword.verifyElementVisible(VerifyElementVisibleKeyword.groovy:97)
	at com.kms.katalon.core.webui.keyword.builtin.VerifyElementVisibleKeyword.execute(VerifyElementVisibleKeyword.groovy:67)
	at com.kms.katalon.core.keyword.internal.KeywordExecutor.executeKeywordForPlatform(KeywordExecutor.groovy:74)
	at com.kms.katalon.core.webui.keyword.WebUiBuiltInKeywords.verifyElementVisible(WebUiBuiltInKeywords.groovy:401)
	at com.kms.katalon.core.webui.keyword.WebUiBuiltInKeywords$verifyElementVisible$5.call(Unknown Source)
	at SPG - Advanced Filter - Shipped From.run(SPG - Advanced Filter - Shipped From:38)
	at com.kms.katalon.core.main.ScriptEngine.run(ScriptEngine.java:194)
	at com.kms.katalon.core.main.ScriptEngine.runScriptAsRawText(ScriptEngine.java:119)
	at com.kms.katalon.core.main.TestCaseExecutor.runScript(TestCaseExecutor.java:448)
	at com.kms.katalon.core.main.TestCaseExecutor.doExecute(TestCaseExecutor.java:439)
	at com.kms.katalon.core.main.TestCaseExecutor.processExecutionPhase(TestCaseExecutor.java:418)
	at com.kms.katalon.core.main.TestCaseExecutor.accessMainPhase(TestCaseExecutor.java:410)
	at com.kms.katalon.core.main.TestCaseExecutor.execute(TestCaseExecutor.java:285)
	at com.kms.katalon.core.common.CommonExecutor.accessTestCaseMainPhase(CommonExecutor.java:65)
	at com.kms.katalon.core.main.TestSuiteExecutor.accessTestSuiteMainPhase(TestSuiteExecutor.java:150)
	at com.kms.katalon.core.main.TestSuiteExecutor.execute(TestSuiteExecutor.java:106)
	at com.kms.katalon.core.main.TestCaseMain.startTestSuite(TestCaseMain.java:180)
	at com.kms.katalon.core.main.TestCaseMain$startTestSuite$0.call(Unknown Source)
	at TempTestSuite1761139096516.run(TempTestSuite1761139096516.groovy:35)
	at java.base/jdk.internal.reflect.NativeMethodAccessorImpl.invoke0(Native Method)
	at java.base/jdk.internal.reflect.NativeMethodAccessorImpl.invoke(NativeMethodAccessorImpl.java:77)
	at java.base/jdk.internal.reflect.DelegatingMethodAccessorImpl.invoke(DelegatingMethodAccessorImpl.java:43)
)

22-10-2025T11:02:18 - [MESSAGE][INFO] - Unable to find the element located by 'By.xpath: //*[@id="__BVID__10___BV_modal_footer_"]/button'. Please recheck the objects properties to make sure the desired element is located. 

22-10-2025T11:02:18 - [MESSAGE][WARNING] - [SELF-HEALING] Failed to find element with id 'Object Repository/TripFocus/Testing_Notification_btn'. Try using Self-healing.

22-10-2025T11:02:19 - [MESSAGE][INFO] - [SELF-HEALING] No working XPath is found.

22-10-2025T11:02:21 - [MESSAGE][INFO] - Unable to find the element located by 'By.xpath: '. Please recheck the objects properties to make sure the desired element is located. 

22-10-2025T11:02:21 - [MESSAGE][WARNING] - [SELF-HEALING] Cannot find elements when the selector is null

22-10-2025T11:02:21 - [MESSAGE][WARNING] - Web element with id: 'Object Repository/TripFocus/Testing_Notification_btn' located by '//*[@id="__BVID__10___BV_modal_footer_"]/button' not found (Root cause: com.kms.katalon.core.exception.StepFailedException: Web element with id: 'Object Repository/TripFocus/Testing_Notification_btn' located by '//*[@id="__BVID__10___BV_modal_footer_"]/button' not found
	at com.kms.katalon.core.webui.keyword.internal.WebUIKeywordMain.stepFailed(WebUIKeywordMain.groovy:117)
	at com.kms.katalon.core.webui.keyword.builtin.VerifyElementVisibleKeyword$_verifyElementVisible_closure1.doCall(VerifyElementVisibleKeyword.groovy:89)
	at com.kms.katalon.core.webui.keyword.builtin.VerifyElementVisibleKeyword$_verifyElementVisible_closure1.call(VerifyElementVisibleKeyword.groovy)
	at com.kms.katalon.core.webui.keyword.internal.WebUIKeywordMain.runKeyword(WebUIKeywordMain.groovy:35)
	at com.kms.katalon.core.webui.keyword.builtin.VerifyElementVisibleKeyword.verifyElementVisible(VerifyElementVisibleKeyword.groovy:97)
	at com.kms.katalon.core.webui.keyword.builtin.VerifyElementVisibleKeyword.execute(VerifyElementVisibleKeyword.groovy:67)
	at com.kms.katalon.core.keyword.internal.KeywordExecutor.executeKeywordForPlatform(KeywordExecutor.groovy:74)
	at com.kms.katalon.core.webui.keyword.WebUiBuiltInKeywords.verifyElementVisible(WebUiBuiltInKeywords.groovy:401)
	at com.kms.katalon.core.webui.keyword.WebUiBuiltInKeywords$verifyElementVisible$5.call(Unknown Source)
	at SPG - Advanced Filter - Shipped From.run(SPG - Advanced Filter - Shipped From:38)
	at com.kms.katalon.core.main.ScriptEngine.run(ScriptEngine.java:194)
	at com.kms.katalon.core.main.ScriptEngine.runScriptAsRawText(ScriptEngine.java:119)
	at com.kms.katalon.core.main.TestCaseExecutor.runScript(TestCaseExecutor.java:448)
	at com.kms.katalon.core.main.TestCaseExecutor.doExecute(TestCaseExecutor.java:439)
	at com.kms.katalon.core.main.TestCaseExecutor.processExecutionPhase(TestCaseExecutor.java:418)
	at com.kms.katalon.core.main.TestCaseExecutor.accessMainPhase(TestCaseExecutor.java:410)
	at com.kms.katalon.core.main.TestCaseExecutor.execute(TestCaseExecutor.java:285)
	at com.kms.katalon.core.common.CommonExecutor.accessTestCaseMainPhase(CommonExecutor.java:65)
	at com.kms.katalon.core.main.TestSuiteExecutor.accessTestSuiteMainPhase(TestSuiteExecutor.java:150)
	at com.kms.katalon.core.main.TestSuiteExecutor.execute(TestSuiteExecutor.java:106)
	at com.kms.katalon.core.main.TestCaseMain.startTestSuite(TestCaseMain.java:180)
	at com.kms.katalon.core.main.TestCaseMain$startTestSuite$0.call(Unknown Source)
	at TempTestSuite1761139096516.run(TempTestSuite1761139096516.groovy:35)
	at java.base/jdk.internal.reflect.NativeMethodAccessorImpl.invoke0(Native Method)
	at java.base/jdk.internal.reflect.NativeMethodAccessorImpl.invoke(NativeMethodAccessorImpl.java:77)
	at java.base/jdk.internal.reflect.DelegatingMethodAccessorImpl.invoke(DelegatingMethodAccessorImpl.java:43)
)

22-10-2025T11:02:21 - [TEST_STEP][PASSED] - click(findTestObject("TripFocus/SSO/SSO Orders Tab")): Object: 'Object Repository/TripFocus/SSO/SSO Orders Tab' is clicked on

22-10-2025T11:02:21 - [MESSAGE][PASSED] - Object: 'Object Repository/TripFocus/SSO/SSO Orders Tab' is clicked on

22-10-2025T11:02:21 - [TEST_STEP][PASSED] - waitForElementClickable(findTestObject("TripFocus/Orders/Advanced Filters_btn"), 30): Object 'Object Repository/TripFocus/Orders/Advanced Filters_btn' is clickable

22-10-2025T11:02:21 - [MESSAGE][PASSED] - Object 'Object Repository/TripFocus/Orders/Advanced Filters_btn' is clickable

22-10-2025T11:02:21 - [TEST_STEP][PASSED] - delay(1): Delayed 1 second(s)

22-10-2025T11:02:22 - [MESSAGE][PASSED] - Delayed 1 second(s)

22-10-2025T11:02:22 - [TEST_STEP][PASSED] - click(findTestObject("TripFocus/Orders/Advanced Filters_btn"), STOP_ON_FAILURE): Object: 'Object Repository/TripFocus/Orders/Advanced Filters_btn' is clicked on

22-10-2025T11:02:22 - [MESSAGE][PASSED] - Object: 'Object Repository/TripFocus/Orders/Advanced Filters_btn' is clicked on

22-10-2025T11:02:22 - [TEST_STEP][PASSED] - delay(2): Delayed 2 second(s)

22-10-2025T11:02:24 - [MESSAGE][PASSED] - Delayed 2 second(s)

22-10-2025T11:02:24 - [TEST_STEP][PASSED] - click(findTestObject("TripFocus/Orders/Advanced Filters/Advanced Date Fields/Advanced_Date_Fields_dropdown")): Object: 'Object Repository/TripFocus/Orders/Advanced Filters/Advanced Date Fields/Advanced_Date_Fields_dropdown' is clicked on

22-10-2025T11:02:25 - [MESSAGE][PASSED] - Object: 'Object Repository/TripFocus/Orders/Advanced Filters/Advanced Date Fields/Advanced_Date_Fields_dropdown' is clicked on

22-10-2025T11:02:25 - [TEST_STEP][PASSED] - delay(2): Delayed 2 second(s)

22-10-2025T11:02:27 - [MESSAGE][PASSED] - Delayed 2 second(s)

22-10-2025T11:02:27 - [TEST_STEP][FAILED] - sendKeys(findTestObject("TripFocus/Orders/Advanced Filters/Advanced Date Fields/Shipped_From_txt"), "05/24/2024"): Unable to send keys '05/24/2024' to object 'Object Repository/TripFocus/Orders/Advanced Filters/Advanced Date Fields/Shipped_From_txt' (Root cause: com.kms.katalon.core.exception.StepFailedException: Unable to send keys '05/24/2024' to object 'Object Repository/TripFocus/Orders/Advanced Filters/Advanced Date Fields/Shipped_From_txt'
	at com.kms.katalon.core.webui.keyword.internal.WebUIKeywordMain.stepFailed(WebUIKeywordMain.groovy:117)
	at com.kms.katalon.core.webui.keyword.internal.WebUIKeywordMain.runKeyword(WebUIKeywordMain.groovy:43)
	at com.kms.katalon.core.webui.keyword.builtin.SendKeysKeyword.sendKeys(SendKeysKeyword.groovy:60)
	at com.kms.katalon.core.webui.keyword.builtin.SendKeysKeyword.execute(SendKeysKeyword.groovy:38)
	at com.kms.katalon.core.keyword.internal.KeywordExecutor.executeKeywordForPlatform(KeywordExecutor.groovy:74)
	at com.kms.katalon.core.webui.keyword.WebUiBuiltInKeywords.sendKeys(WebUiBuiltInKeywords.groovy:903)
	at com.kms.katalon.core.webui.keyword.WebUiBuiltInKeywords$sendKeys$9.call(Unknown Source)
	at SPG - Advanced Filter - Shipped From.run(SPG - Advanced Filter - Shipped From:60)
	at com.kms.katalon.core.main.ScriptEngine.run(ScriptEngine.java:194)
	at com.kms.katalon.core.main.ScriptEngine.runScriptAsRawText(ScriptEngine.java:119)
	at com.kms.katalon.core.main.TestCaseExecutor.runScript(TestCaseExecutor.java:448)
	at com.kms.katalon.core.main.TestCaseExecutor.doExecute(TestCaseExecutor.java:439)
	at com.kms.katalon.core.main.TestCaseExecutor.processExecutionPhase(TestCaseExecutor.java:418)
	at com.kms.katalon.core.main.TestCaseExecutor.accessMainPhase(TestCaseExecutor.java:410)
	at com.kms.katalon.core.main.TestCaseExecutor.execute(TestCaseExecutor.java:285)
	at com.kms.katalon.core.common.CommonExecutor.accessTestCaseMainPhase(CommonExecutor.java:65)
	at com.kms.katalon.core.main.TestSuiteExecutor.accessTestSuiteMainPhase(TestSuiteExecutor.java:150)
	at com.kms.katalon.core.main.TestSuiteExecutor.execute(TestSuiteExecutor.java:106)
	at com.kms.katalon.core.main.TestCaseMain.startTestSuite(TestCaseMain.java:180)
	at com.kms.katalon.core.main.TestCaseMain$startTestSuite$0.call(Unknown Source)
	at TempTestSuite1761139096516.run(TempTestSuite1761139096516.groovy:35)
	at java.base/jdk.internal.reflect.NativeMethodAccessorImpl.invoke0(Native Method)
	at java.base/jdk.internal.reflect.NativeMethodAccessorImpl.invoke(NativeMethodAccessorImpl.java:77)
	at java.base/jdk.internal.reflect.DelegatingMethodAccessorImpl.invoke(DelegatingMethodAccessorImpl.java:43)
Caused by: com.kms.katalon.core.webui.exception.WebElementNotFoundException: Web element with id: 'Object Repository/TripFocus/Orders/Advanced Filters/Advanced Date Fields/Shipped_From_txt' located by '/html/body/div/div[2]/div/main/div/div[2]/div/div[2]/div/div/div[3]/div/div/div[1]/div[1]/div/fieldset/div/div/input' not found
	at com.kms.katalon.core.webui.common.WebUiCommonHelper.findWebElement(WebUiCommonHelper.java:1423)
	at com.kms.katalon.core.webui.keyword.internal.WebUIAbstractKeyword.findWebElement(WebUIAbstractKeyword.groovy:27)
	at com.kms.katalon.core.webui.keyword.internal.WebUIAbstractKeyword.findWebElement(WebUIAbstractKeyword.groovy:26)
	at com.kms.katalon.core.webui.keyword.builtin.SendKeysKeyword$_sendKeys_closure1.doCall(SendKeysKeyword.groovy:52)
	at com.kms.katalon.core.webui.keyword.builtin.SendKeysKeyword$_sendKeys_closure1.call(SendKeysKeyword.groovy)
	at com.kms.katalon.core.webui.keyword.internal.WebUIKeywordMain.runKeyword(WebUIKeywordMain.groovy:35)
	at com.kms.katalon.core.webui.keyword.builtin.SendKeysKeyword.sendKeys(SendKeysKeyword.groovy:60)
	at com.kms.katalon.core.webui.keyword.builtin.SendKeysKeyword.execute(SendKeysKeyword.groovy:38)
	at com.kms.katalon.core.keyword.internal.KeywordExecutor.executeKeywordForPlatform(KeywordExecutor.groovy:74)
	at com.kms.katalon.core.webui.keyword.WebUiBuiltInKeywords.sendKeys(WebUiBuiltInKeywords.groovy:903)
	at com.kms.katalon.core.webui.keyword.WebUiBuiltInKeywords$sendKeys$9.call(Unknown Source)
	at Script1745009435326.run(Script1745009435326.groovy:60)
	... 16 more
)

22-10-2025T11:02:43 - [MESSAGE][INFO] - Unable to find the element located by 'By.xpath: /html/body/div/div[2]/div/main/div/div[2]/div/div[2]/div/div/div[3]/div/div/div[1]/div[1]/div/fieldset/div/div/input'. Please recheck the objects properties to make sure the desired element is located. 

22-10-2025T11:02:43 - [MESSAGE][WARNING] - [SELF-HEALING] Failed to find element with id 'Object Repository/TripFocus/Orders/Advanced Filters/Advanced Date Fields/Shipped_From_txt'. Try using Self-healing.

22-10-2025T11:02:44 - [MESSAGE][INFO] - [SELF-HEALING] No working XPath is found.

22-10-2025T11:02:46 - [MESSAGE][INFO] - Unable to find the element located by 'By.xpath: '. Please recheck the objects properties to make sure the desired element is located. 

22-10-2025T11:02:46 - [MESSAGE][WARNING] - [SELF-HEALING] Cannot find elements when the selector is null

22-10-2025T11:02:46 - [MESSAGE][FAILED] - Unable to send keys '05/24/2024' to object 'Object Repository/TripFocus/Orders/Advanced Filters/Advanced Date Fields/Shipped_From_txt' (Root cause: com.kms.katalon.core.exception.StepFailedException: Unable to send keys '05/24/2024' to object 'Object Repository/TripFocus/Orders/Advanced Filters/Advanced Date Fields/Shipped_From_txt'
	at com.kms.katalon.core.webui.keyword.internal.WebUIKeywordMain.stepFailed(WebUIKeywordMain.groovy:117)
	at com.kms.katalon.core.webui.keyword.internal.WebUIKeywordMain.runKeyword(WebUIKeywordMain.groovy:43)
	at com.kms.katalon.core.webui.keyword.builtin.SendKeysKeyword.sendKeys(SendKeysKeyword.groovy:60)
	at com.kms.katalon.core.webui.keyword.builtin.SendKeysKeyword.execute(SendKeysKeyword.groovy:38)
	at com.kms.katalon.core.keyword.internal.KeywordExecutor.executeKeywordForPlatform(KeywordExecutor.groovy:74)
	at com.kms.katalon.core.webui.keyword.WebUiBuiltInKeywords.sendKeys(WebUiBuiltInKeywords.groovy:903)
	at com.kms.katalon.core.webui.keyword.WebUiBuiltInKeywords$sendKeys$9.call(Unknown Source)
	at SPG - Advanced Filter - Shipped From.run(SPG - Advanced Filter - Shipped From:60)
	at com.kms.katalon.core.main.ScriptEngine.run(ScriptEngine.java:194)
	at com.kms.katalon.core.main.ScriptEngine.runScriptAsRawText(ScriptEngine.java:119)
	at com.kms.katalon.core.main.TestCaseExecutor.runScript(TestCaseExecutor.java:448)
	at com.kms.katalon.core.main.TestCaseExecutor.doExecute(TestCaseExecutor.java:439)
	at com.kms.katalon.core.main.TestCaseExecutor.processExecutionPhase(TestCaseExecutor.java:418)
	at com.kms.katalon.core.main.TestCaseExecutor.accessMainPhase(TestCaseExecutor.java:410)
	at com.kms.katalon.core.main.TestCaseExecutor.execute(TestCaseExecutor.java:285)
	at com.kms.katalon.core.common.CommonExecutor.accessTestCaseMainPhase(CommonExecutor.java:65)
	at com.kms.katalon.core.main.TestSuiteExecutor.accessTestSuiteMainPhase(TestSuiteExecutor.java:150)
	at com.kms.katalon.core.main.TestSuiteExecutor.execute(TestSuiteExecutor.java:106)
	at com.kms.katalon.core.main.TestCaseMain.startTestSuite(TestCaseMain.java:180)
	at com.kms.katalon.core.main.TestCaseMain$startTestSuite$0.call(Unknown Source)
	at TempTestSuite1761139096516.run(TempTestSuite1761139096516.groovy:35)
	at java.base/jdk.internal.reflect.NativeMethodAccessorImpl.invoke0(Native Method)
	at java.base/jdk.internal.reflect.NativeMethodAccessorImpl.invoke(NativeMethodAccessorImpl.java:77)
	at java.base/jdk.internal.reflect.DelegatingMethodAccessorImpl.invoke(DelegatingMethodAccessorImpl.java:43)
Caused by: com.kms.katalon.core.webui.exception.WebElementNotFoundException: Web element with id: 'Object Repository/TripFocus/Orders/Advanced Filters/Advanced Date Fields/Shipped_From_txt' located by '/html/body/div/div[2]/div/main/div/div[2]/div/div[2]/div/div/div[3]/div/div/div[1]/div[1]/div/fieldset/div/div/input' not found
	at com.kms.katalon.core.webui.common.WebUiCommonHelper.findWebElement(WebUiCommonHelper.java:1423)
	at com.kms.katalon.core.webui.keyword.internal.WebUIAbstractKeyword.findWebElement(WebUIAbstractKeyword.groovy:27)
	at com.kms.katalon.core.webui.keyword.internal.WebUIAbstractKeyword.findWebElement(WebUIAbstractKeyword.groovy:26)
	at com.kms.katalon.core.webui.keyword.builtin.SendKeysKeyword$_sendKeys_closure1.doCall(SendKeysKeyword.groovy:52)
	at com.kms.katalon.core.webui.keyword.builtin.SendKeysKeyword$_sendKeys_closure1.call(SendKeysKeyword.groovy)
	at com.kms.katalon.core.webui.keyword.internal.WebUIKeywordMain.runKeyword(WebUIKeywordMain.groovy:35)
	at com.kms.katalon.core.webui.keyword.builtin.SendKeysKeyword.sendKeys(SendKeysKeyword.groovy:60)
	at com.kms.katalon.core.webui.keyword.builtin.SendKeysKeyword.execute(SendKeysKeyword.groovy:38)
	at com.kms.katalon.core.keyword.internal.KeywordExecutor.executeKeywordForPlatform(KeywordExecutor.groovy:74)
	at com.kms.katalon.core.webui.keyword.WebUiBuiltInKeywords.sendKeys(WebUiBuiltInKeywords.groovy:903)
	at com.kms.katalon.core.webui.keyword.WebUiBuiltInKeywords$sendKeys$9.call(Unknown Source)
	at Script1745009435326.run(Script1745009435326.groovy:60)
	... 16 more
)

22-10-2025T11:02:46 - [TEST_STEP][PASSED] - Start listener action : retryOnDisconnect: Current window's url is: 'https://www.qa.tripfocus.com/order-tenders'

22-10-2025T11:02:46 - [TEST_STEP][PASSED] - tcId = testCaseContext.getTestCaseId(): null

22-10-2025T11:02:46 - [TEST_STEP][PASSED] - currentRetry = retryCounts.getOrDefault(tcId, 0): null

22-10-2025T11:02:46 - [TEST_STEP][PASSED] - if (testCaseContext.getTestCaseStatus() == "FAILED" && currentRetry < MAX_RETRIES): Current window's url is: 'https://www.qa.tripfocus.com/order-tenders'

22-10-2025T11:02:46 - [TEST_STEP][PASSED] - try: Current window's url is: 'https://www.qa.tripfocus.com/order-tenders'

22-10-2025T11:02:46 - [TEST_STEP][PASSED] - comment(Checking for WebDriver disconnect for test case: $tcId): Checking for WebDriver disconnect for test case: Test Cases/TripFocus/SPG/SPG - Orders/SPG - Advanced Filter - Shipped From

22-10-2025T11:02:46 - [MESSAGE][INFO] - Checking for WebDriver disconnect for test case: Test Cases/TripFocus/SPG/SPG - Orders/SPG - Advanced Filter - Shipped From

22-10-2025T11:02:46 - [TEST_STEP][PASSED] - getUrl(): Current window's url is: 'https://www.qa.tripfocus.com/order-tenders'

22-10-2025T11:02:46 - [MESSAGE][PASSED] - Current window's url is: 'https://www.qa.tripfocus.com/order-tenders']]></system-out>
         <system-err><![CDATA[22-10-2025T11:01:39 - [TEST_CASE][FAILED] - Test Cases/TripFocus/SPG/SPG - Orders/SPG - Advanced Filter - Shipped From: Test Cases/TripFocus/SPG/SPG - Orders/SPG - Advanced Filter - Shipped From FAILED.
Reason:
com.kms.katalon.core.exception.StepFailedException: Unable to send keys '05/24/2024' to object 'Object Repository/TripFocus/Orders/Advanced Filters/Advanced Date Fields/Shipped_From_txt'
	at com.kms.katalon.core.webui.keyword.internal.WebUIKeywordMain.stepFailed(WebUIKeywordMain.groovy:117)
	at com.kms.katalon.core.webui.keyword.internal.WebUIKeywordMain.runKeyword(WebUIKeywordMain.groovy:43)
	at com.kms.katalon.core.webui.keyword.builtin.SendKeysKeyword.sendKeys(SendKeysKeyword.groovy:60)
	at com.kms.katalon.core.webui.keyword.builtin.SendKeysKeyword.execute(SendKeysKeyword.groovy:38)
	at com.kms.katalon.core.keyword.internal.KeywordExecutor.executeKeywordForPlatform(KeywordExecutor.groovy:74)
	at com.kms.katalon.core.webui.keyword.WebUiBuiltInKeywords.sendKeys(WebUiBuiltInKeywords.groovy:903)
	at com.kms.katalon.core.webui.keyword.WebUiBuiltInKeywords$sendKeys$9.call(Unknown Source)
	at SPG - Advanced Filter - Shipped From.run(SPG - Advanced Filter - Shipped From:60)
	at com.kms.katalon.core.main.ScriptEngine.run(ScriptEngine.java:194)
	at com.kms.katalon.core.main.ScriptEngine.runScriptAsRawText(ScriptEngine.java:119)
	at com.kms.katalon.core.main.TestCaseExecutor.runScript(TestCaseExecutor.java:448)
	at com.kms.katalon.core.main.TestCaseExecutor.doExecute(TestCaseExecutor.java:439)
	at com.kms.katalon.core.main.TestCaseExecutor.processExecutionPhase(TestCaseExecutor.java:418)
	at com.kms.katalon.core.main.TestCaseExecutor.accessMainPhase(TestCaseExecutor.java:410)
	at com.kms.katalon.core.main.TestCaseExecutor.execute(TestCaseExecutor.java:285)
	at com.kms.katalon.core.common.CommonExecutor.accessTestCaseMainPhase(CommonExecutor.java:65)
	at com.kms.katalon.core.main.TestSuiteExecutor.accessTestSuiteMainPhase(TestSuiteExecutor.java:150)
	at com.kms.katalon.core.main.TestSuiteExecutor.execute(TestSuiteExecutor.java:106)
	at com.kms.katalon.core.main.TestCaseMain.startTestSuite(TestCaseMain.java:180)
	at com.kms.katalon.core.main.TestCaseMain$startTestSuite$0.call(Unknown Source)
	at TempTestSuite1761139096516.run(TempTestSuite1761139096516.groovy:35)
	at java.base/jdk.internal.reflect.NativeMethodAccessorImpl.invoke0(Native Method)
	at java.base/jdk.internal.reflect.NativeMethodAccessorImpl.invoke(NativeMethodAccessorImpl.java:77)
	at java.base/jdk.internal.reflect.DelegatingMethodAccessorImpl.invoke(DelegatingMethodAccessorImpl.java:43)
Caused by: com.kms.katalon.core.webui.exception.WebElementNotFoundException: Web element with id: 'Object Repository/TripFocus/Orders/Advanced Filters/Advanced Date Fields/Shipped_From_txt' located by '/html/body/div/div[2]/div/main/div/div[2]/div/div[2]/div/div/div[3]/div/div/div[1]/div[1]/div/fieldset/div/div/input' not found
	at com.kms.katalon.core.webui.common.WebUiCommonHelper.findWebElement(WebUiCommonHelper.java:1423)
	at com.kms.katalon.core.webui.keyword.internal.WebUIAbstractKeyword.findWebElement(WebUIAbstractKeyword.groovy:27)
	at com.kms.katalon.core.webui.keyword.internal.WebUIAbstractKeyword.findWebElement(WebUIAbstractKeyword.groovy:26)
	at com.kms.katalon.core.webui.keyword.builtin.SendKeysKeyword$_sendKeys_closure1.doCall(SendKeysKeyword.groovy:52)
	at com.kms.katalon.core.webui.keyword.builtin.SendKeysKeyword$_sendKeys_closure1.call(SendKeysKeyword.groovy)
	at com.kms.katalon.core.webui.keyword.internal.WebUIKeywordMain.runKeyword(WebUIKeywordMain.groovy:35)
	... 22 more]]></system-err>
      </testcase>
      <testcase name="Test Cases/TripFocus/SPG/SPG - Orders/SPG - Advanced Filter - Shipped To" time="65.652" classname="Test Cases/TripFocus/SPG/SPG - Orders/SPG - Advanced Filter - Shipped To" status="FAILED">
         <failure type="FAILED" message="Test Cases/TripFocus/SPG/SPG - Orders/SPG - Advanced Filter - Shipped To FAILED.&#xa;Reason:&#xa;com.kms.katalon.core.exception.StepFailedException: Unable to send keys '05/24/2024' to object 'Object Repository/TripFocus/Orders/Advanced Filters/Advanced Date Fields/Shipped_To_txt'&#xa;	at com.kms.katalon.core.webui.keyword.internal.WebUIKeywordMain.stepFailed(WebUIKeywordMain.groovy:117)&#xa;	at com.kms.katalon.core.webui.keyword.internal.WebUIKeywordMain.runKeyword(WebUIKeywordMain.groovy:43)&#xa;	at com.kms.katalon.core.webui.keyword.builtin.SendKeysKeyword.sendKeys(SendKeysKeyword.groovy:60)&#xa;	at com.kms.katalon.core.webui.keyword.builtin.SendKeysKeyword.execute(SendKeysKeyword.groovy:38)&#xa;	at com.kms.katalon.core.keyword.internal.KeywordExecutor.executeKeywordForPlatform(KeywordExecutor.groovy:74)&#xa;	at com.kms.katalon.core.webui.keyword.WebUiBuiltInKeywords.sendKeys(WebUiBuiltInKeywords.groovy:903)&#xa;	at com.kms.katalon.core.webui.keyword.WebUiBuiltInKeywords$sendKeys$9.call(Unknown Source)&#xa;	at SPG - Advanced Filter - Shipped To.run(SPG - Advanced Filter - Shipped To:60)&#xa;	at com.kms.katalon.core.main.ScriptEngine.run(ScriptEngine.java:194)&#xa;	at com.kms.katalon.core.main.ScriptEngine.runScriptAsRawText(ScriptEngine.java:119)&#xa;	at com.kms.katalon.core.main.TestCaseExecutor.runScript(TestCaseExecutor.java:448)&#xa;	at com.kms.katalon.core.main.TestCaseExecutor.doExecute(TestCaseExecutor.java:439)&#xa;	at com.kms.katalon.core.main.TestCaseExecutor.processExecutionPhase(TestCaseExecutor.java:418)&#xa;	at com.kms.katalon.core.main.TestCaseExecutor.accessMainPhase(TestCaseExecutor.java:410)&#xa;	at com.kms.katalon.core.main.TestCaseExecutor.execute(TestCaseExecutor.java:285)&#xa;	at com.kms.katalon.core.common.CommonExecutor.accessTestCaseMainPhase(CommonExecutor.java:65)&#xa;	at com.kms.katalon.core.main.TestSuiteExecutor.accessTestSuiteMainPhase(TestSuiteExecutor.java:150)&#xa;	at com.kms.katalon.core.main.TestSuiteExecutor.execute(TestSuiteExecutor.java:106)&#xa;	at com.kms.katalon.core.main.TestCaseMain.startTestSuite(TestCaseMain.java:180)&#xa;	at com.kms.katalon.core.main.TestCaseMain$startTestSuite$0.call(Unknown Source)&#xa;	at TempTestSuite1761139096516.run(TempTestSuite1761139096516.groovy:35)&#xa;	at java.base/jdk.internal.reflect.NativeMethodAccessorImpl.invoke0(Native Method)&#xa;	at java.base/jdk.internal.reflect.NativeMethodAccessorImpl.invoke(NativeMethodAccessorImpl.java:77)&#xa;	at java.base/jdk.internal.reflect.DelegatingMethodAccessorImpl.invoke(DelegatingMethodAccessorImpl.java:43)&#xa;Caused by: com.kms.katalon.core.webui.exception.WebElementNotFoundException: Web element with id: 'Object Repository/TripFocus/Orders/Advanced Filters/Advanced Date Fields/Shipped_To_txt' located by '/html/body/div/div[2]/div/main/div/div[2]/div/div[2]/div/div/div[3]/div/div/div[1]/div[2]/div/fieldset/div/div/input' not found&#xa;	at com.kms.katalon.core.webui.common.WebUiCommonHelper.findWebElement(WebUiCommonHelper.java:1423)&#xa;	at com.kms.katalon.core.webui.keyword.internal.WebUIAbstractKeyword.findWebElement(WebUIAbstractKeyword.groovy:27)&#xa;	at com.kms.katalon.core.webui.keyword.internal.WebUIAbstractKeyword.findWebElement(WebUIAbstractKeyword.groovy:26)&#xa;	at com.kms.katalon.core.webui.keyword.builtin.SendKeysKeyword$_sendKeys_closure1.doCall(SendKeysKeyword.groovy:52)&#xa;	at com.kms.katalon.core.webui.keyword.builtin.SendKeysKeyword$_sendKeys_closure1.call(SendKeysKeyword.groovy)&#xa;	at com.kms.katalon.core.webui.keyword.internal.WebUIKeywordMain.runKeyword(WebUIKeywordMain.groovy:35)&#xa;	... 22 more&#xa;"/>
         <system-out><![CDATA[22-10-2025T11:02:46 - [TEST_CASE][FAILED] - Test Cases/TripFocus/SPG/SPG - Orders/SPG - Advanced Filter - Shipped To: Test Cases/TripFocus/SPG/SPG - Orders/SPG - Advanced Filter - Shipped To FAILED.
Reason:
com.kms.katalon.core.exception.StepFailedException: Unable to send keys '05/24/2024' to object 'Object Repository/TripFocus/Orders/Advanced Filters/Advanced Date Fields/Shipped_To_txt'
	at com.kms.katalon.core.webui.keyword.internal.WebUIKeywordMain.stepFailed(WebUIKeywordMain.groovy:117)
	at com.kms.katalon.core.webui.keyword.internal.WebUIKeywordMain.runKeyword(WebUIKeywordMain.groovy:43)
	at com.kms.katalon.core.webui.keyword.builtin.SendKeysKeyword.sendKeys(SendKeysKeyword.groovy:60)
	at com.kms.katalon.core.webui.keyword.builtin.SendKeysKeyword.execute(SendKeysKeyword.groovy:38)
	at com.kms.katalon.core.keyword.internal.KeywordExecutor.executeKeywordForPlatform(KeywordExecutor.groovy:74)
	at com.kms.katalon.core.webui.keyword.WebUiBuiltInKeywords.sendKeys(WebUiBuiltInKeywords.groovy:903)
	at com.kms.katalon.core.webui.keyword.WebUiBuiltInKeywords$sendKeys$9.call(Unknown Source)
	at SPG - Advanced Filter - Shipped To.run(SPG - Advanced Filter - Shipped To:60)
	at com.kms.katalon.core.main.ScriptEngine.run(ScriptEngine.java:194)
	at com.kms.katalon.core.main.ScriptEngine.runScriptAsRawText(ScriptEngine.java:119)
	at com.kms.katalon.core.main.TestCaseExecutor.runScript(TestCaseExecutor.java:448)
	at com.kms.katalon.core.main.TestCaseExecutor.doExecute(TestCaseExecutor.java:439)
	at com.kms.katalon.core.main.TestCaseExecutor.processExecutionPhase(TestCaseExecutor.java:418)
	at com.kms.katalon.core.main.TestCaseExecutor.accessMainPhase(TestCaseExecutor.java:410)
	at com.kms.katalon.core.main.TestCaseExecutor.execute(TestCaseExecutor.java:285)
	at com.kms.katalon.core.common.CommonExecutor.accessTestCaseMainPhase(CommonExecutor.java:65)
	at com.kms.katalon.core.main.TestSuiteExecutor.accessTestSuiteMainPhase(TestSuiteExecutor.java:150)
	at com.kms.katalon.core.main.TestSuiteExecutor.execute(TestSuiteExecutor.java:106)
	at com.kms.katalon.core.main.TestCaseMain.startTestSuite(TestCaseMain.java:180)
	at com.kms.katalon.core.main.TestCaseMain$startTestSuite$0.call(Unknown Source)
	at TempTestSuite1761139096516.run(TempTestSuite1761139096516.groovy:35)
	at java.base/jdk.internal.reflect.NativeMethodAccessorImpl.invoke0(Native Method)
	at java.base/jdk.internal.reflect.NativeMethodAccessorImpl.invoke(NativeMethodAccessorImpl.java:77)
	at java.base/jdk.internal.reflect.DelegatingMethodAccessorImpl.invoke(DelegatingMethodAccessorImpl.java:43)
Caused by: com.kms.katalon.core.webui.exception.WebElementNotFoundException: Web element with id: 'Object Repository/TripFocus/Orders/Advanced Filters/Advanced Date Fields/Shipped_To_txt' located by '/html/body/div/div[2]/div/main/div/div[2]/div/div[2]/div/div/div[3]/div/div/div[1]/div[2]/div/fieldset/div/div/input' not found
	at com.kms.katalon.core.webui.common.WebUiCommonHelper.findWebElement(WebUiCommonHelper.java:1423)
	at com.kms.katalon.core.webui.keyword.internal.WebUIAbstractKeyword.findWebElement(WebUIAbstractKeyword.groovy:27)
	at com.kms.katalon.core.webui.keyword.internal.WebUIAbstractKeyword.findWebElement(WebUIAbstractKeyword.groovy:26)
	at com.kms.katalon.core.webui.keyword.builtin.SendKeysKeyword$_sendKeys_closure1.doCall(SendKeysKeyword.groovy:52)
	at com.kms.katalon.core.webui.keyword.builtin.SendKeysKeyword$_sendKeys_closure1.call(SendKeysKeyword.groovy)
	at com.kms.katalon.core.webui.keyword.internal.WebUIKeywordMain.runKeyword(WebUIKeywordMain.groovy:35)
	... 22 more


22-10-2025T11:02:46 - [TEST_STEP][PASSED] - Start listener action : beforeTestCase: null

22-10-2025T11:02:46 - [TEST_STEP][PASSED] - addDefaultPackages(): null

22-10-2025T11:02:46 - [TEST_STEP][PASSED] - openBrowser(""): Browser is opened with url: ''

22-10-2025T11:02:46 - [MESSAGE][WARNING] - A browser is already opened. Closing browser and opening a new one

22-10-2025T11:02:46 - [MESSAGE][INFO] - Starting 'Chrome' driver

22-10-2025T11:02:46 - [MESSAGE][INFO] - User set preference: ['args', '[--no-sandbox, --disable-gpu, --disable-dev-shm-usage]']

22-10-2025T11:02:46 - [MESSAGE][INFO] - Action delay is set to 0 milliseconds

22-10-2025T11:02:47 - [MESSAGE][PASSED] - Browser is opened with url: ''

22-10-2025T11:02:47 - [TEST_STEP][PASSED] - navigateToUrl(TFBaseURL): Navigate to 'https://www.qa.tripfocus.com' successfully

22-10-2025T11:02:47 - [MESSAGE][PASSED] - Navigate to 'https://www.qa.tripfocus.com' successfully

22-10-2025T11:02:47 - [TEST_STEP][PASSED] - click(findTestObject("Object Repository/TripFocus/Page_TripFocus/button_Sign in")): Object: 'Object Repository/TripFocus/Page_TripFocus/button_Sign in' is clicked on

22-10-2025T11:02:47 - [MESSAGE][PASSED] - Object: 'Object Repository/TripFocus/Page_TripFocus/button_Sign in' is clicked on

22-10-2025T11:02:47 - [TEST_STEP][PASSED] - setText(findTestObject("Object Repository/TripFocus/Page_TripFocus/input_Username (e.g. email address)_Username"), TripFocusBleachTechSPGUsername): Text 'Ashford.Chenault+BleachtechCustomerSPGONLY@thekag.com' is set on object 'Object Repository/TripFocus/Page_TripFocus/input_Username (e.g. email address)_Username'

22-10-2025T11:02:48 - [MESSAGE][PASSED] - Text 'Ashford.Chenault+BleachtechCustomerSPGONLY@thekag.com' is set on object 'Object Repository/TripFocus/Page_TripFocus/input_Username (e.g. email address)_Username'

22-10-2025T11:02:48 - [TEST_STEP][PASSED] - setText(findTestObject("Object Repository/TripFocus/Page_TripFocus/input_Password_Password"), TripFocusFDGSPGPassword): Text 'CrashBan911!!' is set on object 'Object Repository/TripFocus/Page_TripFocus/input_Password_Password'

22-10-2025T11:02:48 - [MESSAGE][PASSED] - Text 'CrashBan911!!' is set on object 'Object Repository/TripFocus/Page_TripFocus/input_Password_Password'

22-10-2025T11:02:48 - [TEST_STEP][PASSED] - click(findTestObject("Object Repository/TripFocus/Page_TripFocus/button_Login")): Object: 'Object Repository/TripFocus/Page_TripFocus/button_Login' is clicked on

22-10-2025T11:02:48 - [MESSAGE][PASSED] - Object: 'Object Repository/TripFocus/Page_TripFocus/button_Login' is clicked on

22-10-2025T11:02:48 - [TEST_STEP][PASSED] - maximizeWindow(): Current window maximized

22-10-2025T11:02:48 - [MESSAGE][PASSED] - Current window maximized

22-10-2025T11:02:48 - [TEST_STEP][PASSED] - waitForElementVisible(findTestObject("TripFocus/Testing_Notification_btn"), 15, OPTIONAL): Web element with id: 'Object Repository/TripFocus/Testing_Notification_btn' located by '//*[@id="__BVID__10___BV_modal_footer_"]/button' not found

22-10-2025T11:03:04 - [MESSAGE][INFO] - Unable to find the element located by 'By.xpath: //*[@id="__BVID__10___BV_modal_footer_"]/button'. Please recheck the objects properties to make sure the desired element is located. 

22-10-2025T11:03:04 - [MESSAGE][WARNING] - [SELF-HEALING] Failed to find element with id 'Object Repository/TripFocus/Testing_Notification_btn'. Try using Self-healing.

22-10-2025T11:03:05 - [MESSAGE][INFO] - [SELF-HEALING] No working XPath is found.

22-10-2025T11:03:07 - [MESSAGE][INFO] - Unable to find the element located by 'By.xpath: '. Please recheck the objects properties to make sure the desired element is located. 

22-10-2025T11:03:07 - [MESSAGE][WARNING] - [SELF-HEALING] Cannot find elements when the selector is null

22-10-2025T11:03:07 - [MESSAGE][WARNING] - Web element with id: 'Object Repository/TripFocus/Testing_Notification_btn' located by '//*[@id="__BVID__10___BV_modal_footer_"]/button' not found

22-10-2025T11:03:07 - [TEST_STEP][PASSED] - if (verifyElementVisible(findTestObject("TripFocus/Testing_Notification_btn"), OPTIONAL) == true): Web element with id: 'Object Repository/TripFocus/Testing_Notification_btn' located by '//*[@id="__BVID__10___BV_modal_footer_"]/button' not found (Root cause: com.kms.katalon.core.exception.StepFailedException: Web element with id: 'Object Repository/TripFocus/Testing_Notification_btn' located by '//*[@id="__BVID__10___BV_modal_footer_"]/button' not found
	at com.kms.katalon.core.webui.keyword.internal.WebUIKeywordMain.stepFailed(WebUIKeywordMain.groovy:117)
	at com.kms.katalon.core.webui.keyword.builtin.VerifyElementVisibleKeyword$_verifyElementVisible_closure1.doCall(VerifyElementVisibleKeyword.groovy:89)
	at com.kms.katalon.core.webui.keyword.builtin.VerifyElementVisibleKeyword$_verifyElementVisible_closure1.call(VerifyElementVisibleKeyword.groovy)
	at com.kms.katalon.core.webui.keyword.internal.WebUIKeywordMain.runKeyword(WebUIKeywordMain.groovy:35)
	at com.kms.katalon.core.webui.keyword.builtin.VerifyElementVisibleKeyword.verifyElementVisible(VerifyElementVisibleKeyword.groovy:97)
	at com.kms.katalon.core.webui.keyword.builtin.VerifyElementVisibleKeyword.execute(VerifyElementVisibleKeyword.groovy:67)
	at com.kms.katalon.core.keyword.internal.KeywordExecutor.executeKeywordForPlatform(KeywordExecutor.groovy:74)
	at com.kms.katalon.core.webui.keyword.WebUiBuiltInKeywords.verifyElementVisible(WebUiBuiltInKeywords.groovy:401)
	at com.kms.katalon.core.webui.keyword.WebUiBuiltInKeywords$verifyElementVisible$5.call(Unknown Source)
	at SPG - Advanced Filter - Shipped To.run(SPG - Advanced Filter - Shipped To:38)
	at com.kms.katalon.core.main.ScriptEngine.run(ScriptEngine.java:194)
	at com.kms.katalon.core.main.ScriptEngine.runScriptAsRawText(ScriptEngine.java:119)
	at com.kms.katalon.core.main.TestCaseExecutor.runScript(TestCaseExecutor.java:448)
	at com.kms.katalon.core.main.TestCaseExecutor.doExecute(TestCaseExecutor.java:439)
	at com.kms.katalon.core.main.TestCaseExecutor.processExecutionPhase(TestCaseExecutor.java:418)
	at com.kms.katalon.core.main.TestCaseExecutor.accessMainPhase(TestCaseExecutor.java:410)
	at com.kms.katalon.core.main.TestCaseExecutor.execute(TestCaseExecutor.java:285)
	at com.kms.katalon.core.common.CommonExecutor.accessTestCaseMainPhase(CommonExecutor.java:65)
	at com.kms.katalon.core.main.TestSuiteExecutor.accessTestSuiteMainPhase(TestSuiteExecutor.java:150)
	at com.kms.katalon.core.main.TestSuiteExecutor.execute(TestSuiteExecutor.java:106)
	at com.kms.katalon.core.main.TestCaseMain.startTestSuite(TestCaseMain.java:180)
	at com.kms.katalon.core.main.TestCaseMain$startTestSuite$0.call(Unknown Source)
	at TempTestSuite1761139096516.run(TempTestSuite1761139096516.groovy:35)
	at java.base/jdk.internal.reflect.NativeMethodAccessorImpl.invoke0(Native Method)
	at java.base/jdk.internal.reflect.NativeMethodAccessorImpl.invoke(NativeMethodAccessorImpl.java:77)
	at java.base/jdk.internal.reflect.DelegatingMethodAccessorImpl.invoke(DelegatingMethodAccessorImpl.java:43)
)

22-10-2025T11:03:23 - [MESSAGE][INFO] - Unable to find the element located by 'By.xpath: //*[@id="__BVID__10___BV_modal_footer_"]/button'. Please recheck the objects properties to make sure the desired element is located. 

22-10-2025T11:03:23 - [MESSAGE][WARNING] - [SELF-HEALING] Failed to find element with id 'Object Repository/TripFocus/Testing_Notification_btn'. Try using Self-healing.

22-10-2025T11:03:24 - [MESSAGE][INFO] - [SELF-HEALING] No working XPath is found.

22-10-2025T11:03:26 - [MESSAGE][INFO] - Unable to find the element located by 'By.xpath: '. Please recheck the objects properties to make sure the desired element is located. 

22-10-2025T11:03:26 - [MESSAGE][WARNING] - [SELF-HEALING] Cannot find elements when the selector is null

22-10-2025T11:03:26 - [MESSAGE][WARNING] - Web element with id: 'Object Repository/TripFocus/Testing_Notification_btn' located by '//*[@id="__BVID__10___BV_modal_footer_"]/button' not found (Root cause: com.kms.katalon.core.exception.StepFailedException: Web element with id: 'Object Repository/TripFocus/Testing_Notification_btn' located by '//*[@id="__BVID__10___BV_modal_footer_"]/button' not found
	at com.kms.katalon.core.webui.keyword.internal.WebUIKeywordMain.stepFailed(WebUIKeywordMain.groovy:117)
	at com.kms.katalon.core.webui.keyword.builtin.VerifyElementVisibleKeyword$_verifyElementVisible_closure1.doCall(VerifyElementVisibleKeyword.groovy:89)
	at com.kms.katalon.core.webui.keyword.builtin.VerifyElementVisibleKeyword$_verifyElementVisible_closure1.call(VerifyElementVisibleKeyword.groovy)
	at com.kms.katalon.core.webui.keyword.internal.WebUIKeywordMain.runKeyword(WebUIKeywordMain.groovy:35)
	at com.kms.katalon.core.webui.keyword.builtin.VerifyElementVisibleKeyword.verifyElementVisible(VerifyElementVisibleKeyword.groovy:97)
	at com.kms.katalon.core.webui.keyword.builtin.VerifyElementVisibleKeyword.execute(VerifyElementVisibleKeyword.groovy:67)
	at com.kms.katalon.core.keyword.internal.KeywordExecutor.executeKeywordForPlatform(KeywordExecutor.groovy:74)
	at com.kms.katalon.core.webui.keyword.WebUiBuiltInKeywords.verifyElementVisible(WebUiBuiltInKeywords.groovy:401)
	at com.kms.katalon.core.webui.keyword.WebUiBuiltInKeywords$verifyElementVisible$5.call(Unknown Source)
	at SPG - Advanced Filter - Shipped To.run(SPG - Advanced Filter - Shipped To:38)
	at com.kms.katalon.core.main.ScriptEngine.run(ScriptEngine.java:194)
	at com.kms.katalon.core.main.ScriptEngine.runScriptAsRawText(ScriptEngine.java:119)
	at com.kms.katalon.core.main.TestCaseExecutor.runScript(TestCaseExecutor.java:448)
	at com.kms.katalon.core.main.TestCaseExecutor.doExecute(TestCaseExecutor.java:439)
	at com.kms.katalon.core.main.TestCaseExecutor.processExecutionPhase(TestCaseExecutor.java:418)
	at com.kms.katalon.core.main.TestCaseExecutor.accessMainPhase(TestCaseExecutor.java:410)
	at com.kms.katalon.core.main.TestCaseExecutor.execute(TestCaseExecutor.java:285)
	at com.kms.katalon.core.common.CommonExecutor.accessTestCaseMainPhase(CommonExecutor.java:65)
	at com.kms.katalon.core.main.TestSuiteExecutor.accessTestSuiteMainPhase(TestSuiteExecutor.java:150)
	at com.kms.katalon.core.main.TestSuiteExecutor.execute(TestSuiteExecutor.java:106)
	at com.kms.katalon.core.main.TestCaseMain.startTestSuite(TestCaseMain.java:180)
	at com.kms.katalon.core.main.TestCaseMain$startTestSuite$0.call(Unknown Source)
	at TempTestSuite1761139096516.run(TempTestSuite1761139096516.groovy:35)
	at java.base/jdk.internal.reflect.NativeMethodAccessorImpl.invoke0(Native Method)
	at java.base/jdk.internal.reflect.NativeMethodAccessorImpl.invoke(NativeMethodAccessorImpl.java:77)
	at java.base/jdk.internal.reflect.DelegatingMethodAccessorImpl.invoke(DelegatingMethodAccessorImpl.java:43)
)

22-10-2025T11:03:26 - [TEST_STEP][PASSED] - click(findTestObject("TripFocus/SSO/SSO Orders Tab")): Object: 'Object Repository/TripFocus/SSO/SSO Orders Tab' is clicked on

22-10-2025T11:03:27 - [MESSAGE][PASSED] - Object: 'Object Repository/TripFocus/SSO/SSO Orders Tab' is clicked on

22-10-2025T11:03:27 - [TEST_STEP][PASSED] - waitForElementClickable(findTestObject("TripFocus/Orders/Advanced Filters_btn"), 30): Object 'Object Repository/TripFocus/Orders/Advanced Filters_btn' is clickable

22-10-2025T11:03:27 - [MESSAGE][PASSED] - Object 'Object Repository/TripFocus/Orders/Advanced Filters_btn' is clickable

22-10-2025T11:03:27 - [TEST_STEP][PASSED] - delay(1): Delayed 1 second(s)

22-10-2025T11:03:28 - [MESSAGE][PASSED] - Delayed 1 second(s)

22-10-2025T11:03:28 - [TEST_STEP][PASSED] - click(findTestObject("TripFocus/Orders/Advanced Filters_btn"), STOP_ON_FAILURE): Object: 'Object Repository/TripFocus/Orders/Advanced Filters_btn' is clicked on

22-10-2025T11:03:28 - [MESSAGE][PASSED] - Object: 'Object Repository/TripFocus/Orders/Advanced Filters_btn' is clicked on

22-10-2025T11:03:28 - [TEST_STEP][PASSED] - delay(2): Delayed 2 second(s)

22-10-2025T11:03:30 - [MESSAGE][PASSED] - Delayed 2 second(s)

22-10-2025T11:03:30 - [TEST_STEP][PASSED] - click(findTestObject("TripFocus/Orders/Advanced Filters/Advanced Date Fields/Advanced_Date_Fields_dropdown")): Object: 'Object Repository/TripFocus/Orders/Advanced Filters/Advanced Date Fields/Advanced_Date_Fields_dropdown' is clicked on

22-10-2025T11:03:30 - [MESSAGE][PASSED] - Object: 'Object Repository/TripFocus/Orders/Advanced Filters/Advanced Date Fields/Advanced_Date_Fields_dropdown' is clicked on

22-10-2025T11:03:30 - [TEST_STEP][PASSED] - delay(2): Delayed 2 second(s)

22-10-2025T11:03:32 - [MESSAGE][PASSED] - Delayed 2 second(s)

22-10-2025T11:03:32 - [TEST_STEP][FAILED] - sendKeys(findTestObject("TripFocus/Orders/Advanced Filters/Advanced Date Fields/Shipped_To_txt"), "05/24/2024"): Unable to send keys '05/24/2024' to object 'Object Repository/TripFocus/Orders/Advanced Filters/Advanced Date Fields/Shipped_To_txt' (Root cause: com.kms.katalon.core.exception.StepFailedException: Unable to send keys '05/24/2024' to object 'Object Repository/TripFocus/Orders/Advanced Filters/Advanced Date Fields/Shipped_To_txt'
	at com.kms.katalon.core.webui.keyword.internal.WebUIKeywordMain.stepFailed(WebUIKeywordMain.groovy:117)
	at com.kms.katalon.core.webui.keyword.internal.WebUIKeywordMain.runKeyword(WebUIKeywordMain.groovy:43)
	at com.kms.katalon.core.webui.keyword.builtin.SendKeysKeyword.sendKeys(SendKeysKeyword.groovy:60)
	at com.kms.katalon.core.webui.keyword.builtin.SendKeysKeyword.execute(SendKeysKeyword.groovy:38)
	at com.kms.katalon.core.keyword.internal.KeywordExecutor.executeKeywordForPlatform(KeywordExecutor.groovy:74)
	at com.kms.katalon.core.webui.keyword.WebUiBuiltInKeywords.sendKeys(WebUiBuiltInKeywords.groovy:903)
	at com.kms.katalon.core.webui.keyword.WebUiBuiltInKeywords$sendKeys$9.call(Unknown Source)
	at SPG - Advanced Filter - Shipped To.run(SPG - Advanced Filter - Shipped To:60)
	at com.kms.katalon.core.main.ScriptEngine.run(ScriptEngine.java:194)
	at com.kms.katalon.core.main.ScriptEngine.runScriptAsRawText(ScriptEngine.java:119)
	at com.kms.katalon.core.main.TestCaseExecutor.runScript(TestCaseExecutor.java:448)
	at com.kms.katalon.core.main.TestCaseExecutor.doExecute(TestCaseExecutor.java:439)
	at com.kms.katalon.core.main.TestCaseExecutor.processExecutionPhase(TestCaseExecutor.java:418)
	at com.kms.katalon.core.main.TestCaseExecutor.accessMainPhase(TestCaseExecutor.java:410)
	at com.kms.katalon.core.main.TestCaseExecutor.execute(TestCaseExecutor.java:285)
	at com.kms.katalon.core.common.CommonExecutor.accessTestCaseMainPhase(CommonExecutor.java:65)
	at com.kms.katalon.core.main.TestSuiteExecutor.accessTestSuiteMainPhase(TestSuiteExecutor.java:150)
	at com.kms.katalon.core.main.TestSuiteExecutor.execute(TestSuiteExecutor.java:106)
	at com.kms.katalon.core.main.TestCaseMain.startTestSuite(TestCaseMain.java:180)
	at com.kms.katalon.core.main.TestCaseMain$startTestSuite$0.call(Unknown Source)
	at TempTestSuite1761139096516.run(TempTestSuite1761139096516.groovy:35)
	at java.base/jdk.internal.reflect.NativeMethodAccessorImpl.invoke0(Native Method)
	at java.base/jdk.internal.reflect.NativeMethodAccessorImpl.invoke(NativeMethodAccessorImpl.java:77)
	at java.base/jdk.internal.reflect.DelegatingMethodAccessorImpl.invoke(DelegatingMethodAccessorImpl.java:43)
Caused by: com.kms.katalon.core.webui.exception.WebElementNotFoundException: Web element with id: 'Object Repository/TripFocus/Orders/Advanced Filters/Advanced Date Fields/Shipped_To_txt' located by '/html/body/div/div[2]/div/main/div/div[2]/div/div[2]/div/div/div[3]/div/div/div[1]/div[2]/div/fieldset/div/div/input' not found
	at com.kms.katalon.core.webui.common.WebUiCommonHelper.findWebElement(WebUiCommonHelper.java:1423)
	at com.kms.katalon.core.webui.keyword.internal.WebUIAbstractKeyword.findWebElement(WebUIAbstractKeyword.groovy:27)
	at com.kms.katalon.core.webui.keyword.internal.WebUIAbstractKeyword.findWebElement(WebUIAbstractKeyword.groovy:26)
	at com.kms.katalon.core.webui.keyword.builtin.SendKeysKeyword$_sendKeys_closure1.doCall(SendKeysKeyword.groovy:52)
	at com.kms.katalon.core.webui.keyword.builtin.SendKeysKeyword$_sendKeys_closure1.call(SendKeysKeyword.groovy)
	at com.kms.katalon.core.webui.keyword.internal.WebUIKeywordMain.runKeyword(WebUIKeywordMain.groovy:35)
	at com.kms.katalon.core.webui.keyword.builtin.SendKeysKeyword.sendKeys(SendKeysKeyword.groovy:60)
	at com.kms.katalon.core.webui.keyword.builtin.SendKeysKeyword.execute(SendKeysKeyword.groovy:38)
	at com.kms.katalon.core.keyword.internal.KeywordExecutor.executeKeywordForPlatform(KeywordExecutor.groovy:74)
	at com.kms.katalon.core.webui.keyword.WebUiBuiltInKeywords.sendKeys(WebUiBuiltInKeywords.groovy:903)
	at com.kms.katalon.core.webui.keyword.WebUiBuiltInKeywords$sendKeys$9.call(Unknown Source)
	at Script1745009439812.run(Script1745009439812.groovy:60)
	... 16 more
)

22-10-2025T11:03:48 - [MESSAGE][INFO] - Unable to find the element located by 'By.xpath: /html/body/div/div[2]/div/main/div/div[2]/div/div[2]/div/div/div[3]/div/div/div[1]/div[2]/div/fieldset/div/div/input'. Please recheck the objects properties to make sure the desired element is located. 

22-10-2025T11:03:48 - [MESSAGE][WARNING] - [SELF-HEALING] Failed to find element with id 'Object Repository/TripFocus/Orders/Advanced Filters/Advanced Date Fields/Shipped_To_txt'. Try using Self-healing.

22-10-2025T11:03:49 - [MESSAGE][INFO] - [SELF-HEALING] No working XPath is found.

22-10-2025T11:03:51 - [MESSAGE][INFO] - Unable to find the element located by 'By.xpath: '. Please recheck the objects properties to make sure the desired element is located. 

22-10-2025T11:03:51 - [MESSAGE][WARNING] - [SELF-HEALING] Cannot find elements when the selector is null

22-10-2025T11:03:51 - [MESSAGE][FAILED] - Unable to send keys '05/24/2024' to object 'Object Repository/TripFocus/Orders/Advanced Filters/Advanced Date Fields/Shipped_To_txt' (Root cause: com.kms.katalon.core.exception.StepFailedException: Unable to send keys '05/24/2024' to object 'Object Repository/TripFocus/Orders/Advanced Filters/Advanced Date Fields/Shipped_To_txt'
	at com.kms.katalon.core.webui.keyword.internal.WebUIKeywordMain.stepFailed(WebUIKeywordMain.groovy:117)
	at com.kms.katalon.core.webui.keyword.internal.WebUIKeywordMain.runKeyword(WebUIKeywordMain.groovy:43)
	at com.kms.katalon.core.webui.keyword.builtin.SendKeysKeyword.sendKeys(SendKeysKeyword.groovy:60)
	at com.kms.katalon.core.webui.keyword.builtin.SendKeysKeyword.execute(SendKeysKeyword.groovy:38)
	at com.kms.katalon.core.keyword.internal.KeywordExecutor.executeKeywordForPlatform(KeywordExecutor.groovy:74)
	at com.kms.katalon.core.webui.keyword.WebUiBuiltInKeywords.sendKeys(WebUiBuiltInKeywords.groovy:903)
	at com.kms.katalon.core.webui.keyword.WebUiBuiltInKeywords$sendKeys$9.call(Unknown Source)
	at SPG - Advanced Filter - Shipped To.run(SPG - Advanced Filter - Shipped To:60)
	at com.kms.katalon.core.main.ScriptEngine.run(ScriptEngine.java:194)
	at com.kms.katalon.core.main.ScriptEngine.runScriptAsRawText(ScriptEngine.java:119)
	at com.kms.katalon.core.main.TestCaseExecutor.runScript(TestCaseExecutor.java:448)
	at com.kms.katalon.core.main.TestCaseExecutor.doExecute(TestCaseExecutor.java:439)
	at com.kms.katalon.core.main.TestCaseExecutor.processExecutionPhase(TestCaseExecutor.java:418)
	at com.kms.katalon.core.main.TestCaseExecutor.accessMainPhase(TestCaseExecutor.java:410)
	at com.kms.katalon.core.main.TestCaseExecutor.execute(TestCaseExecutor.java:285)
	at com.kms.katalon.core.common.CommonExecutor.accessTestCaseMainPhase(CommonExecutor.java:65)
	at com.kms.katalon.core.main.TestSuiteExecutor.accessTestSuiteMainPhase(TestSuiteExecutor.java:150)
	at com.kms.katalon.core.main.TestSuiteExecutor.execute(TestSuiteExecutor.java:106)
	at com.kms.katalon.core.main.TestCaseMain.startTestSuite(TestCaseMain.java:180)
	at com.kms.katalon.core.main.TestCaseMain$startTestSuite$0.call(Unknown Source)
	at TempTestSuite1761139096516.run(TempTestSuite1761139096516.groovy:35)
	at java.base/jdk.internal.reflect.NativeMethodAccessorImpl.invoke0(Native Method)
	at java.base/jdk.internal.reflect.NativeMethodAccessorImpl.invoke(NativeMethodAccessorImpl.java:77)
	at java.base/jdk.internal.reflect.DelegatingMethodAccessorImpl.invoke(DelegatingMethodAccessorImpl.java:43)
Caused by: com.kms.katalon.core.webui.exception.WebElementNotFoundException: Web element with id: 'Object Repository/TripFocus/Orders/Advanced Filters/Advanced Date Fields/Shipped_To_txt' located by '/html/body/div/div[2]/div/main/div/div[2]/div/div[2]/div/div/div[3]/div/div/div[1]/div[2]/div/fieldset/div/div/input' not found
	at com.kms.katalon.core.webui.common.WebUiCommonHelper.findWebElement(WebUiCommonHelper.java:1423)
	at com.kms.katalon.core.webui.keyword.internal.WebUIAbstractKeyword.findWebElement(WebUIAbstractKeyword.groovy:27)
	at com.kms.katalon.core.webui.keyword.internal.WebUIAbstractKeyword.findWebElement(WebUIAbstractKeyword.groovy:26)
	at com.kms.katalon.core.webui.keyword.builtin.SendKeysKeyword$_sendKeys_closure1.doCall(SendKeysKeyword.groovy:52)
	at com.kms.katalon.core.webui.keyword.builtin.SendKeysKeyword$_sendKeys_closure1.call(SendKeysKeyword.groovy)
	at com.kms.katalon.core.webui.keyword.internal.WebUIKeywordMain.runKeyword(WebUIKeywordMain.groovy:35)
	at com.kms.katalon.core.webui.keyword.builtin.SendKeysKeyword.sendKeys(SendKeysKeyword.groovy:60)
	at com.kms.katalon.core.webui.keyword.builtin.SendKeysKeyword.execute(SendKeysKeyword.groovy:38)
	at com.kms.katalon.core.keyword.internal.KeywordExecutor.executeKeywordForPlatform(KeywordExecutor.groovy:74)
	at com.kms.katalon.core.webui.keyword.WebUiBuiltInKeywords.sendKeys(WebUiBuiltInKeywords.groovy:903)
	at com.kms.katalon.core.webui.keyword.WebUiBuiltInKeywords$sendKeys$9.call(Unknown Source)
	at Script1745009439812.run(Script1745009439812.groovy:60)
	... 16 more
)

22-10-2025T11:03:51 - [TEST_STEP][PASSED] - Start listener action : retryOnDisconnect: Current window's url is: 'https://www.qa.tripfocus.com/order-tenders'

22-10-2025T11:03:51 - [TEST_STEP][PASSED] - tcId = testCaseContext.getTestCaseId(): null

22-10-2025T11:03:51 - [TEST_STEP][PASSED] - currentRetry = retryCounts.getOrDefault(tcId, 0): null

22-10-2025T11:03:51 - [TEST_STEP][PASSED] - if (testCaseContext.getTestCaseStatus() == "FAILED" && currentRetry < MAX_RETRIES): Current window's url is: 'https://www.qa.tripfocus.com/order-tenders'

22-10-2025T11:03:51 - [TEST_STEP][PASSED] - try: Current window's url is: 'https://www.qa.tripfocus.com/order-tenders'

22-10-2025T11:03:51 - [TEST_STEP][PASSED] - comment(Checking for WebDriver disconnect for test case: $tcId): Checking for WebDriver disconnect for test case: Test Cases/TripFocus/SPG/SPG - Orders/SPG - Advanced Filter - Shipped To

22-10-2025T11:03:51 - [MESSAGE][INFO] - Checking for WebDriver disconnect for test case: Test Cases/TripFocus/SPG/SPG - Orders/SPG - Advanced Filter - Shipped To

22-10-2025T11:03:51 - [TEST_STEP][PASSED] - getUrl(): Current window's url is: 'https://www.qa.tripfocus.com/order-tenders'

22-10-2025T11:03:51 - [MESSAGE][PASSED] - Current window's url is: 'https://www.qa.tripfocus.com/order-tenders']]></system-out>
         <system-err><![CDATA[22-10-2025T11:02:46 - [TEST_CASE][FAILED] - Test Cases/TripFocus/SPG/SPG - Orders/SPG - Advanced Filter - Shipped To: Test Cases/TripFocus/SPG/SPG - Orders/SPG - Advanced Filter - Shipped To FAILED.
Reason:
com.kms.katalon.core.exception.StepFailedException: Unable to send keys '05/24/2024' to object 'Object Repository/TripFocus/Orders/Advanced Filters/Advanced Date Fields/Shipped_To_txt'
	at com.kms.katalon.core.webui.keyword.internal.WebUIKeywordMain.stepFailed(WebUIKeywordMain.groovy:117)
	at com.kms.katalon.core.webui.keyword.internal.WebUIKeywordMain.runKeyword(WebUIKeywordMain.groovy:43)
	at com.kms.katalon.core.webui.keyword.builtin.SendKeysKeyword.sendKeys(SendKeysKeyword.groovy:60)
	at com.kms.katalon.core.webui.keyword.builtin.SendKeysKeyword.execute(SendKeysKeyword.groovy:38)
	at com.kms.katalon.core.keyword.internal.KeywordExecutor.executeKeywordForPlatform(KeywordExecutor.groovy:74)
	at com.kms.katalon.core.webui.keyword.WebUiBuiltInKeywords.sendKeys(WebUiBuiltInKeywords.groovy:903)
	at com.kms.katalon.core.webui.keyword.WebUiBuiltInKeywords$sendKeys$9.call(Unknown Source)
	at SPG - Advanced Filter - Shipped To.run(SPG - Advanced Filter - Shipped To:60)
	at com.kms.katalon.core.main.ScriptEngine.run(ScriptEngine.java:194)
	at com.kms.katalon.core.main.ScriptEngine.runScriptAsRawText(ScriptEngine.java:119)
	at com.kms.katalon.core.main.TestCaseExecutor.runScript(TestCaseExecutor.java:448)
	at com.kms.katalon.core.main.TestCaseExecutor.doExecute(TestCaseExecutor.java:439)
	at com.kms.katalon.core.main.TestCaseExecutor.processExecutionPhase(TestCaseExecutor.java:418)
	at com.kms.katalon.core.main.TestCaseExecutor.accessMainPhase(TestCaseExecutor.java:410)
	at com.kms.katalon.core.main.TestCaseExecutor.execute(TestCaseExecutor.java:285)
	at com.kms.katalon.core.common.CommonExecutor.accessTestCaseMainPhase(CommonExecutor.java:65)
	at com.kms.katalon.core.main.TestSuiteExecutor.accessTestSuiteMainPhase(TestSuiteExecutor.java:150)
	at com.kms.katalon.core.main.TestSuiteExecutor.execute(TestSuiteExecutor.java:106)
	at com.kms.katalon.core.main.TestCaseMain.startTestSuite(TestCaseMain.java:180)
	at com.kms.katalon.core.main.TestCaseMain$startTestSuite$0.call(Unknown Source)
	at TempTestSuite1761139096516.run(TempTestSuite1761139096516.groovy:35)
	at java.base/jdk.internal.reflect.NativeMethodAccessorImpl.invoke0(Native Method)
	at java.base/jdk.internal.reflect.NativeMethodAccessorImpl.invoke(NativeMethodAccessorImpl.java:77)
	at java.base/jdk.internal.reflect.DelegatingMethodAccessorImpl.invoke(DelegatingMethodAccessorImpl.java:43)
Caused by: com.kms.katalon.core.webui.exception.WebElementNotFoundException: Web element with id: 'Object Repository/TripFocus/Orders/Advanced Filters/Advanced Date Fields/Shipped_To_txt' located by '/html/body/div/div[2]/div/main/div/div[2]/div/div[2]/div/div/div[3]/div/div/div[1]/div[2]/div/fieldset/div/div/input' not found
	at com.kms.katalon.core.webui.common.WebUiCommonHelper.findWebElement(WebUiCommonHelper.java:1423)
	at com.kms.katalon.core.webui.keyword.internal.WebUIAbstractKeyword.findWebElement(WebUIAbstractKeyword.groovy:27)
	at com.kms.katalon.core.webui.keyword.internal.WebUIAbstractKeyword.findWebElement(WebUIAbstractKeyword.groovy:26)
	at com.kms.katalon.core.webui.keyword.builtin.SendKeysKeyword$_sendKeys_closure1.doCall(SendKeysKeyword.groovy:52)
	at com.kms.katalon.core.webui.keyword.builtin.SendKeysKeyword$_sendKeys_closure1.call(SendKeysKeyword.groovy)
	at com.kms.katalon.core.webui.keyword.internal.WebUIKeywordMain.runKeyword(WebUIKeywordMain.groovy:35)
	... 22 more]]></system-err>
      </testcase>
      <testcase name="Test Cases/TripFocus/SPG/SPG - Orders/SPG - Advanced Filter - Shipper" time="65.892" classname="Test Cases/TripFocus/SPG/SPG - Orders/SPG - Advanced Filter - Shipper" status="FAILED">
         <failure type="FAILED" message="Test Cases/TripFocus/SPG/SPG - Orders/SPG - Advanced Filter - Shipper FAILED.&#xa;Reason:&#xa;com.kms.katalon.core.exception.StepFailedException: Unable to click on object 'Object Repository/TripFocus/Orders/Advanced Filters/Advanced Search Fields/Shipper_dropdown'&#xa;	at com.kms.katalon.core.webui.keyword.internal.WebUIKeywordMain.stepFailed(WebUIKeywordMain.groovy:117)&#xa;	at com.kms.katalon.core.webui.keyword.internal.WebUIKeywordMain.runKeyword(WebUIKeywordMain.groovy:43)&#xa;	at com.kms.katalon.core.webui.keyword.builtin.ClickKeyword.click(ClickKeyword.groovy:74)&#xa;	at com.kms.katalon.core.webui.keyword.builtin.ClickKeyword.execute(ClickKeyword.groovy:40)&#xa;	at com.kms.katalon.core.keyword.internal.KeywordExecutor.executeKeywordForPlatform(KeywordExecutor.groovy:74)&#xa;	at com.kms.katalon.core.webui.keyword.WebUiBuiltInKeywords.click(WebUiBuiltInKeywords.groovy:659)&#xa;	at com.kms.katalon.core.webui.keyword.WebUiBuiltInKeywords$click$1.call(Unknown Source)&#xa;	at SPG - Advanced Filter - Shipper.run(SPG - Advanced Filter - Shipper:60)&#xa;	at com.kms.katalon.core.main.ScriptEngine.run(ScriptEngine.java:194)&#xa;	at com.kms.katalon.core.main.ScriptEngine.runScriptAsRawText(ScriptEngine.java:119)&#xa;	at com.kms.katalon.core.main.TestCaseExecutor.runScript(TestCaseExecutor.java:448)&#xa;	at com.kms.katalon.core.main.TestCaseExecutor.doExecute(TestCaseExecutor.java:439)&#xa;	at com.kms.katalon.core.main.TestCaseExecutor.processExecutionPhase(TestCaseExecutor.java:418)&#xa;	at com.kms.katalon.core.main.TestCaseExecutor.accessMainPhase(TestCaseExecutor.java:410)&#xa;	at com.kms.katalon.core.main.TestCaseExecutor.execute(TestCaseExecutor.java:285)&#xa;	at com.kms.katalon.core.common.CommonExecutor.accessTestCaseMainPhase(CommonExecutor.java:65)&#xa;	at com.kms.katalon.core.main.TestSuiteExecutor.accessTestSuiteMainPhase(TestSuiteExecutor.java:150)&#xa;	at com.kms.katalon.core.main.TestSuiteExecutor.execute(TestSuiteExecutor.java:106)&#xa;	at com.kms.katalon.core.main.TestCaseMain.startTestSuite(TestCaseMain.java:180)&#xa;	at com.kms.katalon.core.main.TestCaseMain$startTestSuite$0.call(Unknown Source)&#xa;	at TempTestSuite1761139096516.run(TempTestSuite1761139096516.groovy:35)&#xa;	at java.base/jdk.internal.reflect.NativeMethodAccessorImpl.invoke0(Native Method)&#xa;	at java.base/jdk.internal.reflect.NativeMethodAccessorImpl.invoke(NativeMethodAccessorImpl.java:77)&#xa;	at java.base/jdk.internal.reflect.DelegatingMethodAccessorImpl.invoke(DelegatingMethodAccessorImpl.java:43)&#xa;Caused by: com.kms.katalon.core.webui.exception.WebElementNotFoundException: Web element with id: 'Object Repository/TripFocus/Orders/Advanced Filters/Advanced Search Fields/Shipper_dropdown' located by '/html/body/div/div[2]/div/main/div/div[2]/div/div[2]/div/div/div[2]/div/div/div[2]/div[1]/div/div/div[1]' not found&#xa;	at com.kms.katalon.core.webui.common.WebUiCommonHelper.findWebElement(WebUiCommonHelper.java:1423)&#xa;	at com.kms.katalon.core.webui.keyword.internal.WebUIAbstractKeyword.findWebElement(WebUIAbstractKeyword.groovy:27)&#xa;	at com.kms.katalon.core.webui.keyword.builtin.ClickKeyword$_click_closure1.doCall(ClickKeyword.groovy:65)&#xa;	at com.kms.katalon.core.webui.keyword.builtin.ClickKeyword$_click_closure1.call(ClickKeyword.groovy)&#xa;	at com.kms.katalon.core.webui.keyword.internal.WebUIKeywordMain.runKeyword(WebUIKeywordMain.groovy:35)&#xa;	... 22 more&#xa;"/>
         <system-out><![CDATA[22-10-2025T11:03:51 - [TEST_CASE][FAILED] - Test Cases/TripFocus/SPG/SPG - Orders/SPG - Advanced Filter - Shipper: Test Cases/TripFocus/SPG/SPG - Orders/SPG - Advanced Filter - Shipper FAILED.
Reason:
com.kms.katalon.core.exception.StepFailedException: Unable to click on object 'Object Repository/TripFocus/Orders/Advanced Filters/Advanced Search Fields/Shipper_dropdown'
	at com.kms.katalon.core.webui.keyword.internal.WebUIKeywordMain.stepFailed(WebUIKeywordMain.groovy:117)
	at com.kms.katalon.core.webui.keyword.internal.WebUIKeywordMain.runKeyword(WebUIKeywordMain.groovy:43)
	at com.kms.katalon.core.webui.keyword.builtin.ClickKeyword.click(ClickKeyword.groovy:74)
	at com.kms.katalon.core.webui.keyword.builtin.ClickKeyword.execute(ClickKeyword.groovy:40)
	at com.kms.katalon.core.keyword.internal.KeywordExecutor.executeKeywordForPlatform(KeywordExecutor.groovy:74)
	at com.kms.katalon.core.webui.keyword.WebUiBuiltInKeywords.click(WebUiBuiltInKeywords.groovy:659)
	at com.kms.katalon.core.webui.keyword.WebUiBuiltInKeywords$click$1.call(Unknown Source)
	at SPG - Advanced Filter - Shipper.run(SPG - Advanced Filter - Shipper:60)
	at com.kms.katalon.core.main.ScriptEngine.run(ScriptEngine.java:194)
	at com.kms.katalon.core.main.ScriptEngine.runScriptAsRawText(ScriptEngine.java:119)
	at com.kms.katalon.core.main.TestCaseExecutor.runScript(TestCaseExecutor.java:448)
	at com.kms.katalon.core.main.TestCaseExecutor.doExecute(TestCaseExecutor.java:439)
	at com.kms.katalon.core.main.TestCaseExecutor.processExecutionPhase(TestCaseExecutor.java:418)
	at com.kms.katalon.core.main.TestCaseExecutor.accessMainPhase(TestCaseExecutor.java:410)
	at com.kms.katalon.core.main.TestCaseExecutor.execute(TestCaseExecutor.java:285)
	at com.kms.katalon.core.common.CommonExecutor.accessTestCaseMainPhase(CommonExecutor.java:65)
	at com.kms.katalon.core.main.TestSuiteExecutor.accessTestSuiteMainPhase(TestSuiteExecutor.java:150)
	at com.kms.katalon.core.main.TestSuiteExecutor.execute(TestSuiteExecutor.java:106)
	at com.kms.katalon.core.main.TestCaseMain.startTestSuite(TestCaseMain.java:180)
	at com.kms.katalon.core.main.TestCaseMain$startTestSuite$0.call(Unknown Source)
	at TempTestSuite1761139096516.run(TempTestSuite1761139096516.groovy:35)
	at java.base/jdk.internal.reflect.NativeMethodAccessorImpl.invoke0(Native Method)
	at java.base/jdk.internal.reflect.NativeMethodAccessorImpl.invoke(NativeMethodAccessorImpl.java:77)
	at java.base/jdk.internal.reflect.DelegatingMethodAccessorImpl.invoke(DelegatingMethodAccessorImpl.java:43)
Caused by: com.kms.katalon.core.webui.exception.WebElementNotFoundException: Web element with id: 'Object Repository/TripFocus/Orders/Advanced Filters/Advanced Search Fields/Shipper_dropdown' located by '/html/body/div/div[2]/div/main/div/div[2]/div/div[2]/div/div/div[2]/div/div/div[2]/div[1]/div/div/div[1]' not found
	at com.kms.katalon.core.webui.common.WebUiCommonHelper.findWebElement(WebUiCommonHelper.java:1423)
	at com.kms.katalon.core.webui.keyword.internal.WebUIAbstractKeyword.findWebElement(WebUIAbstractKeyword.groovy:27)
	at com.kms.katalon.core.webui.keyword.builtin.ClickKeyword$_click_closure1.doCall(ClickKeyword.groovy:65)
	at com.kms.katalon.core.webui.keyword.builtin.ClickKeyword$_click_closure1.call(ClickKeyword.groovy)
	at com.kms.katalon.core.webui.keyword.internal.WebUIKeywordMain.runKeyword(WebUIKeywordMain.groovy:35)
	... 22 more


22-10-2025T11:03:51 - [TEST_STEP][PASSED] - Start listener action : beforeTestCase: null

22-10-2025T11:03:51 - [TEST_STEP][PASSED] - addDefaultPackages(): null

22-10-2025T11:03:51 - [TEST_STEP][PASSED] - openBrowser(""): Browser is opened with url: ''

22-10-2025T11:03:51 - [MESSAGE][WARNING] - A browser is already opened. Closing browser and opening a new one

22-10-2025T11:03:52 - [MESSAGE][INFO] - Starting 'Chrome' driver

22-10-2025T11:03:52 - [MESSAGE][INFO] - User set preference: ['args', '[--no-sandbox, --disable-gpu, --disable-dev-shm-usage]']

22-10-2025T11:03:52 - [MESSAGE][INFO] - Action delay is set to 0 milliseconds

22-10-2025T11:03:52 - [MESSAGE][PASSED] - Browser is opened with url: ''

22-10-2025T11:03:52 - [TEST_STEP][PASSED] - navigateToUrl(TFBaseURL): Navigate to 'https://www.qa.tripfocus.com' successfully

22-10-2025T11:03:53 - [MESSAGE][PASSED] - Navigate to 'https://www.qa.tripfocus.com' successfully

22-10-2025T11:03:53 - [TEST_STEP][PASSED] - click(findTestObject("Object Repository/TripFocus/Page_TripFocus/button_Sign in")): Object: 'Object Repository/TripFocus/Page_TripFocus/button_Sign in' is clicked on

22-10-2025T11:03:53 - [MESSAGE][PASSED] - Object: 'Object Repository/TripFocus/Page_TripFocus/button_Sign in' is clicked on

22-10-2025T11:03:53 - [TEST_STEP][PASSED] - setText(findTestObject("Object Repository/TripFocus/Page_TripFocus/input_Username (e.g. email address)_Username"), TripFocusBleachTechSPGUsername): Text 'Ashford.Chenault+BleachtechCustomerSPGONLY@thekag.com' is set on object 'Object Repository/TripFocus/Page_TripFocus/input_Username (e.g. email address)_Username'

22-10-2025T11:03:54 - [MESSAGE][PASSED] - Text 'Ashford.Chenault+BleachtechCustomerSPGONLY@thekag.com' is set on object 'Object Repository/TripFocus/Page_TripFocus/input_Username (e.g. email address)_Username'

22-10-2025T11:03:54 - [TEST_STEP][PASSED] - setText(findTestObject("Object Repository/TripFocus/Page_TripFocus/input_Password_Password"), TripFocusFDGSPGPassword): Text 'CrashBan911!!' is set on object 'Object Repository/TripFocus/Page_TripFocus/input_Password_Password'

22-10-2025T11:03:54 - [MESSAGE][PASSED] - Text 'CrashBan911!!' is set on object 'Object Repository/TripFocus/Page_TripFocus/input_Password_Password'

22-10-2025T11:03:54 - [TEST_STEP][PASSED] - click(findTestObject("Object Repository/TripFocus/Page_TripFocus/button_Login")): Object: 'Object Repository/TripFocus/Page_TripFocus/button_Login' is clicked on

22-10-2025T11:03:54 - [MESSAGE][PASSED] - Object: 'Object Repository/TripFocus/Page_TripFocus/button_Login' is clicked on

22-10-2025T11:03:54 - [TEST_STEP][PASSED] - maximizeWindow(): Current window maximized

22-10-2025T11:03:54 - [MESSAGE][PASSED] - Current window maximized

22-10-2025T11:03:54 - [TEST_STEP][PASSED] - waitForElementVisible(findTestObject("TripFocus/Testing_Notification_btn"), 15, OPTIONAL): Web element with id: 'Object Repository/TripFocus/Testing_Notification_btn' located by '//*[@id="__BVID__10___BV_modal_footer_"]/button' not found

22-10-2025T11:04:10 - [MESSAGE][INFO] - Unable to find the element located by 'By.xpath: //*[@id="__BVID__10___BV_modal_footer_"]/button'. Please recheck the objects properties to make sure the desired element is located. 

22-10-2025T11:04:10 - [MESSAGE][WARNING] - [SELF-HEALING] Failed to find element with id 'Object Repository/TripFocus/Testing_Notification_btn'. Try using Self-healing.

22-10-2025T11:04:11 - [MESSAGE][INFO] - [SELF-HEALING] No working XPath is found.

22-10-2025T11:04:13 - [MESSAGE][INFO] - Unable to find the element located by 'By.xpath: '. Please recheck the objects properties to make sure the desired element is located. 

22-10-2025T11:04:13 - [MESSAGE][WARNING] - [SELF-HEALING] Cannot find elements when the selector is null

22-10-2025T11:04:13 - [MESSAGE][WARNING] - Web element with id: 'Object Repository/TripFocus/Testing_Notification_btn' located by '//*[@id="__BVID__10___BV_modal_footer_"]/button' not found

22-10-2025T11:04:13 - [TEST_STEP][PASSED] - if (verifyElementVisible(findTestObject("TripFocus/Testing_Notification_btn"), OPTIONAL) == true): Web element with id: 'Object Repository/TripFocus/Testing_Notification_btn' located by '//*[@id="__BVID__10___BV_modal_footer_"]/button' not found (Root cause: com.kms.katalon.core.exception.StepFailedException: Web element with id: 'Object Repository/TripFocus/Testing_Notification_btn' located by '//*[@id="__BVID__10___BV_modal_footer_"]/button' not found
	at com.kms.katalon.core.webui.keyword.internal.WebUIKeywordMain.stepFailed(WebUIKeywordMain.groovy:117)
	at com.kms.katalon.core.webui.keyword.builtin.VerifyElementVisibleKeyword$_verifyElementVisible_closure1.doCall(VerifyElementVisibleKeyword.groovy:89)
	at com.kms.katalon.core.webui.keyword.builtin.VerifyElementVisibleKeyword$_verifyElementVisible_closure1.call(VerifyElementVisibleKeyword.groovy)
	at com.kms.katalon.core.webui.keyword.internal.WebUIKeywordMain.runKeyword(WebUIKeywordMain.groovy:35)
	at com.kms.katalon.core.webui.keyword.builtin.VerifyElementVisibleKeyword.verifyElementVisible(VerifyElementVisibleKeyword.groovy:97)
	at com.kms.katalon.core.webui.keyword.builtin.VerifyElementVisibleKeyword.execute(VerifyElementVisibleKeyword.groovy:67)
	at com.kms.katalon.core.keyword.internal.KeywordExecutor.executeKeywordForPlatform(KeywordExecutor.groovy:74)
	at com.kms.katalon.core.webui.keyword.WebUiBuiltInKeywords.verifyElementVisible(WebUiBuiltInKeywords.groovy:401)
	at com.kms.katalon.core.webui.keyword.WebUiBuiltInKeywords$verifyElementVisible$5.call(Unknown Source)
	at SPG - Advanced Filter - Shipper.run(SPG - Advanced Filter - Shipper:38)
	at com.kms.katalon.core.main.ScriptEngine.run(ScriptEngine.java:194)
	at com.kms.katalon.core.main.ScriptEngine.runScriptAsRawText(ScriptEngine.java:119)
	at com.kms.katalon.core.main.TestCaseExecutor.runScript(TestCaseExecutor.java:448)
	at com.kms.katalon.core.main.TestCaseExecutor.doExecute(TestCaseExecutor.java:439)
	at com.kms.katalon.core.main.TestCaseExecutor.processExecutionPhase(TestCaseExecutor.java:418)
	at com.kms.katalon.core.main.TestCaseExecutor.accessMainPhase(TestCaseExecutor.java:410)
	at com.kms.katalon.core.main.TestCaseExecutor.execute(TestCaseExecutor.java:285)
	at com.kms.katalon.core.common.CommonExecutor.accessTestCaseMainPhase(CommonExecutor.java:65)
	at com.kms.katalon.core.main.TestSuiteExecutor.accessTestSuiteMainPhase(TestSuiteExecutor.java:150)
	at com.kms.katalon.core.main.TestSuiteExecutor.execute(TestSuiteExecutor.java:106)
	at com.kms.katalon.core.main.TestCaseMain.startTestSuite(TestCaseMain.java:180)
	at com.kms.katalon.core.main.TestCaseMain$startTestSuite$0.call(Unknown Source)
	at TempTestSuite1761139096516.run(TempTestSuite1761139096516.groovy:35)
	at java.base/jdk.internal.reflect.NativeMethodAccessorImpl.invoke0(Native Method)
	at java.base/jdk.internal.reflect.NativeMethodAccessorImpl.invoke(NativeMethodAccessorImpl.java:77)
	at java.base/jdk.internal.reflect.DelegatingMethodAccessorImpl.invoke(DelegatingMethodAccessorImpl.java:43)
)

22-10-2025T11:04:29 - [MESSAGE][INFO] - Unable to find the element located by 'By.xpath: //*[@id="__BVID__10___BV_modal_footer_"]/button'. Please recheck the objects properties to make sure the desired element is located. 

22-10-2025T11:04:29 - [MESSAGE][WARNING] - [SELF-HEALING] Failed to find element with id 'Object Repository/TripFocus/Testing_Notification_btn'. Try using Self-healing.

22-10-2025T11:04:30 - [MESSAGE][INFO] - [SELF-HEALING] No working XPath is found.

22-10-2025T11:04:32 - [MESSAGE][INFO] - Unable to find the element located by 'By.xpath: '. Please recheck the objects properties to make sure the desired element is located. 

22-10-2025T11:04:32 - [MESSAGE][WARNING] - [SELF-HEALING] Cannot find elements when the selector is null

22-10-2025T11:04:32 - [MESSAGE][WARNING] - Web element with id: 'Object Repository/TripFocus/Testing_Notification_btn' located by '//*[@id="__BVID__10___BV_modal_footer_"]/button' not found (Root cause: com.kms.katalon.core.exception.StepFailedException: Web element with id: 'Object Repository/TripFocus/Testing_Notification_btn' located by '//*[@id="__BVID__10___BV_modal_footer_"]/button' not found
	at com.kms.katalon.core.webui.keyword.internal.WebUIKeywordMain.stepFailed(WebUIKeywordMain.groovy:117)
	at com.kms.katalon.core.webui.keyword.builtin.VerifyElementVisibleKeyword$_verifyElementVisible_closure1.doCall(VerifyElementVisibleKeyword.groovy:89)
	at com.kms.katalon.core.webui.keyword.builtin.VerifyElementVisibleKeyword$_verifyElementVisible_closure1.call(VerifyElementVisibleKeyword.groovy)
	at com.kms.katalon.core.webui.keyword.internal.WebUIKeywordMain.runKeyword(WebUIKeywordMain.groovy:35)
	at com.kms.katalon.core.webui.keyword.builtin.VerifyElementVisibleKeyword.verifyElementVisible(VerifyElementVisibleKeyword.groovy:97)
	at com.kms.katalon.core.webui.keyword.builtin.VerifyElementVisibleKeyword.execute(VerifyElementVisibleKeyword.groovy:67)
	at com.kms.katalon.core.keyword.internal.KeywordExecutor.executeKeywordForPlatform(KeywordExecutor.groovy:74)
	at com.kms.katalon.core.webui.keyword.WebUiBuiltInKeywords.verifyElementVisible(WebUiBuiltInKeywords.groovy:401)
	at com.kms.katalon.core.webui.keyword.WebUiBuiltInKeywords$verifyElementVisible$5.call(Unknown Source)
	at SPG - Advanced Filter - Shipper.run(SPG - Advanced Filter - Shipper:38)
	at com.kms.katalon.core.main.ScriptEngine.run(ScriptEngine.java:194)
	at com.kms.katalon.core.main.ScriptEngine.runScriptAsRawText(ScriptEngine.java:119)
	at com.kms.katalon.core.main.TestCaseExecutor.runScript(TestCaseExecutor.java:448)
	at com.kms.katalon.core.main.TestCaseExecutor.doExecute(TestCaseExecutor.java:439)
	at com.kms.katalon.core.main.TestCaseExecutor.processExecutionPhase(TestCaseExecutor.java:418)
	at com.kms.katalon.core.main.TestCaseExecutor.accessMainPhase(TestCaseExecutor.java:410)
	at com.kms.katalon.core.main.TestCaseExecutor.execute(TestCaseExecutor.java:285)
	at com.kms.katalon.core.common.CommonExecutor.accessTestCaseMainPhase(CommonExecutor.java:65)
	at com.kms.katalon.core.main.TestSuiteExecutor.accessTestSuiteMainPhase(TestSuiteExecutor.java:150)
	at com.kms.katalon.core.main.TestSuiteExecutor.execute(TestSuiteExecutor.java:106)
	at com.kms.katalon.core.main.TestCaseMain.startTestSuite(TestCaseMain.java:180)
	at com.kms.katalon.core.main.TestCaseMain$startTestSuite$0.call(Unknown Source)
	at TempTestSuite1761139096516.run(TempTestSuite1761139096516.groovy:35)
	at java.base/jdk.internal.reflect.NativeMethodAccessorImpl.invoke0(Native Method)
	at java.base/jdk.internal.reflect.NativeMethodAccessorImpl.invoke(NativeMethodAccessorImpl.java:77)
	at java.base/jdk.internal.reflect.DelegatingMethodAccessorImpl.invoke(DelegatingMethodAccessorImpl.java:43)
)

22-10-2025T11:04:32 - [TEST_STEP][PASSED] - click(findTestObject("TripFocus/SSO/SSO Orders Tab")): Object: 'Object Repository/TripFocus/SSO/SSO Orders Tab' is clicked on

22-10-2025T11:04:32 - [MESSAGE][PASSED] - Object: 'Object Repository/TripFocus/SSO/SSO Orders Tab' is clicked on

22-10-2025T11:04:32 - [TEST_STEP][PASSED] - waitForElementClickable(findTestObject("TripFocus/Orders/Advanced Filters_btn"), 30): Object 'Object Repository/TripFocus/Orders/Advanced Filters_btn' is clickable

22-10-2025T11:04:33 - [MESSAGE][PASSED] - Object 'Object Repository/TripFocus/Orders/Advanced Filters_btn' is clickable

22-10-2025T11:04:33 - [TEST_STEP][PASSED] - delay(1): Delayed 1 second(s)

22-10-2025T11:04:34 - [MESSAGE][PASSED] - Delayed 1 second(s)

22-10-2025T11:04:34 - [TEST_STEP][PASSED] - click(findTestObject("TripFocus/Orders/Advanced Filters_btn"), STOP_ON_FAILURE): Object: 'Object Repository/TripFocus/Orders/Advanced Filters_btn' is clicked on

22-10-2025T11:04:34 - [MESSAGE][PASSED] - Object: 'Object Repository/TripFocus/Orders/Advanced Filters_btn' is clicked on

22-10-2025T11:04:34 - [TEST_STEP][PASSED] - delay(2): Delayed 2 second(s)

22-10-2025T11:04:36 - [MESSAGE][PASSED] - Delayed 2 second(s)

22-10-2025T11:04:36 - [TEST_STEP][PASSED] - click(findTestObject("TripFocus/Orders/Advanced Filters/Advanced Search Fields/Advanced_Search_Fields_dropdown")): Object: 'Object Repository/TripFocus/Orders/Advanced Filters/Advanced Search Fields/Advanced_Search_Fields_dropdown' is clicked on

22-10-2025T11:04:36 - [MESSAGE][PASSED] - Object: 'Object Repository/TripFocus/Orders/Advanced Filters/Advanced Search Fields/Advanced_Search_Fields_dropdown' is clicked on

22-10-2025T11:04:36 - [TEST_STEP][PASSED] - delay(2): Delayed 2 second(s)

22-10-2025T11:04:38 - [MESSAGE][PASSED] - Delayed 2 second(s)

22-10-2025T11:04:38 - [TEST_STEP][FAILED] - click(findTestObject("TripFocus/Orders/Advanced Filters/Advanced Search Fields/Shipper_dropdown")): Unable to click on object 'Object Repository/TripFocus/Orders/Advanced Filters/Advanced Search Fields/Shipper_dropdown' (Root cause: com.kms.katalon.core.exception.StepFailedException: Unable to click on object 'Object Repository/TripFocus/Orders/Advanced Filters/Advanced Search Fields/Shipper_dropdown'
	at com.kms.katalon.core.webui.keyword.internal.WebUIKeywordMain.stepFailed(WebUIKeywordMain.groovy:117)
	at com.kms.katalon.core.webui.keyword.internal.WebUIKeywordMain.runKeyword(WebUIKeywordMain.groovy:43)
	at com.kms.katalon.core.webui.keyword.builtin.ClickKeyword.click(ClickKeyword.groovy:74)
	at com.kms.katalon.core.webui.keyword.builtin.ClickKeyword.execute(ClickKeyword.groovy:40)
	at com.kms.katalon.core.keyword.internal.KeywordExecutor.executeKeywordForPlatform(KeywordExecutor.groovy:74)
	at com.kms.katalon.core.webui.keyword.WebUiBuiltInKeywords.click(WebUiBuiltInKeywords.groovy:659)
	at com.kms.katalon.core.webui.keyword.WebUiBuiltInKeywords$click$1.call(Unknown Source)
	at SPG - Advanced Filter - Shipper.run(SPG - Advanced Filter - Shipper:60)
	at com.kms.katalon.core.main.ScriptEngine.run(ScriptEngine.java:194)
	at com.kms.katalon.core.main.ScriptEngine.runScriptAsRawText(ScriptEngine.java:119)
	at com.kms.katalon.core.main.TestCaseExecutor.runScript(TestCaseExecutor.java:448)
	at com.kms.katalon.core.main.TestCaseExecutor.doExecute(TestCaseExecutor.java:439)
	at com.kms.katalon.core.main.TestCaseExecutor.processExecutionPhase(TestCaseExecutor.java:418)
	at com.kms.katalon.core.main.TestCaseExecutor.accessMainPhase(TestCaseExecutor.java:410)
	at com.kms.katalon.core.main.TestCaseExecutor.execute(TestCaseExecutor.java:285)
	at com.kms.katalon.core.common.CommonExecutor.accessTestCaseMainPhase(CommonExecutor.java:65)
	at com.kms.katalon.core.main.TestSuiteExecutor.accessTestSuiteMainPhase(TestSuiteExecutor.java:150)
	at com.kms.katalon.core.main.TestSuiteExecutor.execute(TestSuiteExecutor.java:106)
	at com.kms.katalon.core.main.TestCaseMain.startTestSuite(TestCaseMain.java:180)
	at com.kms.katalon.core.main.TestCaseMain$startTestSuite$0.call(Unknown Source)
	at TempTestSuite1761139096516.run(TempTestSuite1761139096516.groovy:35)
	at java.base/jdk.internal.reflect.NativeMethodAccessorImpl.invoke0(Native Method)
	at java.base/jdk.internal.reflect.NativeMethodAccessorImpl.invoke(NativeMethodAccessorImpl.java:77)
	at java.base/jdk.internal.reflect.DelegatingMethodAccessorImpl.invoke(DelegatingMethodAccessorImpl.java:43)
Caused by: com.kms.katalon.core.webui.exception.WebElementNotFoundException: Web element with id: 'Object Repository/TripFocus/Orders/Advanced Filters/Advanced Search Fields/Shipper_dropdown' located by '/html/body/div/div[2]/div/main/div/div[2]/div/div[2]/div/div/div[2]/div/div/div[2]/div[1]/div/div/div[1]' not found
	at com.kms.katalon.core.webui.common.WebUiCommonHelper.findWebElement(WebUiCommonHelper.java:1423)
	at com.kms.katalon.core.webui.keyword.internal.WebUIAbstractKeyword.findWebElement(WebUIAbstractKeyword.groovy:27)
	at com.kms.katalon.core.webui.keyword.builtin.ClickKeyword$_click_closure1.doCall(ClickKeyword.groovy:65)
	at com.kms.katalon.core.webui.keyword.builtin.ClickKeyword$_click_closure1.call(ClickKeyword.groovy)
	at com.kms.katalon.core.webui.keyword.internal.WebUIKeywordMain.runKeyword(WebUIKeywordMain.groovy:35)
	at com.kms.katalon.core.webui.keyword.builtin.ClickKeyword.click(ClickKeyword.groovy:74)
	at com.kms.katalon.core.webui.keyword.builtin.ClickKeyword.execute(ClickKeyword.groovy:40)
	at com.kms.katalon.core.keyword.internal.KeywordExecutor.executeKeywordForPlatform(KeywordExecutor.groovy:74)
	at com.kms.katalon.core.webui.keyword.WebUiBuiltInKeywords.click(WebUiBuiltInKeywords.groovy:659)
	at com.kms.katalon.core.webui.keyword.WebUiBuiltInKeywords$click$1.call(Unknown Source)
	at Script1745009443943.run(Script1745009443943.groovy:60)
	... 16 more
)

22-10-2025T11:04:54 - [MESSAGE][INFO] - Unable to find the element located by 'By.xpath: /html/body/div/div[2]/div/main/div/div[2]/div/div[2]/div/div/div[2]/div/div/div[2]/div[1]/div/div/div[1]'. Please recheck the objects properties to make sure the desired element is located. 

22-10-2025T11:04:54 - [MESSAGE][WARNING] - [SELF-HEALING] Failed to find element with id 'Object Repository/TripFocus/Orders/Advanced Filters/Advanced Search Fields/Shipper_dropdown'. Try using Self-healing.

22-10-2025T11:04:55 - [MESSAGE][INFO] - [SELF-HEALING] No working XPath is found.

22-10-2025T11:04:57 - [MESSAGE][INFO] - Unable to find the element located by 'By.xpath: '. Please recheck the objects properties to make sure the desired element is located. 

22-10-2025T11:04:57 - [MESSAGE][WARNING] - [SELF-HEALING] Cannot find elements when the selector is null

22-10-2025T11:04:57 - [MESSAGE][FAILED] - Unable to click on object 'Object Repository/TripFocus/Orders/Advanced Filters/Advanced Search Fields/Shipper_dropdown' (Root cause: com.kms.katalon.core.exception.StepFailedException: Unable to click on object 'Object Repository/TripFocus/Orders/Advanced Filters/Advanced Search Fields/Shipper_dropdown'
	at com.kms.katalon.core.webui.keyword.internal.WebUIKeywordMain.stepFailed(WebUIKeywordMain.groovy:117)
	at com.kms.katalon.core.webui.keyword.internal.WebUIKeywordMain.runKeyword(WebUIKeywordMain.groovy:43)
	at com.kms.katalon.core.webui.keyword.builtin.ClickKeyword.click(ClickKeyword.groovy:74)
	at com.kms.katalon.core.webui.keyword.builtin.ClickKeyword.execute(ClickKeyword.groovy:40)
	at com.kms.katalon.core.keyword.internal.KeywordExecutor.executeKeywordForPlatform(KeywordExecutor.groovy:74)
	at com.kms.katalon.core.webui.keyword.WebUiBuiltInKeywords.click(WebUiBuiltInKeywords.groovy:659)
	at com.kms.katalon.core.webui.keyword.WebUiBuiltInKeywords$click$1.call(Unknown Source)
	at SPG - Advanced Filter - Shipper.run(SPG - Advanced Filter - Shipper:60)
	at com.kms.katalon.core.main.ScriptEngine.run(ScriptEngine.java:194)
	at com.kms.katalon.core.main.ScriptEngine.runScriptAsRawText(ScriptEngine.java:119)
	at com.kms.katalon.core.main.TestCaseExecutor.runScript(TestCaseExecutor.java:448)
	at com.kms.katalon.core.main.TestCaseExecutor.doExecute(TestCaseExecutor.java:439)
	at com.kms.katalon.core.main.TestCaseExecutor.processExecutionPhase(TestCaseExecutor.java:418)
	at com.kms.katalon.core.main.TestCaseExecutor.accessMainPhase(TestCaseExecutor.java:410)
	at com.kms.katalon.core.main.TestCaseExecutor.execute(TestCaseExecutor.java:285)
	at com.kms.katalon.core.common.CommonExecutor.accessTestCaseMainPhase(CommonExecutor.java:65)
	at com.kms.katalon.core.main.TestSuiteExecutor.accessTestSuiteMainPhase(TestSuiteExecutor.java:150)
	at com.kms.katalon.core.main.TestSuiteExecutor.execute(TestSuiteExecutor.java:106)
	at com.kms.katalon.core.main.TestCaseMain.startTestSuite(TestCaseMain.java:180)
	at com.kms.katalon.core.main.TestCaseMain$startTestSuite$0.call(Unknown Source)
	at TempTestSuite1761139096516.run(TempTestSuite1761139096516.groovy:35)
	at java.base/jdk.internal.reflect.NativeMethodAccessorImpl.invoke0(Native Method)
	at java.base/jdk.internal.reflect.NativeMethodAccessorImpl.invoke(NativeMethodAccessorImpl.java:77)
	at java.base/jdk.internal.reflect.DelegatingMethodAccessorImpl.invoke(DelegatingMethodAccessorImpl.java:43)
Caused by: com.kms.katalon.core.webui.exception.WebElementNotFoundException: Web element with id: 'Object Repository/TripFocus/Orders/Advanced Filters/Advanced Search Fields/Shipper_dropdown' located by '/html/body/div/div[2]/div/main/div/div[2]/div/div[2]/div/div/div[2]/div/div/div[2]/div[1]/div/div/div[1]' not found
	at com.kms.katalon.core.webui.common.WebUiCommonHelper.findWebElement(WebUiCommonHelper.java:1423)
	at com.kms.katalon.core.webui.keyword.internal.WebUIAbstractKeyword.findWebElement(WebUIAbstractKeyword.groovy:27)
	at com.kms.katalon.core.webui.keyword.builtin.ClickKeyword$_click_closure1.doCall(ClickKeyword.groovy:65)
	at com.kms.katalon.core.webui.keyword.builtin.ClickKeyword$_click_closure1.call(ClickKeyword.groovy)
	at com.kms.katalon.core.webui.keyword.internal.WebUIKeywordMain.runKeyword(WebUIKeywordMain.groovy:35)
	at com.kms.katalon.core.webui.keyword.builtin.ClickKeyword.click(ClickKeyword.groovy:74)
	at com.kms.katalon.core.webui.keyword.builtin.ClickKeyword.execute(ClickKeyword.groovy:40)
	at com.kms.katalon.core.keyword.internal.KeywordExecutor.executeKeywordForPlatform(KeywordExecutor.groovy:74)
	at com.kms.katalon.core.webui.keyword.WebUiBuiltInKeywords.click(WebUiBuiltInKeywords.groovy:659)
	at com.kms.katalon.core.webui.keyword.WebUiBuiltInKeywords$click$1.call(Unknown Source)
	at Script1745009443943.run(Script1745009443943.groovy:60)
	... 16 more
)

22-10-2025T11:04:57 - [TEST_STEP][PASSED] - Start listener action : retryOnDisconnect: Current window's url is: 'https://www.qa.tripfocus.com/order-tenders'

22-10-2025T11:04:57 - [TEST_STEP][PASSED] - tcId = testCaseContext.getTestCaseId(): null

22-10-2025T11:04:57 - [TEST_STEP][PASSED] - currentRetry = retryCounts.getOrDefault(tcId, 0): null

22-10-2025T11:04:57 - [TEST_STEP][PASSED] - if (testCaseContext.getTestCaseStatus() == "FAILED" && currentRetry < MAX_RETRIES): Current window's url is: 'https://www.qa.tripfocus.com/order-tenders'

22-10-2025T11:04:57 - [TEST_STEP][PASSED] - try: Current window's url is: 'https://www.qa.tripfocus.com/order-tenders'

22-10-2025T11:04:57 - [TEST_STEP][PASSED] - comment(Checking for WebDriver disconnect for test case: $tcId): Checking for WebDriver disconnect for test case: Test Cases/TripFocus/SPG/SPG - Orders/SPG - Advanced Filter - Shipper

22-10-2025T11:04:57 - [MESSAGE][INFO] - Checking for WebDriver disconnect for test case: Test Cases/TripFocus/SPG/SPG - Orders/SPG - Advanced Filter - Shipper

22-10-2025T11:04:57 - [TEST_STEP][PASSED] - getUrl(): Current window's url is: 'https://www.qa.tripfocus.com/order-tenders'

22-10-2025T11:04:57 - [MESSAGE][PASSED] - Current window's url is: 'https://www.qa.tripfocus.com/order-tenders']]></system-out>
         <system-err><![CDATA[22-10-2025T11:03:51 - [TEST_CASE][FAILED] - Test Cases/TripFocus/SPG/SPG - Orders/SPG - Advanced Filter - Shipper: Test Cases/TripFocus/SPG/SPG - Orders/SPG - Advanced Filter - Shipper FAILED.
Reason:
com.kms.katalon.core.exception.StepFailedException: Unable to click on object 'Object Repository/TripFocus/Orders/Advanced Filters/Advanced Search Fields/Shipper_dropdown'
	at com.kms.katalon.core.webui.keyword.internal.WebUIKeywordMain.stepFailed(WebUIKeywordMain.groovy:117)
	at com.kms.katalon.core.webui.keyword.internal.WebUIKeywordMain.runKeyword(WebUIKeywordMain.groovy:43)
	at com.kms.katalon.core.webui.keyword.builtin.ClickKeyword.click(ClickKeyword.groovy:74)
	at com.kms.katalon.core.webui.keyword.builtin.ClickKeyword.execute(ClickKeyword.groovy:40)
	at com.kms.katalon.core.keyword.internal.KeywordExecutor.executeKeywordForPlatform(KeywordExecutor.groovy:74)
	at com.kms.katalon.core.webui.keyword.WebUiBuiltInKeywords.click(WebUiBuiltInKeywords.groovy:659)
	at com.kms.katalon.core.webui.keyword.WebUiBuiltInKeywords$click$1.call(Unknown Source)
	at SPG - Advanced Filter - Shipper.run(SPG - Advanced Filter - Shipper:60)
	at com.kms.katalon.core.main.ScriptEngine.run(ScriptEngine.java:194)
	at com.kms.katalon.core.main.ScriptEngine.runScriptAsRawText(ScriptEngine.java:119)
	at com.kms.katalon.core.main.TestCaseExecutor.runScript(TestCaseExecutor.java:448)
	at com.kms.katalon.core.main.TestCaseExecutor.doExecute(TestCaseExecutor.java:439)
	at com.kms.katalon.core.main.TestCaseExecutor.processExecutionPhase(TestCaseExecutor.java:418)
	at com.kms.katalon.core.main.TestCaseExecutor.accessMainPhase(TestCaseExecutor.java:410)
	at com.kms.katalon.core.main.TestCaseExecutor.execute(TestCaseExecutor.java:285)
	at com.kms.katalon.core.common.CommonExecutor.accessTestCaseMainPhase(CommonExecutor.java:65)
	at com.kms.katalon.core.main.TestSuiteExecutor.accessTestSuiteMainPhase(TestSuiteExecutor.java:150)
	at com.kms.katalon.core.main.TestSuiteExecutor.execute(TestSuiteExecutor.java:106)
	at com.kms.katalon.core.main.TestCaseMain.startTestSuite(TestCaseMain.java:180)
	at com.kms.katalon.core.main.TestCaseMain$startTestSuite$0.call(Unknown Source)
	at TempTestSuite1761139096516.run(TempTestSuite1761139096516.groovy:35)
	at java.base/jdk.internal.reflect.NativeMethodAccessorImpl.invoke0(Native Method)
	at java.base/jdk.internal.reflect.NativeMethodAccessorImpl.invoke(NativeMethodAccessorImpl.java:77)
	at java.base/jdk.internal.reflect.DelegatingMethodAccessorImpl.invoke(DelegatingMethodAccessorImpl.java:43)
Caused by: com.kms.katalon.core.webui.exception.WebElementNotFoundException: Web element with id: 'Object Repository/TripFocus/Orders/Advanced Filters/Advanced Search Fields/Shipper_dropdown' located by '/html/body/div/div[2]/div/main/div/div[2]/div/div[2]/div/div/div[2]/div/div/div[2]/div[1]/div/div/div[1]' not found
	at com.kms.katalon.core.webui.common.WebUiCommonHelper.findWebElement(WebUiCommonHelper.java:1423)
	at com.kms.katalon.core.webui.keyword.internal.WebUIAbstractKeyword.findWebElement(WebUIAbstractKeyword.groovy:27)
	at com.kms.katalon.core.webui.keyword.builtin.ClickKeyword$_click_closure1.doCall(ClickKeyword.groovy:65)
	at com.kms.katalon.core.webui.keyword.builtin.ClickKeyword$_click_closure1.call(ClickKeyword.groovy)
	at com.kms.katalon.core.webui.keyword.internal.WebUIKeywordMain.runKeyword(WebUIKeywordMain.groovy:35)
	... 22 more]]></system-err>
      </testcase>
      <testcase name="Test Cases/TripFocus/SPG/SPG - Orders/SPG - Advanced Filter - Supplier" time="69.356" classname="Test Cases/TripFocus/SPG/SPG - Orders/SPG - Advanced Filter - Supplier" status="FAILED">
         <failure type="FAILED" message="Test Cases/TripFocus/SPG/SPG - Orders/SPG - Advanced Filter - Supplier FAILED.&#xa;Reason:&#xa;com.kms.katalon.core.exception.StepFailedException: Unable to click on object 'Object Repository/TripFocus/Orders/Advanced Filters/Advanced Search Fields/Supplier_dropdown'&#xa;	at com.kms.katalon.core.webui.keyword.internal.WebUIKeywordMain.stepFailed(WebUIKeywordMain.groovy:117)&#xa;	at com.kms.katalon.core.webui.keyword.internal.WebUIKeywordMain.runKeyword(WebUIKeywordMain.groovy:43)&#xa;	at com.kms.katalon.core.webui.keyword.builtin.ClickKeyword.click(ClickKeyword.groovy:74)&#xa;	at com.kms.katalon.core.webui.keyword.builtin.ClickKeyword.execute(ClickKeyword.groovy:40)&#xa;	at com.kms.katalon.core.keyword.internal.KeywordExecutor.executeKeywordForPlatform(KeywordExecutor.groovy:74)&#xa;	at com.kms.katalon.core.webui.keyword.WebUiBuiltInKeywords.click(WebUiBuiltInKeywords.groovy:659)&#xa;	at com.kms.katalon.core.webui.keyword.WebUiBuiltInKeywords$click$1.call(Unknown Source)&#xa;	at SPG - Advanced Filter - Supplier.run(SPG - Advanced Filter - Supplier:57)&#xa;	at com.kms.katalon.core.main.ScriptEngine.run(ScriptEngine.java:194)&#xa;	at com.kms.katalon.core.main.ScriptEngine.runScriptAsRawText(ScriptEngine.java:119)&#xa;	at com.kms.katalon.core.main.TestCaseExecutor.runScript(TestCaseExecutor.java:448)&#xa;	at com.kms.katalon.core.main.TestCaseExecutor.doExecute(TestCaseExecutor.java:439)&#xa;	at com.kms.katalon.core.main.TestCaseExecutor.processExecutionPhase(TestCaseExecutor.java:418)&#xa;	at com.kms.katalon.core.main.TestCaseExecutor.accessMainPhase(TestCaseExecutor.java:410)&#xa;	at com.kms.katalon.core.main.TestCaseExecutor.execute(TestCaseExecutor.java:285)&#xa;	at com.kms.katalon.core.common.CommonExecutor.accessTestCaseMainPhase(CommonExecutor.java:65)&#xa;	at com.kms.katalon.core.main.TestSuiteExecutor.accessTestSuiteMainPhase(TestSuiteExecutor.java:150)&#xa;	at com.kms.katalon.core.main.TestSuiteExecutor.execute(TestSuiteExecutor.java:106)&#xa;	at com.kms.katalon.core.main.TestCaseMain.startTestSuite(TestCaseMain.java:180)&#xa;	at com.kms.katalon.core.main.TestCaseMain$startTestSuite$0.call(Unknown Source)&#xa;	at TempTestSuite1761139096516.run(TempTestSuite1761139096516.groovy:35)&#xa;	at java.base/jdk.internal.reflect.NativeMethodAccessorImpl.invoke0(Native Method)&#xa;	at java.base/jdk.internal.reflect.NativeMethodAccessorImpl.invoke(NativeMethodAccessorImpl.java:77)&#xa;	at java.base/jdk.internal.reflect.DelegatingMethodAccessorImpl.invoke(DelegatingMethodAccessorImpl.java:43)&#xa;Caused by: com.kms.katalon.core.webui.exception.WebElementNotFoundException: Web element with id: 'Object Repository/TripFocus/Orders/Advanced Filters/Advanced Search Fields/Supplier_dropdown' located by '/html/body/div/div[2]/div/main/div/div[2]/div/div[2]/div/div/div[2]/div/div/div[3]/div[1]/div/div/div[1]' not found&#xa;	at com.kms.katalon.core.webui.common.WebUiCommonHelper.findWebElement(WebUiCommonHelper.java:1423)&#xa;	at com.kms.katalon.core.webui.keyword.internal.WebUIAbstractKeyword.findWebElement(WebUIAbstractKeyword.groovy:27)&#xa;	at com.kms.katalon.core.webui.keyword.builtin.ClickKeyword$_click_closure1.doCall(ClickKeyword.groovy:65)&#xa;	at com.kms.katalon.core.webui.keyword.builtin.ClickKeyword$_click_closure1.call(ClickKeyword.groovy)&#xa;	at com.kms.katalon.core.webui.keyword.internal.WebUIKeywordMain.runKeyword(WebUIKeywordMain.groovy:35)&#xa;	... 22 more&#xa;"/>
         <system-out><![CDATA[22-10-2025T11:04:57 - [TEST_CASE][FAILED] - Test Cases/TripFocus/SPG/SPG - Orders/SPG - Advanced Filter - Supplier: Test Cases/TripFocus/SPG/SPG - Orders/SPG - Advanced Filter - Supplier FAILED.
Reason:
com.kms.katalon.core.exception.StepFailedException: Unable to click on object 'Object Repository/TripFocus/Orders/Advanced Filters/Advanced Search Fields/Supplier_dropdown'
	at com.kms.katalon.core.webui.keyword.internal.WebUIKeywordMain.stepFailed(WebUIKeywordMain.groovy:117)
	at com.kms.katalon.core.webui.keyword.internal.WebUIKeywordMain.runKeyword(WebUIKeywordMain.groovy:43)
	at com.kms.katalon.core.webui.keyword.builtin.ClickKeyword.click(ClickKeyword.groovy:74)
	at com.kms.katalon.core.webui.keyword.builtin.ClickKeyword.execute(ClickKeyword.groovy:40)
	at com.kms.katalon.core.keyword.internal.KeywordExecutor.executeKeywordForPlatform(KeywordExecutor.groovy:74)
	at com.kms.katalon.core.webui.keyword.WebUiBuiltInKeywords.click(WebUiBuiltInKeywords.groovy:659)
	at com.kms.katalon.core.webui.keyword.WebUiBuiltInKeywords$click$1.call(Unknown Source)
	at SPG - Advanced Filter - Supplier.run(SPG - Advanced Filter - Supplier:57)
	at com.kms.katalon.core.main.ScriptEngine.run(ScriptEngine.java:194)
	at com.kms.katalon.core.main.ScriptEngine.runScriptAsRawText(ScriptEngine.java:119)
	at com.kms.katalon.core.main.TestCaseExecutor.runScript(TestCaseExecutor.java:448)
	at com.kms.katalon.core.main.TestCaseExecutor.doExecute(TestCaseExecutor.java:439)
	at com.kms.katalon.core.main.TestCaseExecutor.processExecutionPhase(TestCaseExecutor.java:418)
	at com.kms.katalon.core.main.TestCaseExecutor.accessMainPhase(TestCaseExecutor.java:410)
	at com.kms.katalon.core.main.TestCaseExecutor.execute(TestCaseExecutor.java:285)
	at com.kms.katalon.core.common.CommonExecutor.accessTestCaseMainPhase(CommonExecutor.java:65)
	at com.kms.katalon.core.main.TestSuiteExecutor.accessTestSuiteMainPhase(TestSuiteExecutor.java:150)
	at com.kms.katalon.core.main.TestSuiteExecutor.execute(TestSuiteExecutor.java:106)
	at com.kms.katalon.core.main.TestCaseMain.startTestSuite(TestCaseMain.java:180)
	at com.kms.katalon.core.main.TestCaseMain$startTestSuite$0.call(Unknown Source)
	at TempTestSuite1761139096516.run(TempTestSuite1761139096516.groovy:35)
	at java.base/jdk.internal.reflect.NativeMethodAccessorImpl.invoke0(Native Method)
	at java.base/jdk.internal.reflect.NativeMethodAccessorImpl.invoke(NativeMethodAccessorImpl.java:77)
	at java.base/jdk.internal.reflect.DelegatingMethodAccessorImpl.invoke(DelegatingMethodAccessorImpl.java:43)
Caused by: com.kms.katalon.core.webui.exception.WebElementNotFoundException: Web element with id: 'Object Repository/TripFocus/Orders/Advanced Filters/Advanced Search Fields/Supplier_dropdown' located by '/html/body/div/div[2]/div/main/div/div[2]/div/div[2]/div/div/div[2]/div/div/div[3]/div[1]/div/div/div[1]' not found
	at com.kms.katalon.core.webui.common.WebUiCommonHelper.findWebElement(WebUiCommonHelper.java:1423)
	at com.kms.katalon.core.webui.keyword.internal.WebUIAbstractKeyword.findWebElement(WebUIAbstractKeyword.groovy:27)
	at com.kms.katalon.core.webui.keyword.builtin.ClickKeyword$_click_closure1.doCall(ClickKeyword.groovy:65)
	at com.kms.katalon.core.webui.keyword.builtin.ClickKeyword$_click_closure1.call(ClickKeyword.groovy)
	at com.kms.katalon.core.webui.keyword.internal.WebUIKeywordMain.runKeyword(WebUIKeywordMain.groovy:35)
	... 22 more


22-10-2025T11:04:57 - [TEST_STEP][PASSED] - Start listener action : beforeTestCase: null

22-10-2025T11:04:57 - [TEST_STEP][PASSED] - addDefaultPackages(): null

22-10-2025T11:04:57 - [TEST_STEP][PASSED] - openBrowser(""): Browser is opened with url: ''

22-10-2025T11:04:57 - [MESSAGE][WARNING] - A browser is already opened. Closing browser and opening a new one

22-10-2025T11:04:57 - [MESSAGE][INFO] - Starting 'Chrome' driver

22-10-2025T11:04:57 - [MESSAGE][INFO] - User set preference: ['args', '[--no-sandbox, --disable-gpu, --disable-dev-shm-usage]']

22-10-2025T11:04:57 - [MESSAGE][INFO] - Action delay is set to 0 milliseconds

22-10-2025T11:04:58 - [MESSAGE][PASSED] - Browser is opened with url: ''

22-10-2025T11:04:58 - [TEST_STEP][PASSED] - navigateToUrl(TFBaseURL): Navigate to 'https://www.qa.tripfocus.com' successfully

22-10-2025T11:04:59 - [MESSAGE][PASSED] - Navigate to 'https://www.qa.tripfocus.com' successfully

22-10-2025T11:04:59 - [TEST_STEP][PASSED] - click(findTestObject("Object Repository/TripFocus/Page_TripFocus/button_Sign in")): Object: 'Object Repository/TripFocus/Page_TripFocus/button_Sign in' is clicked on

22-10-2025T11:04:59 - [MESSAGE][PASSED] - Object: 'Object Repository/TripFocus/Page_TripFocus/button_Sign in' is clicked on

22-10-2025T11:04:59 - [TEST_STEP][PASSED] - setText(findTestObject("Object Repository/TripFocus/Page_TripFocus/input_Username (e.g. email address)_Username"), TripFocusBleachTechSPGUsername): Text 'Ashford.Chenault+BleachtechCustomerSPGONLY@thekag.com' is set on object 'Object Repository/TripFocus/Page_TripFocus/input_Username (e.g. email address)_Username'

22-10-2025T11:04:59 - [MESSAGE][PASSED] - Text 'Ashford.Chenault+BleachtechCustomerSPGONLY@thekag.com' is set on object 'Object Repository/TripFocus/Page_TripFocus/input_Username (e.g. email address)_Username'

22-10-2025T11:04:59 - [TEST_STEP][PASSED] - setText(findTestObject("Object Repository/TripFocus/Page_TripFocus/input_Password_Password"), TripFocusFDGSPGPassword): Text 'CrashBan911!!' is set on object 'Object Repository/TripFocus/Page_TripFocus/input_Password_Password'

22-10-2025T11:04:59 - [MESSAGE][PASSED] - Text 'CrashBan911!!' is set on object 'Object Repository/TripFocus/Page_TripFocus/input_Password_Password'

22-10-2025T11:04:59 - [TEST_STEP][PASSED] - click(findTestObject("Object Repository/TripFocus/Page_TripFocus/button_Login")): Object: 'Object Repository/TripFocus/Page_TripFocus/button_Login' is clicked on

22-10-2025T11:05:00 - [MESSAGE][PASSED] - Object: 'Object Repository/TripFocus/Page_TripFocus/button_Login' is clicked on

22-10-2025T11:05:00 - [TEST_STEP][PASSED] - maximizeWindow(): Current window maximized

22-10-2025T11:05:00 - [MESSAGE][PASSED] - Current window maximized

22-10-2025T11:05:00 - [TEST_STEP][PASSED] - waitForElementVisible(findTestObject("TripFocus/Testing_Notification_btn"), 15, OPTIONAL): Web element with id: 'Object Repository/TripFocus/Testing_Notification_btn' located by '//*[@id="__BVID__10___BV_modal_footer_"]/button' not found

22-10-2025T11:05:16 - [MESSAGE][INFO] - Unable to find the element located by 'By.xpath: //*[@id="__BVID__10___BV_modal_footer_"]/button'. Please recheck the objects properties to make sure the desired element is located. 

22-10-2025T11:05:16 - [MESSAGE][WARNING] - [SELF-HEALING] Failed to find element with id 'Object Repository/TripFocus/Testing_Notification_btn'. Try using Self-healing.

22-10-2025T11:05:17 - [MESSAGE][INFO] - [SELF-HEALING] No working XPath is found.

22-10-2025T11:05:19 - [MESSAGE][INFO] - Unable to find the element located by 'By.xpath: '. Please recheck the objects properties to make sure the desired element is located. 

22-10-2025T11:05:19 - [MESSAGE][WARNING] - [SELF-HEALING] Cannot find elements when the selector is null

22-10-2025T11:05:19 - [MESSAGE][WARNING] - Web element with id: 'Object Repository/TripFocus/Testing_Notification_btn' located by '//*[@id="__BVID__10___BV_modal_footer_"]/button' not found

22-10-2025T11:05:19 - [TEST_STEP][PASSED] - if (verifyElementVisible(findTestObject("TripFocus/Testing_Notification_btn"), OPTIONAL) == true): Web element with id: 'Object Repository/TripFocus/Testing_Notification_btn' located by '//*[@id="__BVID__10___BV_modal_footer_"]/button' not found (Root cause: com.kms.katalon.core.exception.StepFailedException: Web element with id: 'Object Repository/TripFocus/Testing_Notification_btn' located by '//*[@id="__BVID__10___BV_modal_footer_"]/button' not found
	at com.kms.katalon.core.webui.keyword.internal.WebUIKeywordMain.stepFailed(WebUIKeywordMain.groovy:117)
	at com.kms.katalon.core.webui.keyword.builtin.VerifyElementVisibleKeyword$_verifyElementVisible_closure1.doCall(VerifyElementVisibleKeyword.groovy:89)
	at com.kms.katalon.core.webui.keyword.builtin.VerifyElementVisibleKeyword$_verifyElementVisible_closure1.call(VerifyElementVisibleKeyword.groovy)
	at com.kms.katalon.core.webui.keyword.internal.WebUIKeywordMain.runKeyword(WebUIKeywordMain.groovy:35)
	at com.kms.katalon.core.webui.keyword.builtin.VerifyElementVisibleKeyword.verifyElementVisible(VerifyElementVisibleKeyword.groovy:97)
	at com.kms.katalon.core.webui.keyword.builtin.VerifyElementVisibleKeyword.execute(VerifyElementVisibleKeyword.groovy:67)
	at com.kms.katalon.core.keyword.internal.KeywordExecutor.executeKeywordForPlatform(KeywordExecutor.groovy:74)
	at com.kms.katalon.core.webui.keyword.WebUiBuiltInKeywords.verifyElementVisible(WebUiBuiltInKeywords.groovy:401)
	at com.kms.katalon.core.webui.keyword.WebUiBuiltInKeywords$verifyElementVisible$5.call(Unknown Source)
	at SPG - Advanced Filter - Supplier.run(SPG - Advanced Filter - Supplier:38)
	at com.kms.katalon.core.main.ScriptEngine.run(ScriptEngine.java:194)
	at com.kms.katalon.core.main.ScriptEngine.runScriptAsRawText(ScriptEngine.java:119)
	at com.kms.katalon.core.main.TestCaseExecutor.runScript(TestCaseExecutor.java:448)
	at com.kms.katalon.core.main.TestCaseExecutor.doExecute(TestCaseExecutor.java:439)
	at com.kms.katalon.core.main.TestCaseExecutor.processExecutionPhase(TestCaseExecutor.java:418)
	at com.kms.katalon.core.main.TestCaseExecutor.accessMainPhase(TestCaseExecutor.java:410)
	at com.kms.katalon.core.main.TestCaseExecutor.execute(TestCaseExecutor.java:285)
	at com.kms.katalon.core.common.CommonExecutor.accessTestCaseMainPhase(CommonExecutor.java:65)
	at com.kms.katalon.core.main.TestSuiteExecutor.accessTestSuiteMainPhase(TestSuiteExecutor.java:150)
	at com.kms.katalon.core.main.TestSuiteExecutor.execute(TestSuiteExecutor.java:106)
	at com.kms.katalon.core.main.TestCaseMain.startTestSuite(TestCaseMain.java:180)
	at com.kms.katalon.core.main.TestCaseMain$startTestSuite$0.call(Unknown Source)
	at TempTestSuite1761139096516.run(TempTestSuite1761139096516.groovy:35)
	at java.base/jdk.internal.reflect.NativeMethodAccessorImpl.invoke0(Native Method)
	at java.base/jdk.internal.reflect.NativeMethodAccessorImpl.invoke(NativeMethodAccessorImpl.java:77)
	at java.base/jdk.internal.reflect.DelegatingMethodAccessorImpl.invoke(DelegatingMethodAccessorImpl.java:43)
)

22-10-2025T11:05:35 - [MESSAGE][INFO] - Unable to find the element located by 'By.xpath: //*[@id="__BVID__10___BV_modal_footer_"]/button'. Please recheck the objects properties to make sure the desired element is located. 

22-10-2025T11:05:35 - [MESSAGE][WARNING] - [SELF-HEALING] Failed to find element with id 'Object Repository/TripFocus/Testing_Notification_btn'. Try using Self-healing.

22-10-2025T11:05:36 - [MESSAGE][INFO] - [SELF-HEALING] No working XPath is found.

22-10-2025T11:05:38 - [MESSAGE][INFO] - Unable to find the element located by 'By.xpath: '. Please recheck the objects properties to make sure the desired element is located. 

22-10-2025T11:05:38 - [MESSAGE][WARNING] - [SELF-HEALING] Cannot find elements when the selector is null

22-10-2025T11:05:38 - [MESSAGE][WARNING] - Web element with id: 'Object Repository/TripFocus/Testing_Notification_btn' located by '//*[@id="__BVID__10___BV_modal_footer_"]/button' not found (Root cause: com.kms.katalon.core.exception.StepFailedException: Web element with id: 'Object Repository/TripFocus/Testing_Notification_btn' located by '//*[@id="__BVID__10___BV_modal_footer_"]/button' not found
	at com.kms.katalon.core.webui.keyword.internal.WebUIKeywordMain.stepFailed(WebUIKeywordMain.groovy:117)
	at com.kms.katalon.core.webui.keyword.builtin.VerifyElementVisibleKeyword$_verifyElementVisible_closure1.doCall(VerifyElementVisibleKeyword.groovy:89)
	at com.kms.katalon.core.webui.keyword.builtin.VerifyElementVisibleKeyword$_verifyElementVisible_closure1.call(VerifyElementVisibleKeyword.groovy)
	at com.kms.katalon.core.webui.keyword.internal.WebUIKeywordMain.runKeyword(WebUIKeywordMain.groovy:35)
	at com.kms.katalon.core.webui.keyword.builtin.VerifyElementVisibleKeyword.verifyElementVisible(VerifyElementVisibleKeyword.groovy:97)
	at com.kms.katalon.core.webui.keyword.builtin.VerifyElementVisibleKeyword.execute(VerifyElementVisibleKeyword.groovy:67)
	at com.kms.katalon.core.keyword.internal.KeywordExecutor.executeKeywordForPlatform(KeywordExecutor.groovy:74)
	at com.kms.katalon.core.webui.keyword.WebUiBuiltInKeywords.verifyElementVisible(WebUiBuiltInKeywords.groovy:401)
	at com.kms.katalon.core.webui.keyword.WebUiBuiltInKeywords$verifyElementVisible$5.call(Unknown Source)
	at SPG - Advanced Filter - Supplier.run(SPG - Advanced Filter - Supplier:38)
	at com.kms.katalon.core.main.ScriptEngine.run(ScriptEngine.java:194)
	at com.kms.katalon.core.main.ScriptEngine.runScriptAsRawText(ScriptEngine.java:119)
	at com.kms.katalon.core.main.TestCaseExecutor.runScript(TestCaseExecutor.java:448)
	at com.kms.katalon.core.main.TestCaseExecutor.doExecute(TestCaseExecutor.java:439)
	at com.kms.katalon.core.main.TestCaseExecutor.processExecutionPhase(TestCaseExecutor.java:418)
	at com.kms.katalon.core.main.TestCaseExecutor.accessMainPhase(TestCaseExecutor.java:410)
	at com.kms.katalon.core.main.TestCaseExecutor.execute(TestCaseExecutor.java:285)
	at com.kms.katalon.core.common.CommonExecutor.accessTestCaseMainPhase(CommonExecutor.java:65)
	at com.kms.katalon.core.main.TestSuiteExecutor.accessTestSuiteMainPhase(TestSuiteExecutor.java:150)
	at com.kms.katalon.core.main.TestSuiteExecutor.execute(TestSuiteExecutor.java:106)
	at com.kms.katalon.core.main.TestCaseMain.startTestSuite(TestCaseMain.java:180)
	at com.kms.katalon.core.main.TestCaseMain$startTestSuite$0.call(Unknown Source)
	at TempTestSuite1761139096516.run(TempTestSuite1761139096516.groovy:35)
	at java.base/jdk.internal.reflect.NativeMethodAccessorImpl.invoke0(Native Method)
	at java.base/jdk.internal.reflect.NativeMethodAccessorImpl.invoke(NativeMethodAccessorImpl.java:77)
	at java.base/jdk.internal.reflect.DelegatingMethodAccessorImpl.invoke(DelegatingMethodAccessorImpl.java:43)
)

22-10-2025T11:05:38 - [TEST_STEP][PASSED] - click(findTestObject("TripFocus/SSO/SSO Orders Tab")): Object: 'Object Repository/TripFocus/SSO/SSO Orders Tab' is clicked on

22-10-2025T11:05:38 - [MESSAGE][PASSED] - Object: 'Object Repository/TripFocus/SSO/SSO Orders Tab' is clicked on

22-10-2025T11:05:38 - [TEST_STEP][PASSED] - delay(5): Delayed 5 second(s)

22-10-2025T11:05:43 - [MESSAGE][PASSED] - Delayed 5 second(s)

22-10-2025T11:05:43 - [TEST_STEP][PASSED] - click(findTestObject("TripFocus/Orders/Advanced Filters_btn"), STOP_ON_FAILURE): Object: 'Object Repository/TripFocus/Orders/Advanced Filters_btn' is clicked on

22-10-2025T11:05:43 - [MESSAGE][PASSED] - Object: 'Object Repository/TripFocus/Orders/Advanced Filters_btn' is clicked on

22-10-2025T11:05:43 - [TEST_STEP][PASSED] - delay(2): Delayed 2 second(s)

22-10-2025T11:05:45 - [MESSAGE][PASSED] - Delayed 2 second(s)

22-10-2025T11:05:45 - [TEST_STEP][PASSED] - click(findTestObject("TripFocus/Orders/Advanced Filters/Advanced Search Fields/Advanced_Search_Fields_dropdown")): Object: 'Object Repository/TripFocus/Orders/Advanced Filters/Advanced Search Fields/Advanced_Search_Fields_dropdown' is clicked on

22-10-2025T11:05:45 - [MESSAGE][PASSED] - Object: 'Object Repository/TripFocus/Orders/Advanced Filters/Advanced Search Fields/Advanced_Search_Fields_dropdown' is clicked on

22-10-2025T11:05:45 - [TEST_STEP][PASSED] - delay(2): Delayed 2 second(s)

22-10-2025T11:05:47 - [MESSAGE][PASSED] - Delayed 2 second(s)

22-10-2025T11:05:47 - [TEST_STEP][FAILED] - click(findTestObject("TripFocus/Orders/Advanced Filters/Advanced Search Fields/Supplier_dropdown")): Unable to click on object 'Object Repository/TripFocus/Orders/Advanced Filters/Advanced Search Fields/Supplier_dropdown' (Root cause: com.kms.katalon.core.exception.StepFailedException: Unable to click on object 'Object Repository/TripFocus/Orders/Advanced Filters/Advanced Search Fields/Supplier_dropdown'
	at com.kms.katalon.core.webui.keyword.internal.WebUIKeywordMain.stepFailed(WebUIKeywordMain.groovy:117)
	at com.kms.katalon.core.webui.keyword.internal.WebUIKeywordMain.runKeyword(WebUIKeywordMain.groovy:43)
	at com.kms.katalon.core.webui.keyword.builtin.ClickKeyword.click(ClickKeyword.groovy:74)
	at com.kms.katalon.core.webui.keyword.builtin.ClickKeyword.execute(ClickKeyword.groovy:40)
	at com.kms.katalon.core.keyword.internal.KeywordExecutor.executeKeywordForPlatform(KeywordExecutor.groovy:74)
	at com.kms.katalon.core.webui.keyword.WebUiBuiltInKeywords.click(WebUiBuiltInKeywords.groovy:659)
	at com.kms.katalon.core.webui.keyword.WebUiBuiltInKeywords$click$1.call(Unknown Source)
	at SPG - Advanced Filter - Supplier.run(SPG - Advanced Filter - Supplier:57)
	at com.kms.katalon.core.main.ScriptEngine.run(ScriptEngine.java:194)
	at com.kms.katalon.core.main.ScriptEngine.runScriptAsRawText(ScriptEngine.java:119)
	at com.kms.katalon.core.main.TestCaseExecutor.runScript(TestCaseExecutor.java:448)
	at com.kms.katalon.core.main.TestCaseExecutor.doExecute(TestCaseExecutor.java:439)
	at com.kms.katalon.core.main.TestCaseExecutor.processExecutionPhase(TestCaseExecutor.java:418)
	at com.kms.katalon.core.main.TestCaseExecutor.accessMainPhase(TestCaseExecutor.java:410)
	at com.kms.katalon.core.main.TestCaseExecutor.execute(TestCaseExecutor.java:285)
	at com.kms.katalon.core.common.CommonExecutor.accessTestCaseMainPhase(CommonExecutor.java:65)
	at com.kms.katalon.core.main.TestSuiteExecutor.accessTestSuiteMainPhase(TestSuiteExecutor.java:150)
	at com.kms.katalon.core.main.TestSuiteExecutor.execute(TestSuiteExecutor.java:106)
	at com.kms.katalon.core.main.TestCaseMain.startTestSuite(TestCaseMain.java:180)
	at com.kms.katalon.core.main.TestCaseMain$startTestSuite$0.call(Unknown Source)
	at TempTestSuite1761139096516.run(TempTestSuite1761139096516.groovy:35)
	at java.base/jdk.internal.reflect.NativeMethodAccessorImpl.invoke0(Native Method)
	at java.base/jdk.internal.reflect.NativeMethodAccessorImpl.invoke(NativeMethodAccessorImpl.java:77)
	at java.base/jdk.internal.reflect.DelegatingMethodAccessorImpl.invoke(DelegatingMethodAccessorImpl.java:43)
Caused by: com.kms.katalon.core.webui.exception.WebElementNotFoundException: Web element with id: 'Object Repository/TripFocus/Orders/Advanced Filters/Advanced Search Fields/Supplier_dropdown' located by '/html/body/div/div[2]/div/main/div/div[2]/div/div[2]/div/div/div[2]/div/div/div[3]/div[1]/div/div/div[1]' not found
	at com.kms.katalon.core.webui.common.WebUiCommonHelper.findWebElement(WebUiCommonHelper.java:1423)
	at com.kms.katalon.core.webui.keyword.internal.WebUIAbstractKeyword.findWebElement(WebUIAbstractKeyword.groovy:27)
	at com.kms.katalon.core.webui.keyword.builtin.ClickKeyword$_click_closure1.doCall(ClickKeyword.groovy:65)
	at com.kms.katalon.core.webui.keyword.builtin.ClickKeyword$_click_closure1.call(ClickKeyword.groovy)
	at com.kms.katalon.core.webui.keyword.internal.WebUIKeywordMain.runKeyword(WebUIKeywordMain.groovy:35)
	at com.kms.katalon.core.webui.keyword.builtin.ClickKeyword.click(ClickKeyword.groovy:74)
	at com.kms.katalon.core.webui.keyword.builtin.ClickKeyword.execute(ClickKeyword.groovy:40)
	at com.kms.katalon.core.keyword.internal.KeywordExecutor.executeKeywordForPlatform(KeywordExecutor.groovy:74)
	at com.kms.katalon.core.webui.keyword.WebUiBuiltInKeywords.click(WebUiBuiltInKeywords.groovy:659)
	at com.kms.katalon.core.webui.keyword.WebUiBuiltInKeywords$click$1.call(Unknown Source)
	at Script1745009450041.run(Script1745009450041.groovy:57)
	... 16 more
)

22-10-2025T11:06:03 - [MESSAGE][INFO] - Unable to find the element located by 'By.xpath: /html/body/div/div[2]/div/main/div/div[2]/div/div[2]/div/div/div[2]/div/div/div[3]/div[1]/div/div/div[1]'. Please recheck the objects properties to make sure the desired element is located. 

22-10-2025T11:06:03 - [MESSAGE][WARNING] - [SELF-HEALING] Failed to find element with id 'Object Repository/TripFocus/Orders/Advanced Filters/Advanced Search Fields/Supplier_dropdown'. Try using Self-healing.

22-10-2025T11:06:04 - [MESSAGE][INFO] - [SELF-HEALING] No working XPath is found.

22-10-2025T11:06:06 - [MESSAGE][INFO] - Unable to find the element located by 'By.xpath: '. Please recheck the objects properties to make sure the desired element is located. 

22-10-2025T11:06:06 - [MESSAGE][WARNING] - [SELF-HEALING] Cannot find elements when the selector is null

22-10-2025T11:06:06 - [MESSAGE][FAILED] - Unable to click on object 'Object Repository/TripFocus/Orders/Advanced Filters/Advanced Search Fields/Supplier_dropdown' (Root cause: com.kms.katalon.core.exception.StepFailedException: Unable to click on object 'Object Repository/TripFocus/Orders/Advanced Filters/Advanced Search Fields/Supplier_dropdown'
	at com.kms.katalon.core.webui.keyword.internal.WebUIKeywordMain.stepFailed(WebUIKeywordMain.groovy:117)
	at com.kms.katalon.core.webui.keyword.internal.WebUIKeywordMain.runKeyword(WebUIKeywordMain.groovy:43)
	at com.kms.katalon.core.webui.keyword.builtin.ClickKeyword.click(ClickKeyword.groovy:74)
	at com.kms.katalon.core.webui.keyword.builtin.ClickKeyword.execute(ClickKeyword.groovy:40)
	at com.kms.katalon.core.keyword.internal.KeywordExecutor.executeKeywordForPlatform(KeywordExecutor.groovy:74)
	at com.kms.katalon.core.webui.keyword.WebUiBuiltInKeywords.click(WebUiBuiltInKeywords.groovy:659)
	at com.kms.katalon.core.webui.keyword.WebUiBuiltInKeywords$click$1.call(Unknown Source)
	at SPG - Advanced Filter - Supplier.run(SPG - Advanced Filter - Supplier:57)
	at com.kms.katalon.core.main.ScriptEngine.run(ScriptEngine.java:194)
	at com.kms.katalon.core.main.ScriptEngine.runScriptAsRawText(ScriptEngine.java:119)
	at com.kms.katalon.core.main.TestCaseExecutor.runScript(TestCaseExecutor.java:448)
	at com.kms.katalon.core.main.TestCaseExecutor.doExecute(TestCaseExecutor.java:439)
	at com.kms.katalon.core.main.TestCaseExecutor.processExecutionPhase(TestCaseExecutor.java:418)
	at com.kms.katalon.core.main.TestCaseExecutor.accessMainPhase(TestCaseExecutor.java:410)
	at com.kms.katalon.core.main.TestCaseExecutor.execute(TestCaseExecutor.java:285)
	at com.kms.katalon.core.common.CommonExecutor.accessTestCaseMainPhase(CommonExecutor.java:65)
	at com.kms.katalon.core.main.TestSuiteExecutor.accessTestSuiteMainPhase(TestSuiteExecutor.java:150)
	at com.kms.katalon.core.main.TestSuiteExecutor.execute(TestSuiteExecutor.java:106)
	at com.kms.katalon.core.main.TestCaseMain.startTestSuite(TestCaseMain.java:180)
	at com.kms.katalon.core.main.TestCaseMain$startTestSuite$0.call(Unknown Source)
	at TempTestSuite1761139096516.run(TempTestSuite1761139096516.groovy:35)
	at java.base/jdk.internal.reflect.NativeMethodAccessorImpl.invoke0(Native Method)
	at java.base/jdk.internal.reflect.NativeMethodAccessorImpl.invoke(NativeMethodAccessorImpl.java:77)
	at java.base/jdk.internal.reflect.DelegatingMethodAccessorImpl.invoke(DelegatingMethodAccessorImpl.java:43)
Caused by: com.kms.katalon.core.webui.exception.WebElementNotFoundException: Web element with id: 'Object Repository/TripFocus/Orders/Advanced Filters/Advanced Search Fields/Supplier_dropdown' located by '/html/body/div/div[2]/div/main/div/div[2]/div/div[2]/div/div/div[2]/div/div/div[3]/div[1]/div/div/div[1]' not found
	at com.kms.katalon.core.webui.common.WebUiCommonHelper.findWebElement(WebUiCommonHelper.java:1423)
	at com.kms.katalon.core.webui.keyword.internal.WebUIAbstractKeyword.findWebElement(WebUIAbstractKeyword.groovy:27)
	at com.kms.katalon.core.webui.keyword.builtin.ClickKeyword$_click_closure1.doCall(ClickKeyword.groovy:65)
	at com.kms.katalon.core.webui.keyword.builtin.ClickKeyword$_click_closure1.call(ClickKeyword.groovy)
	at com.kms.katalon.core.webui.keyword.internal.WebUIKeywordMain.runKeyword(WebUIKeywordMain.groovy:35)
	at com.kms.katalon.core.webui.keyword.builtin.ClickKeyword.click(ClickKeyword.groovy:74)
	at com.kms.katalon.core.webui.keyword.builtin.ClickKeyword.execute(ClickKeyword.groovy:40)
	at com.kms.katalon.core.keyword.internal.KeywordExecutor.executeKeywordForPlatform(KeywordExecutor.groovy:74)
	at com.kms.katalon.core.webui.keyword.WebUiBuiltInKeywords.click(WebUiBuiltInKeywords.groovy:659)
	at com.kms.katalon.core.webui.keyword.WebUiBuiltInKeywords$click$1.call(Unknown Source)
	at Script1745009450041.run(Script1745009450041.groovy:57)
	... 16 more
)

22-10-2025T11:06:07 - [TEST_STEP][PASSED] - Start listener action : retryOnDisconnect: Current window's url is: 'https://www.qa.tripfocus.com/order-tenders'

22-10-2025T11:06:07 - [TEST_STEP][PASSED] - tcId = testCaseContext.getTestCaseId(): null

22-10-2025T11:06:07 - [TEST_STEP][PASSED] - currentRetry = retryCounts.getOrDefault(tcId, 0): null

22-10-2025T11:06:07 - [TEST_STEP][PASSED] - if (testCaseContext.getTestCaseStatus() == "FAILED" && currentRetry < MAX_RETRIES): Current window's url is: 'https://www.qa.tripfocus.com/order-tenders'

22-10-2025T11:06:07 - [TEST_STEP][PASSED] - try: Current window's url is: 'https://www.qa.tripfocus.com/order-tenders'

22-10-2025T11:06:07 - [TEST_STEP][PASSED] - comment(Checking for WebDriver disconnect for test case: $tcId): Checking for WebDriver disconnect for test case: Test Cases/TripFocus/SPG/SPG - Orders/SPG - Advanced Filter - Supplier

22-10-2025T11:06:07 - [MESSAGE][INFO] - Checking for WebDriver disconnect for test case: Test Cases/TripFocus/SPG/SPG - Orders/SPG - Advanced Filter - Supplier

22-10-2025T11:06:07 - [TEST_STEP][PASSED] - getUrl(): Current window's url is: 'https://www.qa.tripfocus.com/order-tenders'

22-10-2025T11:06:07 - [MESSAGE][PASSED] - Current window's url is: 'https://www.qa.tripfocus.com/order-tenders']]></system-out>
         <system-err><![CDATA[22-10-2025T11:04:57 - [TEST_CASE][FAILED] - Test Cases/TripFocus/SPG/SPG - Orders/SPG - Advanced Filter - Supplier: Test Cases/TripFocus/SPG/SPG - Orders/SPG - Advanced Filter - Supplier FAILED.
Reason:
com.kms.katalon.core.exception.StepFailedException: Unable to click on object 'Object Repository/TripFocus/Orders/Advanced Filters/Advanced Search Fields/Supplier_dropdown'
	at com.kms.katalon.core.webui.keyword.internal.WebUIKeywordMain.stepFailed(WebUIKeywordMain.groovy:117)
	at com.kms.katalon.core.webui.keyword.internal.WebUIKeywordMain.runKeyword(WebUIKeywordMain.groovy:43)
	at com.kms.katalon.core.webui.keyword.builtin.ClickKeyword.click(ClickKeyword.groovy:74)
	at com.kms.katalon.core.webui.keyword.builtin.ClickKeyword.execute(ClickKeyword.groovy:40)
	at com.kms.katalon.core.keyword.internal.KeywordExecutor.executeKeywordForPlatform(KeywordExecutor.groovy:74)
	at com.kms.katalon.core.webui.keyword.WebUiBuiltInKeywords.click(WebUiBuiltInKeywords.groovy:659)
	at com.kms.katalon.core.webui.keyword.WebUiBuiltInKeywords$click$1.call(Unknown Source)
	at SPG - Advanced Filter - Supplier.run(SPG - Advanced Filter - Supplier:57)
	at com.kms.katalon.core.main.ScriptEngine.run(ScriptEngine.java:194)
	at com.kms.katalon.core.main.ScriptEngine.runScriptAsRawText(ScriptEngine.java:119)
	at com.kms.katalon.core.main.TestCaseExecutor.runScript(TestCaseExecutor.java:448)
	at com.kms.katalon.core.main.TestCaseExecutor.doExecute(TestCaseExecutor.java:439)
	at com.kms.katalon.core.main.TestCaseExecutor.processExecutionPhase(TestCaseExecutor.java:418)
	at com.kms.katalon.core.main.TestCaseExecutor.accessMainPhase(TestCaseExecutor.java:410)
	at com.kms.katalon.core.main.TestCaseExecutor.execute(TestCaseExecutor.java:285)
	at com.kms.katalon.core.common.CommonExecutor.accessTestCaseMainPhase(CommonExecutor.java:65)
	at com.kms.katalon.core.main.TestSuiteExecutor.accessTestSuiteMainPhase(TestSuiteExecutor.java:150)
	at com.kms.katalon.core.main.TestSuiteExecutor.execute(TestSuiteExecutor.java:106)
	at com.kms.katalon.core.main.TestCaseMain.startTestSuite(TestCaseMain.java:180)
	at com.kms.katalon.core.main.TestCaseMain$startTestSuite$0.call(Unknown Source)
	at TempTestSuite1761139096516.run(TempTestSuite1761139096516.groovy:35)
	at java.base/jdk.internal.reflect.NativeMethodAccessorImpl.invoke0(Native Method)
	at java.base/jdk.internal.reflect.NativeMethodAccessorImpl.invoke(NativeMethodAccessorImpl.java:77)
	at java.base/jdk.internal.reflect.DelegatingMethodAccessorImpl.invoke(DelegatingMethodAccessorImpl.java:43)
Caused by: com.kms.katalon.core.webui.exception.WebElementNotFoundException: Web element with id: 'Object Repository/TripFocus/Orders/Advanced Filters/Advanced Search Fields/Supplier_dropdown' located by '/html/body/div/div[2]/div/main/div/div[2]/div/div[2]/div/div/div[2]/div/div/div[3]/div[1]/div/div/div[1]' not found
	at com.kms.katalon.core.webui.common.WebUiCommonHelper.findWebElement(WebUiCommonHelper.java:1423)
	at com.kms.katalon.core.webui.keyword.internal.WebUIAbstractKeyword.findWebElement(WebUIAbstractKeyword.groovy:27)
	at com.kms.katalon.core.webui.keyword.builtin.ClickKeyword$_click_closure1.doCall(ClickKeyword.groovy:65)
	at com.kms.katalon.core.webui.keyword.builtin.ClickKeyword$_click_closure1.call(ClickKeyword.groovy)
	at com.kms.katalon.core.webui.keyword.internal.WebUIKeywordMain.runKeyword(WebUIKeywordMain.groovy:35)
	... 22 more]]></system-err>
      </testcase>
      <testcase name="Test Cases/TripFocus/SPG/SPG - Orders/SPG - Can Not Create Order Without All Required Fields" time="60.054" classname="Test Cases/TripFocus/SPG/SPG - Orders/SPG - Can Not Create Order Without All Required Fields" status="PASSED">
         <system-out><![CDATA[22-10-2025T11:06:07 - [TEST_CASE][PASSED] - Test Cases/TripFocus/SPG/SPG - Orders/SPG - Can Not Create Order Without All Required Fields: Test Cases/TripFocus/SPG/SPG - Orders/SPG - Can Not Create Order Without All Required Fields

22-10-2025T11:06:07 - [TEST_STEP][PASSED] - Start listener action : beforeTestCase: null

22-10-2025T11:06:07 - [TEST_STEP][PASSED] - addDefaultPackages(): null

22-10-2025T11:06:07 - [TEST_STEP][PASSED] - openBrowser(""): Browser is opened with url: ''

22-10-2025T11:06:07 - [MESSAGE][WARNING] - A browser is already opened. Closing browser and opening a new one

22-10-2025T11:06:07 - [MESSAGE][INFO] - Starting 'Chrome' driver

22-10-2025T11:06:07 - [MESSAGE][INFO] - User set preference: ['args', '[--no-sandbox, --disable-gpu, --disable-dev-shm-usage]']

22-10-2025T11:06:07 - [MESSAGE][INFO] - Action delay is set to 0 milliseconds

22-10-2025T11:06:08 - [MESSAGE][PASSED] - Browser is opened with url: ''

22-10-2025T11:06:08 - [TEST_STEP][PASSED] - navigateToUrl(TFBaseURL): Navigate to 'https://www.qa.tripfocus.com' successfully

22-10-2025T11:06:08 - [MESSAGE][PASSED] - Navigate to 'https://www.qa.tripfocus.com' successfully

22-10-2025T11:06:08 - [TEST_STEP][PASSED] - click(findTestObject("Object Repository/TripFocus/Page_TripFocus/button_Sign in")): Object: 'Object Repository/TripFocus/Page_TripFocus/button_Sign in' is clicked on

22-10-2025T11:06:08 - [MESSAGE][PASSED] - Object: 'Object Repository/TripFocus/Page_TripFocus/button_Sign in' is clicked on

22-10-2025T11:06:08 - [TEST_STEP][PASSED] - setText(findTestObject("Object Repository/TripFocus/Page_TripFocus/input_Username (e.g. email address)_Username"), TripFocusBleachTechSPGUsername): Text 'Ashford.Chenault+BleachtechCustomerSPGONLY@thekag.com' is set on object 'Object Repository/TripFocus/Page_TripFocus/input_Username (e.g. email address)_Username'

22-10-2025T11:06:09 - [MESSAGE][PASSED] - Text 'Ashford.Chenault+BleachtechCustomerSPGONLY@thekag.com' is set on object 'Object Repository/TripFocus/Page_TripFocus/input_Username (e.g. email address)_Username'

22-10-2025T11:06:09 - [TEST_STEP][PASSED] - setText(findTestObject("Object Repository/TripFocus/Page_TripFocus/input_Password_Password"), TripFocusFDGSPGPassword): Text 'CrashBan911!!' is set on object 'Object Repository/TripFocus/Page_TripFocus/input_Password_Password'

22-10-2025T11:06:09 - [MESSAGE][PASSED] - Text 'CrashBan911!!' is set on object 'Object Repository/TripFocus/Page_TripFocus/input_Password_Password'

22-10-2025T11:06:09 - [TEST_STEP][PASSED] - click(findTestObject("Object Repository/TripFocus/Page_TripFocus/button_Login")): Object: 'Object Repository/TripFocus/Page_TripFocus/button_Login' is clicked on

22-10-2025T11:06:09 - [MESSAGE][PASSED] - Object: 'Object Repository/TripFocus/Page_TripFocus/button_Login' is clicked on

22-10-2025T11:06:10 - [TEST_STEP][PASSED] - maximizeWindow(): Current window maximized

22-10-2025T11:06:10 - [MESSAGE][PASSED] - Current window maximized

22-10-2025T11:06:10 - [TEST_STEP][PASSED] - waitForElementVisible(findTestObject("TripFocus/Testing_Notification_btn"), 15, OPTIONAL): Web element with id: 'Object Repository/TripFocus/Testing_Notification_btn' located by '//*[@id="__BVID__10___BV_modal_footer_"]/button' not found

22-10-2025T11:06:26 - [MESSAGE][INFO] - Unable to find the element located by 'By.xpath: //*[@id="__BVID__10___BV_modal_footer_"]/button'. Please recheck the objects properties to make sure the desired element is located. 

22-10-2025T11:06:26 - [MESSAGE][WARNING] - [SELF-HEALING] Failed to find element with id 'Object Repository/TripFocus/Testing_Notification_btn'. Try using Self-healing.

22-10-2025T11:06:27 - [MESSAGE][INFO] - [SELF-HEALING] No working XPath is found.

22-10-2025T11:06:29 - [MESSAGE][INFO] - Unable to find the element located by 'By.xpath: '. Please recheck the objects properties to make sure the desired element is located. 

22-10-2025T11:06:29 - [MESSAGE][WARNING] - [SELF-HEALING] Cannot find elements when the selector is null

22-10-2025T11:06:29 - [MESSAGE][WARNING] - Web element with id: 'Object Repository/TripFocus/Testing_Notification_btn' located by '//*[@id="__BVID__10___BV_modal_footer_"]/button' not found

22-10-2025T11:06:29 - [TEST_STEP][PASSED] - if (verifyElementVisible(findTestObject("TripFocus/Testing_Notification_btn"), OPTIONAL) == true): Web element with id: 'Object Repository/TripFocus/Testing_Notification_btn' located by '//*[@id="__BVID__10___BV_modal_footer_"]/button' not found (Root cause: com.kms.katalon.core.exception.StepFailedException: Web element with id: 'Object Repository/TripFocus/Testing_Notification_btn' located by '//*[@id="__BVID__10___BV_modal_footer_"]/button' not found
	at com.kms.katalon.core.webui.keyword.internal.WebUIKeywordMain.stepFailed(WebUIKeywordMain.groovy:117)
	at com.kms.katalon.core.webui.keyword.builtin.VerifyElementVisibleKeyword$_verifyElementVisible_closure1.doCall(VerifyElementVisibleKeyword.groovy:89)
	at com.kms.katalon.core.webui.keyword.builtin.VerifyElementVisibleKeyword$_verifyElementVisible_closure1.call(VerifyElementVisibleKeyword.groovy)
	at com.kms.katalon.core.webui.keyword.internal.WebUIKeywordMain.runKeyword(WebUIKeywordMain.groovy:35)
	at com.kms.katalon.core.webui.keyword.builtin.VerifyElementVisibleKeyword.verifyElementVisible(VerifyElementVisibleKeyword.groovy:97)
	at com.kms.katalon.core.webui.keyword.builtin.VerifyElementVisibleKeyword.execute(VerifyElementVisibleKeyword.groovy:67)
	at com.kms.katalon.core.keyword.internal.KeywordExecutor.executeKeywordForPlatform(KeywordExecutor.groovy:74)
	at com.kms.katalon.core.webui.keyword.WebUiBuiltInKeywords.verifyElementVisible(WebUiBuiltInKeywords.groovy:401)
	at com.kms.katalon.core.webui.keyword.WebUiBuiltInKeywords$verifyElementVisible$5.call(Unknown Source)
	at SPG - Can Not Create Order Without All Required Fields.run(SPG - Can Not Create Order Without All Required Fields:38)
	at com.kms.katalon.core.main.ScriptEngine.run(ScriptEngine.java:194)
	at com.kms.katalon.core.main.ScriptEngine.runScriptAsRawText(ScriptEngine.java:119)
	at com.kms.katalon.core.main.TestCaseExecutor.runScript(TestCaseExecutor.java:448)
	at com.kms.katalon.core.main.TestCaseExecutor.doExecute(TestCaseExecutor.java:439)
	at com.kms.katalon.core.main.TestCaseExecutor.processExecutionPhase(TestCaseExecutor.java:418)
	at com.kms.katalon.core.main.TestCaseExecutor.accessMainPhase(TestCaseExecutor.java:410)
	at com.kms.katalon.core.main.TestCaseExecutor.execute(TestCaseExecutor.java:285)
	at com.kms.katalon.core.common.CommonExecutor.accessTestCaseMainPhase(CommonExecutor.java:65)
	at com.kms.katalon.core.main.TestSuiteExecutor.accessTestSuiteMainPhase(TestSuiteExecutor.java:150)
	at com.kms.katalon.core.main.TestSuiteExecutor.execute(TestSuiteExecutor.java:106)
	at com.kms.katalon.core.main.TestCaseMain.startTestSuite(TestCaseMain.java:180)
	at com.kms.katalon.core.main.TestCaseMain$startTestSuite$0.call(Unknown Source)
	at TempTestSuite1761139096516.run(TempTestSuite1761139096516.groovy:35)
	at java.base/jdk.internal.reflect.NativeMethodAccessorImpl.invoke0(Native Method)
	at java.base/jdk.internal.reflect.NativeMethodAccessorImpl.invoke(NativeMethodAccessorImpl.java:77)
	at java.base/jdk.internal.reflect.DelegatingMethodAccessorImpl.invoke(DelegatingMethodAccessorImpl.java:43)
)

22-10-2025T11:06:45 - [MESSAGE][INFO] - Unable to find the element located by 'By.xpath: //*[@id="__BVID__10___BV_modal_footer_"]/button'. Please recheck the objects properties to make sure the desired element is located. 

22-10-2025T11:06:45 - [MESSAGE][WARNING] - [SELF-HEALING] Failed to find element with id 'Object Repository/TripFocus/Testing_Notification_btn'. Try using Self-healing.

22-10-2025T11:06:46 - [MESSAGE][INFO] - [SELF-HEALING] No working XPath is found.

22-10-2025T11:06:48 - [MESSAGE][INFO] - Unable to find the element located by 'By.xpath: '. Please recheck the objects properties to make sure the desired element is located. 

22-10-2025T11:06:48 - [MESSAGE][WARNING] - [SELF-HEALING] Cannot find elements when the selector is null

22-10-2025T11:06:48 - [MESSAGE][WARNING] - Web element with id: 'Object Repository/TripFocus/Testing_Notification_btn' located by '//*[@id="__BVID__10___BV_modal_footer_"]/button' not found (Root cause: com.kms.katalon.core.exception.StepFailedException: Web element with id: 'Object Repository/TripFocus/Testing_Notification_btn' located by '//*[@id="__BVID__10___BV_modal_footer_"]/button' not found
	at com.kms.katalon.core.webui.keyword.internal.WebUIKeywordMain.stepFailed(WebUIKeywordMain.groovy:117)
	at com.kms.katalon.core.webui.keyword.builtin.VerifyElementVisibleKeyword$_verifyElementVisible_closure1.doCall(VerifyElementVisibleKeyword.groovy:89)
	at com.kms.katalon.core.webui.keyword.builtin.VerifyElementVisibleKeyword$_verifyElementVisible_closure1.call(VerifyElementVisibleKeyword.groovy)
	at com.kms.katalon.core.webui.keyword.internal.WebUIKeywordMain.runKeyword(WebUIKeywordMain.groovy:35)
	at com.kms.katalon.core.webui.keyword.builtin.VerifyElementVisibleKeyword.verifyElementVisible(VerifyElementVisibleKeyword.groovy:97)
	at com.kms.katalon.core.webui.keyword.builtin.VerifyElementVisibleKeyword.execute(VerifyElementVisibleKeyword.groovy:67)
	at com.kms.katalon.core.keyword.internal.KeywordExecutor.executeKeywordForPlatform(KeywordExecutor.groovy:74)
	at com.kms.katalon.core.webui.keyword.WebUiBuiltInKeywords.verifyElementVisible(WebUiBuiltInKeywords.groovy:401)
	at com.kms.katalon.core.webui.keyword.WebUiBuiltInKeywords$verifyElementVisible$5.call(Unknown Source)
	at SPG - Can Not Create Order Without All Required Fields.run(SPG - Can Not Create Order Without All Required Fields:38)
	at com.kms.katalon.core.main.ScriptEngine.run(ScriptEngine.java:194)
	at com.kms.katalon.core.main.ScriptEngine.runScriptAsRawText(ScriptEngine.java:119)
	at com.kms.katalon.core.main.TestCaseExecutor.runScript(TestCaseExecutor.java:448)
	at com.kms.katalon.core.main.TestCaseExecutor.doExecute(TestCaseExecutor.java:439)
	at com.kms.katalon.core.main.TestCaseExecutor.processExecutionPhase(TestCaseExecutor.java:418)
	at com.kms.katalon.core.main.TestCaseExecutor.accessMainPhase(TestCaseExecutor.java:410)
	at com.kms.katalon.core.main.TestCaseExecutor.execute(TestCaseExecutor.java:285)
	at com.kms.katalon.core.common.CommonExecutor.accessTestCaseMainPhase(CommonExecutor.java:65)
	at com.kms.katalon.core.main.TestSuiteExecutor.accessTestSuiteMainPhase(TestSuiteExecutor.java:150)
	at com.kms.katalon.core.main.TestSuiteExecutor.execute(TestSuiteExecutor.java:106)
	at com.kms.katalon.core.main.TestCaseMain.startTestSuite(TestCaseMain.java:180)
	at com.kms.katalon.core.main.TestCaseMain$startTestSuite$0.call(Unknown Source)
	at TempTestSuite1761139096516.run(TempTestSuite1761139096516.groovy:35)
	at java.base/jdk.internal.reflect.NativeMethodAccessorImpl.invoke0(Native Method)
	at java.base/jdk.internal.reflect.NativeMethodAccessorImpl.invoke(NativeMethodAccessorImpl.java:77)
	at java.base/jdk.internal.reflect.DelegatingMethodAccessorImpl.invoke(DelegatingMethodAccessorImpl.java:43)
)

22-10-2025T11:06:48 - [TEST_STEP][PASSED] - click(findTestObject("TripFocus/Orders/Orders_tab")): Object: 'Object Repository/TripFocus/Orders/Orders_tab' is clicked on

22-10-2025T11:06:48 - [MESSAGE][PASSED] - Object: 'Object Repository/TripFocus/Orders/Orders_tab' is clicked on

22-10-2025T11:06:48 - [TEST_STEP][PASSED] - delay(5): Delayed 5 second(s)

22-10-2025T11:06:53 - [MESSAGE][PASSED] - Delayed 5 second(s)

22-10-2025T11:06:53 - [TEST_STEP][PASSED] - click(findTestObject("TripFocus/Orders/Create New Order_btn")): Object: 'Object Repository/TripFocus/Orders/Create New Order_btn' is clicked on

22-10-2025T11:06:54 - [MESSAGE][PASSED] - Object: 'Object Repository/TripFocus/Orders/Create New Order_btn' is clicked on

22-10-2025T11:06:54 - [TEST_STEP][PASSED] - delay(2): Delayed 2 second(s)

22-10-2025T11:06:56 - [MESSAGE][PASSED] - Delayed 2 second(s)

22-10-2025T11:06:56 - [TEST_STEP][PASSED] - click(findTestObject("TripFocus/Orders/Create New Order/Add Products/Add Product_link")): Object: 'Object Repository/TripFocus/Orders/Create New Order/Add Products/Add Product_link' is clicked on

22-10-2025T11:06:56 - [MESSAGE][PASSED] - Object: 'Object Repository/TripFocus/Orders/Create New Order/Add Products/Add Product_link' is clicked on

22-10-2025T11:06:56 - [TEST_STEP][PASSED] - delay(2): Delayed 2 second(s)

22-10-2025T11:06:58 - [MESSAGE][PASSED] - Delayed 2 second(s)

22-10-2025T11:06:58 - [TEST_STEP][PASSED] - click(findTestObject("TripFocus/Sidebar Minimizer")): Object: 'Object Repository/TripFocus/Sidebar Minimizer' is clicked on

22-10-2025T11:06:58 - [MESSAGE][PASSED] - Object: 'Object Repository/TripFocus/Sidebar Minimizer' is clicked on

22-10-2025T11:06:58 - [TEST_STEP][PASSED] - delay(1): Delayed 1 second(s)

22-10-2025T11:06:59 - [MESSAGE][PASSED] - Delayed 1 second(s)

22-10-2025T11:06:59 - [TEST_STEP][PASSED] - click(findTestObject("TripFocus/Orders/Create New Order/Add Products/Delivery_Site_dropdown")): Object: 'Object Repository/TripFocus/Orders/Create New Order/Add Products/Delivery_Site_dropdown' is clicked on

22-10-2025T11:06:59 - [MESSAGE][PASSED] - Object: 'Object Repository/TripFocus/Orders/Create New Order/Add Products/Delivery_Site_dropdown' is clicked on

22-10-2025T11:06:59 - [TEST_STEP][PASSED] - delay(2): Delayed 2 second(s)

22-10-2025T11:07:01 - [MESSAGE][PASSED] - Delayed 2 second(s)

22-10-2025T11:07:01 - [TEST_STEP][PASSED] - sendKeys(findTestObject("TripFocus/Orders/Create New Order/Add Products/Delivery_Site_txt"), "Baldwin Plant"): Keys 'Baldwin Plant' sent to object: 'Object Repository/TripFocus/Orders/Create New Order/Add Products/Delivery_Site_txt'

22-10-2025T11:07:01 - [MESSAGE][PASSED] - Keys 'Baldwin Plant' sent to object: 'Object Repository/TripFocus/Orders/Create New Order/Add Products/Delivery_Site_txt'

22-10-2025T11:07:01 - [TEST_STEP][PASSED] - delay(2): Delayed 2 second(s)

22-10-2025T11:07:03 - [MESSAGE][PASSED] - Delayed 2 second(s)

22-10-2025T11:07:03 - [TEST_STEP][PASSED] - sendKeys(findTestObject("TripFocus/Orders/Create New Order/Add Products/Delivery_Site_txt"), Keys.chord(ENTER)): Keys 'ENTER + ' sent to object: 'Object Repository/TripFocus/Orders/Create New Order/Add Products/Delivery_Site_txt'

22-10-2025T11:07:03 - [MESSAGE][PASSED] - Keys 'ENTER + ' sent to object: 'Object Repository/TripFocus/Orders/Create New Order/Add Products/Delivery_Site_txt'

22-10-2025T11:07:03 - [TEST_STEP][PASSED] - delay(2): Delayed 2 second(s)

22-10-2025T11:07:05 - [MESSAGE][PASSED] - Delayed 2 second(s)

22-10-2025T11:07:05 - [TEST_STEP][PASSED] - click(findTestObject("TripFocus/Orders/Create New Order/Add Products/Add_Product_btn (When Showing Advanced Options)")): Object: 'Object Repository/TripFocus/Orders/Create New Order/Add Products/Add_Product_btn (When Showing Advanced Options)' is clicked on

22-10-2025T11:07:06 - [MESSAGE][PASSED] - Object: 'Object Repository/TripFocus/Orders/Create New Order/Add Products/Add_Product_btn (When Showing Advanced Options)' is clicked on

22-10-2025T11:07:06 - [TEST_STEP][PASSED] - delay(1): Delayed 1 second(s)

22-10-2025T11:07:07 - [MESSAGE][PASSED] - Delayed 1 second(s)

22-10-2025T11:07:07 - [TEST_STEP][PASSED] - verifyTextPresent("You must add all required fields before being able to add a product, inlcuding Delivery Site, Commodity, and Quantity/Call For Quantity.", false): Text 'You must add all required fields before being able to add a product, inlcuding Delivery Site, Commodity, and Quantity/Call For Quantity.' is present on page 

22-10-2025T11:07:07 - [MESSAGE][PASSED] - Text 'You must add all required fields before being able to add a product, inlcuding Delivery Site, Commodity, and Quantity/Call For Quantity.' is present on page 

22-10-2025T11:07:07 - [TEST_STEP][PASSED] - Start listener action : retryOnDisconnect: null

22-10-2025T11:07:07 - [TEST_STEP][PASSED] - tcId = testCaseContext.getTestCaseId(): null

22-10-2025T11:07:07 - [TEST_STEP][PASSED] - currentRetry = retryCounts.getOrDefault(tcId, 0): null

22-10-2025T11:07:07 - [TEST_STEP][PASSED] - if (testCaseContext.getTestCaseStatus() == "FAILED" && currentRetry < MAX_RETRIES): null]]></system-out>
         <system-err><![CDATA[]]></system-err>
      </testcase>
      <testcase name="Test Cases/TripFocus/SPG/SPG - Orders/SPG - Can Not Create Order Without Commodity" time="67.708" classname="Test Cases/TripFocus/SPG/SPG - Orders/SPG - Can Not Create Order Without Commodity" status="PASSED">
         <system-out><![CDATA[22-10-2025T11:07:07 - [TEST_CASE][PASSED] - Test Cases/TripFocus/SPG/SPG - Orders/SPG - Can Not Create Order Without Commodity: Test Cases/TripFocus/SPG/SPG - Orders/SPG - Can Not Create Order Without Commodity

22-10-2025T11:07:07 - [TEST_STEP][PASSED] - Start listener action : beforeTestCase: null

22-10-2025T11:07:07 - [TEST_STEP][PASSED] - addDefaultPackages(): null

22-10-2025T11:07:07 - [TEST_STEP][PASSED] - openBrowser(""): Browser is opened with url: ''

22-10-2025T11:07:07 - [MESSAGE][WARNING] - A browser is already opened. Closing browser and opening a new one

22-10-2025T11:07:07 - [MESSAGE][INFO] - Starting 'Chrome' driver

22-10-2025T11:07:07 - [MESSAGE][INFO] - User set preference: ['args', '[--no-sandbox, --disable-gpu, --disable-dev-shm-usage]']

22-10-2025T11:07:07 - [MESSAGE][INFO] - Action delay is set to 0 milliseconds

22-10-2025T11:07:08 - [MESSAGE][PASSED] - Browser is opened with url: ''

22-10-2025T11:07:08 - [TEST_STEP][PASSED] - navigateToUrl(TFBaseURL): Navigate to 'https://www.qa.tripfocus.com' successfully

22-10-2025T11:07:08 - [MESSAGE][PASSED] - Navigate to 'https://www.qa.tripfocus.com' successfully

22-10-2025T11:07:08 - [TEST_STEP][PASSED] - click(findTestObject("Object Repository/TripFocus/Page_TripFocus/button_Sign in")): Object: 'Object Repository/TripFocus/Page_TripFocus/button_Sign in' is clicked on

22-10-2025T11:07:08 - [MESSAGE][PASSED] - Object: 'Object Repository/TripFocus/Page_TripFocus/button_Sign in' is clicked on

22-10-2025T11:07:08 - [TEST_STEP][PASSED] - setText(findTestObject("Object Repository/TripFocus/Page_TripFocus/input_Username (e.g. email address)_Username"), TripFocusBleachTechSPGUsername): Text 'Ashford.Chenault+BleachtechCustomerSPGONLY@thekag.com' is set on object 'Object Repository/TripFocus/Page_TripFocus/input_Username (e.g. email address)_Username'

22-10-2025T11:07:09 - [MESSAGE][PASSED] - Text 'Ashford.Chenault+BleachtechCustomerSPGONLY@thekag.com' is set on object 'Object Repository/TripFocus/Page_TripFocus/input_Username (e.g. email address)_Username'

22-10-2025T11:07:09 - [TEST_STEP][PASSED] - setText(findTestObject("Object Repository/TripFocus/Page_TripFocus/input_Password_Password"), TripFocusFDGSPGPassword): Text 'CrashBan911!!' is set on object 'Object Repository/TripFocus/Page_TripFocus/input_Password_Password'

22-10-2025T11:07:09 - [MESSAGE][PASSED] - Text 'CrashBan911!!' is set on object 'Object Repository/TripFocus/Page_TripFocus/input_Password_Password'

22-10-2025T11:07:09 - [TEST_STEP][PASSED] - click(findTestObject("Object Repository/TripFocus/Page_TripFocus/button_Login")): Object: 'Object Repository/TripFocus/Page_TripFocus/button_Login' is clicked on

22-10-2025T11:07:09 - [MESSAGE][PASSED] - Object: 'Object Repository/TripFocus/Page_TripFocus/button_Login' is clicked on

22-10-2025T11:07:09 - [TEST_STEP][PASSED] - maximizeWindow(): Current window maximized

22-10-2025T11:07:09 - [MESSAGE][PASSED] - Current window maximized

22-10-2025T11:07:09 - [TEST_STEP][PASSED] - waitForElementVisible(findTestObject("TripFocus/Testing_Notification_btn"), 15, OPTIONAL): Web element with id: 'Object Repository/TripFocus/Testing_Notification_btn' located by '//*[@id="__BVID__10___BV_modal_footer_"]/button' not found

22-10-2025T11:07:26 - [MESSAGE][INFO] - Unable to find the element located by 'By.xpath: //*[@id="__BVID__10___BV_modal_footer_"]/button'. Please recheck the objects properties to make sure the desired element is located. 

22-10-2025T11:07:26 - [MESSAGE][WARNING] - [SELF-HEALING] Failed to find element with id 'Object Repository/TripFocus/Testing_Notification_btn'. Try using Self-healing.

22-10-2025T11:07:27 - [MESSAGE][INFO] - [SELF-HEALING] No working XPath is found.

22-10-2025T11:07:29 - [MESSAGE][INFO] - Unable to find the element located by 'By.xpath: '. Please recheck the objects properties to make sure the desired element is located. 

22-10-2025T11:07:29 - [MESSAGE][WARNING] - [SELF-HEALING] Cannot find elements when the selector is null

22-10-2025T11:07:29 - [MESSAGE][WARNING] - Web element with id: 'Object Repository/TripFocus/Testing_Notification_btn' located by '//*[@id="__BVID__10___BV_modal_footer_"]/button' not found

22-10-2025T11:07:29 - [TEST_STEP][PASSED] - if (verifyElementVisible(findTestObject("TripFocus/Testing_Notification_btn"), OPTIONAL) == true): Web element with id: 'Object Repository/TripFocus/Testing_Notification_btn' located by '//*[@id="__BVID__10___BV_modal_footer_"]/button' not found (Root cause: com.kms.katalon.core.exception.StepFailedException: Web element with id: 'Object Repository/TripFocus/Testing_Notification_btn' located by '//*[@id="__BVID__10___BV_modal_footer_"]/button' not found
	at com.kms.katalon.core.webui.keyword.internal.WebUIKeywordMain.stepFailed(WebUIKeywordMain.groovy:117)
	at com.kms.katalon.core.webui.keyword.builtin.VerifyElementVisibleKeyword$_verifyElementVisible_closure1.doCall(VerifyElementVisibleKeyword.groovy:89)
	at com.kms.katalon.core.webui.keyword.builtin.VerifyElementVisibleKeyword$_verifyElementVisible_closure1.call(VerifyElementVisibleKeyword.groovy)
	at com.kms.katalon.core.webui.keyword.internal.WebUIKeywordMain.runKeyword(WebUIKeywordMain.groovy:35)
	at com.kms.katalon.core.webui.keyword.builtin.VerifyElementVisibleKeyword.verifyElementVisible(VerifyElementVisibleKeyword.groovy:97)
	at com.kms.katalon.core.webui.keyword.builtin.VerifyElementVisibleKeyword.execute(VerifyElementVisibleKeyword.groovy:67)
	at com.kms.katalon.core.keyword.internal.KeywordExecutor.executeKeywordForPlatform(KeywordExecutor.groovy:74)
	at com.kms.katalon.core.webui.keyword.WebUiBuiltInKeywords.verifyElementVisible(WebUiBuiltInKeywords.groovy:401)
	at com.kms.katalon.core.webui.keyword.WebUiBuiltInKeywords$verifyElementVisible$5.call(Unknown Source)
	at SPG - Can Not Create Order Without Commodity.run(SPG - Can Not Create Order Without Commodity:38)
	at com.kms.katalon.core.main.ScriptEngine.run(ScriptEngine.java:194)
	at com.kms.katalon.core.main.ScriptEngine.runScriptAsRawText(ScriptEngine.java:119)
	at com.kms.katalon.core.main.TestCaseExecutor.runScript(TestCaseExecutor.java:448)
	at com.kms.katalon.core.main.TestCaseExecutor.doExecute(TestCaseExecutor.java:439)
	at com.kms.katalon.core.main.TestCaseExecutor.processExecutionPhase(TestCaseExecutor.java:418)
	at com.kms.katalon.core.main.TestCaseExecutor.accessMainPhase(TestCaseExecutor.java:410)
	at com.kms.katalon.core.main.TestCaseExecutor.execute(TestCaseExecutor.java:285)
	at com.kms.katalon.core.common.CommonExecutor.accessTestCaseMainPhase(CommonExecutor.java:65)
	at com.kms.katalon.core.main.TestSuiteExecutor.accessTestSuiteMainPhase(TestSuiteExecutor.java:150)
	at com.kms.katalon.core.main.TestSuiteExecutor.execute(TestSuiteExecutor.java:106)
	at com.kms.katalon.core.main.TestCaseMain.startTestSuite(TestCaseMain.java:180)
	at com.kms.katalon.core.main.TestCaseMain$startTestSuite$0.call(Unknown Source)
	at TempTestSuite1761139096516.run(TempTestSuite1761139096516.groovy:35)
	at java.base/jdk.internal.reflect.NativeMethodAccessorImpl.invoke0(Native Method)
	at java.base/jdk.internal.reflect.NativeMethodAccessorImpl.invoke(NativeMethodAccessorImpl.java:77)
	at java.base/jdk.internal.reflect.DelegatingMethodAccessorImpl.invoke(DelegatingMethodAccessorImpl.java:43)
)

22-10-2025T11:07:45 - [MESSAGE][INFO] - Unable to find the element located by 'By.xpath: //*[@id="__BVID__10___BV_modal_footer_"]/button'. Please recheck the objects properties to make sure the desired element is located. 

22-10-2025T11:07:45 - [MESSAGE][WARNING] - [SELF-HEALING] Failed to find element with id 'Object Repository/TripFocus/Testing_Notification_btn'. Try using Self-healing.

22-10-2025T11:07:46 - [MESSAGE][INFO] - [SELF-HEALING] No working XPath is found.

22-10-2025T11:07:48 - [MESSAGE][INFO] - Unable to find the element located by 'By.xpath: '. Please recheck the objects properties to make sure the desired element is located. 

22-10-2025T11:07:48 - [MESSAGE][WARNING] - [SELF-HEALING] Cannot find elements when the selector is null

22-10-2025T11:07:48 - [MESSAGE][WARNING] - Web element with id: 'Object Repository/TripFocus/Testing_Notification_btn' located by '//*[@id="__BVID__10___BV_modal_footer_"]/button' not found (Root cause: com.kms.katalon.core.exception.StepFailedException: Web element with id: 'Object Repository/TripFocus/Testing_Notification_btn' located by '//*[@id="__BVID__10___BV_modal_footer_"]/button' not found
	at com.kms.katalon.core.webui.keyword.internal.WebUIKeywordMain.stepFailed(WebUIKeywordMain.groovy:117)
	at com.kms.katalon.core.webui.keyword.builtin.VerifyElementVisibleKeyword$_verifyElementVisible_closure1.doCall(VerifyElementVisibleKeyword.groovy:89)
	at com.kms.katalon.core.webui.keyword.builtin.VerifyElementVisibleKeyword$_verifyElementVisible_closure1.call(VerifyElementVisibleKeyword.groovy)
	at com.kms.katalon.core.webui.keyword.internal.WebUIKeywordMain.runKeyword(WebUIKeywordMain.groovy:35)
	at com.kms.katalon.core.webui.keyword.builtin.VerifyElementVisibleKeyword.verifyElementVisible(VerifyElementVisibleKeyword.groovy:97)
	at com.kms.katalon.core.webui.keyword.builtin.VerifyElementVisibleKeyword.execute(VerifyElementVisibleKeyword.groovy:67)
	at com.kms.katalon.core.keyword.internal.KeywordExecutor.executeKeywordForPlatform(KeywordExecutor.groovy:74)
	at com.kms.katalon.core.webui.keyword.WebUiBuiltInKeywords.verifyElementVisible(WebUiBuiltInKeywords.groovy:401)
	at com.kms.katalon.core.webui.keyword.WebUiBuiltInKeywords$verifyElementVisible$5.call(Unknown Source)
	at SPG - Can Not Create Order Without Commodity.run(SPG - Can Not Create Order Without Commodity:38)
	at com.kms.katalon.core.main.ScriptEngine.run(ScriptEngine.java:194)
	at com.kms.katalon.core.main.ScriptEngine.runScriptAsRawText(ScriptEngine.java:119)
	at com.kms.katalon.core.main.TestCaseExecutor.runScript(TestCaseExecutor.java:448)
	at com.kms.katalon.core.main.TestCaseExecutor.doExecute(TestCaseExecutor.java:439)
	at com.kms.katalon.core.main.TestCaseExecutor.processExecutionPhase(TestCaseExecutor.java:418)
	at com.kms.katalon.core.main.TestCaseExecutor.accessMainPhase(TestCaseExecutor.java:410)
	at com.kms.katalon.core.main.TestCaseExecutor.execute(TestCaseExecutor.java:285)
	at com.kms.katalon.core.common.CommonExecutor.accessTestCaseMainPhase(CommonExecutor.java:65)
	at com.kms.katalon.core.main.TestSuiteExecutor.accessTestSuiteMainPhase(TestSuiteExecutor.java:150)
	at com.kms.katalon.core.main.TestSuiteExecutor.execute(TestSuiteExecutor.java:106)
	at com.kms.katalon.core.main.TestCaseMain.startTestSuite(TestCaseMain.java:180)
	at com.kms.katalon.core.main.TestCaseMain$startTestSuite$0.call(Unknown Source)
	at TempTestSuite1761139096516.run(TempTestSuite1761139096516.groovy:35)
	at java.base/jdk.internal.reflect.NativeMethodAccessorImpl.invoke0(Native Method)
	at java.base/jdk.internal.reflect.NativeMethodAccessorImpl.invoke(NativeMethodAccessorImpl.java:77)
	at java.base/jdk.internal.reflect.DelegatingMethodAccessorImpl.invoke(DelegatingMethodAccessorImpl.java:43)
)

22-10-2025T11:07:48 - [TEST_STEP][PASSED] - click(findTestObject("TripFocus/Orders/Orders_tab")): Object: 'Object Repository/TripFocus/Orders/Orders_tab' is clicked on

22-10-2025T11:07:48 - [MESSAGE][PASSED] - Object: 'Object Repository/TripFocus/Orders/Orders_tab' is clicked on

22-10-2025T11:07:48 - [TEST_STEP][PASSED] - delay(5): Delayed 5 second(s)

22-10-2025T11:07:53 - [MESSAGE][PASSED] - Delayed 5 second(s)

22-10-2025T11:07:53 - [TEST_STEP][PASSED] - click(findTestObject("TripFocus/Orders/Create New Order_btn")): Object: 'Object Repository/TripFocus/Orders/Create New Order_btn' is clicked on

22-10-2025T11:07:53 - [MESSAGE][PASSED] - Object: 'Object Repository/TripFocus/Orders/Create New Order_btn' is clicked on

22-10-2025T11:07:53 - [TEST_STEP][PASSED] - delay(2): Delayed 2 second(s)

22-10-2025T11:07:55 - [MESSAGE][PASSED] - Delayed 2 second(s)

22-10-2025T11:07:55 - [TEST_STEP][PASSED] - click(findTestObject("TripFocus/Orders/Create New Order/Add Products/Add Product_link")): Object: 'Object Repository/TripFocus/Orders/Create New Order/Add Products/Add Product_link' is clicked on

22-10-2025T11:07:55 - [MESSAGE][PASSED] - Object: 'Object Repository/TripFocus/Orders/Create New Order/Add Products/Add Product_link' is clicked on

22-10-2025T11:07:55 - [TEST_STEP][PASSED] - delay(2): Delayed 2 second(s)

22-10-2025T11:07:57 - [MESSAGE][PASSED] - Delayed 2 second(s)

22-10-2025T11:07:57 - [TEST_STEP][PASSED] - click(findTestObject("TripFocus/Sidebar Minimizer")): Object: 'Object Repository/TripFocus/Sidebar Minimizer' is clicked on

22-10-2025T11:07:57 - [MESSAGE][PASSED] - Object: 'Object Repository/TripFocus/Sidebar Minimizer' is clicked on

22-10-2025T11:07:57 - [TEST_STEP][PASSED] - delay(1): Delayed 1 second(s)

22-10-2025T11:07:58 - [MESSAGE][PASSED] - Delayed 1 second(s)

22-10-2025T11:07:58 - [TEST_STEP][PASSED] - click(findTestObject("TripFocus/Orders/Create New Order/Add Products/Delivery_Site_dropdown")): Object: 'Object Repository/TripFocus/Orders/Create New Order/Add Products/Delivery_Site_dropdown' is clicked on

22-10-2025T11:07:59 - [MESSAGE][PASSED] - Object: 'Object Repository/TripFocus/Orders/Create New Order/Add Products/Delivery_Site_dropdown' is clicked on

22-10-2025T11:07:59 - [TEST_STEP][PASSED] - delay(2): Delayed 2 second(s)

22-10-2025T11:08:01 - [MESSAGE][PASSED] - Delayed 2 second(s)

22-10-2025T11:08:01 - [TEST_STEP][PASSED] - sendKeys(findTestObject("TripFocus/Orders/Create New Order/Add Products/Delivery_Site_txt"), "Baldwin Plant"): Keys 'Baldwin Plant' sent to object: 'Object Repository/TripFocus/Orders/Create New Order/Add Products/Delivery_Site_txt'

22-10-2025T11:08:01 - [MESSAGE][PASSED] - Keys 'Baldwin Plant' sent to object: 'Object Repository/TripFocus/Orders/Create New Order/Add Products/Delivery_Site_txt'

22-10-2025T11:08:01 - [TEST_STEP][PASSED] - delay(2): Delayed 2 second(s)

22-10-2025T11:08:03 - [MESSAGE][PASSED] - Delayed 2 second(s)

22-10-2025T11:08:03 - [TEST_STEP][PASSED] - sendKeys(findTestObject("TripFocus/Orders/Create New Order/Add Products/Delivery_Site_txt"), Keys.chord(ENTER)): Keys 'ENTER + ' sent to object: 'Object Repository/TripFocus/Orders/Create New Order/Add Products/Delivery_Site_txt'

22-10-2025T11:08:03 - [MESSAGE][PASSED] - Keys 'ENTER + ' sent to object: 'Object Repository/TripFocus/Orders/Create New Order/Add Products/Delivery_Site_txt'

22-10-2025T11:08:03 - [TEST_STEP][PASSED] - delay(2): Delayed 2 second(s)

22-10-2025T11:08:05 - [MESSAGE][PASSED] - Delayed 2 second(s)

22-10-2025T11:08:05 - [TEST_STEP][PASSED] - click(findTestObject("TripFocus/Orders/Create New Order/Add Products/Shipper_dropdown")): Object: 'Object Repository/TripFocus/Orders/Create New Order/Add Products/Shipper_dropdown' is clicked on

22-10-2025T11:08:05 - [MESSAGE][PASSED] - Object: 'Object Repository/TripFocus/Orders/Create New Order/Add Products/Shipper_dropdown' is clicked on

22-10-2025T11:08:05 - [TEST_STEP][PASSED] - delay(2): Delayed 2 second(s)

22-10-2025T11:08:07 - [MESSAGE][PASSED] - Delayed 2 second(s)

22-10-2025T11:08:07 - [TEST_STEP][PASSED] - sendKeys(findTestObject("TripFocus/Orders/Create New Order/Add Products/Shipper_txt"), "Univar"): Keys 'Univar' sent to object: 'Object Repository/TripFocus/Orders/Create New Order/Add Products/Shipper_txt'

22-10-2025T11:08:07 - [MESSAGE][PASSED] - Keys 'Univar' sent to object: 'Object Repository/TripFocus/Orders/Create New Order/Add Products/Shipper_txt'

22-10-2025T11:08:07 - [TEST_STEP][PASSED] - delay(2): Delayed 2 second(s)

22-10-2025T11:08:09 - [MESSAGE][PASSED] - Delayed 2 second(s)

22-10-2025T11:08:09 - [TEST_STEP][PASSED] - sendKeys(findTestObject("TripFocus/Orders/Create New Order/Add Products/Shipper_txt"), Keys.chord(ENTER)): Keys 'ENTER + ' sent to object: 'Object Repository/TripFocus/Orders/Create New Order/Add Products/Shipper_txt'

22-10-2025T11:08:09 - [MESSAGE][PASSED] - Keys 'ENTER + ' sent to object: 'Object Repository/TripFocus/Orders/Create New Order/Add Products/Shipper_txt'

22-10-2025T11:08:09 - [TEST_STEP][PASSED] - delay(2): Delayed 2 second(s)

22-10-2025T11:08:11 - [MESSAGE][PASSED] - Delayed 2 second(s)

22-10-2025T11:08:11 - [TEST_STEP][PASSED] - setText(findTestObject("TripFocus/Orders/Create New Order/Add Products/Quantity_txt"), "4444"): Text '4444' is set on object 'Object Repository/TripFocus/Orders/Create New Order/Add Products/Quantity_txt'

22-10-2025T11:08:11 - [MESSAGE][PASSED] - Text '4444' is set on object 'Object Repository/TripFocus/Orders/Create New Order/Add Products/Quantity_txt'

22-10-2025T11:08:11 - [TEST_STEP][PASSED] - delay(2): Delayed 2 second(s)

22-10-2025T11:08:13 - [MESSAGE][PASSED] - Delayed 2 second(s)

22-10-2025T11:08:13 - [TEST_STEP][PASSED] - click(findTestObject("TripFocus/Orders/Create New Order/Add Products/Add_Product_btn (When Showing Advanced Options)")): Object: 'Object Repository/TripFocus/Orders/Create New Order/Add Products/Add_Product_btn (When Showing Advanced Options)' is clicked on

22-10-2025T11:08:13 - [MESSAGE][PASSED] - Object: 'Object Repository/TripFocus/Orders/Create New Order/Add Products/Add_Product_btn (When Showing Advanced Options)' is clicked on

22-10-2025T11:08:13 - [TEST_STEP][PASSED] - delay(1): Delayed 1 second(s)

22-10-2025T11:08:14 - [MESSAGE][PASSED] - Delayed 1 second(s)

22-10-2025T11:08:14 - [TEST_STEP][PASSED] - verifyTextPresent("You must add all required fields before being able to add a product, inlcuding Delivery Site, Commodity, and Quantity/Call For Quantity.", false): Text 'You must add all required fields before being able to add a product, inlcuding Delivery Site, Commodity, and Quantity/Call For Quantity.' is present on page 

22-10-2025T11:08:14 - [MESSAGE][PASSED] - Text 'You must add all required fields before being able to add a product, inlcuding Delivery Site, Commodity, and Quantity/Call For Quantity.' is present on page 

22-10-2025T11:08:14 - [TEST_STEP][PASSED] - Start listener action : retryOnDisconnect: null

22-10-2025T11:08:14 - [TEST_STEP][PASSED] - tcId = testCaseContext.getTestCaseId(): null

22-10-2025T11:08:14 - [TEST_STEP][PASSED] - currentRetry = retryCounts.getOrDefault(tcId, 0): null

22-10-2025T11:08:14 - [TEST_STEP][PASSED] - if (testCaseContext.getTestCaseStatus() == "FAILED" && currentRetry < MAX_RETRIES): null]]></system-out>
         <system-err><![CDATA[]]></system-err>
      </testcase>
      <testcase name="Test Cases/TripFocus/SPG/SPG - Orders/SPG - Can Not Create Order Without Quantity" time="69.644" classname="Test Cases/TripFocus/SPG/SPG - Orders/SPG - Can Not Create Order Without Quantity" status="PASSED">
         <system-out><![CDATA[22-10-2025T11:08:14 - [TEST_CASE][PASSED] - Test Cases/TripFocus/SPG/SPG - Orders/SPG - Can Not Create Order Without Quantity: Test Cases/TripFocus/SPG/SPG - Orders/SPG - Can Not Create Order Without Quantity

22-10-2025T11:08:14 - [TEST_STEP][PASSED] - Start listener action : beforeTestCase: null

22-10-2025T11:08:14 - [TEST_STEP][PASSED] - addDefaultPackages(): null

22-10-2025T11:08:14 - [TEST_STEP][PASSED] - openBrowser(""): Browser is opened with url: ''

22-10-2025T11:08:14 - [MESSAGE][WARNING] - A browser is already opened. Closing browser and opening a new one

22-10-2025T11:08:14 - [MESSAGE][INFO] - Starting 'Chrome' driver

22-10-2025T11:08:14 - [MESSAGE][INFO] - User set preference: ['args', '[--no-sandbox, --disable-gpu, --disable-dev-shm-usage]']

22-10-2025T11:08:14 - [MESSAGE][INFO] - Action delay is set to 0 milliseconds

22-10-2025T11:08:15 - [MESSAGE][PASSED] - Browser is opened with url: ''

22-10-2025T11:08:15 - [TEST_STEP][PASSED] - navigateToUrl(TFBaseURL): Navigate to 'https://www.qa.tripfocus.com' successfully

22-10-2025T11:08:16 - [MESSAGE][PASSED] - Navigate to 'https://www.qa.tripfocus.com' successfully

22-10-2025T11:08:16 - [TEST_STEP][PASSED] - click(findTestObject("Object Repository/TripFocus/Page_TripFocus/button_Sign in")): Object: 'Object Repository/TripFocus/Page_TripFocus/button_Sign in' is clicked on

22-10-2025T11:08:16 - [MESSAGE][PASSED] - Object: 'Object Repository/TripFocus/Page_TripFocus/button_Sign in' is clicked on

22-10-2025T11:08:16 - [TEST_STEP][PASSED] - setText(findTestObject("Object Repository/TripFocus/Page_TripFocus/input_Username (e.g. email address)_Username"), TripFocusBleachTechSPGUsername): Text 'Ashford.Chenault+BleachtechCustomerSPGONLY@thekag.com' is set on object 'Object Repository/TripFocus/Page_TripFocus/input_Username (e.g. email address)_Username'

22-10-2025T11:08:16 - [MESSAGE][PASSED] - Text 'Ashford.Chenault+BleachtechCustomerSPGONLY@thekag.com' is set on object 'Object Repository/TripFocus/Page_TripFocus/input_Username (e.g. email address)_Username'

22-10-2025T11:08:16 - [TEST_STEP][PASSED] - setText(findTestObject("Object Repository/TripFocus/Page_TripFocus/input_Password_Password"), TripFocusFDGSPGPassword): Text 'CrashBan911!!' is set on object 'Object Repository/TripFocus/Page_TripFocus/input_Password_Password'

22-10-2025T11:08:17 - [MESSAGE][PASSED] - Text 'CrashBan911!!' is set on object 'Object Repository/TripFocus/Page_TripFocus/input_Password_Password'

22-10-2025T11:08:17 - [TEST_STEP][PASSED] - click(findTestObject("Object Repository/TripFocus/Page_TripFocus/button_Login")): Object: 'Object Repository/TripFocus/Page_TripFocus/button_Login' is clicked on

22-10-2025T11:08:17 - [MESSAGE][PASSED] - Object: 'Object Repository/TripFocus/Page_TripFocus/button_Login' is clicked on

22-10-2025T11:08:17 - [TEST_STEP][PASSED] - maximizeWindow(): Current window maximized

22-10-2025T11:08:17 - [MESSAGE][PASSED] - Current window maximized

22-10-2025T11:08:17 - [TEST_STEP][PASSED] - waitForElementVisible(findTestObject("TripFocus/Testing_Notification_btn"), 15, OPTIONAL): Web element with id: 'Object Repository/TripFocus/Testing_Notification_btn' located by '//*[@id="__BVID__10___BV_modal_footer_"]/button' not found

22-10-2025T11:08:33 - [MESSAGE][INFO] - Unable to find the element located by 'By.xpath: //*[@id="__BVID__10___BV_modal_footer_"]/button'. Please recheck the objects properties to make sure the desired element is located. 

22-10-2025T11:08:33 - [MESSAGE][WARNING] - [SELF-HEALING] Failed to find element with id 'Object Repository/TripFocus/Testing_Notification_btn'. Try using Self-healing.

22-10-2025T11:08:34 - [MESSAGE][INFO] - [SELF-HEALING] No working XPath is found.

22-10-2025T11:08:36 - [MESSAGE][INFO] - Unable to find the element located by 'By.xpath: '. Please recheck the objects properties to make sure the desired element is located. 

22-10-2025T11:08:36 - [MESSAGE][WARNING] - [SELF-HEALING] Cannot find elements when the selector is null

22-10-2025T11:08:36 - [MESSAGE][WARNING] - Web element with id: 'Object Repository/TripFocus/Testing_Notification_btn' located by '//*[@id="__BVID__10___BV_modal_footer_"]/button' not found

22-10-2025T11:08:36 - [TEST_STEP][PASSED] - if (verifyElementVisible(findTestObject("TripFocus/Testing_Notification_btn"), OPTIONAL) == true): Web element with id: 'Object Repository/TripFocus/Testing_Notification_btn' located by '//*[@id="__BVID__10___BV_modal_footer_"]/button' not found (Root cause: com.kms.katalon.core.exception.StepFailedException: Web element with id: 'Object Repository/TripFocus/Testing_Notification_btn' located by '//*[@id="__BVID__10___BV_modal_footer_"]/button' not found
	at com.kms.katalon.core.webui.keyword.internal.WebUIKeywordMain.stepFailed(WebUIKeywordMain.groovy:117)
	at com.kms.katalon.core.webui.keyword.builtin.VerifyElementVisibleKeyword$_verifyElementVisible_closure1.doCall(VerifyElementVisibleKeyword.groovy:89)
	at com.kms.katalon.core.webui.keyword.builtin.VerifyElementVisibleKeyword$_verifyElementVisible_closure1.call(VerifyElementVisibleKeyword.groovy)
	at com.kms.katalon.core.webui.keyword.internal.WebUIKeywordMain.runKeyword(WebUIKeywordMain.groovy:35)
	at com.kms.katalon.core.webui.keyword.builtin.VerifyElementVisibleKeyword.verifyElementVisible(VerifyElementVisibleKeyword.groovy:97)
	at com.kms.katalon.core.webui.keyword.builtin.VerifyElementVisibleKeyword.execute(VerifyElementVisibleKeyword.groovy:67)
	at com.kms.katalon.core.keyword.internal.KeywordExecutor.executeKeywordForPlatform(KeywordExecutor.groovy:74)
	at com.kms.katalon.core.webui.keyword.WebUiBuiltInKeywords.verifyElementVisible(WebUiBuiltInKeywords.groovy:401)
	at com.kms.katalon.core.webui.keyword.WebUiBuiltInKeywords$verifyElementVisible$5.call(Unknown Source)
	at SPG - Can Not Create Order Without Quantity.run(SPG - Can Not Create Order Without Quantity:38)
	at com.kms.katalon.core.main.ScriptEngine.run(ScriptEngine.java:194)
	at com.kms.katalon.core.main.ScriptEngine.runScriptAsRawText(ScriptEngine.java:119)
	at com.kms.katalon.core.main.TestCaseExecutor.runScript(TestCaseExecutor.java:448)
	at com.kms.katalon.core.main.TestCaseExecutor.doExecute(TestCaseExecutor.java:439)
	at com.kms.katalon.core.main.TestCaseExecutor.processExecutionPhase(TestCaseExecutor.java:418)
	at com.kms.katalon.core.main.TestCaseExecutor.accessMainPhase(TestCaseExecutor.java:410)
	at com.kms.katalon.core.main.TestCaseExecutor.execute(TestCaseExecutor.java:285)
	at com.kms.katalon.core.common.CommonExecutor.accessTestCaseMainPhase(CommonExecutor.java:65)
	at com.kms.katalon.core.main.TestSuiteExecutor.accessTestSuiteMainPhase(TestSuiteExecutor.java:150)
	at com.kms.katalon.core.main.TestSuiteExecutor.execute(TestSuiteExecutor.java:106)
	at com.kms.katalon.core.main.TestCaseMain.startTestSuite(TestCaseMain.java:180)
	at com.kms.katalon.core.main.TestCaseMain$startTestSuite$0.call(Unknown Source)
	at TempTestSuite1761139096516.run(TempTestSuite1761139096516.groovy:35)
	at java.base/jdk.internal.reflect.NativeMethodAccessorImpl.invoke0(Native Method)
	at java.base/jdk.internal.reflect.NativeMethodAccessorImpl.invoke(NativeMethodAccessorImpl.java:77)
	at java.base/jdk.internal.reflect.DelegatingMethodAccessorImpl.invoke(DelegatingMethodAccessorImpl.java:43)
)

22-10-2025T11:08:52 - [MESSAGE][INFO] - Unable to find the element located by 'By.xpath: //*[@id="__BVID__10___BV_modal_footer_"]/button'. Please recheck the objects properties to make sure the desired element is located. 

22-10-2025T11:08:52 - [MESSAGE][WARNING] - [SELF-HEALING] Failed to find element with id 'Object Repository/TripFocus/Testing_Notification_btn'. Try using Self-healing.

22-10-2025T11:08:53 - [MESSAGE][INFO] - [SELF-HEALING] No working XPath is found.

22-10-2025T11:08:55 - [MESSAGE][INFO] - Unable to find the element located by 'By.xpath: '. Please recheck the objects properties to make sure the desired element is located. 

22-10-2025T11:08:55 - [MESSAGE][WARNING] - [SELF-HEALING] Cannot find elements when the selector is null

22-10-2025T11:08:55 - [MESSAGE][WARNING] - Web element with id: 'Object Repository/TripFocus/Testing_Notification_btn' located by '//*[@id="__BVID__10___BV_modal_footer_"]/button' not found (Root cause: com.kms.katalon.core.exception.StepFailedException: Web element with id: 'Object Repository/TripFocus/Testing_Notification_btn' located by '//*[@id="__BVID__10___BV_modal_footer_"]/button' not found
	at com.kms.katalon.core.webui.keyword.internal.WebUIKeywordMain.stepFailed(WebUIKeywordMain.groovy:117)
	at com.kms.katalon.core.webui.keyword.builtin.VerifyElementVisibleKeyword$_verifyElementVisible_closure1.doCall(VerifyElementVisibleKeyword.groovy:89)
	at com.kms.katalon.core.webui.keyword.builtin.VerifyElementVisibleKeyword$_verifyElementVisible_closure1.call(VerifyElementVisibleKeyword.groovy)
	at com.kms.katalon.core.webui.keyword.internal.WebUIKeywordMain.runKeyword(WebUIKeywordMain.groovy:35)
	at com.kms.katalon.core.webui.keyword.builtin.VerifyElementVisibleKeyword.verifyElementVisible(VerifyElementVisibleKeyword.groovy:97)
	at com.kms.katalon.core.webui.keyword.builtin.VerifyElementVisibleKeyword.execute(VerifyElementVisibleKeyword.groovy:67)
	at com.kms.katalon.core.keyword.internal.KeywordExecutor.executeKeywordForPlatform(KeywordExecutor.groovy:74)
	at com.kms.katalon.core.webui.keyword.WebUiBuiltInKeywords.verifyElementVisible(WebUiBuiltInKeywords.groovy:401)
	at com.kms.katalon.core.webui.keyword.WebUiBuiltInKeywords$verifyElementVisible$5.call(Unknown Source)
	at SPG - Can Not Create Order Without Quantity.run(SPG - Can Not Create Order Without Quantity:38)
	at com.kms.katalon.core.main.ScriptEngine.run(ScriptEngine.java:194)
	at com.kms.katalon.core.main.ScriptEngine.runScriptAsRawText(ScriptEngine.java:119)
	at com.kms.katalon.core.main.TestCaseExecutor.runScript(TestCaseExecutor.java:448)
	at com.kms.katalon.core.main.TestCaseExecutor.doExecute(TestCaseExecutor.java:439)
	at com.kms.katalon.core.main.TestCaseExecutor.processExecutionPhase(TestCaseExecutor.java:418)
	at com.kms.katalon.core.main.TestCaseExecutor.accessMainPhase(TestCaseExecutor.java:410)
	at com.kms.katalon.core.main.TestCaseExecutor.execute(TestCaseExecutor.java:285)
	at com.kms.katalon.core.common.CommonExecutor.accessTestCaseMainPhase(CommonExecutor.java:65)
	at com.kms.katalon.core.main.TestSuiteExecutor.accessTestSuiteMainPhase(TestSuiteExecutor.java:150)
	at com.kms.katalon.core.main.TestSuiteExecutor.execute(TestSuiteExecutor.java:106)
	at com.kms.katalon.core.main.TestCaseMain.startTestSuite(TestCaseMain.java:180)
	at com.kms.katalon.core.main.TestCaseMain$startTestSuite$0.call(Unknown Source)
	at TempTestSuite1761139096516.run(TempTestSuite1761139096516.groovy:35)
	at java.base/jdk.internal.reflect.NativeMethodAccessorImpl.invoke0(Native Method)
	at java.base/jdk.internal.reflect.NativeMethodAccessorImpl.invoke(NativeMethodAccessorImpl.java:77)
	at java.base/jdk.internal.reflect.DelegatingMethodAccessorImpl.invoke(DelegatingMethodAccessorImpl.java:43)
)

22-10-2025T11:08:55 - [TEST_STEP][PASSED] - click(findTestObject("TripFocus/Orders/Orders_tab")): Object: 'Object Repository/TripFocus/Orders/Orders_tab' is clicked on

22-10-2025T11:08:55 - [MESSAGE][PASSED] - Object: 'Object Repository/TripFocus/Orders/Orders_tab' is clicked on

22-10-2025T11:08:55 - [TEST_STEP][PASSED] - delay(5): Delayed 5 second(s)

22-10-2025T11:09:00 - [MESSAGE][PASSED] - Delayed 5 second(s)

22-10-2025T11:09:00 - [TEST_STEP][PASSED] - click(findTestObject("TripFocus/Orders/Create New Order_btn")): Object: 'Object Repository/TripFocus/Orders/Create New Order_btn' is clicked on

22-10-2025T11:09:01 - [MESSAGE][PASSED] - Object: 'Object Repository/TripFocus/Orders/Create New Order_btn' is clicked on

22-10-2025T11:09:01 - [TEST_STEP][PASSED] - delay(2): Delayed 2 second(s)

22-10-2025T11:09:03 - [MESSAGE][PASSED] - Delayed 2 second(s)

22-10-2025T11:09:03 - [TEST_STEP][PASSED] - click(findTestObject("TripFocus/Orders/Create New Order/Add Products/Add Product_link")): Object: 'Object Repository/TripFocus/Orders/Create New Order/Add Products/Add Product_link' is clicked on

22-10-2025T11:09:03 - [MESSAGE][PASSED] - Object: 'Object Repository/TripFocus/Orders/Create New Order/Add Products/Add Product_link' is clicked on

22-10-2025T11:09:03 - [TEST_STEP][PASSED] - delay(2): Delayed 2 second(s)

22-10-2025T11:09:05 - [MESSAGE][PASSED] - Delayed 2 second(s)

22-10-2025T11:09:05 - [TEST_STEP][PASSED] - click(findTestObject("TripFocus/Sidebar Minimizer")): Object: 'Object Repository/TripFocus/Sidebar Minimizer' is clicked on

22-10-2025T11:09:05 - [MESSAGE][PASSED] - Object: 'Object Repository/TripFocus/Sidebar Minimizer' is clicked on

22-10-2025T11:09:05 - [TEST_STEP][PASSED] - delay(1): Delayed 1 second(s)

22-10-2025T11:09:06 - [MESSAGE][PASSED] - Delayed 1 second(s)

22-10-2025T11:09:06 - [TEST_STEP][PASSED] - click(findTestObject("TripFocus/Orders/Create New Order/Add Products/Delivery_Site_dropdown")): Object: 'Object Repository/TripFocus/Orders/Create New Order/Add Products/Delivery_Site_dropdown' is clicked on

22-10-2025T11:09:06 - [MESSAGE][PASSED] - Object: 'Object Repository/TripFocus/Orders/Create New Order/Add Products/Delivery_Site_dropdown' is clicked on

22-10-2025T11:09:06 - [TEST_STEP][PASSED] - delay(2): Delayed 2 second(s)

22-10-2025T11:09:08 - [MESSAGE][PASSED] - Delayed 2 second(s)

22-10-2025T11:09:08 - [TEST_STEP][PASSED] - sendKeys(findTestObject("TripFocus/Orders/Create New Order/Add Products/Delivery_Site_txt"), "Baldwin Plant"): Keys 'Baldwin Plant' sent to object: 'Object Repository/TripFocus/Orders/Create New Order/Add Products/Delivery_Site_txt'

22-10-2025T11:09:08 - [MESSAGE][PASSED] - Keys 'Baldwin Plant' sent to object: 'Object Repository/TripFocus/Orders/Create New Order/Add Products/Delivery_Site_txt'

22-10-2025T11:09:08 - [TEST_STEP][PASSED] - delay(2): Delayed 2 second(s)

22-10-2025T11:09:10 - [MESSAGE][PASSED] - Delayed 2 second(s)

22-10-2025T11:09:10 - [TEST_STEP][PASSED] - sendKeys(findTestObject("TripFocus/Orders/Create New Order/Add Products/Delivery_Site_txt"), Keys.chord(ENTER)): Keys 'ENTER + ' sent to object: 'Object Repository/TripFocus/Orders/Create New Order/Add Products/Delivery_Site_txt'

22-10-2025T11:09:10 - [MESSAGE][PASSED] - Keys 'ENTER + ' sent to object: 'Object Repository/TripFocus/Orders/Create New Order/Add Products/Delivery_Site_txt'

22-10-2025T11:09:10 - [TEST_STEP][PASSED] - delay(2): Delayed 2 second(s)

22-10-2025T11:09:12 - [MESSAGE][PASSED] - Delayed 2 second(s)

22-10-2025T11:09:12 - [TEST_STEP][PASSED] - click(findTestObject("TripFocus/Orders/Create New Order/Add Products/Shipper_dropdown")): Object: 'Object Repository/TripFocus/Orders/Create New Order/Add Products/Shipper_dropdown' is clicked on

22-10-2025T11:09:12 - [MESSAGE][PASSED] - Object: 'Object Repository/TripFocus/Orders/Create New Order/Add Products/Shipper_dropdown' is clicked on

22-10-2025T11:09:12 - [TEST_STEP][PASSED] - delay(2): Delayed 2 second(s)

22-10-2025T11:09:14 - [MESSAGE][PASSED] - Delayed 2 second(s)

22-10-2025T11:09:14 - [TEST_STEP][PASSED] - sendKeys(findTestObject("TripFocus/Orders/Create New Order/Add Products/Shipper_txt"), "Univar"): Keys 'Univar' sent to object: 'Object Repository/TripFocus/Orders/Create New Order/Add Products/Shipper_txt'

22-10-2025T11:09:15 - [MESSAGE][PASSED] - Keys 'Univar' sent to object: 'Object Repository/TripFocus/Orders/Create New Order/Add Products/Shipper_txt'

22-10-2025T11:09:15 - [TEST_STEP][PASSED] - delay(2): Delayed 2 second(s)

22-10-2025T11:09:17 - [MESSAGE][PASSED] - Delayed 2 second(s)

22-10-2025T11:09:17 - [TEST_STEP][PASSED] - sendKeys(findTestObject("TripFocus/Orders/Create New Order/Add Products/Shipper_txt"), Keys.chord(ENTER)): Keys 'ENTER + ' sent to object: 'Object Repository/TripFocus/Orders/Create New Order/Add Products/Shipper_txt'

22-10-2025T11:09:17 - [MESSAGE][PASSED] - Keys 'ENTER + ' sent to object: 'Object Repository/TripFocus/Orders/Create New Order/Add Products/Shipper_txt'

22-10-2025T11:09:17 - [TEST_STEP][PASSED] - delay(2): Delayed 2 second(s)

22-10-2025T11:09:19 - [MESSAGE][PASSED] - Delayed 2 second(s)

22-10-2025T11:09:19 - [TEST_STEP][PASSED] - sendKeys(findTestObject("TripFocus/Orders/Create New Order/Add Products/Commodity_txt"), "Liqui"): Keys 'Liqui' sent to object: 'Object Repository/TripFocus/Orders/Create New Order/Add Products/Commodity_txt'

22-10-2025T11:09:19 - [MESSAGE][PASSED] - Keys 'Liqui' sent to object: 'Object Repository/TripFocus/Orders/Create New Order/Add Products/Commodity_txt'

22-10-2025T11:09:19 - [TEST_STEP][PASSED] - delay(2): Delayed 2 second(s)

22-10-2025T11:09:21 - [MESSAGE][PASSED] - Delayed 2 second(s)

22-10-2025T11:09:21 - [TEST_STEP][PASSED] - sendKeys(findTestObject("TripFocus/Orders/Create New Order/Add Products/Commodity_txt"), Keys.chord(ENTER)): Keys 'ENTER + ' sent to object: 'Object Repository/TripFocus/Orders/Create New Order/Add Products/Commodity_txt'

22-10-2025T11:09:21 - [MESSAGE][PASSED] - Keys 'ENTER + ' sent to object: 'Object Repository/TripFocus/Orders/Create New Order/Add Products/Commodity_txt'

22-10-2025T11:09:21 - [TEST_STEP][PASSED] - delay(2): Delayed 2 second(s)

22-10-2025T11:09:23 - [MESSAGE][PASSED] - Delayed 2 second(s)

22-10-2025T11:09:23 - [TEST_STEP][PASSED] - click(findTestObject("TripFocus/Orders/Create New Order/Add Products/Add_Product_btn (When Showing Advanced Options)")): Object: 'Object Repository/TripFocus/Orders/Create New Order/Add Products/Add_Product_btn (When Showing Advanced Options)' is clicked on

22-10-2025T11:09:23 - [MESSAGE][PASSED] - Object: 'Object Repository/TripFocus/Orders/Create New Order/Add Products/Add_Product_btn (When Showing Advanced Options)' is clicked on

22-10-2025T11:09:23 - [TEST_STEP][PASSED] - delay(1): Delayed 1 second(s)

22-10-2025T11:09:24 - [MESSAGE][PASSED] - Delayed 1 second(s)

22-10-2025T11:09:24 - [TEST_STEP][PASSED] - verifyTextPresent("You must add all required fields before being able to add a product, inlcuding Delivery Site, Commodity, and Quantity/Call For Quantity.", false): Text 'You must add all required fields before being able to add a product, inlcuding Delivery Site, Commodity, and Quantity/Call For Quantity.' is present on page 

22-10-2025T11:09:24 - [MESSAGE][PASSED] - Text 'You must add all required fields before being able to add a product, inlcuding Delivery Site, Commodity, and Quantity/Call For Quantity.' is present on page 

22-10-2025T11:09:24 - [TEST_STEP][PASSED] - Start listener action : retryOnDisconnect: null

22-10-2025T11:09:24 - [TEST_STEP][PASSED] - tcId = testCaseContext.getTestCaseId(): null

22-10-2025T11:09:24 - [TEST_STEP][PASSED] - currentRetry = retryCounts.getOrDefault(tcId, 0): null

22-10-2025T11:09:24 - [TEST_STEP][PASSED] - if (testCaseContext.getTestCaseStatus() == "FAILED" && currentRetry < MAX_RETRIES): null]]></system-out>
         <system-err><![CDATA[]]></system-err>
      </testcase>
      <testcase name="Test Cases/TripFocus/SPG/SPG - Orders/SPG - Can Not Create Order Without Shipper" time="66.029" classname="Test Cases/TripFocus/SPG/SPG - Orders/SPG - Can Not Create Order Without Shipper" status="PASSED">
         <system-out><![CDATA[22-10-2025T11:09:24 - [TEST_CASE][PASSED] - Test Cases/TripFocus/SPG/SPG - Orders/SPG - Can Not Create Order Without Shipper: Test Cases/TripFocus/SPG/SPG - Orders/SPG - Can Not Create Order Without Shipper

22-10-2025T11:09:24 - [TEST_STEP][PASSED] - Start listener action : beforeTestCase: null

22-10-2025T11:09:24 - [TEST_STEP][PASSED] - addDefaultPackages(): null

22-10-2025T11:09:24 - [TEST_STEP][PASSED] - openBrowser(""): Browser is opened with url: ''

22-10-2025T11:09:24 - [MESSAGE][WARNING] - A browser is already opened. Closing browser and opening a new one

22-10-2025T11:09:24 - [MESSAGE][INFO] - Starting 'Chrome' driver

22-10-2025T11:09:24 - [MESSAGE][INFO] - User set preference: ['args', '[--no-sandbox, --disable-gpu, --disable-dev-shm-usage]']

22-10-2025T11:09:24 - [MESSAGE][INFO] - Action delay is set to 0 milliseconds

22-10-2025T11:09:25 - [MESSAGE][PASSED] - Browser is opened with url: ''

22-10-2025T11:09:25 - [TEST_STEP][PASSED] - navigateToUrl(TFBaseURL): Navigate to 'https://www.qa.tripfocus.com' successfully

22-10-2025T11:09:25 - [MESSAGE][PASSED] - Navigate to 'https://www.qa.tripfocus.com' successfully

22-10-2025T11:09:25 - [TEST_STEP][PASSED] - click(findTestObject("Object Repository/TripFocus/Page_TripFocus/button_Sign in")): Object: 'Object Repository/TripFocus/Page_TripFocus/button_Sign in' is clicked on

22-10-2025T11:09:26 - [MESSAGE][PASSED] - Object: 'Object Repository/TripFocus/Page_TripFocus/button_Sign in' is clicked on

22-10-2025T11:09:26 - [TEST_STEP][PASSED] - setText(findTestObject("Object Repository/TripFocus/Page_TripFocus/input_Username (e.g. email address)_Username"), TripFocusBleachTechSPGUsername): Text 'Ashford.Chenault+BleachtechCustomerSPGONLY@thekag.com' is set on object 'Object Repository/TripFocus/Page_TripFocus/input_Username (e.g. email address)_Username'

22-10-2025T11:09:26 - [MESSAGE][PASSED] - Text 'Ashford.Chenault+BleachtechCustomerSPGONLY@thekag.com' is set on object 'Object Repository/TripFocus/Page_TripFocus/input_Username (e.g. email address)_Username'

22-10-2025T11:09:26 - [TEST_STEP][PASSED] - setText(findTestObject("Object Repository/TripFocus/Page_TripFocus/input_Password_Password"), TripFocusFDGSPGPassword): Text 'CrashBan911!!' is set on object 'Object Repository/TripFocus/Page_TripFocus/input_Password_Password'

22-10-2025T11:09:26 - [MESSAGE][PASSED] - Text 'CrashBan911!!' is set on object 'Object Repository/TripFocus/Page_TripFocus/input_Password_Password'

22-10-2025T11:09:26 - [TEST_STEP][PASSED] - click(findTestObject("Object Repository/TripFocus/Page_TripFocus/button_Login")): Object: 'Object Repository/TripFocus/Page_TripFocus/button_Login' is clicked on

22-10-2025T11:09:26 - [MESSAGE][PASSED] - Object: 'Object Repository/TripFocus/Page_TripFocus/button_Login' is clicked on

22-10-2025T11:09:26 - [TEST_STEP][PASSED] - maximizeWindow(): Current window maximized

22-10-2025T11:09:27 - [MESSAGE][PASSED] - Current window maximized

22-10-2025T11:09:27 - [TEST_STEP][PASSED] - waitForElementVisible(findTestObject("TripFocus/Testing_Notification_btn"), 15, OPTIONAL): Web element with id: 'Object Repository/TripFocus/Testing_Notification_btn' located by '//*[@id="__BVID__10___BV_modal_footer_"]/button' not found

22-10-2025T11:09:43 - [MESSAGE][INFO] - Unable to find the element located by 'By.xpath: //*[@id="__BVID__10___BV_modal_footer_"]/button'. Please recheck the objects properties to make sure the desired element is located. 

22-10-2025T11:09:43 - [MESSAGE][WARNING] - [SELF-HEALING] Failed to find element with id 'Object Repository/TripFocus/Testing_Notification_btn'. Try using Self-healing.

22-10-2025T11:09:44 - [MESSAGE][INFO] - [SELF-HEALING] No working XPath is found.

22-10-2025T11:09:46 - [MESSAGE][INFO] - Unable to find the element located by 'By.xpath: '. Please recheck the objects properties to make sure the desired element is located. 

22-10-2025T11:09:46 - [MESSAGE][WARNING] - [SELF-HEALING] Cannot find elements when the selector is null

22-10-2025T11:09:46 - [MESSAGE][WARNING] - Web element with id: 'Object Repository/TripFocus/Testing_Notification_btn' located by '//*[@id="__BVID__10___BV_modal_footer_"]/button' not found

22-10-2025T11:09:46 - [TEST_STEP][PASSED] - if (verifyElementVisible(findTestObject("TripFocus/Testing_Notification_btn"), OPTIONAL) == true): Web element with id: 'Object Repository/TripFocus/Testing_Notification_btn' located by '//*[@id="__BVID__10___BV_modal_footer_"]/button' not found (Root cause: com.kms.katalon.core.exception.StepFailedException: Web element with id: 'Object Repository/TripFocus/Testing_Notification_btn' located by '//*[@id="__BVID__10___BV_modal_footer_"]/button' not found
	at com.kms.katalon.core.webui.keyword.internal.WebUIKeywordMain.stepFailed(WebUIKeywordMain.groovy:117)
	at com.kms.katalon.core.webui.keyword.builtin.VerifyElementVisibleKeyword$_verifyElementVisible_closure1.doCall(VerifyElementVisibleKeyword.groovy:89)
	at com.kms.katalon.core.webui.keyword.builtin.VerifyElementVisibleKeyword$_verifyElementVisible_closure1.call(VerifyElementVisibleKeyword.groovy)
	at com.kms.katalon.core.webui.keyword.internal.WebUIKeywordMain.runKeyword(WebUIKeywordMain.groovy:35)
	at com.kms.katalon.core.webui.keyword.builtin.VerifyElementVisibleKeyword.verifyElementVisible(VerifyElementVisibleKeyword.groovy:97)
	at com.kms.katalon.core.webui.keyword.builtin.VerifyElementVisibleKeyword.execute(VerifyElementVisibleKeyword.groovy:67)
	at com.kms.katalon.core.keyword.internal.KeywordExecutor.executeKeywordForPlatform(KeywordExecutor.groovy:74)
	at com.kms.katalon.core.webui.keyword.WebUiBuiltInKeywords.verifyElementVisible(WebUiBuiltInKeywords.groovy:401)
	at com.kms.katalon.core.webui.keyword.WebUiBuiltInKeywords$verifyElementVisible$5.call(Unknown Source)
	at SPG - Can Not Create Order Without Shipper.run(SPG - Can Not Create Order Without Shipper:38)
	at com.kms.katalon.core.main.ScriptEngine.run(ScriptEngine.java:194)
	at com.kms.katalon.core.main.ScriptEngine.runScriptAsRawText(ScriptEngine.java:119)
	at com.kms.katalon.core.main.TestCaseExecutor.runScript(TestCaseExecutor.java:448)
	at com.kms.katalon.core.main.TestCaseExecutor.doExecute(TestCaseExecutor.java:439)
	at com.kms.katalon.core.main.TestCaseExecutor.processExecutionPhase(TestCaseExecutor.java:418)
	at com.kms.katalon.core.main.TestCaseExecutor.accessMainPhase(TestCaseExecutor.java:410)
	at com.kms.katalon.core.main.TestCaseExecutor.execute(TestCaseExecutor.java:285)
	at com.kms.katalon.core.common.CommonExecutor.accessTestCaseMainPhase(CommonExecutor.java:65)
	at com.kms.katalon.core.main.TestSuiteExecutor.accessTestSuiteMainPhase(TestSuiteExecutor.java:150)
	at com.kms.katalon.core.main.TestSuiteExecutor.execute(TestSuiteExecutor.java:106)
	at com.kms.katalon.core.main.TestCaseMain.startTestSuite(TestCaseMain.java:180)
	at com.kms.katalon.core.main.TestCaseMain$startTestSuite$0.call(Unknown Source)
	at TempTestSuite1761139096516.run(TempTestSuite1761139096516.groovy:35)
	at java.base/jdk.internal.reflect.NativeMethodAccessorImpl.invoke0(Native Method)
	at java.base/jdk.internal.reflect.NativeMethodAccessorImpl.invoke(NativeMethodAccessorImpl.java:77)
	at java.base/jdk.internal.reflect.DelegatingMethodAccessorImpl.invoke(DelegatingMethodAccessorImpl.java:43)
)

22-10-2025T11:10:02 - [MESSAGE][INFO] - Unable to find the element located by 'By.xpath: //*[@id="__BVID__10___BV_modal_footer_"]/button'. Please recheck the objects properties to make sure the desired element is located. 

22-10-2025T11:10:02 - [MESSAGE][WARNING] - [SELF-HEALING] Failed to find element with id 'Object Repository/TripFocus/Testing_Notification_btn'. Try using Self-healing.

22-10-2025T11:10:03 - [MESSAGE][INFO] - [SELF-HEALING] No working XPath is found.

22-10-2025T11:10:05 - [MESSAGE][INFO] - Unable to find the element located by 'By.xpath: '. Please recheck the objects properties to make sure the desired element is located. 

22-10-2025T11:10:05 - [MESSAGE][WARNING] - [SELF-HEALING] Cannot find elements when the selector is null

22-10-2025T11:10:05 - [MESSAGE][WARNING] - Web element with id: 'Object Repository/TripFocus/Testing_Notification_btn' located by '//*[@id="__BVID__10___BV_modal_footer_"]/button' not found (Root cause: com.kms.katalon.core.exception.StepFailedException: Web element with id: 'Object Repository/TripFocus/Testing_Notification_btn' located by '//*[@id="__BVID__10___BV_modal_footer_"]/button' not found
	at com.kms.katalon.core.webui.keyword.internal.WebUIKeywordMain.stepFailed(WebUIKeywordMain.groovy:117)
	at com.kms.katalon.core.webui.keyword.builtin.VerifyElementVisibleKeyword$_verifyElementVisible_closure1.doCall(VerifyElementVisibleKeyword.groovy:89)
	at com.kms.katalon.core.webui.keyword.builtin.VerifyElementVisibleKeyword$_verifyElementVisible_closure1.call(VerifyElementVisibleKeyword.groovy)
	at com.kms.katalon.core.webui.keyword.internal.WebUIKeywordMain.runKeyword(WebUIKeywordMain.groovy:35)
	at com.kms.katalon.core.webui.keyword.builtin.VerifyElementVisibleKeyword.verifyElementVisible(VerifyElementVisibleKeyword.groovy:97)
	at com.kms.katalon.core.webui.keyword.builtin.VerifyElementVisibleKeyword.execute(VerifyElementVisibleKeyword.groovy:67)
	at com.kms.katalon.core.keyword.internal.KeywordExecutor.executeKeywordForPlatform(KeywordExecutor.groovy:74)
	at com.kms.katalon.core.webui.keyword.WebUiBuiltInKeywords.verifyElementVisible(WebUiBuiltInKeywords.groovy:401)
	at com.kms.katalon.core.webui.keyword.WebUiBuiltInKeywords$verifyElementVisible$5.call(Unknown Source)
	at SPG - Can Not Create Order Without Shipper.run(SPG - Can Not Create Order Without Shipper:38)
	at com.kms.katalon.core.main.ScriptEngine.run(ScriptEngine.java:194)
	at com.kms.katalon.core.main.ScriptEngine.runScriptAsRawText(ScriptEngine.java:119)
	at com.kms.katalon.core.main.TestCaseExecutor.runScript(TestCaseExecutor.java:448)
	at com.kms.katalon.core.main.TestCaseExecutor.doExecute(TestCaseExecutor.java:439)
	at com.kms.katalon.core.main.TestCaseExecutor.processExecutionPhase(TestCaseExecutor.java:418)
	at com.kms.katalon.core.main.TestCaseExecutor.accessMainPhase(TestCaseExecutor.java:410)
	at com.kms.katalon.core.main.TestCaseExecutor.execute(TestCaseExecutor.java:285)
	at com.kms.katalon.core.common.CommonExecutor.accessTestCaseMainPhase(CommonExecutor.java:65)
	at com.kms.katalon.core.main.TestSuiteExecutor.accessTestSuiteMainPhase(TestSuiteExecutor.java:150)
	at com.kms.katalon.core.main.TestSuiteExecutor.execute(TestSuiteExecutor.java:106)
	at com.kms.katalon.core.main.TestCaseMain.startTestSuite(TestCaseMain.java:180)
	at com.kms.katalon.core.main.TestCaseMain$startTestSuite$0.call(Unknown Source)
	at TempTestSuite1761139096516.run(TempTestSuite1761139096516.groovy:35)
	at java.base/jdk.internal.reflect.NativeMethodAccessorImpl.invoke0(Native Method)
	at java.base/jdk.internal.reflect.NativeMethodAccessorImpl.invoke(NativeMethodAccessorImpl.java:77)
	at java.base/jdk.internal.reflect.DelegatingMethodAccessorImpl.invoke(DelegatingMethodAccessorImpl.java:43)
)

22-10-2025T11:10:05 - [TEST_STEP][PASSED] - click(findTestObject("TripFocus/Orders/Orders_tab")): Object: 'Object Repository/TripFocus/Orders/Orders_tab' is clicked on

22-10-2025T11:10:05 - [MESSAGE][PASSED] - Object: 'Object Repository/TripFocus/Orders/Orders_tab' is clicked on

22-10-2025T11:10:05 - [TEST_STEP][PASSED] - delay(5): Delayed 5 second(s)

22-10-2025T11:10:10 - [MESSAGE][PASSED] - Delayed 5 second(s)

22-10-2025T11:10:10 - [TEST_STEP][PASSED] - click(findTestObject("TripFocus/Orders/Create New Order_btn")): Object: 'Object Repository/TripFocus/Orders/Create New Order_btn' is clicked on

22-10-2025T11:10:11 - [MESSAGE][PASSED] - Object: 'Object Repository/TripFocus/Orders/Create New Order_btn' is clicked on

22-10-2025T11:10:11 - [TEST_STEP][PASSED] - delay(2): Delayed 2 second(s)

22-10-2025T11:10:13 - [MESSAGE][PASSED] - Delayed 2 second(s)

22-10-2025T11:10:13 - [TEST_STEP][PASSED] - click(findTestObject("TripFocus/Orders/Create New Order/Add Products/Add Product_link")): Object: 'Object Repository/TripFocus/Orders/Create New Order/Add Products/Add Product_link' is clicked on

22-10-2025T11:10:13 - [MESSAGE][PASSED] - Object: 'Object Repository/TripFocus/Orders/Create New Order/Add Products/Add Product_link' is clicked on

22-10-2025T11:10:13 - [TEST_STEP][PASSED] - delay(2): Delayed 2 second(s)

22-10-2025T11:10:15 - [MESSAGE][PASSED] - Delayed 2 second(s)

22-10-2025T11:10:15 - [TEST_STEP][PASSED] - click(findTestObject("TripFocus/Sidebar Minimizer")): Object: 'Object Repository/TripFocus/Sidebar Minimizer' is clicked on

22-10-2025T11:10:15 - [MESSAGE][PASSED] - Object: 'Object Repository/TripFocus/Sidebar Minimizer' is clicked on

22-10-2025T11:10:15 - [TEST_STEP][PASSED] - delay(1): Delayed 1 second(s)

22-10-2025T11:10:16 - [MESSAGE][PASSED] - Delayed 1 second(s)

22-10-2025T11:10:16 - [TEST_STEP][PASSED] - click(findTestObject("TripFocus/Orders/Create New Order/Add Products/Delivery_Site_dropdown")): Object: 'Object Repository/TripFocus/Orders/Create New Order/Add Products/Delivery_Site_dropdown' is clicked on

22-10-2025T11:10:16 - [MESSAGE][PASSED] - Object: 'Object Repository/TripFocus/Orders/Create New Order/Add Products/Delivery_Site_dropdown' is clicked on

22-10-2025T11:10:16 - [TEST_STEP][PASSED] - delay(2): Delayed 2 second(s)

22-10-2025T11:10:18 - [MESSAGE][PASSED] - Delayed 2 second(s)

22-10-2025T11:10:18 - [TEST_STEP][PASSED] - sendKeys(findTestObject("TripFocus/Orders/Create New Order/Add Products/Delivery_Site_txt"), "Baldwin Plant"): Keys 'Baldwin Plant' sent to object: 'Object Repository/TripFocus/Orders/Create New Order/Add Products/Delivery_Site_txt'

22-10-2025T11:10:18 - [MESSAGE][PASSED] - Keys 'Baldwin Plant' sent to object: 'Object Repository/TripFocus/Orders/Create New Order/Add Products/Delivery_Site_txt'

22-10-2025T11:10:18 - [TEST_STEP][PASSED] - delay(2): Delayed 2 second(s)

22-10-2025T11:10:20 - [MESSAGE][PASSED] - Delayed 2 second(s)

22-10-2025T11:10:20 - [TEST_STEP][PASSED] - sendKeys(findTestObject("TripFocus/Orders/Create New Order/Add Products/Delivery_Site_txt"), Keys.chord(ENTER)): Keys 'ENTER + ' sent to object: 'Object Repository/TripFocus/Orders/Create New Order/Add Products/Delivery_Site_txt'

22-10-2025T11:10:20 - [MESSAGE][PASSED] - Keys 'ENTER + ' sent to object: 'Object Repository/TripFocus/Orders/Create New Order/Add Products/Delivery_Site_txt'

22-10-2025T11:10:20 - [TEST_STEP][PASSED] - delay(2): Delayed 2 second(s)

22-10-2025T11:10:22 - [MESSAGE][PASSED] - Delayed 2 second(s)

22-10-2025T11:10:22 - [TEST_STEP][PASSED] - sendKeys(findTestObject("TripFocus/Orders/Create New Order/Add Products/Commodity_txt"), "Liqui"): Keys 'Liqui' sent to object: 'Object Repository/TripFocus/Orders/Create New Order/Add Products/Commodity_txt'

22-10-2025T11:10:23 - [MESSAGE][PASSED] - Keys 'Liqui' sent to object: 'Object Repository/TripFocus/Orders/Create New Order/Add Products/Commodity_txt'

22-10-2025T11:10:23 - [TEST_STEP][PASSED] - delay(2): Delayed 2 second(s)

22-10-2025T11:10:25 - [MESSAGE][PASSED] - Delayed 2 second(s)

22-10-2025T11:10:25 - [TEST_STEP][PASSED] - sendKeys(findTestObject("TripFocus/Orders/Create New Order/Add Products/Commodity_txt"), Keys.chord(ENTER)): Keys 'ENTER + ' sent to object: 'Object Repository/TripFocus/Orders/Create New Order/Add Products/Commodity_txt'

22-10-2025T11:10:25 - [MESSAGE][PASSED] - Keys 'ENTER + ' sent to object: 'Object Repository/TripFocus/Orders/Create New Order/Add Products/Commodity_txt'

22-10-2025T11:10:25 - [TEST_STEP][PASSED] - delay(2): Delayed 2 second(s)

22-10-2025T11:10:27 - [MESSAGE][PASSED] - Delayed 2 second(s)

22-10-2025T11:10:27 - [TEST_STEP][PASSED] - setText(findTestObject("TripFocus/Orders/Create New Order/Add Products/Quantity_txt"), "4444"): Text '4444' is set on object 'Object Repository/TripFocus/Orders/Create New Order/Add Products/Quantity_txt'

22-10-2025T11:10:27 - [MESSAGE][PASSED] - Text '4444' is set on object 'Object Repository/TripFocus/Orders/Create New Order/Add Products/Quantity_txt'

22-10-2025T11:10:27 - [TEST_STEP][PASSED] - delay(2): Delayed 2 second(s)

22-10-2025T11:10:29 - [MESSAGE][PASSED] - Delayed 2 second(s)

22-10-2025T11:10:29 - [TEST_STEP][PASSED] - click(findTestObject("TripFocus/Orders/Create New Order/Add Products/Add_Product_btn (When Showing Advanced Options)")): Object: 'Object Repository/TripFocus/Orders/Create New Order/Add Products/Add_Product_btn (When Showing Advanced Options)' is clicked on

22-10-2025T11:10:29 - [MESSAGE][PASSED] - Object: 'Object Repository/TripFocus/Orders/Create New Order/Add Products/Add_Product_btn (When Showing Advanced Options)' is clicked on

22-10-2025T11:10:29 - [TEST_STEP][PASSED] - delay(1): Delayed 1 second(s)

22-10-2025T11:10:30 - [MESSAGE][PASSED] - Delayed 1 second(s)

22-10-2025T11:10:30 - [TEST_STEP][PASSED] - verifyTextPresent("You must add all required fields before being able to add a product, inlcuding Delivery Site, Commodity, and Quantity/Call For Quantity.", false): Text 'You must add all required fields before being able to add a product, inlcuding Delivery Site, Commodity, and Quantity/Call For Quantity.' is present on page 

22-10-2025T11:10:30 - [MESSAGE][PASSED] - Text 'You must add all required fields before being able to add a product, inlcuding Delivery Site, Commodity, and Quantity/Call For Quantity.' is present on page 

22-10-2025T11:10:30 - [TEST_STEP][PASSED] - Start listener action : retryOnDisconnect: null

22-10-2025T11:10:30 - [TEST_STEP][PASSED] - tcId = testCaseContext.getTestCaseId(): null

22-10-2025T11:10:30 - [TEST_STEP][PASSED] - currentRetry = retryCounts.getOrDefault(tcId, 0): null

22-10-2025T11:10:30 - [TEST_STEP][PASSED] - if (testCaseContext.getTestCaseStatus() == "FAILED" && currentRetry < MAX_RETRIES): null]]></system-out>
         <system-err><![CDATA[]]></system-err>
      </testcase>
      <testcase name="Test Cases/TripFocus/SPG/SPG - Orders/SPG - Changing Status of Created Order to Cancelled" time="72.763" classname="Test Cases/TripFocus/SPG/SPG - Orders/SPG - Changing Status of Created Order to Cancelled" status="PASSED">
         <system-out><![CDATA[22-10-2025T11:10:30 - [TEST_CASE][PASSED] - Test Cases/TripFocus/SPG/SPG - Orders/SPG - Changing Status of Created Order to Cancelled: Test Cases/TripFocus/SPG/SPG - Orders/SPG - Changing Status of Created Order to Cancelled

22-10-2025T11:10:30 - [TEST_STEP][PASSED] - Start listener action : beforeTestCase: null

22-10-2025T11:10:30 - [TEST_STEP][PASSED] - addDefaultPackages(): null

22-10-2025T11:10:30 - [TEST_STEP][PASSED] - openBrowser(""): Browser is opened with url: ''

22-10-2025T11:10:30 - [MESSAGE][WARNING] - A browser is already opened. Closing browser and opening a new one

22-10-2025T11:10:30 - [MESSAGE][INFO] - Starting 'Chrome' driver

22-10-2025T11:10:30 - [MESSAGE][INFO] - User set preference: ['args', '[--no-sandbox, --disable-gpu, --disable-dev-shm-usage]']

22-10-2025T11:10:30 - [MESSAGE][INFO] - Action delay is set to 0 milliseconds

22-10-2025T11:10:31 - [MESSAGE][PASSED] - Browser is opened with url: ''

22-10-2025T11:10:31 - [TEST_STEP][PASSED] - navigateToUrl(TFBaseURL): Navigate to 'https://www.qa.tripfocus.com' successfully

22-10-2025T11:10:32 - [MESSAGE][PASSED] - Navigate to 'https://www.qa.tripfocus.com' successfully

22-10-2025T11:10:32 - [TEST_STEP][PASSED] - click(findTestObject("Object Repository/TripFocus/Page_TripFocus/button_Sign in")): Object: 'Object Repository/TripFocus/Page_TripFocus/button_Sign in' is clicked on

22-10-2025T11:10:33 - [MESSAGE][PASSED] - Object: 'Object Repository/TripFocus/Page_TripFocus/button_Sign in' is clicked on

22-10-2025T11:10:33 - [TEST_STEP][PASSED] - setText(findTestObject("Object Repository/TripFocus/Page_TripFocus/input_Username (e.g. email address)_Username"), TripFocusBleachTechSPGUsername): Text 'Ashford.Chenault+BleachtechCustomerSPGONLY@thekag.com' is set on object 'Object Repository/TripFocus/Page_TripFocus/input_Username (e.g. email address)_Username'

22-10-2025T11:10:33 - [MESSAGE][PASSED] - Text 'Ashford.Chenault+BleachtechCustomerSPGONLY@thekag.com' is set on object 'Object Repository/TripFocus/Page_TripFocus/input_Username (e.g. email address)_Username'

22-10-2025T11:10:33 - [TEST_STEP][PASSED] - setText(findTestObject("Object Repository/TripFocus/Page_TripFocus/input_Password_Password"), TripFocusFDGSPGPassword): Text 'CrashBan911!!' is set on object 'Object Repository/TripFocus/Page_TripFocus/input_Password_Password'

22-10-2025T11:10:34 - [MESSAGE][PASSED] - Text 'CrashBan911!!' is set on object 'Object Repository/TripFocus/Page_TripFocus/input_Password_Password'

22-10-2025T11:10:34 - [TEST_STEP][PASSED] - click(findTestObject("Object Repository/TripFocus/Page_TripFocus/button_Login")): Object: 'Object Repository/TripFocus/Page_TripFocus/button_Login' is clicked on

22-10-2025T11:10:34 - [MESSAGE][PASSED] - Object: 'Object Repository/TripFocus/Page_TripFocus/button_Login' is clicked on

22-10-2025T11:10:34 - [TEST_STEP][PASSED] - maximizeWindow(): Current window maximized

22-10-2025T11:10:34 - [MESSAGE][PASSED] - Current window maximized

22-10-2025T11:10:34 - [TEST_STEP][PASSED] - waitForElementVisible(findTestObject("TripFocus/Testing_Notification_btn"), 15, OPTIONAL): Web element with id: 'Object Repository/TripFocus/Testing_Notification_btn' located by '//*[@id="__BVID__10___BV_modal_footer_"]/button' not found

22-10-2025T11:10:50 - [MESSAGE][INFO] - Unable to find the element located by 'By.xpath: //*[@id="__BVID__10___BV_modal_footer_"]/button'. Please recheck the objects properties to make sure the desired element is located. 

22-10-2025T11:10:50 - [MESSAGE][WARNING] - [SELF-HEALING] Failed to find element with id 'Object Repository/TripFocus/Testing_Notification_btn'. Try using Self-healing.

22-10-2025T11:10:51 - [MESSAGE][INFO] - [SELF-HEALING] No working XPath is found.

22-10-2025T11:10:53 - [MESSAGE][INFO] - Unable to find the element located by 'By.xpath: '. Please recheck the objects properties to make sure the desired element is located. 

22-10-2025T11:10:53 - [MESSAGE][WARNING] - [SELF-HEALING] Cannot find elements when the selector is null

22-10-2025T11:10:53 - [MESSAGE][WARNING] - Web element with id: 'Object Repository/TripFocus/Testing_Notification_btn' located by '//*[@id="__BVID__10___BV_modal_footer_"]/button' not found

22-10-2025T11:10:53 - [TEST_STEP][PASSED] - if (verifyElementVisible(findTestObject("TripFocus/Testing_Notification_btn"), OPTIONAL) == true): Web element with id: 'Object Repository/TripFocus/Testing_Notification_btn' located by '//*[@id="__BVID__10___BV_modal_footer_"]/button' not found (Root cause: com.kms.katalon.core.exception.StepFailedException: Web element with id: 'Object Repository/TripFocus/Testing_Notification_btn' located by '//*[@id="__BVID__10___BV_modal_footer_"]/button' not found
	at com.kms.katalon.core.webui.keyword.internal.WebUIKeywordMain.stepFailed(WebUIKeywordMain.groovy:117)
	at com.kms.katalon.core.webui.keyword.builtin.VerifyElementVisibleKeyword$_verifyElementVisible_closure1.doCall(VerifyElementVisibleKeyword.groovy:89)
	at com.kms.katalon.core.webui.keyword.builtin.VerifyElementVisibleKeyword$_verifyElementVisible_closure1.call(VerifyElementVisibleKeyword.groovy)
	at com.kms.katalon.core.webui.keyword.internal.WebUIKeywordMain.runKeyword(WebUIKeywordMain.groovy:35)
	at com.kms.katalon.core.webui.keyword.builtin.VerifyElementVisibleKeyword.verifyElementVisible(VerifyElementVisibleKeyword.groovy:97)
	at com.kms.katalon.core.webui.keyword.builtin.VerifyElementVisibleKeyword.execute(VerifyElementVisibleKeyword.groovy:67)
	at com.kms.katalon.core.keyword.internal.KeywordExecutor.executeKeywordForPlatform(KeywordExecutor.groovy:74)
	at com.kms.katalon.core.webui.keyword.WebUiBuiltInKeywords.verifyElementVisible(WebUiBuiltInKeywords.groovy:401)
	at com.kms.katalon.core.webui.keyword.WebUiBuiltInKeywords$verifyElementVisible$5.call(Unknown Source)
	at SPG - Changing Status of Created Order to Cancelled.run(SPG - Changing Status of Created Order to Cancelled:38)
	at com.kms.katalon.core.main.ScriptEngine.run(ScriptEngine.java:194)
	at com.kms.katalon.core.main.ScriptEngine.runScriptAsRawText(ScriptEngine.java:119)
	at com.kms.katalon.core.main.TestCaseExecutor.runScript(TestCaseExecutor.java:448)
	at com.kms.katalon.core.main.TestCaseExecutor.doExecute(TestCaseExecutor.java:439)
	at com.kms.katalon.core.main.TestCaseExecutor.processExecutionPhase(TestCaseExecutor.java:418)
	at com.kms.katalon.core.main.TestCaseExecutor.accessMainPhase(TestCaseExecutor.java:410)
	at com.kms.katalon.core.main.TestCaseExecutor.execute(TestCaseExecutor.java:285)
	at com.kms.katalon.core.common.CommonExecutor.accessTestCaseMainPhase(CommonExecutor.java:65)
	at com.kms.katalon.core.main.TestSuiteExecutor.accessTestSuiteMainPhase(TestSuiteExecutor.java:150)
	at com.kms.katalon.core.main.TestSuiteExecutor.execute(TestSuiteExecutor.java:106)
	at com.kms.katalon.core.main.TestCaseMain.startTestSuite(TestCaseMain.java:180)
	at com.kms.katalon.core.main.TestCaseMain$startTestSuite$0.call(Unknown Source)
	at TempTestSuite1761139096516.run(TempTestSuite1761139096516.groovy:35)
	at java.base/jdk.internal.reflect.NativeMethodAccessorImpl.invoke0(Native Method)
	at java.base/jdk.internal.reflect.NativeMethodAccessorImpl.invoke(NativeMethodAccessorImpl.java:77)
	at java.base/jdk.internal.reflect.DelegatingMethodAccessorImpl.invoke(DelegatingMethodAccessorImpl.java:43)
)

22-10-2025T11:11:09 - [MESSAGE][INFO] - Unable to find the element located by 'By.xpath: //*[@id="__BVID__10___BV_modal_footer_"]/button'. Please recheck the objects properties to make sure the desired element is located. 

22-10-2025T11:11:09 - [MESSAGE][WARNING] - [SELF-HEALING] Failed to find element with id 'Object Repository/TripFocus/Testing_Notification_btn'. Try using Self-healing.

22-10-2025T11:11:10 - [MESSAGE][INFO] - [SELF-HEALING] No working XPath is found.

22-10-2025T11:11:12 - [MESSAGE][INFO] - Unable to find the element located by 'By.xpath: '. Please recheck the objects properties to make sure the desired element is located. 

22-10-2025T11:11:12 - [MESSAGE][WARNING] - [SELF-HEALING] Cannot find elements when the selector is null

22-10-2025T11:11:12 - [MESSAGE][WARNING] - Web element with id: 'Object Repository/TripFocus/Testing_Notification_btn' located by '//*[@id="__BVID__10___BV_modal_footer_"]/button' not found (Root cause: com.kms.katalon.core.exception.StepFailedException: Web element with id: 'Object Repository/TripFocus/Testing_Notification_btn' located by '//*[@id="__BVID__10___BV_modal_footer_"]/button' not found
	at com.kms.katalon.core.webui.keyword.internal.WebUIKeywordMain.stepFailed(WebUIKeywordMain.groovy:117)
	at com.kms.katalon.core.webui.keyword.builtin.VerifyElementVisibleKeyword$_verifyElementVisible_closure1.doCall(VerifyElementVisibleKeyword.groovy:89)
	at com.kms.katalon.core.webui.keyword.builtin.VerifyElementVisibleKeyword$_verifyElementVisible_closure1.call(VerifyElementVisibleKeyword.groovy)
	at com.kms.katalon.core.webui.keyword.internal.WebUIKeywordMain.runKeyword(WebUIKeywordMain.groovy:35)
	at com.kms.katalon.core.webui.keyword.builtin.VerifyElementVisibleKeyword.verifyElementVisible(VerifyElementVisibleKeyword.groovy:97)
	at com.kms.katalon.core.webui.keyword.builtin.VerifyElementVisibleKeyword.execute(VerifyElementVisibleKeyword.groovy:67)
	at com.kms.katalon.core.keyword.internal.KeywordExecutor.executeKeywordForPlatform(KeywordExecutor.groovy:74)
	at com.kms.katalon.core.webui.keyword.WebUiBuiltInKeywords.verifyElementVisible(WebUiBuiltInKeywords.groovy:401)
	at com.kms.katalon.core.webui.keyword.WebUiBuiltInKeywords$verifyElementVisible$5.call(Unknown Source)
	at SPG - Changing Status of Created Order to Cancelled.run(SPG - Changing Status of Created Order to Cancelled:38)
	at com.kms.katalon.core.main.ScriptEngine.run(ScriptEngine.java:194)
	at com.kms.katalon.core.main.ScriptEngine.runScriptAsRawText(ScriptEngine.java:119)
	at com.kms.katalon.core.main.TestCaseExecutor.runScript(TestCaseExecutor.java:448)
	at com.kms.katalon.core.main.TestCaseExecutor.doExecute(TestCaseExecutor.java:439)
	at com.kms.katalon.core.main.TestCaseExecutor.processExecutionPhase(TestCaseExecutor.java:418)
	at com.kms.katalon.core.main.TestCaseExecutor.accessMainPhase(TestCaseExecutor.java:410)
	at com.kms.katalon.core.main.TestCaseExecutor.execute(TestCaseExecutor.java:285)
	at com.kms.katalon.core.common.CommonExecutor.accessTestCaseMainPhase(CommonExecutor.java:65)
	at com.kms.katalon.core.main.TestSuiteExecutor.accessTestSuiteMainPhase(TestSuiteExecutor.java:150)
	at com.kms.katalon.core.main.TestSuiteExecutor.execute(TestSuiteExecutor.java:106)
	at com.kms.katalon.core.main.TestCaseMain.startTestSuite(TestCaseMain.java:180)
	at com.kms.katalon.core.main.TestCaseMain$startTestSuite$0.call(Unknown Source)
	at TempTestSuite1761139096516.run(TempTestSuite1761139096516.groovy:35)
	at java.base/jdk.internal.reflect.NativeMethodAccessorImpl.invoke0(Native Method)
	at java.base/jdk.internal.reflect.NativeMethodAccessorImpl.invoke(NativeMethodAccessorImpl.java:77)
	at java.base/jdk.internal.reflect.DelegatingMethodAccessorImpl.invoke(DelegatingMethodAccessorImpl.java:43)
)

22-10-2025T11:11:12 - [TEST_STEP][PASSED] - click(findTestObject("TripFocus/Orders/Orders_tab")): Object: 'Object Repository/TripFocus/Orders/Orders_tab' is clicked on

22-10-2025T11:11:12 - [MESSAGE][PASSED] - Object: 'Object Repository/TripFocus/Orders/Orders_tab' is clicked on

22-10-2025T11:11:12 - [TEST_STEP][PASSED] - delay(10): Delayed 10 second(s)

22-10-2025T11:11:22 - [MESSAGE][PASSED] - Delayed 10 second(s)

22-10-2025T11:11:22 - [TEST_STEP][PASSED] - click(findTestObject("TripFocus/Orders/Order_Expand_btn")): Object: 'Object Repository/TripFocus/Orders/Order_Expand_btn' is clicked on

22-10-2025T11:11:23 - [MESSAGE][PASSED] - Object: 'Object Repository/TripFocus/Orders/Order_Expand_btn' is clicked on

22-10-2025T11:11:23 - [TEST_STEP][PASSED] - delay(1): Delayed 1 second(s)

22-10-2025T11:11:24 - [MESSAGE][PASSED] - Delayed 1 second(s)

22-10-2025T11:11:24 - [TEST_STEP][PASSED] - if (verifyElementVisible(findTestObject("TripFocus/Orders/Cancel_Order_btn"), OPTIONAL) == true): Web element with id: 'Object Repository/TripFocus/Orders/Cancel_Order_btn' located by '/html/body/div/div[2]/div/main/div/div[2]/section/div[5]/div/div/div[3]/div[1]/div[2]/div/div[2]/div[4]/div[1]/button' not found (Root cause: com.kms.katalon.core.exception.StepFailedException: Web element with id: 'Object Repository/TripFocus/Orders/Cancel_Order_btn' located by '/html/body/div/div[2]/div/main/div/div[2]/section/div[5]/div/div/div[3]/div[1]/div[2]/div/div[2]/div[4]/div[1]/button' not found
	at com.kms.katalon.core.webui.keyword.internal.WebUIKeywordMain.stepFailed(WebUIKeywordMain.groovy:117)
	at com.kms.katalon.core.webui.keyword.builtin.VerifyElementVisibleKeyword$_verifyElementVisible_closure1.doCall(VerifyElementVisibleKeyword.groovy:89)
	at com.kms.katalon.core.webui.keyword.builtin.VerifyElementVisibleKeyword$_verifyElementVisible_closure1.call(VerifyElementVisibleKeyword.groovy)
	at com.kms.katalon.core.webui.keyword.internal.WebUIKeywordMain.runKeyword(WebUIKeywordMain.groovy:35)
	at com.kms.katalon.core.webui.keyword.builtin.VerifyElementVisibleKeyword.verifyElementVisible(VerifyElementVisibleKeyword.groovy:97)
	at com.kms.katalon.core.webui.keyword.builtin.VerifyElementVisibleKeyword.execute(VerifyElementVisibleKeyword.groovy:67)
	at com.kms.katalon.core.keyword.internal.KeywordExecutor.executeKeywordForPlatform(KeywordExecutor.groovy:74)
	at com.kms.katalon.core.webui.keyword.WebUiBuiltInKeywords.verifyElementVisible(WebUiBuiltInKeywords.groovy:401)
	at com.kms.katalon.core.webui.keyword.WebUiBuiltInKeywords$verifyElementVisible$5.call(Unknown Source)
	at SPG - Changing Status of Created Order to Cancelled.run(SPG - Changing Status of Created Order to Cancelled:60)
	at com.kms.katalon.core.main.ScriptEngine.run(ScriptEngine.java:194)
	at com.kms.katalon.core.main.ScriptEngine.runScriptAsRawText(ScriptEngine.java:119)
	at com.kms.katalon.core.main.TestCaseExecutor.runScript(TestCaseExecutor.java:448)
	at com.kms.katalon.core.main.TestCaseExecutor.doExecute(TestCaseExecutor.java:439)
	at com.kms.katalon.core.main.TestCaseExecutor.processExecutionPhase(TestCaseExecutor.java:418)
	at com.kms.katalon.core.main.TestCaseExecutor.accessMainPhase(TestCaseExecutor.java:410)
	at com.kms.katalon.core.main.TestCaseExecutor.execute(TestCaseExecutor.java:285)
	at com.kms.katalon.core.common.CommonExecutor.accessTestCaseMainPhase(CommonExecutor.java:65)
	at com.kms.katalon.core.main.TestSuiteExecutor.accessTestSuiteMainPhase(TestSuiteExecutor.java:150)
	at com.kms.katalon.core.main.TestSuiteExecutor.execute(TestSuiteExecutor.java:106)
	at com.kms.katalon.core.main.TestCaseMain.startTestSuite(TestCaseMain.java:180)
	at com.kms.katalon.core.main.TestCaseMain$startTestSuite$0.call(Unknown Source)
	at TempTestSuite1761139096516.run(TempTestSuite1761139096516.groovy:35)
	at java.base/jdk.internal.reflect.NativeMethodAccessorImpl.invoke0(Native Method)
	at java.base/jdk.internal.reflect.NativeMethodAccessorImpl.invoke(NativeMethodAccessorImpl.java:77)
	at java.base/jdk.internal.reflect.DelegatingMethodAccessorImpl.invoke(DelegatingMethodAccessorImpl.java:43)
)

22-10-2025T11:11:40 - [MESSAGE][INFO] - Unable to find the element located by 'By.xpath: /html/body/div/div[2]/div/main/div/div[2]/section/div[5]/div/div/div[3]/div[1]/div[2]/div/div[2]/div[4]/div[1]/button'. Please recheck the objects properties to make sure the desired element is located. 

22-10-2025T11:11:40 - [MESSAGE][WARNING] - [SELF-HEALING] Failed to find element with id 'Object Repository/TripFocus/Orders/Cancel_Order_btn'. Try using Self-healing.

22-10-2025T11:11:41 - [MESSAGE][INFO] - [SELF-HEALING] No working XPath is found.

22-10-2025T11:11:43 - [MESSAGE][INFO] - Unable to find the element located by 'By.xpath: '. Please recheck the objects properties to make sure the desired element is located. 

22-10-2025T11:11:43 - [MESSAGE][WARNING] - [SELF-HEALING] Cannot find elements when the selector is null

22-10-2025T11:11:43 - [MESSAGE][WARNING] - Web element with id: 'Object Repository/TripFocus/Orders/Cancel_Order_btn' located by '/html/body/div/div[2]/div/main/div/div[2]/section/div[5]/div/div/div[3]/div[1]/div[2]/div/div[2]/div[4]/div[1]/button' not found (Root cause: com.kms.katalon.core.exception.StepFailedException: Web element with id: 'Object Repository/TripFocus/Orders/Cancel_Order_btn' located by '/html/body/div/div[2]/div/main/div/div[2]/section/div[5]/div/div/div[3]/div[1]/div[2]/div/div[2]/div[4]/div[1]/button' not found
	at com.kms.katalon.core.webui.keyword.internal.WebUIKeywordMain.stepFailed(WebUIKeywordMain.groovy:117)
	at com.kms.katalon.core.webui.keyword.builtin.VerifyElementVisibleKeyword$_verifyElementVisible_closure1.doCall(VerifyElementVisibleKeyword.groovy:89)
	at com.kms.katalon.core.webui.keyword.builtin.VerifyElementVisibleKeyword$_verifyElementVisible_closure1.call(VerifyElementVisibleKeyword.groovy)
	at com.kms.katalon.core.webui.keyword.internal.WebUIKeywordMain.runKeyword(WebUIKeywordMain.groovy:35)
	at com.kms.katalon.core.webui.keyword.builtin.VerifyElementVisibleKeyword.verifyElementVisible(VerifyElementVisibleKeyword.groovy:97)
	at com.kms.katalon.core.webui.keyword.builtin.VerifyElementVisibleKeyword.execute(VerifyElementVisibleKeyword.groovy:67)
	at com.kms.katalon.core.keyword.internal.KeywordExecutor.executeKeywordForPlatform(KeywordExecutor.groovy:74)
	at com.kms.katalon.core.webui.keyword.WebUiBuiltInKeywords.verifyElementVisible(WebUiBuiltInKeywords.groovy:401)
	at com.kms.katalon.core.webui.keyword.WebUiBuiltInKeywords$verifyElementVisible$5.call(Unknown Source)
	at SPG - Changing Status of Created Order to Cancelled.run(SPG - Changing Status of Created Order to Cancelled:60)
	at com.kms.katalon.core.main.ScriptEngine.run(ScriptEngine.java:194)
	at com.kms.katalon.core.main.ScriptEngine.runScriptAsRawText(ScriptEngine.java:119)
	at com.kms.katalon.core.main.TestCaseExecutor.runScript(TestCaseExecutor.java:448)
	at com.kms.katalon.core.main.TestCaseExecutor.doExecute(TestCaseExecutor.java:439)
	at com.kms.katalon.core.main.TestCaseExecutor.processExecutionPhase(TestCaseExecutor.java:418)
	at com.kms.katalon.core.main.TestCaseExecutor.accessMainPhase(TestCaseExecutor.java:410)
	at com.kms.katalon.core.main.TestCaseExecutor.execute(TestCaseExecutor.java:285)
	at com.kms.katalon.core.common.CommonExecutor.accessTestCaseMainPhase(CommonExecutor.java:65)
	at com.kms.katalon.core.main.TestSuiteExecutor.accessTestSuiteMainPhase(TestSuiteExecutor.java:150)
	at com.kms.katalon.core.main.TestSuiteExecutor.execute(TestSuiteExecutor.java:106)
	at com.kms.katalon.core.main.TestCaseMain.startTestSuite(TestCaseMain.java:180)
	at com.kms.katalon.core.main.TestCaseMain$startTestSuite$0.call(Unknown Source)
	at TempTestSuite1761139096516.run(TempTestSuite1761139096516.groovy:35)
	at java.base/jdk.internal.reflect.NativeMethodAccessorImpl.invoke0(Native Method)
	at java.base/jdk.internal.reflect.NativeMethodAccessorImpl.invoke(NativeMethodAccessorImpl.java:77)
	at java.base/jdk.internal.reflect.DelegatingMethodAccessorImpl.invoke(DelegatingMethodAccessorImpl.java:43)
)

22-10-2025T11:11:43 - [TEST_STEP][PASSED] - else: Browser is closed

22-10-2025T11:11:43 - [TEST_STEP][PASSED] - closeBrowser(): Browser is closed

22-10-2025T11:11:43 - [MESSAGE][PASSED] - Browser is closed

22-10-2025T11:11:43 - [TEST_STEP][PASSED] - Start listener action : retryOnDisconnect: null

22-10-2025T11:11:43 - [TEST_STEP][PASSED] - tcId = testCaseContext.getTestCaseId(): null

22-10-2025T11:11:43 - [TEST_STEP][PASSED] - currentRetry = retryCounts.getOrDefault(tcId, 0): null

22-10-2025T11:11:43 - [TEST_STEP][PASSED] - if (testCaseContext.getTestCaseStatus() == "FAILED" && currentRetry < MAX_RETRIES): null]]></system-out>
         <system-err><![CDATA[]]></system-err>
      </testcase>
      <testcase name="Test Cases/TripFocus/SPG/SPG - Orders/SPG - Clearing Filter Data" time="62.83" classname="Test Cases/TripFocus/SPG/SPG - Orders/SPG - Clearing Filter Data" status="FAILED">
         <failure type="FAILED" message="Test Cases/TripFocus/SPG/SPG - Orders/SPG - Clearing Filter Data FAILED.&#xa;Reason:&#xa;com.kms.katalon.core.exception.StepFailedException: Unable to verify object 'Object Repository/TripFocus/Orders/Advanced Filters/Clear Filters_btn' is present&#xa;	at com.kms.katalon.core.webui.keyword.internal.WebUIKeywordMain.stepFailed(WebUIKeywordMain.groovy:117)&#xa;	at com.kms.katalon.core.webui.keyword.internal.WebUIKeywordMain.runKeyword(WebUIKeywordMain.groovy:43)&#xa;	at com.kms.katalon.core.webui.keyword.builtin.VerifyElementPresentKeyword.verifyElementPresent(VerifyElementPresentKeyword.groovy:92)&#xa;	at com.kms.katalon.core.webui.keyword.builtin.VerifyElementPresentKeyword.execute(VerifyElementPresentKeyword.groovy:68)&#xa;	at com.kms.katalon.core.keyword.internal.KeywordExecutor.executeKeywordForPlatform(KeywordExecutor.groovy:74)&#xa;	at com.kms.katalon.core.webui.keyword.WebUiBuiltInKeywords.verifyElementPresent(WebUiBuiltInKeywords.groovy:1503)&#xa;	at com.kms.katalon.core.webui.keyword.WebUiBuiltInKeywords$verifyElementPresent$12.call(Unknown Source)&#xa;	at SPG - Clearing Filter Data.run(SPG - Clearing Filter Data:61)&#xa;	at com.kms.katalon.core.main.ScriptEngine.run(ScriptEngine.java:194)&#xa;	at com.kms.katalon.core.main.ScriptEngine.runScriptAsRawText(ScriptEngine.java:119)&#xa;	at com.kms.katalon.core.main.TestCaseExecutor.runScript(TestCaseExecutor.java:448)&#xa;	at com.kms.katalon.core.main.TestCaseExecutor.doExecute(TestCaseExecutor.java:439)&#xa;	at com.kms.katalon.core.main.TestCaseExecutor.processExecutionPhase(TestCaseExecutor.java:418)&#xa;	at com.kms.katalon.core.main.TestCaseExecutor.accessMainPhase(TestCaseExecutor.java:410)&#xa;	at com.kms.katalon.core.main.TestCaseExecutor.execute(TestCaseExecutor.java:285)&#xa;	at com.kms.katalon.core.common.CommonExecutor.accessTestCaseMainPhase(CommonExecutor.java:65)&#xa;	at com.kms.katalon.core.main.TestSuiteExecutor.accessTestSuiteMainPhase(TestSuiteExecutor.java:150)&#xa;	at com.kms.katalon.core.main.TestSuiteExecutor.execute(TestSuiteExecutor.java:106)&#xa;	at com.kms.katalon.core.main.TestCaseMain.startTestSuite(TestCaseMain.java:180)&#xa;	at com.kms.katalon.core.main.TestCaseMain$startTestSuite$0.call(Unknown Source)&#xa;	at TempTestSuite1761139096516.run(TempTestSuite1761139096516.groovy:35)&#xa;	at java.base/jdk.internal.reflect.NativeMethodAccessorImpl.invoke0(Native Method)&#xa;	at java.base/jdk.internal.reflect.NativeMethodAccessorImpl.invoke(NativeMethodAccessorImpl.java:77)&#xa;	at java.base/jdk.internal.reflect.DelegatingMethodAccessorImpl.invoke(DelegatingMethodAccessorImpl.java:43)&#xa;Caused by: com.kms.katalon.core.exception.StepFailedException: com.kms.katalon.core.webui.exception.WebElementNotFoundException: Web element with id: 'Object Repository/TripFocus/Orders/Advanced Filters/Clear Filters_btn' located by '/html/body/div/div[2]/div/main/div/div[2]/div/div[2]/div/div/div[4]/div/button[2]' not found&#xa;	at com.kms.katalon.core.webui.keyword.internal.WebUIKeywordMain.stepFailed(WebUIKeywordMain.groovy:117)&#xa;	at com.kms.katalon.core.webui.keyword.builtin.VerifyElementPresentKeyword$_verifyElementPresent_closure1.doCall(VerifyElementPresentKeyword.groovy:85)&#xa;	at com.kms.katalon.core.webui.keyword.builtin.VerifyElementPresentKeyword$_verifyElementPresent_closure1.call(VerifyElementPresentKeyword.groovy)&#xa;	at com.kms.katalon.core.webui.keyword.internal.WebUIKeywordMain.runKeyword(WebUIKeywordMain.groovy:35)&#xa;	... 22 more&#xa;"/>
         <system-out><![CDATA[22-10-2025T11:11:43 - [TEST_CASE][FAILED] - Test Cases/TripFocus/SPG/SPG - Orders/SPG - Clearing Filter Data: Test Cases/TripFocus/SPG/SPG - Orders/SPG - Clearing Filter Data FAILED.
Reason:
com.kms.katalon.core.exception.StepFailedException: Unable to verify object 'Object Repository/TripFocus/Orders/Advanced Filters/Clear Filters_btn' is present
	at com.kms.katalon.core.webui.keyword.internal.WebUIKeywordMain.stepFailed(WebUIKeywordMain.groovy:117)
	at com.kms.katalon.core.webui.keyword.internal.WebUIKeywordMain.runKeyword(WebUIKeywordMain.groovy:43)
	at com.kms.katalon.core.webui.keyword.builtin.VerifyElementPresentKeyword.verifyElementPresent(VerifyElementPresentKeyword.groovy:92)
	at com.kms.katalon.core.webui.keyword.builtin.VerifyElementPresentKeyword.execute(VerifyElementPresentKeyword.groovy:68)
	at com.kms.katalon.core.keyword.internal.KeywordExecutor.executeKeywordForPlatform(KeywordExecutor.groovy:74)
	at com.kms.katalon.core.webui.keyword.WebUiBuiltInKeywords.verifyElementPresent(WebUiBuiltInKeywords.groovy:1503)
	at com.kms.katalon.core.webui.keyword.WebUiBuiltInKeywords$verifyElementPresent$12.call(Unknown Source)
	at SPG - Clearing Filter Data.run(SPG - Clearing Filter Data:61)
	at com.kms.katalon.core.main.ScriptEngine.run(ScriptEngine.java:194)
	at com.kms.katalon.core.main.ScriptEngine.runScriptAsRawText(ScriptEngine.java:119)
	at com.kms.katalon.core.main.TestCaseExecutor.runScript(TestCaseExecutor.java:448)
	at com.kms.katalon.core.main.TestCaseExecutor.doExecute(TestCaseExecutor.java:439)
	at com.kms.katalon.core.main.TestCaseExecutor.processExecutionPhase(TestCaseExecutor.java:418)
	at com.kms.katalon.core.main.TestCaseExecutor.accessMainPhase(TestCaseExecutor.java:410)
	at com.kms.katalon.core.main.TestCaseExecutor.execute(TestCaseExecutor.java:285)
	at com.kms.katalon.core.common.CommonExecutor.accessTestCaseMainPhase(CommonExecutor.java:65)
	at com.kms.katalon.core.main.TestSuiteExecutor.accessTestSuiteMainPhase(TestSuiteExecutor.java:150)
	at com.kms.katalon.core.main.TestSuiteExecutor.execute(TestSuiteExecutor.java:106)
	at com.kms.katalon.core.main.TestCaseMain.startTestSuite(TestCaseMain.java:180)
	at com.kms.katalon.core.main.TestCaseMain$startTestSuite$0.call(Unknown Source)
	at TempTestSuite1761139096516.run(TempTestSuite1761139096516.groovy:35)
	at java.base/jdk.internal.reflect.NativeMethodAccessorImpl.invoke0(Native Method)
	at java.base/jdk.internal.reflect.NativeMethodAccessorImpl.invoke(NativeMethodAccessorImpl.java:77)
	at java.base/jdk.internal.reflect.DelegatingMethodAccessorImpl.invoke(DelegatingMethodAccessorImpl.java:43)
Caused by: com.kms.katalon.core.exception.StepFailedException: com.kms.katalon.core.webui.exception.WebElementNotFoundException: Web element with id: 'Object Repository/TripFocus/Orders/Advanced Filters/Clear Filters_btn' located by '/html/body/div/div[2]/div/main/div/div[2]/div/div[2]/div/div/div[4]/div/button[2]' not found
	at com.kms.katalon.core.webui.keyword.internal.WebUIKeywordMain.stepFailed(WebUIKeywordMain.groovy:117)
	at com.kms.katalon.core.webui.keyword.builtin.VerifyElementPresentKeyword$_verifyElementPresent_closure1.doCall(VerifyElementPresentKeyword.groovy:85)
	at com.kms.katalon.core.webui.keyword.builtin.VerifyElementPresentKeyword$_verifyElementPresent_closure1.call(VerifyElementPresentKeyword.groovy)
	at com.kms.katalon.core.webui.keyword.internal.WebUIKeywordMain.runKeyword(WebUIKeywordMain.groovy:35)
	... 22 more


22-10-2025T11:11:43 - [TEST_STEP][PASSED] - Start listener action : beforeTestCase: null

22-10-2025T11:11:43 - [TEST_STEP][PASSED] - addDefaultPackages(): null

22-10-2025T11:11:43 - [TEST_STEP][PASSED] - openBrowser(""): Browser is opened with url: ''

22-10-2025T11:11:43 - [MESSAGE][INFO] - Starting 'Chrome' driver

22-10-2025T11:11:43 - [MESSAGE][INFO] - User set preference: ['args', '[--no-sandbox, --disable-gpu, --disable-dev-shm-usage]']

22-10-2025T11:11:43 - [MESSAGE][INFO] - Action delay is set to 0 milliseconds

22-10-2025T11:11:44 - [MESSAGE][PASSED] - Browser is opened with url: ''

22-10-2025T11:11:44 - [TEST_STEP][PASSED] - navigateToUrl(TFBaseURL): Navigate to 'https://www.qa.tripfocus.com' successfully

22-10-2025T11:11:44 - [MESSAGE][PASSED] - Navigate to 'https://www.qa.tripfocus.com' successfully

22-10-2025T11:11:44 - [TEST_STEP][PASSED] - click(findTestObject("Object Repository/TripFocus/Page_TripFocus/button_Sign in")): Object: 'Object Repository/TripFocus/Page_TripFocus/button_Sign in' is clicked on

22-10-2025T11:11:45 - [MESSAGE][PASSED] - Object: 'Object Repository/TripFocus/Page_TripFocus/button_Sign in' is clicked on

22-10-2025T11:11:45 - [TEST_STEP][PASSED] - setText(findTestObject("Object Repository/TripFocus/Page_TripFocus/input_Username (e.g. email address)_Username"), TripFocusBleachTechSPGUsername): Text 'Ashford.Chenault+BleachtechCustomerSPGONLY@thekag.com' is set on object 'Object Repository/TripFocus/Page_TripFocus/input_Username (e.g. email address)_Username'

22-10-2025T11:11:45 - [MESSAGE][PASSED] - Text 'Ashford.Chenault+BleachtechCustomerSPGONLY@thekag.com' is set on object 'Object Repository/TripFocus/Page_TripFocus/input_Username (e.g. email address)_Username'

22-10-2025T11:11:45 - [TEST_STEP][PASSED] - setText(findTestObject("Object Repository/TripFocus/Page_TripFocus/input_Password_Password"), TripFocusFDGSPGPassword): Text 'CrashBan911!!' is set on object 'Object Repository/TripFocus/Page_TripFocus/input_Password_Password'

22-10-2025T11:11:45 - [MESSAGE][PASSED] - Text 'CrashBan911!!' is set on object 'Object Repository/TripFocus/Page_TripFocus/input_Password_Password'

22-10-2025T11:11:45 - [TEST_STEP][PASSED] - click(findTestObject("Object Repository/TripFocus/Page_TripFocus/button_Login")): Object: 'Object Repository/TripFocus/Page_TripFocus/button_Login' is clicked on

22-10-2025T11:11:46 - [MESSAGE][PASSED] - Object: 'Object Repository/TripFocus/Page_TripFocus/button_Login' is clicked on

22-10-2025T11:11:46 - [TEST_STEP][PASSED] - maximizeWindow(): Current window maximized

22-10-2025T11:11:46 - [MESSAGE][PASSED] - Current window maximized

22-10-2025T11:11:46 - [TEST_STEP][PASSED] - waitForElementVisible(findTestObject("TripFocus/Testing_Notification_btn"), 15, OPTIONAL): Web element with id: 'Object Repository/TripFocus/Testing_Notification_btn' located by '//*[@id="__BVID__10___BV_modal_footer_"]/button' not found

22-10-2025T11:12:02 - [MESSAGE][INFO] - Unable to find the element located by 'By.xpath: //*[@id="__BVID__10___BV_modal_footer_"]/button'. Please recheck the objects properties to make sure the desired element is located. 

22-10-2025T11:12:02 - [MESSAGE][WARNING] - [SELF-HEALING] Failed to find element with id 'Object Repository/TripFocus/Testing_Notification_btn'. Try using Self-healing.

22-10-2025T11:12:03 - [MESSAGE][INFO] - [SELF-HEALING] No working XPath is found.

22-10-2025T11:12:05 - [MESSAGE][INFO] - Unable to find the element located by 'By.xpath: '. Please recheck the objects properties to make sure the desired element is located. 

22-10-2025T11:12:05 - [MESSAGE][WARNING] - [SELF-HEALING] Cannot find elements when the selector is null

22-10-2025T11:12:05 - [MESSAGE][WARNING] - Web element with id: 'Object Repository/TripFocus/Testing_Notification_btn' located by '//*[@id="__BVID__10___BV_modal_footer_"]/button' not found

22-10-2025T11:12:05 - [TEST_STEP][PASSED] - if (verifyElementVisible(findTestObject("TripFocus/Testing_Notification_btn"), OPTIONAL) == true): Web element with id: 'Object Repository/TripFocus/Testing_Notification_btn' located by '//*[@id="__BVID__10___BV_modal_footer_"]/button' not found (Root cause: com.kms.katalon.core.exception.StepFailedException: Web element with id: 'Object Repository/TripFocus/Testing_Notification_btn' located by '//*[@id="__BVID__10___BV_modal_footer_"]/button' not found
	at com.kms.katalon.core.webui.keyword.internal.WebUIKeywordMain.stepFailed(WebUIKeywordMain.groovy:117)
	at com.kms.katalon.core.webui.keyword.builtin.VerifyElementVisibleKeyword$_verifyElementVisible_closure1.doCall(VerifyElementVisibleKeyword.groovy:89)
	at com.kms.katalon.core.webui.keyword.builtin.VerifyElementVisibleKeyword$_verifyElementVisible_closure1.call(VerifyElementVisibleKeyword.groovy)
	at com.kms.katalon.core.webui.keyword.internal.WebUIKeywordMain.runKeyword(WebUIKeywordMain.groovy:35)
	at com.kms.katalon.core.webui.keyword.builtin.VerifyElementVisibleKeyword.verifyElementVisible(VerifyElementVisibleKeyword.groovy:97)
	at com.kms.katalon.core.webui.keyword.builtin.VerifyElementVisibleKeyword.execute(VerifyElementVisibleKeyword.groovy:67)
	at com.kms.katalon.core.keyword.internal.KeywordExecutor.executeKeywordForPlatform(KeywordExecutor.groovy:74)
	at com.kms.katalon.core.webui.keyword.WebUiBuiltInKeywords.verifyElementVisible(WebUiBuiltInKeywords.groovy:401)
	at com.kms.katalon.core.webui.keyword.WebUiBuiltInKeywords$verifyElementVisible$5.call(Unknown Source)
	at SPG - Clearing Filter Data.run(SPG - Clearing Filter Data:38)
	at com.kms.katalon.core.main.ScriptEngine.run(ScriptEngine.java:194)
	at com.kms.katalon.core.main.ScriptEngine.runScriptAsRawText(ScriptEngine.java:119)
	at com.kms.katalon.core.main.TestCaseExecutor.runScript(TestCaseExecutor.java:448)
	at com.kms.katalon.core.main.TestCaseExecutor.doExecute(TestCaseExecutor.java:439)
	at com.kms.katalon.core.main.TestCaseExecutor.processExecutionPhase(TestCaseExecutor.java:418)
	at com.kms.katalon.core.main.TestCaseExecutor.accessMainPhase(TestCaseExecutor.java:410)
	at com.kms.katalon.core.main.TestCaseExecutor.execute(TestCaseExecutor.java:285)
	at com.kms.katalon.core.common.CommonExecutor.accessTestCaseMainPhase(CommonExecutor.java:65)
	at com.kms.katalon.core.main.TestSuiteExecutor.accessTestSuiteMainPhase(TestSuiteExecutor.java:150)
	at com.kms.katalon.core.main.TestSuiteExecutor.execute(TestSuiteExecutor.java:106)
	at com.kms.katalon.core.main.TestCaseMain.startTestSuite(TestCaseMain.java:180)
	at com.kms.katalon.core.main.TestCaseMain$startTestSuite$0.call(Unknown Source)
	at TempTestSuite1761139096516.run(TempTestSuite1761139096516.groovy:35)
	at java.base/jdk.internal.reflect.NativeMethodAccessorImpl.invoke0(Native Method)
	at java.base/jdk.internal.reflect.NativeMethodAccessorImpl.invoke(NativeMethodAccessorImpl.java:77)
	at java.base/jdk.internal.reflect.DelegatingMethodAccessorImpl.invoke(DelegatingMethodAccessorImpl.java:43)
)

22-10-2025T11:12:21 - [MESSAGE][INFO] - Unable to find the element located by 'By.xpath: //*[@id="__BVID__10___BV_modal_footer_"]/button'. Please recheck the objects properties to make sure the desired element is located. 

22-10-2025T11:12:21 - [MESSAGE][WARNING] - [SELF-HEALING] Failed to find element with id 'Object Repository/TripFocus/Testing_Notification_btn'. Try using Self-healing.

22-10-2025T11:12:22 - [MESSAGE][INFO] - [SELF-HEALING] No working XPath is found.

22-10-2025T11:12:24 - [MESSAGE][INFO] - Unable to find the element located by 'By.xpath: '. Please recheck the objects properties to make sure the desired element is located. 

22-10-2025T11:12:24 - [MESSAGE][WARNING] - [SELF-HEALING] Cannot find elements when the selector is null

22-10-2025T11:12:24 - [MESSAGE][WARNING] - Web element with id: 'Object Repository/TripFocus/Testing_Notification_btn' located by '//*[@id="__BVID__10___BV_modal_footer_"]/button' not found (Root cause: com.kms.katalon.core.exception.StepFailedException: Web element with id: 'Object Repository/TripFocus/Testing_Notification_btn' located by '//*[@id="__BVID__10___BV_modal_footer_"]/button' not found
	at com.kms.katalon.core.webui.keyword.internal.WebUIKeywordMain.stepFailed(WebUIKeywordMain.groovy:117)
	at com.kms.katalon.core.webui.keyword.builtin.VerifyElementVisibleKeyword$_verifyElementVisible_closure1.doCall(VerifyElementVisibleKeyword.groovy:89)
	at com.kms.katalon.core.webui.keyword.builtin.VerifyElementVisibleKeyword$_verifyElementVisible_closure1.call(VerifyElementVisibleKeyword.groovy)
	at com.kms.katalon.core.webui.keyword.internal.WebUIKeywordMain.runKeyword(WebUIKeywordMain.groovy:35)
	at com.kms.katalon.core.webui.keyword.builtin.VerifyElementVisibleKeyword.verifyElementVisible(VerifyElementVisibleKeyword.groovy:97)
	at com.kms.katalon.core.webui.keyword.builtin.VerifyElementVisibleKeyword.execute(VerifyElementVisibleKeyword.groovy:67)
	at com.kms.katalon.core.keyword.internal.KeywordExecutor.executeKeywordForPlatform(KeywordExecutor.groovy:74)
	at com.kms.katalon.core.webui.keyword.WebUiBuiltInKeywords.verifyElementVisible(WebUiBuiltInKeywords.groovy:401)
	at com.kms.katalon.core.webui.keyword.WebUiBuiltInKeywords$verifyElementVisible$5.call(Unknown Source)
	at SPG - Clearing Filter Data.run(SPG - Clearing Filter Data:38)
	at com.kms.katalon.core.main.ScriptEngine.run(ScriptEngine.java:194)
	at com.kms.katalon.core.main.ScriptEngine.runScriptAsRawText(ScriptEngine.java:119)
	at com.kms.katalon.core.main.TestCaseExecutor.runScript(TestCaseExecutor.java:448)
	at com.kms.katalon.core.main.TestCaseExecutor.doExecute(TestCaseExecutor.java:439)
	at com.kms.katalon.core.main.TestCaseExecutor.processExecutionPhase(TestCaseExecutor.java:418)
	at com.kms.katalon.core.main.TestCaseExecutor.accessMainPhase(TestCaseExecutor.java:410)
	at com.kms.katalon.core.main.TestCaseExecutor.execute(TestCaseExecutor.java:285)
	at com.kms.katalon.core.common.CommonExecutor.accessTestCaseMainPhase(CommonExecutor.java:65)
	at com.kms.katalon.core.main.TestSuiteExecutor.accessTestSuiteMainPhase(TestSuiteExecutor.java:150)
	at com.kms.katalon.core.main.TestSuiteExecutor.execute(TestSuiteExecutor.java:106)
	at com.kms.katalon.core.main.TestCaseMain.startTestSuite(TestCaseMain.java:180)
	at com.kms.katalon.core.main.TestCaseMain$startTestSuite$0.call(Unknown Source)
	at TempTestSuite1761139096516.run(TempTestSuite1761139096516.groovy:35)
	at java.base/jdk.internal.reflect.NativeMethodAccessorImpl.invoke0(Native Method)
	at java.base/jdk.internal.reflect.NativeMethodAccessorImpl.invoke(NativeMethodAccessorImpl.java:77)
	at java.base/jdk.internal.reflect.DelegatingMethodAccessorImpl.invoke(DelegatingMethodAccessorImpl.java:43)
)

22-10-2025T11:12:24 - [TEST_STEP][PASSED] - click(findTestObject("TripFocus/SSO/SSO Orders Tab")): Object: 'Object Repository/TripFocus/SSO/SSO Orders Tab' is clicked on

22-10-2025T11:12:24 - [MESSAGE][PASSED] - Object: 'Object Repository/TripFocus/SSO/SSO Orders Tab' is clicked on

22-10-2025T11:12:24 - [TEST_STEP][PASSED] - delay(5): Delayed 5 second(s)

22-10-2025T11:12:29 - [MESSAGE][PASSED] - Delayed 5 second(s)

22-10-2025T11:12:29 - [TEST_STEP][PASSED] - waitForElementClickable(findTestObject("TripFocus/Orders/Advanced Filters_btn"), 30): Object 'Object Repository/TripFocus/Orders/Advanced Filters_btn' is clickable

22-10-2025T11:12:29 - [MESSAGE][PASSED] - Object 'Object Repository/TripFocus/Orders/Advanced Filters_btn' is clickable

22-10-2025T11:12:29 - [TEST_STEP][PASSED] - delay(1): Delayed 1 second(s)

22-10-2025T11:12:30 - [MESSAGE][PASSED] - Delayed 1 second(s)

22-10-2025T11:12:30 - [TEST_STEP][PASSED] - click(findTestObject("TripFocus/Orders/Advanced Filters_btn")): Object: 'Object Repository/TripFocus/Orders/Advanced Filters_btn' is clicked on

22-10-2025T11:12:30 - [MESSAGE][PASSED] - Object: 'Object Repository/TripFocus/Orders/Advanced Filters_btn' is clicked on

22-10-2025T11:12:30 - [TEST_STEP][PASSED] - delay(2): Delayed 2 second(s)

22-10-2025T11:12:32 - [MESSAGE][PASSED] - Delayed 2 second(s)

22-10-2025T11:12:32 - [TEST_STEP][PASSED] - setText(findTestObject("Object Repository/TripFocus/Page_TripFocus/textarea_OrderReference Number_txtOrderRefe_fbfcbd"), "47192462"): Text '47192462' is set on object 'Object Repository/TripFocus/Page_TripFocus/textarea_OrderReference Number_txtOrderRefe_fbfcbd'

22-10-2025T11:12:33 - [MESSAGE][PASSED] - Text '47192462' is set on object 'Object Repository/TripFocus/Page_TripFocus/textarea_OrderReference Number_txtOrderRefe_fbfcbd'

22-10-2025T11:12:33 - [TEST_STEP][PASSED] - delay(2): Delayed 2 second(s)

22-10-2025T11:12:35 - [MESSAGE][PASSED] - Delayed 2 second(s)

22-10-2025T11:12:35 - [TEST_STEP][FAILED] - verifyElementPresent(findTestObject("TripFocus/Orders/Advanced Filters/Clear Filters_btn"), 10): Unable to verify object 'Object Repository/TripFocus/Orders/Advanced Filters/Clear Filters_btn' is present (Root cause: com.kms.katalon.core.exception.StepFailedException: Unable to verify object 'Object Repository/TripFocus/Orders/Advanced Filters/Clear Filters_btn' is present
	at com.kms.katalon.core.webui.keyword.internal.WebUIKeywordMain.stepFailed(WebUIKeywordMain.groovy:117)
	at com.kms.katalon.core.webui.keyword.internal.WebUIKeywordMain.runKeyword(WebUIKeywordMain.groovy:43)
	at com.kms.katalon.core.webui.keyword.builtin.VerifyElementPresentKeyword.verifyElementPresent(VerifyElementPresentKeyword.groovy:92)
	at com.kms.katalon.core.webui.keyword.builtin.VerifyElementPresentKeyword.execute(VerifyElementPresentKeyword.groovy:68)
	at com.kms.katalon.core.keyword.internal.KeywordExecutor.executeKeywordForPlatform(KeywordExecutor.groovy:74)
	at com.kms.katalon.core.webui.keyword.WebUiBuiltInKeywords.verifyElementPresent(WebUiBuiltInKeywords.groovy:1503)
	at com.kms.katalon.core.webui.keyword.WebUiBuiltInKeywords$verifyElementPresent$12.call(Unknown Source)
	at SPG - Clearing Filter Data.run(SPG - Clearing Filter Data:61)
	at com.kms.katalon.core.main.ScriptEngine.run(ScriptEngine.java:194)
	at com.kms.katalon.core.main.ScriptEngine.runScriptAsRawText(ScriptEngine.java:119)
	at com.kms.katalon.core.main.TestCaseExecutor.runScript(TestCaseExecutor.java:448)
	at com.kms.katalon.core.main.TestCaseExecutor.doExecute(TestCaseExecutor.java:439)
	at com.kms.katalon.core.main.TestCaseExecutor.processExecutionPhase(TestCaseExecutor.java:418)
	at com.kms.katalon.core.main.TestCaseExecutor.accessMainPhase(TestCaseExecutor.java:410)
	at com.kms.katalon.core.main.TestCaseExecutor.execute(TestCaseExecutor.java:285)
	at com.kms.katalon.core.common.CommonExecutor.accessTestCaseMainPhase(CommonExecutor.java:65)
	at com.kms.katalon.core.main.TestSuiteExecutor.accessTestSuiteMainPhase(TestSuiteExecutor.java:150)
	at com.kms.katalon.core.main.TestSuiteExecutor.execute(TestSuiteExecutor.java:106)
	at com.kms.katalon.core.main.TestCaseMain.startTestSuite(TestCaseMain.java:180)
	at com.kms.katalon.core.main.TestCaseMain$startTestSuite$0.call(Unknown Source)
	at TempTestSuite1761139096516.run(TempTestSuite1761139096516.groovy:35)
	at java.base/jdk.internal.reflect.NativeMethodAccessorImpl.invoke0(Native Method)
	at java.base/jdk.internal.reflect.NativeMethodAccessorImpl.invoke(NativeMethodAccessorImpl.java:77)
	at java.base/jdk.internal.reflect.DelegatingMethodAccessorImpl.invoke(DelegatingMethodAccessorImpl.java:43)
Caused by: com.kms.katalon.core.exception.StepFailedException: com.kms.katalon.core.webui.exception.WebElementNotFoundException: Web element with id: 'Object Repository/TripFocus/Orders/Advanced Filters/Clear Filters_btn' located by '/html/body/div/div[2]/div/main/div/div[2]/div/div[2]/div/div/div[4]/div/button[2]' not found
	at com.kms.katalon.core.webui.keyword.internal.WebUIKeywordMain.stepFailed(WebUIKeywordMain.groovy:117)
	at com.kms.katalon.core.webui.keyword.builtin.VerifyElementPresentKeyword$_verifyElementPresent_closure1.doCall(VerifyElementPresentKeyword.groovy:85)
	at com.kms.katalon.core.webui.keyword.builtin.VerifyElementPresentKeyword$_verifyElementPresent_closure1.call(VerifyElementPresentKeyword.groovy)
	at com.kms.katalon.core.webui.keyword.internal.WebUIKeywordMain.runKeyword(WebUIKeywordMain.groovy:35)
	... 22 more
)

22-10-2025T11:12:46 - [MESSAGE][INFO] - Unable to find the element located by 'By.xpath: /html/body/div/div[2]/div/main/div/div[2]/div/div[2]/div/div/div[4]/div/button[2]'. Please recheck the objects properties to make sure the desired element is located. 

22-10-2025T11:12:46 - [MESSAGE][FAILED] - com.kms.katalon.core.webui.exception.WebElementNotFoundException: Web element with id: 'Object Repository/TripFocus/Orders/Advanced Filters/Clear Filters_btn' located by '/html/body/div/div[2]/div/main/div/div[2]/div/div[2]/div/div/div[4]/div/button[2]' not found (Root cause: com.kms.katalon.core.exception.StepFailedException: com.kms.katalon.core.webui.exception.WebElementNotFoundException: Web element with id: 'Object Repository/TripFocus/Orders/Advanced Filters/Clear Filters_btn' located by '/html/body/div/div[2]/div/main/div/div[2]/div/div[2]/div/div/div[4]/div/button[2]' not found
	at com.kms.katalon.core.webui.keyword.internal.WebUIKeywordMain.stepFailed(WebUIKeywordMain.groovy:117)
	at com.kms.katalon.core.webui.keyword.builtin.VerifyElementPresentKeyword$_verifyElementPresent_closure1.doCall(VerifyElementPresentKeyword.groovy:85)
	at com.kms.katalon.core.webui.keyword.builtin.VerifyElementPresentKeyword$_verifyElementPresent_closure1.call(VerifyElementPresentKeyword.groovy)
	at com.kms.katalon.core.webui.keyword.internal.WebUIKeywordMain.runKeyword(WebUIKeywordMain.groovy:35)
	at com.kms.katalon.core.webui.keyword.builtin.VerifyElementPresentKeyword.verifyElementPresent(VerifyElementPresentKeyword.groovy:92)
	at com.kms.katalon.core.webui.keyword.builtin.VerifyElementPresentKeyword.execute(VerifyElementPresentKeyword.groovy:68)
	at com.kms.katalon.core.keyword.internal.KeywordExecutor.executeKeywordForPlatform(KeywordExecutor.groovy:74)
	at com.kms.katalon.core.webui.keyword.WebUiBuiltInKeywords.verifyElementPresent(WebUiBuiltInKeywords.groovy:1503)
	at com.kms.katalon.core.webui.keyword.WebUiBuiltInKeywords$verifyElementPresent$12.call(Unknown Source)
	at SPG - Clearing Filter Data.run(SPG - Clearing Filter Data:61)
	at com.kms.katalon.core.main.ScriptEngine.run(ScriptEngine.java:194)
	at com.kms.katalon.core.main.ScriptEngine.runScriptAsRawText(ScriptEngine.java:119)
	at com.kms.katalon.core.main.TestCaseExecutor.runScript(TestCaseExecutor.java:448)
	at com.kms.katalon.core.main.TestCaseExecutor.doExecute(TestCaseExecutor.java:439)
	at com.kms.katalon.core.main.TestCaseExecutor.processExecutionPhase(TestCaseExecutor.java:418)
	at com.kms.katalon.core.main.TestCaseExecutor.accessMainPhase(TestCaseExecutor.java:410)
	at com.kms.katalon.core.main.TestCaseExecutor.execute(TestCaseExecutor.java:285)
	at com.kms.katalon.core.common.CommonExecutor.accessTestCaseMainPhase(CommonExecutor.java:65)
	at com.kms.katalon.core.main.TestSuiteExecutor.accessTestSuiteMainPhase(TestSuiteExecutor.java:150)
	at com.kms.katalon.core.main.TestSuiteExecutor.execute(TestSuiteExecutor.java:106)
	at com.kms.katalon.core.main.TestCaseMain.startTestSuite(TestCaseMain.java:180)
	at com.kms.katalon.core.main.TestCaseMain$startTestSuite$0.call(Unknown Source)
	at TempTestSuite1761139096516.run(TempTestSuite1761139096516.groovy:35)
	at java.base/jdk.internal.reflect.NativeMethodAccessorImpl.invoke0(Native Method)
	at java.base/jdk.internal.reflect.NativeMethodAccessorImpl.invoke(NativeMethodAccessorImpl.java:77)
	at java.base/jdk.internal.reflect.DelegatingMethodAccessorImpl.invoke(DelegatingMethodAccessorImpl.java:43)
)

22-10-2025T11:12:46 - [MESSAGE][FAILED] - Unable to verify object 'Object Repository/TripFocus/Orders/Advanced Filters/Clear Filters_btn' is present (Root cause: com.kms.katalon.core.exception.StepFailedException: Unable to verify object 'Object Repository/TripFocus/Orders/Advanced Filters/Clear Filters_btn' is present
	at com.kms.katalon.core.webui.keyword.internal.WebUIKeywordMain.stepFailed(WebUIKeywordMain.groovy:117)
	at com.kms.katalon.core.webui.keyword.internal.WebUIKeywordMain.runKeyword(WebUIKeywordMain.groovy:43)
	at com.kms.katalon.core.webui.keyword.builtin.VerifyElementPresentKeyword.verifyElementPresent(VerifyElementPresentKeyword.groovy:92)
	at com.kms.katalon.core.webui.keyword.builtin.VerifyElementPresentKeyword.execute(VerifyElementPresentKeyword.groovy:68)
	at com.kms.katalon.core.keyword.internal.KeywordExecutor.executeKeywordForPlatform(KeywordExecutor.groovy:74)
	at com.kms.katalon.core.webui.keyword.WebUiBuiltInKeywords.verifyElementPresent(WebUiBuiltInKeywords.groovy:1503)
	at com.kms.katalon.core.webui.keyword.WebUiBuiltInKeywords$verifyElementPresent$12.call(Unknown Source)
	at SPG - Clearing Filter Data.run(SPG - Clearing Filter Data:61)
	at com.kms.katalon.core.main.ScriptEngine.run(ScriptEngine.java:194)
	at com.kms.katalon.core.main.ScriptEngine.runScriptAsRawText(ScriptEngine.java:119)
	at com.kms.katalon.core.main.TestCaseExecutor.runScript(TestCaseExecutor.java:448)
	at com.kms.katalon.core.main.TestCaseExecutor.doExecute(TestCaseExecutor.java:439)
	at com.kms.katalon.core.main.TestCaseExecutor.processExecutionPhase(TestCaseExecutor.java:418)
	at com.kms.katalon.core.main.TestCaseExecutor.accessMainPhase(TestCaseExecutor.java:410)
	at com.kms.katalon.core.main.TestCaseExecutor.execute(TestCaseExecutor.java:285)
	at com.kms.katalon.core.common.CommonExecutor.accessTestCaseMainPhase(CommonExecutor.java:65)
	at com.kms.katalon.core.main.TestSuiteExecutor.accessTestSuiteMainPhase(TestSuiteExecutor.java:150)
	at com.kms.katalon.core.main.TestSuiteExecutor.execute(TestSuiteExecutor.java:106)
	at com.kms.katalon.core.main.TestCaseMain.startTestSuite(TestCaseMain.java:180)
	at com.kms.katalon.core.main.TestCaseMain$startTestSuite$0.call(Unknown Source)
	at TempTestSuite1761139096516.run(TempTestSuite1761139096516.groovy:35)
	at java.base/jdk.internal.reflect.NativeMethodAccessorImpl.invoke0(Native Method)
	at java.base/jdk.internal.reflect.NativeMethodAccessorImpl.invoke(NativeMethodAccessorImpl.java:77)
	at java.base/jdk.internal.reflect.DelegatingMethodAccessorImpl.invoke(DelegatingMethodAccessorImpl.java:43)
Caused by: com.kms.katalon.core.exception.StepFailedException: com.kms.katalon.core.webui.exception.WebElementNotFoundException: Web element with id: 'Object Repository/TripFocus/Orders/Advanced Filters/Clear Filters_btn' located by '/html/body/div/div[2]/div/main/div/div[2]/div/div[2]/div/div/div[4]/div/button[2]' not found
	at com.kms.katalon.core.webui.keyword.internal.WebUIKeywordMain.stepFailed(WebUIKeywordMain.groovy:117)
	at com.kms.katalon.core.webui.keyword.builtin.VerifyElementPresentKeyword$_verifyElementPresent_closure1.doCall(VerifyElementPresentKeyword.groovy:85)
	at com.kms.katalon.core.webui.keyword.builtin.VerifyElementPresentKeyword$_verifyElementPresent_closure1.call(VerifyElementPresentKeyword.groovy)
	at com.kms.katalon.core.webui.keyword.internal.WebUIKeywordMain.runKeyword(WebUIKeywordMain.groovy:35)
	... 22 more
)

22-10-2025T11:12:46 - [TEST_STEP][PASSED] - Start listener action : retryOnDisconnect: Current window's url is: 'https://www.qa.tripfocus.com/order-tenders'

22-10-2025T11:12:46 - [TEST_STEP][PASSED] - tcId = testCaseContext.getTestCaseId(): null

22-10-2025T11:12:46 - [TEST_STEP][PASSED] - currentRetry = retryCounts.getOrDefault(tcId, 0): null

22-10-2025T11:12:46 - [TEST_STEP][PASSED] - if (testCaseContext.getTestCaseStatus() == "FAILED" && currentRetry < MAX_RETRIES): Current window's url is: 'https://www.qa.tripfocus.com/order-tenders'

22-10-2025T11:12:46 - [TEST_STEP][PASSED] - try: Current window's url is: 'https://www.qa.tripfocus.com/order-tenders'

22-10-2025T11:12:46 - [TEST_STEP][PASSED] - comment(Checking for WebDriver disconnect for test case: $tcId): Checking for WebDriver disconnect for test case: Test Cases/TripFocus/SPG/SPG - Orders/SPG - Clearing Filter Data

22-10-2025T11:12:46 - [MESSAGE][INFO] - Checking for WebDriver disconnect for test case: Test Cases/TripFocus/SPG/SPG - Orders/SPG - Clearing Filter Data

22-10-2025T11:12:46 - [TEST_STEP][PASSED] - getUrl(): Current window's url is: 'https://www.qa.tripfocus.com/order-tenders'

22-10-2025T11:12:46 - [MESSAGE][PASSED] - Current window's url is: 'https://www.qa.tripfocus.com/order-tenders']]></system-out>
         <system-err><![CDATA[22-10-2025T11:11:43 - [TEST_CASE][FAILED] - Test Cases/TripFocus/SPG/SPG - Orders/SPG - Clearing Filter Data: Test Cases/TripFocus/SPG/SPG - Orders/SPG - Clearing Filter Data FAILED.
Reason:
com.kms.katalon.core.exception.StepFailedException: Unable to verify object 'Object Repository/TripFocus/Orders/Advanced Filters/Clear Filters_btn' is present
	at com.kms.katalon.core.webui.keyword.internal.WebUIKeywordMain.stepFailed(WebUIKeywordMain.groovy:117)
	at com.kms.katalon.core.webui.keyword.internal.WebUIKeywordMain.runKeyword(WebUIKeywordMain.groovy:43)
	at com.kms.katalon.core.webui.keyword.builtin.VerifyElementPresentKeyword.verifyElementPresent(VerifyElementPresentKeyword.groovy:92)
	at com.kms.katalon.core.webui.keyword.builtin.VerifyElementPresentKeyword.execute(VerifyElementPresentKeyword.groovy:68)
	at com.kms.katalon.core.keyword.internal.KeywordExecutor.executeKeywordForPlatform(KeywordExecutor.groovy:74)
	at com.kms.katalon.core.webui.keyword.WebUiBuiltInKeywords.verifyElementPresent(WebUiBuiltInKeywords.groovy:1503)
	at com.kms.katalon.core.webui.keyword.WebUiBuiltInKeywords$verifyElementPresent$12.call(Unknown Source)
	at SPG - Clearing Filter Data.run(SPG - Clearing Filter Data:61)
	at com.kms.katalon.core.main.ScriptEngine.run(ScriptEngine.java:194)
	at com.kms.katalon.core.main.ScriptEngine.runScriptAsRawText(ScriptEngine.java:119)
	at com.kms.katalon.core.main.TestCaseExecutor.runScript(TestCaseExecutor.java:448)
	at com.kms.katalon.core.main.TestCaseExecutor.doExecute(TestCaseExecutor.java:439)
	at com.kms.katalon.core.main.TestCaseExecutor.processExecutionPhase(TestCaseExecutor.java:418)
	at com.kms.katalon.core.main.TestCaseExecutor.accessMainPhase(TestCaseExecutor.java:410)
	at com.kms.katalon.core.main.TestCaseExecutor.execute(TestCaseExecutor.java:285)
	at com.kms.katalon.core.common.CommonExecutor.accessTestCaseMainPhase(CommonExecutor.java:65)
	at com.kms.katalon.core.main.TestSuiteExecutor.accessTestSuiteMainPhase(TestSuiteExecutor.java:150)
	at com.kms.katalon.core.main.TestSuiteExecutor.execute(TestSuiteExecutor.java:106)
	at com.kms.katalon.core.main.TestCaseMain.startTestSuite(TestCaseMain.java:180)
	at com.kms.katalon.core.main.TestCaseMain$startTestSuite$0.call(Unknown Source)
	at TempTestSuite1761139096516.run(TempTestSuite1761139096516.groovy:35)
	at java.base/jdk.internal.reflect.NativeMethodAccessorImpl.invoke0(Native Method)
	at java.base/jdk.internal.reflect.NativeMethodAccessorImpl.invoke(NativeMethodAccessorImpl.java:77)
	at java.base/jdk.internal.reflect.DelegatingMethodAccessorImpl.invoke(DelegatingMethodAccessorImpl.java:43)
Caused by: com.kms.katalon.core.exception.StepFailedException: com.kms.katalon.core.webui.exception.WebElementNotFoundException: Web element with id: 'Object Repository/TripFocus/Orders/Advanced Filters/Clear Filters_btn' located by '/html/body/div/div[2]/div/main/div/div[2]/div/div[2]/div/div/div[4]/div/button[2]' not found
	at com.kms.katalon.core.webui.keyword.internal.WebUIKeywordMain.stepFailed(WebUIKeywordMain.groovy:117)
	at com.kms.katalon.core.webui.keyword.builtin.VerifyElementPresentKeyword$_verifyElementPresent_closure1.doCall(VerifyElementPresentKeyword.groovy:85)
	at com.kms.katalon.core.webui.keyword.builtin.VerifyElementPresentKeyword$_verifyElementPresent_closure1.call(VerifyElementPresentKeyword.groovy)
	at com.kms.katalon.core.webui.keyword.internal.WebUIKeywordMain.runKeyword(WebUIKeywordMain.groovy:35)
	... 22 more]]></system-err>
      </testcase>
      <testcase name="Test Cases/TripFocus/SPG/SPG - Orders/SPG - Creating New Order" time="160.173" classname="Test Cases/TripFocus/SPG/SPG - Orders/SPG - Creating New Order" status="FAILED">
         <failure type="FAILED" message="Test Cases/TripFocus/SPG/SPG - Orders/SPG - Creating New Order FAILED.&#xa;Reason:&#xa;com.kms.katalon.core.exception.StepFailedException: Unable to click on object 'Object Repository/TripFocus/Orders/Create New Order/Add Products/Close_btn'&#xa;	at com.kms.katalon.core.webui.keyword.internal.WebUIKeywordMain.stepFailed(WebUIKeywordMain.groovy:117)&#xa;	at com.kms.katalon.core.webui.keyword.internal.WebUIKeywordMain.runKeyword(WebUIKeywordMain.groovy:43)&#xa;	at com.kms.katalon.core.webui.keyword.builtin.ClickKeyword.click(ClickKeyword.groovy:74)&#xa;	at com.kms.katalon.core.webui.keyword.builtin.ClickKeyword.execute(ClickKeyword.groovy:40)&#xa;	at com.kms.katalon.core.keyword.internal.KeywordExecutor.executeKeywordForPlatform(KeywordExecutor.groovy:74)&#xa;	at com.kms.katalon.core.webui.keyword.WebUiBuiltInKeywords.click(WebUiBuiltInKeywords.groovy:659)&#xa;	at com.kms.katalon.core.webui.keyword.WebUiBuiltInKeywords$click$1.call(Unknown Source)&#xa;	at SPG - Creating New Order.run(SPG - Creating New Order:112)&#xa;	at com.kms.katalon.core.main.ScriptEngine.run(ScriptEngine.java:194)&#xa;	at com.kms.katalon.core.main.ScriptEngine.runScriptAsRawText(ScriptEngine.java:119)&#xa;	at com.kms.katalon.core.main.TestCaseExecutor.runScript(TestCaseExecutor.java:448)&#xa;	at com.kms.katalon.core.main.TestCaseExecutor.doExecute(TestCaseExecutor.java:439)&#xa;	at com.kms.katalon.core.main.TestCaseExecutor.processExecutionPhase(TestCaseExecutor.java:418)&#xa;	at com.kms.katalon.core.main.TestCaseExecutor.accessMainPhase(TestCaseExecutor.java:410)&#xa;	at com.kms.katalon.core.main.TestCaseExecutor.execute(TestCaseExecutor.java:285)&#xa;	at com.kms.katalon.core.common.CommonExecutor.accessTestCaseMainPhase(CommonExecutor.java:65)&#xa;	at com.kms.katalon.core.main.TestSuiteExecutor.accessTestSuiteMainPhase(TestSuiteExecutor.java:150)&#xa;	at com.kms.katalon.core.main.TestSuiteExecutor.execute(TestSuiteExecutor.java:106)&#xa;	at com.kms.katalon.core.main.TestCaseMain.startTestSuite(TestCaseMain.java:180)&#xa;	at com.kms.katalon.core.main.TestCaseMain$startTestSuite$0.call(Unknown Source)&#xa;	at TempTestSuite1761139096516.run(TempTestSuite1761139096516.groovy:35)&#xa;	at java.base/jdk.internal.reflect.NativeMethodAccessorImpl.invoke0(Native Method)&#xa;	at java.base/jdk.internal.reflect.NativeMethodAccessorImpl.invoke(NativeMethodAccessorImpl.java:77)&#xa;	at java.base/jdk.internal.reflect.DelegatingMethodAccessorImpl.invoke(DelegatingMethodAccessorImpl.java:43)&#xa;Caused by: org.openqa.selenium.ElementClickInterceptedException: element click intercepted: Element &lt;button data-v-6cd27a7b=&quot;&quot; id=&quot;btnCloseWindow&quot; type=&quot;button&quot; class=&quot;btn btn-outline-danger mr-2&quot;>...&lt;/button> is not clickable at point (816, 611). Other element would receive the click: &lt;div class=&quot;popover-body&quot;>...&lt;/div>&#xa;  (Session info: chrome=141.0.7390.122)&#xa;Build info: version: '3.141.59', revision: 'unknown', time: 'unknown'&#xa;System info: host: 'DC1ADOBLD01', ip: '10.2.20.71', os.name: 'Windows Server 2019', os.arch: 'amd64', os.version: '10.0', java.version: '17.0.7'&#xa;Driver info: com.kms.katalon.selenium.driver.CChromeDriver&#xa;Capabilities {acceptInsecureCerts: false, browserName: chrome, browserVersion: 141.0.7390.122, chrome: {chromedriverVersion: 141.0.7390.122 (b477534e7e1..., userDataDir: C:\Windows\SystemTemp\scope...}, fedcm:accounts: true, goog:chromeOptions: {debuggerAddress: localhost:59406}, javascriptEnabled: true, networkConnectionEnabled: false, pageLoadStrategy: normal, platform: WINDOWS, platformName: WINDOWS, proxy: Proxy(), setWindowRect: true, strictFileInteractability: false, timeouts: {implicit: 0, pageLoad: 300000, script: 30000}, unhandledPromptBehavior: dismiss and notify, webauthn:extension:credBlob: true, webauthn:extension:largeBlob: true, webauthn:extension:minPinLength: true, webauthn:extension:prf: true, webauthn:virtualAuthenticators: true}&#xa;Session ID: 9b476e161cec71a96ea39de7bf9d47ce&#xa;	at java.base/jdk.internal.reflect.NativeConstructorAccessorImpl.newInstance0(Native Method)&#xa;	at java.base/jdk.internal.reflect.NativeConstructorAccessorImpl.newInstance(NativeConstructorAccessorImpl.java:77)&#xa;	at java.base/jdk.internal.reflect.DelegatingConstructorAccessorImpl.newInstance(DelegatingConstructorAccessorImpl.java:45)&#xa;	at org.openqa.selenium.remote.http.W3CHttpResponseCodec.createException(W3CHttpResponseCodec.java:187)&#xa;	at org.openqa.selenium.remote.http.W3CHttpResponseCodec.decode(W3CHttpResponseCodec.java:122)&#xa;	at org.openqa.selenium.remote.http.W3CHttpResponseCodec.decode(W3CHttpResponseCodec.java:49)&#xa;	at org.openqa.selenium.remote.HttpCommandExecutor.execute(HttpCommandExecutor.java:158)&#xa;	at org.openqa.selenium.remote.service.DriverCommandExecutor.execute(DriverCommandExecutor.java:83)&#xa;	at org.openqa.selenium.remote.RemoteWebDriver.execute(RemoteWebDriver.java:552)&#xa;	at com.kms.katalon.selenium.driver.CChromeDriver.execute(CChromeDriver.java:19)&#xa;	at org.openqa.selenium.remote.RemoteWebElement.execute(RemoteWebElement.java:285)&#xa;	at org.openqa.selenium.remote.RemoteWebElement.click(RemoteWebElement.java:84)&#xa;	at jdk.internal.reflect.GeneratedMethodAccessor18.invoke(Unknown Source)&#xa;	at java.base/jdk.internal.reflect.DelegatingMethodAccessorImpl.invoke(DelegatingMethodAccessorImpl.java:43)&#xa;	at org.openqa.selenium.support.events.EventFiringWebDriver$EventFiringWebElement.lambda$new$0(EventFiringWebDriver.java:404)&#xa;	at jdk.proxy2/jdk.proxy2.$Proxy27.click(Unknown Source)&#xa;	at org.openqa.selenium.support.events.EventFiringWebDriver$EventFiringWebElement.click(EventFiringWebDriver.java:417)&#xa;	at org.openqa.selenium.WebElement$click.call(Unknown Source)&#xa;	at com.kms.katalon.core.webui.keyword.builtin.ClickKeyword.clickUntilSuccessWithTimeout(ClickKeyword.groovy:81)&#xa;	at com.kms.katalon.core.webui.keyword.builtin.ClickKeyword.clickUntilSuccessWithTimeout(ClickKeyword.groovy)&#xa;	at jdk.internal.reflect.GeneratedMethodAccessor16.invoke(Unknown Source)&#xa;	at java.base/jdk.internal.reflect.DelegatingMethodAccessorImpl.invoke(DelegatingMethodAccessorImpl.java:43)&#xa;	at com.kms.katalon.core.webui.keyword.builtin.ClickKeyword$_click_closure1.doCall(ClickKeyword.groovy:67)&#xa;	at com.kms.katalon.core.webui.keyword.builtin.ClickKeyword$_click_closure1.call(ClickKeyword.groovy)&#xa;	at com.kms.katalon.core.webui.keyword.internal.WebUIKeywordMain.runKeyword(WebUIKeywordMain.groovy:35)&#xa;	... 22 more&#xa;"/>
         <system-out><![CDATA[22-10-2025T11:12:46 - [TEST_CASE][FAILED] - Test Cases/TripFocus/SPG/SPG - Orders/SPG - Creating New Order: Test Cases/TripFocus/SPG/SPG - Orders/SPG - Creating New Order FAILED.
Reason:
com.kms.katalon.core.exception.StepFailedException: Unable to click on object 'Object Repository/TripFocus/Orders/Create New Order/Add Products/Close_btn'
	at com.kms.katalon.core.webui.keyword.internal.WebUIKeywordMain.stepFailed(WebUIKeywordMain.groovy:117)
	at com.kms.katalon.core.webui.keyword.internal.WebUIKeywordMain.runKeyword(WebUIKeywordMain.groovy:43)
	at com.kms.katalon.core.webui.keyword.builtin.ClickKeyword.click(ClickKeyword.groovy:74)
	at com.kms.katalon.core.webui.keyword.builtin.ClickKeyword.execute(ClickKeyword.groovy:40)
	at com.kms.katalon.core.keyword.internal.KeywordExecutor.executeKeywordForPlatform(KeywordExecutor.groovy:74)
	at com.kms.katalon.core.webui.keyword.WebUiBuiltInKeywords.click(WebUiBuiltInKeywords.groovy:659)
	at com.kms.katalon.core.webui.keyword.WebUiBuiltInKeywords$click$1.call(Unknown Source)
	at SPG - Creating New Order.run(SPG - Creating New Order:112)
	at com.kms.katalon.core.main.ScriptEngine.run(ScriptEngine.java:194)
	at com.kms.katalon.core.main.ScriptEngine.runScriptAsRawText(ScriptEngine.java:119)
	at com.kms.katalon.core.main.TestCaseExecutor.runScript(TestCaseExecutor.java:448)
	at com.kms.katalon.core.main.TestCaseExecutor.doExecute(TestCaseExecutor.java:439)
	at com.kms.katalon.core.main.TestCaseExecutor.processExecutionPhase(TestCaseExecutor.java:418)
	at com.kms.katalon.core.main.TestCaseExecutor.accessMainPhase(TestCaseExecutor.java:410)
	at com.kms.katalon.core.main.TestCaseExecutor.execute(TestCaseExecutor.java:285)
	at com.kms.katalon.core.common.CommonExecutor.accessTestCaseMainPhase(CommonExecutor.java:65)
	at com.kms.katalon.core.main.TestSuiteExecutor.accessTestSuiteMainPhase(TestSuiteExecutor.java:150)
	at com.kms.katalon.core.main.TestSuiteExecutor.execute(TestSuiteExecutor.java:106)
	at com.kms.katalon.core.main.TestCaseMain.startTestSuite(TestCaseMain.java:180)
	at com.kms.katalon.core.main.TestCaseMain$startTestSuite$0.call(Unknown Source)
	at TempTestSuite1761139096516.run(TempTestSuite1761139096516.groovy:35)
	at java.base/jdk.internal.reflect.NativeMethodAccessorImpl.invoke0(Native Method)
	at java.base/jdk.internal.reflect.NativeMethodAccessorImpl.invoke(NativeMethodAccessorImpl.java:77)
	at java.base/jdk.internal.reflect.DelegatingMethodAccessorImpl.invoke(DelegatingMethodAccessorImpl.java:43)
Caused by: org.openqa.selenium.ElementClickInterceptedException: element click intercepted: Element <button data-v-6cd27a7b="" id="btnCloseWindow" type="button" class="btn btn-outline-danger mr-2">...</button> is not clickable at point (816, 611). Other element would receive the click: <div class="popover-body">...</div>
  (Session info: chrome=141.0.7390.122)
Build info: version: '3.141.59', revision: 'unknown', time: 'unknown'
System info: host: 'DC1ADOBLD01', ip: '10.2.20.71', os.name: 'Windows Server 2019', os.arch: 'amd64', os.version: '10.0', java.version: '17.0.7'
Driver info: com.kms.katalon.selenium.driver.CChromeDriver
Capabilities {acceptInsecureCerts: false, browserName: chrome, browserVersion: 141.0.7390.122, chrome: {chromedriverVersion: 141.0.7390.122 (b477534e7e1..., userDataDir: C:\Windows\SystemTemp\scope...}, fedcm:accounts: true, goog:chromeOptions: {debuggerAddress: localhost:59406}, javascriptEnabled: true, networkConnectionEnabled: false, pageLoadStrategy: normal, platform: WINDOWS, platformName: WINDOWS, proxy: Proxy(), setWindowRect: true, strictFileInteractability: false, timeouts: {implicit: 0, pageLoad: 300000, script: 30000}, unhandledPromptBehavior: dismiss and notify, webauthn:extension:credBlob: true, webauthn:extension:largeBlob: true, webauthn:extension:minPinLength: true, webauthn:extension:prf: true, webauthn:virtualAuthenticators: true}
Session ID: 9b476e161cec71a96ea39de7bf9d47ce
	at java.base/jdk.internal.reflect.NativeConstructorAccessorImpl.newInstance0(Native Method)
	at java.base/jdk.internal.reflect.NativeConstructorAccessorImpl.newInstance(NativeConstructorAccessorImpl.java:77)
	at java.base/jdk.internal.reflect.DelegatingConstructorAccessorImpl.newInstance(DelegatingConstructorAccessorImpl.java:45)
	at org.openqa.selenium.remote.http.W3CHttpResponseCodec.createException(W3CHttpResponseCodec.java:187)
	at org.openqa.selenium.remote.http.W3CHttpResponseCodec.decode(W3CHttpResponseCodec.java:122)
	at org.openqa.selenium.remote.http.W3CHttpResponseCodec.decode(W3CHttpResponseCodec.java:49)
	at org.openqa.selenium.remote.HttpCommandExecutor.execute(HttpCommandExecutor.java:158)
	at org.openqa.selenium.remote.service.DriverCommandExecutor.execute(DriverCommandExecutor.java:83)
	at org.openqa.selenium.remote.RemoteWebDriver.execute(RemoteWebDriver.java:552)
	at com.kms.katalon.selenium.driver.CChromeDriver.execute(CChromeDriver.java:19)
	at org.openqa.selenium.remote.RemoteWebElement.execute(RemoteWebElement.java:285)
	at org.openqa.selenium.remote.RemoteWebElement.click(RemoteWebElement.java:84)
	at jdk.internal.reflect.GeneratedMethodAccessor18.invoke(Unknown Source)
	at java.base/jdk.internal.reflect.DelegatingMethodAccessorImpl.invoke(DelegatingMethodAccessorImpl.java:43)
	at org.openqa.selenium.support.events.EventFiringWebDriver$EventFiringWebElement.lambda$new$0(EventFiringWebDriver.java:404)
	at jdk.proxy2/jdk.proxy2.$Proxy27.click(Unknown Source)
	at org.openqa.selenium.support.events.EventFiringWebDriver$EventFiringWebElement.click(EventFiringWebDriver.java:417)
	at org.openqa.selenium.WebElement$click.call(Unknown Source)
	at com.kms.katalon.core.webui.keyword.builtin.ClickKeyword.clickUntilSuccessWithTimeout(ClickKeyword.groovy:81)
	at com.kms.katalon.core.webui.keyword.builtin.ClickKeyword.clickUntilSuccessWithTimeout(ClickKeyword.groovy)
	at jdk.internal.reflect.GeneratedMethodAccessor16.invoke(Unknown Source)
	at java.base/jdk.internal.reflect.DelegatingMethodAccessorImpl.invoke(DelegatingMethodAccessorImpl.java:43)
	at com.kms.katalon.core.webui.keyword.builtin.ClickKeyword$_click_closure1.doCall(ClickKeyword.groovy:67)
	at com.kms.katalon.core.webui.keyword.builtin.ClickKeyword$_click_closure1.call(ClickKeyword.groovy)
	at com.kms.katalon.core.webui.keyword.internal.WebUIKeywordMain.runKeyword(WebUIKeywordMain.groovy:35)
	... 22 more


22-10-2025T11:12:46 - [TEST_STEP][PASSED] - Start listener action : beforeTestCase: null

22-10-2025T11:12:46 - [TEST_STEP][PASSED] - addDefaultPackages(): null

22-10-2025T11:12:46 - [TEST_STEP][PASSED] - callTestCase(findTestCase("Utility Scripts/Open Browser"), ["destinationURL":TFBaseURL], STOP_ON_FAILURE): Call Test Case 'Test Cases/Utility Scripts/Open Browser' successfully

22-10-2025T11:12:46 - [TEST_CASE][PASSED] - Test Cases/Utility Scripts/Open Browser: Test Cases/Utility Scripts/Open Browser

22-10-2025T11:12:46 - [TEST_STEP][PASSED] - openBrowser(""): Browser is opened with url: ''

22-10-2025T11:12:46 - [MESSAGE][WARNING] - A browser is already opened. Closing browser and opening a new one

22-10-2025T11:12:46 - [MESSAGE][INFO] - Starting 'Chrome' driver

22-10-2025T11:12:46 - [MESSAGE][INFO] - User set preference: ['args', '[--no-sandbox, --disable-gpu, --disable-dev-shm-usage]']

22-10-2025T11:12:46 - [MESSAGE][INFO] - Action delay is set to 0 milliseconds

22-10-2025T11:12:47 - [MESSAGE][PASSED] - Browser is opened with url: ''

22-10-2025T11:12:47 - [TEST_STEP][PASSED] - navigateToUrl(destinationURL): Navigate to 'https://www.qa.tripfocus.com' successfully

22-10-2025T11:12:48 - [MESSAGE][PASSED] - Navigate to 'https://www.qa.tripfocus.com' successfully

22-10-2025T11:12:48 - [TEST_STEP][PASSED] - if (maximizeWindow == true): Current window maximized

22-10-2025T11:12:48 - [TEST_STEP][PASSED] - maximizeWindow(STOP_ON_FAILURE): Current window maximized

22-10-2025T11:12:48 - [MESSAGE][PASSED] - Current window maximized

22-10-2025T11:12:48 - [MESSAGE][PASSED] - Call Test Case 'Test Cases/Utility Scripts/Open Browser' successfully

22-10-2025T11:12:48 - [TEST_STEP][PASSED] - callTestCase(findTestCase("Utility Scripts/TF Sign In"), ["userName":TripFocusBleachTechSPGUsername, "password":TripFocusFDGSPGPassword], STOP_ON_FAILURE): Call Test Case 'Test Cases/Utility Scripts/TF Sign In' successfully

22-10-2025T11:12:48 - [TEST_CASE][PASSED] - Test Cases/Utility Scripts/TF Sign In: Test Cases/Utility Scripts/TF Sign In

22-10-2025T11:12:48 - [TEST_STEP][PASSED] - click(findTestObject("Object Repository/TripFocus/Page_TripFocus/button_Sign in")): Object: 'Object Repository/TripFocus/Page_TripFocus/button_Sign in' is clicked on

22-10-2025T11:12:48 - [MESSAGE][PASSED] - Object: 'Object Repository/TripFocus/Page_TripFocus/button_Sign in' is clicked on

22-10-2025T11:12:48 - [TEST_STEP][PASSED] - setText(findTestObject("Object Repository/TripFocus/Page_TripFocus/input_Username (e.g. email address)_Username"), userName): Text 'Ashford.Chenault+BleachtechCustomerSPGONLY@thekag.com' is set on object 'Object Repository/TripFocus/Page_TripFocus/input_Username (e.g. email address)_Username'

22-10-2025T11:12:49 - [MESSAGE][PASSED] - Text 'Ashford.Chenault+BleachtechCustomerSPGONLY@thekag.com' is set on object 'Object Repository/TripFocus/Page_TripFocus/input_Username (e.g. email address)_Username'

22-10-2025T11:12:49 - [TEST_STEP][PASSED] - setText(findTestObject("Object Repository/TripFocus/Page_TripFocus/input_Password_Password"), password): Text 'CrashBan911!!' is set on object 'Object Repository/TripFocus/Page_TripFocus/input_Password_Password'

22-10-2025T11:12:49 - [MESSAGE][PASSED] - Text 'CrashBan911!!' is set on object 'Object Repository/TripFocus/Page_TripFocus/input_Password_Password'

22-10-2025T11:12:49 - [TEST_STEP][PASSED] - click(findTestObject("Object Repository/TripFocus/Page_TripFocus/button_Login")): Object: 'Object Repository/TripFocus/Page_TripFocus/button_Login' is clicked on

22-10-2025T11:12:50 - [MESSAGE][PASSED] - Object: 'Object Repository/TripFocus/Page_TripFocus/button_Login' is clicked on

22-10-2025T11:12:50 - [TEST_STEP][PASSED] - maximizeWindow(): Current window maximized

22-10-2025T11:12:50 - [MESSAGE][PASSED] - Current window maximized

22-10-2025T11:12:50 - [TEST_STEP][PASSED] - waitForElementVisible(findTestObject("TripFocus/Testing_Notification_btn"), 5, OPTIONAL): Web element with id: 'Object Repository/TripFocus/Testing_Notification_btn' located by '//*[@id="__BVID__10___BV_modal_footer_"]/button' not found

22-10-2025T11:12:56 - [MESSAGE][INFO] - Unable to find the element located by 'By.xpath: //*[@id="__BVID__10___BV_modal_footer_"]/button'. Please recheck the objects properties to make sure the desired element is located. 

22-10-2025T11:12:56 - [MESSAGE][WARNING] - [SELF-HEALING] Failed to find element with id 'Object Repository/TripFocus/Testing_Notification_btn'. Try using Self-healing.

22-10-2025T11:12:57 - [MESSAGE][INFO] - [SELF-HEALING] No working XPath is found.

22-10-2025T11:12:59 - [MESSAGE][INFO] - Unable to find the element located by 'By.xpath: '. Please recheck the objects properties to make sure the desired element is located. 

22-10-2025T11:12:59 - [MESSAGE][WARNING] - [SELF-HEALING] Cannot find elements when the selector is null

22-10-2025T11:12:59 - [MESSAGE][WARNING] - Web element with id: 'Object Repository/TripFocus/Testing_Notification_btn' located by '//*[@id="__BVID__10___BV_modal_footer_"]/button' not found

22-10-2025T11:12:59 - [TEST_STEP][PASSED] - if (verifyElementVisible(findTestObject("TripFocus/Testing_Notification_btn"), OPTIONAL) == true): Web element with id: 'Object Repository/TripFocus/Testing_Notification_btn' located by '//*[@id="__BVID__10___BV_modal_footer_"]/button' not found (Root cause: com.kms.katalon.core.exception.StepFailedException: Web element with id: 'Object Repository/TripFocus/Testing_Notification_btn' located by '//*[@id="__BVID__10___BV_modal_footer_"]/button' not found
	at com.kms.katalon.core.webui.keyword.internal.WebUIKeywordMain.stepFailed(WebUIKeywordMain.groovy:117)
	at com.kms.katalon.core.webui.keyword.builtin.VerifyElementVisibleKeyword$_verifyElementVisible_closure1.doCall(VerifyElementVisibleKeyword.groovy:89)
	at com.kms.katalon.core.webui.keyword.builtin.VerifyElementVisibleKeyword$_verifyElementVisible_closure1.call(VerifyElementVisibleKeyword.groovy)
	at com.kms.katalon.core.webui.keyword.internal.WebUIKeywordMain.runKeyword(WebUIKeywordMain.groovy:35)
	at com.kms.katalon.core.webui.keyword.builtin.VerifyElementVisibleKeyword.verifyElementVisible(VerifyElementVisibleKeyword.groovy:97)
	at com.kms.katalon.core.webui.keyword.builtin.VerifyElementVisibleKeyword.execute(VerifyElementVisibleKeyword.groovy:67)
	at com.kms.katalon.core.keyword.internal.KeywordExecutor.executeKeywordForPlatform(KeywordExecutor.groovy:74)
	at com.kms.katalon.core.webui.keyword.WebUiBuiltInKeywords.verifyElementVisible(WebUiBuiltInKeywords.groovy:401)
	at com.kms.katalon.core.webui.keyword.WebUiBuiltInKeywords$verifyElementVisible$5.call(Unknown Source)
	at TF Sign In.run(TF Sign In:33)
	at com.kms.katalon.core.main.ScriptEngine.run(ScriptEngine.java:194)
	at com.kms.katalon.core.main.ScriptEngine.runScriptAsRawText(ScriptEngine.java:119)
	at com.kms.katalon.core.main.TestCaseExecutor.runScript(TestCaseExecutor.java:448)
	at com.kms.katalon.core.main.TestCaseExecutor.doExecute(TestCaseExecutor.java:439)
	at com.kms.katalon.core.main.TestCaseExecutor.processExecutionPhase(TestCaseExecutor.java:418)
	at com.kms.katalon.core.main.TestCaseExecutor.accessMainPhase(TestCaseExecutor.java:410)
	at com.kms.katalon.core.main.TestCaseExecutor.execute(TestCaseExecutor.java:285)
	at com.kms.katalon.core.main.TestCaseMain.runTestCase(TestCaseMain.java:137)
	at com.kms.katalon.core.keyword.builtin.CallTestCaseKeyword$_callTestCase_closure1.doCall(CallTestCaseKeyword.groovy:59)
	at com.kms.katalon.core.keyword.builtin.CallTestCaseKeyword$_callTestCase_closure1.call(CallTestCaseKeyword.groovy)
	at com.kms.katalon.core.keyword.internal.KeywordMain.runKeyword(KeywordMain.groovy:75)
	at com.kms.katalon.core.keyword.builtin.CallTestCaseKeyword.callTestCase(CallTestCaseKeyword.groovy:81)
	at com.kms.katalon.core.keyword.builtin.CallTestCaseKeyword.execute(CallTestCaseKeyword.groovy:44)
	at com.kms.katalon.core.keyword.internal.KeywordExecutor.executeKeywordForPlatform(KeywordExecutor.groovy:74)
	at com.kms.katalon.core.keyword.BuiltinKeywords.callTestCase(BuiltinKeywords.groovy:310)
	at java.base/jdk.internal.reflect.NativeMethodAccessorImpl.invoke0(Native Method)
	at java.base/jdk.internal.reflect.NativeMethodAccessorImpl.invoke(NativeMethodAccessorImpl.java:77)
	at java.base/jdk.internal.reflect.DelegatingMethodAccessorImpl.invoke(DelegatingMethodAccessorImpl.java:43)
	at SPG - Creating New Order.run(SPG - Creating New Order:22)
	at com.kms.katalon.core.main.ScriptEngine.run(ScriptEngine.java:194)
	at com.kms.katalon.core.main.ScriptEngine.runScriptAsRawText(ScriptEngine.java:119)
	at com.kms.katalon.core.main.TestCaseExecutor.runScript(TestCaseExecutor.java:448)
	at com.kms.katalon.core.main.TestCaseExecutor.doExecute(TestCaseExecutor.java:439)
	at com.kms.katalon.core.main.TestCaseExecutor.processExecutionPhase(TestCaseExecutor.java:418)
	at com.kms.katalon.core.main.TestCaseExecutor.accessMainPhase(TestCaseExecutor.java:410)
	at com.kms.katalon.core.main.TestCaseExecutor.execute(TestCaseExecutor.java:285)
	at com.kms.katalon.core.common.CommonExecutor.accessTestCaseMainPhase(CommonExecutor.java:65)
	at com.kms.katalon.core.main.TestSuiteExecutor.accessTestSuiteMainPhase(TestSuiteExecutor.java:150)
	at com.kms.katalon.core.main.TestSuiteExecutor.execute(TestSuiteExecutor.java:106)
	at com.kms.katalon.core.main.TestCaseMain.startTestSuite(TestCaseMain.java:180)
	at com.kms.katalon.core.main.TestCaseMain$startTestSuite$0.call(Unknown Source)
	at TempTestSuite1761139096516.run(TempTestSuite1761139096516.groovy:35)
	at java.base/jdk.internal.reflect.NativeMethodAccessorImpl.invoke0(Native Method)
	at java.base/jdk.internal.reflect.NativeMethodAccessorImpl.invoke(NativeMethodAccessorImpl.java:77)
	at java.base/jdk.internal.reflect.DelegatingMethodAccessorImpl.invoke(DelegatingMethodAccessorImpl.java:43)
)

22-10-2025T11:13:15 - [MESSAGE][INFO] - Unable to find the element located by 'By.xpath: //*[@id="__BVID__10___BV_modal_footer_"]/button'. Please recheck the objects properties to make sure the desired element is located. 

22-10-2025T11:13:15 - [MESSAGE][WARNING] - [SELF-HEALING] Failed to find element with id 'Object Repository/TripFocus/Testing_Notification_btn'. Try using Self-healing.

22-10-2025T11:13:16 - [MESSAGE][INFO] - [SELF-HEALING] No working XPath is found.

22-10-2025T11:13:18 - [MESSAGE][INFO] - Unable to find the element located by 'By.xpath: '. Please recheck the objects properties to make sure the desired element is located. 

22-10-2025T11:13:18 - [MESSAGE][WARNING] - [SELF-HEALING] Cannot find elements when the selector is null

22-10-2025T11:13:18 - [MESSAGE][WARNING] - Web element with id: 'Object Repository/TripFocus/Testing_Notification_btn' located by '//*[@id="__BVID__10___BV_modal_footer_"]/button' not found (Root cause: com.kms.katalon.core.exception.StepFailedException: Web element with id: 'Object Repository/TripFocus/Testing_Notification_btn' located by '//*[@id="__BVID__10___BV_modal_footer_"]/button' not found
	at com.kms.katalon.core.webui.keyword.internal.WebUIKeywordMain.stepFailed(WebUIKeywordMain.groovy:117)
	at com.kms.katalon.core.webui.keyword.builtin.VerifyElementVisibleKeyword$_verifyElementVisible_closure1.doCall(VerifyElementVisibleKeyword.groovy:89)
	at com.kms.katalon.core.webui.keyword.builtin.VerifyElementVisibleKeyword$_verifyElementVisible_closure1.call(VerifyElementVisibleKeyword.groovy)
	at com.kms.katalon.core.webui.keyword.internal.WebUIKeywordMain.runKeyword(WebUIKeywordMain.groovy:35)
	at com.kms.katalon.core.webui.keyword.builtin.VerifyElementVisibleKeyword.verifyElementVisible(VerifyElementVisibleKeyword.groovy:97)
	at com.kms.katalon.core.webui.keyword.builtin.VerifyElementVisibleKeyword.execute(VerifyElementVisibleKeyword.groovy:67)
	at com.kms.katalon.core.keyword.internal.KeywordExecutor.executeKeywordForPlatform(KeywordExecutor.groovy:74)
	at com.kms.katalon.core.webui.keyword.WebUiBuiltInKeywords.verifyElementVisible(WebUiBuiltInKeywords.groovy:401)
	at com.kms.katalon.core.webui.keyword.WebUiBuiltInKeywords$verifyElementVisible$5.call(Unknown Source)
	at TF Sign In.run(TF Sign In:33)
	at com.kms.katalon.core.main.ScriptEngine.run(ScriptEngine.java:194)
	at com.kms.katalon.core.main.ScriptEngine.runScriptAsRawText(ScriptEngine.java:119)
	at com.kms.katalon.core.main.TestCaseExecutor.runScript(TestCaseExecutor.java:448)
	at com.kms.katalon.core.main.TestCaseExecutor.doExecute(TestCaseExecutor.java:439)
	at com.kms.katalon.core.main.TestCaseExecutor.processExecutionPhase(TestCaseExecutor.java:418)
	at com.kms.katalon.core.main.TestCaseExecutor.accessMainPhase(TestCaseExecutor.java:410)
	at com.kms.katalon.core.main.TestCaseExecutor.execute(TestCaseExecutor.java:285)
	at com.kms.katalon.core.main.TestCaseMain.runTestCase(TestCaseMain.java:137)
	at com.kms.katalon.core.keyword.builtin.CallTestCaseKeyword$_callTestCase_closure1.doCall(CallTestCaseKeyword.groovy:59)
	at com.kms.katalon.core.keyword.builtin.CallTestCaseKeyword$_callTestCase_closure1.call(CallTestCaseKeyword.groovy)
	at com.kms.katalon.core.keyword.internal.KeywordMain.runKeyword(KeywordMain.groovy:75)
	at com.kms.katalon.core.keyword.builtin.CallTestCaseKeyword.callTestCase(CallTestCaseKeyword.groovy:81)
	at com.kms.katalon.core.keyword.builtin.CallTestCaseKeyword.execute(CallTestCaseKeyword.groovy:44)
	at com.kms.katalon.core.keyword.internal.KeywordExecutor.executeKeywordForPlatform(KeywordExecutor.groovy:74)
	at com.kms.katalon.core.keyword.BuiltinKeywords.callTestCase(BuiltinKeywords.groovy:310)
	at java.base/jdk.internal.reflect.NativeMethodAccessorImpl.invoke0(Native Method)
	at java.base/jdk.internal.reflect.NativeMethodAccessorImpl.invoke(NativeMethodAccessorImpl.java:77)
	at java.base/jdk.internal.reflect.DelegatingMethodAccessorImpl.invoke(DelegatingMethodAccessorImpl.java:43)
	at SPG - Creating New Order.run(SPG - Creating New Order:22)
	at com.kms.katalon.core.main.ScriptEngine.run(ScriptEngine.java:194)
	at com.kms.katalon.core.main.ScriptEngine.runScriptAsRawText(ScriptEngine.java:119)
	at com.kms.katalon.core.main.TestCaseExecutor.runScript(TestCaseExecutor.java:448)
	at com.kms.katalon.core.main.TestCaseExecutor.doExecute(TestCaseExecutor.java:439)
	at com.kms.katalon.core.main.TestCaseExecutor.processExecutionPhase(TestCaseExecutor.java:418)
	at com.kms.katalon.core.main.TestCaseExecutor.accessMainPhase(TestCaseExecutor.java:410)
	at com.kms.katalon.core.main.TestCaseExecutor.execute(TestCaseExecutor.java:285)
	at com.kms.katalon.core.common.CommonExecutor.accessTestCaseMainPhase(CommonExecutor.java:65)
	at com.kms.katalon.core.main.TestSuiteExecutor.accessTestSuiteMainPhase(TestSuiteExecutor.java:150)
	at com.kms.katalon.core.main.TestSuiteExecutor.execute(TestSuiteExecutor.java:106)
	at com.kms.katalon.core.main.TestCaseMain.startTestSuite(TestCaseMain.java:180)
	at com.kms.katalon.core.main.TestCaseMain$startTestSuite$0.call(Unknown Source)
	at TempTestSuite1761139096516.run(TempTestSuite1761139096516.groovy:35)
	at java.base/jdk.internal.reflect.NativeMethodAccessorImpl.invoke0(Native Method)
	at java.base/jdk.internal.reflect.NativeMethodAccessorImpl.invoke(NativeMethodAccessorImpl.java:77)
	at java.base/jdk.internal.reflect.DelegatingMethodAccessorImpl.invoke(DelegatingMethodAccessorImpl.java:43)
)

22-10-2025T11:13:18 - [MESSAGE][PASSED] - Call Test Case 'Test Cases/Utility Scripts/TF Sign In' successfully

22-10-2025T11:13:18 - [TEST_STEP][PASSED] - if (verifyElementVisible(findTestObject("TripFocus/Testing_Notification_btn"), OPTIONAL) == true): Web element with id: 'Object Repository/TripFocus/Testing_Notification_btn' located by '//*[@id="__BVID__10___BV_modal_footer_"]/button' not found (Root cause: com.kms.katalon.core.exception.StepFailedException: Web element with id: 'Object Repository/TripFocus/Testing_Notification_btn' located by '//*[@id="__BVID__10___BV_modal_footer_"]/button' not found
	at com.kms.katalon.core.webui.keyword.internal.WebUIKeywordMain.stepFailed(WebUIKeywordMain.groovy:117)
	at com.kms.katalon.core.webui.keyword.builtin.VerifyElementVisibleKeyword$_verifyElementVisible_closure1.doCall(VerifyElementVisibleKeyword.groovy:89)
	at com.kms.katalon.core.webui.keyword.builtin.VerifyElementVisibleKeyword$_verifyElementVisible_closure1.call(VerifyElementVisibleKeyword.groovy)
	at com.kms.katalon.core.webui.keyword.internal.WebUIKeywordMain.runKeyword(WebUIKeywordMain.groovy:35)
	at com.kms.katalon.core.webui.keyword.builtin.VerifyElementVisibleKeyword.verifyElementVisible(VerifyElementVisibleKeyword.groovy:97)
	at com.kms.katalon.core.webui.keyword.builtin.VerifyElementVisibleKeyword.execute(VerifyElementVisibleKeyword.groovy:67)
	at com.kms.katalon.core.keyword.internal.KeywordExecutor.executeKeywordForPlatform(KeywordExecutor.groovy:74)
	at com.kms.katalon.core.webui.keyword.WebUiBuiltInKeywords.verifyElementVisible(WebUiBuiltInKeywords.groovy:401)
	at com.kms.katalon.core.webui.keyword.WebUiBuiltInKeywords$verifyElementVisible$5.call(Unknown Source)
	at SPG - Creating New Order.run(SPG - Creating New Order:26)
	at com.kms.katalon.core.main.ScriptEngine.run(ScriptEngine.java:194)
	at com.kms.katalon.core.main.ScriptEngine.runScriptAsRawText(ScriptEngine.java:119)
	at com.kms.katalon.core.main.TestCaseExecutor.runScript(TestCaseExecutor.java:448)
	at com.kms.katalon.core.main.TestCaseExecutor.doExecute(TestCaseExecutor.java:439)
	at com.kms.katalon.core.main.TestCaseExecutor.processExecutionPhase(TestCaseExecutor.java:418)
	at com.kms.katalon.core.main.TestCaseExecutor.accessMainPhase(TestCaseExecutor.java:410)
	at com.kms.katalon.core.main.TestCaseExecutor.execute(TestCaseExecutor.java:285)
	at com.kms.katalon.core.common.CommonExecutor.accessTestCaseMainPhase(CommonExecutor.java:65)
	at com.kms.katalon.core.main.TestSuiteExecutor.accessTestSuiteMainPhase(TestSuiteExecutor.java:150)
	at com.kms.katalon.core.main.TestSuiteExecutor.execute(TestSuiteExecutor.java:106)
	at com.kms.katalon.core.main.TestCaseMain.startTestSuite(TestCaseMain.java:180)
	at com.kms.katalon.core.main.TestCaseMain$startTestSuite$0.call(Unknown Source)
	at TempTestSuite1761139096516.run(TempTestSuite1761139096516.groovy:35)
	at java.base/jdk.internal.reflect.NativeMethodAccessorImpl.invoke0(Native Method)
	at java.base/jdk.internal.reflect.NativeMethodAccessorImpl.invoke(NativeMethodAccessorImpl.java:77)
	at java.base/jdk.internal.reflect.DelegatingMethodAccessorImpl.invoke(DelegatingMethodAccessorImpl.java:43)
)

22-10-2025T11:13:34 - [MESSAGE][INFO] - Unable to find the element located by 'By.xpath: //*[@id="__BVID__10___BV_modal_footer_"]/button'. Please recheck the objects properties to make sure the desired element is located. 

22-10-2025T11:13:34 - [MESSAGE][WARNING] - [SELF-HEALING] Failed to find element with id 'Object Repository/TripFocus/Testing_Notification_btn'. Try using Self-healing.

22-10-2025T11:13:35 - [MESSAGE][INFO] - [SELF-HEALING] No working XPath is found.

22-10-2025T11:13:37 - [MESSAGE][INFO] - Unable to find the element located by 'By.xpath: '. Please recheck the objects properties to make sure the desired element is located. 

22-10-2025T11:13:37 - [MESSAGE][WARNING] - [SELF-HEALING] Cannot find elements when the selector is null

22-10-2025T11:13:37 - [MESSAGE][WARNING] - Web element with id: 'Object Repository/TripFocus/Testing_Notification_btn' located by '//*[@id="__BVID__10___BV_modal_footer_"]/button' not found (Root cause: com.kms.katalon.core.exception.StepFailedException: Web element with id: 'Object Repository/TripFocus/Testing_Notification_btn' located by '//*[@id="__BVID__10___BV_modal_footer_"]/button' not found
	at com.kms.katalon.core.webui.keyword.internal.WebUIKeywordMain.stepFailed(WebUIKeywordMain.groovy:117)
	at com.kms.katalon.core.webui.keyword.builtin.VerifyElementVisibleKeyword$_verifyElementVisible_closure1.doCall(VerifyElementVisibleKeyword.groovy:89)
	at com.kms.katalon.core.webui.keyword.builtin.VerifyElementVisibleKeyword$_verifyElementVisible_closure1.call(VerifyElementVisibleKeyword.groovy)
	at com.kms.katalon.core.webui.keyword.internal.WebUIKeywordMain.runKeyword(WebUIKeywordMain.groovy:35)
	at com.kms.katalon.core.webui.keyword.builtin.VerifyElementVisibleKeyword.verifyElementVisible(VerifyElementVisibleKeyword.groovy:97)
	at com.kms.katalon.core.webui.keyword.builtin.VerifyElementVisibleKeyword.execute(VerifyElementVisibleKeyword.groovy:67)
	at com.kms.katalon.core.keyword.internal.KeywordExecutor.executeKeywordForPlatform(KeywordExecutor.groovy:74)
	at com.kms.katalon.core.webui.keyword.WebUiBuiltInKeywords.verifyElementVisible(WebUiBuiltInKeywords.groovy:401)
	at com.kms.katalon.core.webui.keyword.WebUiBuiltInKeywords$verifyElementVisible$5.call(Unknown Source)
	at SPG - Creating New Order.run(SPG - Creating New Order:26)
	at com.kms.katalon.core.main.ScriptEngine.run(ScriptEngine.java:194)
	at com.kms.katalon.core.main.ScriptEngine.runScriptAsRawText(ScriptEngine.java:119)
	at com.kms.katalon.core.main.TestCaseExecutor.runScript(TestCaseExecutor.java:448)
	at com.kms.katalon.core.main.TestCaseExecutor.doExecute(TestCaseExecutor.java:439)
	at com.kms.katalon.core.main.TestCaseExecutor.processExecutionPhase(TestCaseExecutor.java:418)
	at com.kms.katalon.core.main.TestCaseExecutor.accessMainPhase(TestCaseExecutor.java:410)
	at com.kms.katalon.core.main.TestCaseExecutor.execute(TestCaseExecutor.java:285)
	at com.kms.katalon.core.common.CommonExecutor.accessTestCaseMainPhase(CommonExecutor.java:65)
	at com.kms.katalon.core.main.TestSuiteExecutor.accessTestSuiteMainPhase(TestSuiteExecutor.java:150)
	at com.kms.katalon.core.main.TestSuiteExecutor.execute(TestSuiteExecutor.java:106)
	at com.kms.katalon.core.main.TestCaseMain.startTestSuite(TestCaseMain.java:180)
	at com.kms.katalon.core.main.TestCaseMain$startTestSuite$0.call(Unknown Source)
	at TempTestSuite1761139096516.run(TempTestSuite1761139096516.groovy:35)
	at java.base/jdk.internal.reflect.NativeMethodAccessorImpl.invoke0(Native Method)
	at java.base/jdk.internal.reflect.NativeMethodAccessorImpl.invoke(NativeMethodAccessorImpl.java:77)
	at java.base/jdk.internal.reflect.DelegatingMethodAccessorImpl.invoke(DelegatingMethodAccessorImpl.java:43)
)

22-10-2025T11:13:37 - [TEST_STEP][PASSED] - click(findTestObject("TripFocus/Orders/Orders_tab")): Object: 'Object Repository/TripFocus/Orders/Orders_tab' is clicked on

22-10-2025T11:13:37 - [MESSAGE][PASSED] - Object: 'Object Repository/TripFocus/Orders/Orders_tab' is clicked on

22-10-2025T11:13:37 - [TEST_STEP][PASSED] - delay(4): Delayed 4 second(s)

22-10-2025T11:13:41 - [MESSAGE][PASSED] - Delayed 4 second(s)

22-10-2025T11:13:41 - [TEST_STEP][PASSED] - click(findTestObject("TripFocus/Orders/Create New Order_btn")): Object: 'Object Repository/TripFocus/Orders/Create New Order_btn' is clicked on

22-10-2025T11:13:42 - [MESSAGE][PASSED] - Object: 'Object Repository/TripFocus/Orders/Create New Order_btn' is clicked on

22-10-2025T11:13:42 - [TEST_STEP][PASSED] - delay(30): Delayed 30 second(s)

22-10-2025T11:14:12 - [MESSAGE][PASSED] - Delayed 30 second(s)

22-10-2025T11:14:12 - [TEST_STEP][PASSED] - click(findTestObject("TripFocus/Orders/Create New Order/Add Products/Add Product_link")): Object: 'Object Repository/TripFocus/Orders/Create New Order/Add Products/Add Product_link' is clicked on

22-10-2025T11:14:12 - [MESSAGE][PASSED] - Object: 'Object Repository/TripFocus/Orders/Create New Order/Add Products/Add Product_link' is clicked on

22-10-2025T11:14:12 - [TEST_STEP][PASSED] - delay(2): Delayed 2 second(s)

22-10-2025T11:14:14 - [MESSAGE][PASSED] - Delayed 2 second(s)

22-10-2025T11:14:14 - [TEST_STEP][PASSED] - click(findTestObject("TripFocus/Sidebar Minimizer")): Object: 'Object Repository/TripFocus/Sidebar Minimizer' is clicked on

22-10-2025T11:14:14 - [MESSAGE][PASSED] - Object: 'Object Repository/TripFocus/Sidebar Minimizer' is clicked on

22-10-2025T11:14:14 - [TEST_STEP][PASSED] - delay(1): Delayed 1 second(s)

22-10-2025T11:14:15 - [MESSAGE][PASSED] - Delayed 1 second(s)

22-10-2025T11:14:15 - [TEST_STEP][PASSED] - click(findTestObject("TripFocus/Orders/Create New Order/Add Products/Delivery_Site_dropdown")): Object: 'Object Repository/TripFocus/Orders/Create New Order/Add Products/Delivery_Site_dropdown' is clicked on

22-10-2025T11:14:15 - [MESSAGE][PASSED] - Object: 'Object Repository/TripFocus/Orders/Create New Order/Add Products/Delivery_Site_dropdown' is clicked on

22-10-2025T11:14:15 - [TEST_STEP][PASSED] - delay(2): Delayed 2 second(s)

22-10-2025T11:14:17 - [MESSAGE][PASSED] - Delayed 2 second(s)

22-10-2025T11:14:17 - [TEST_STEP][PASSED] - sendKeys(findTestObject("TripFocus/Orders/Create New Order/Add Products/Delivery_Site_txt"), "Baldwin"): Keys 'Baldwin' sent to object: 'Object Repository/TripFocus/Orders/Create New Order/Add Products/Delivery_Site_txt'

22-10-2025T11:14:17 - [MESSAGE][PASSED] - Keys 'Baldwin' sent to object: 'Object Repository/TripFocus/Orders/Create New Order/Add Products/Delivery_Site_txt'

22-10-2025T11:14:17 - [TEST_STEP][PASSED] - delay(2): Delayed 2 second(s)

22-10-2025T11:14:19 - [MESSAGE][PASSED] - Delayed 2 second(s)

22-10-2025T11:14:19 - [TEST_STEP][PASSED] - sendKeys(findTestObject("TripFocus/Orders/Create New Order/Add Products/Delivery_Site_txt"), Keys.chord(ENTER)): Keys 'ENTER + ' sent to object: 'Object Repository/TripFocus/Orders/Create New Order/Add Products/Delivery_Site_txt'

22-10-2025T11:14:19 - [MESSAGE][PASSED] - Keys 'ENTER + ' sent to object: 'Object Repository/TripFocus/Orders/Create New Order/Add Products/Delivery_Site_txt'

22-10-2025T11:14:19 - [TEST_STEP][PASSED] - delay(30): Delayed 30 second(s)

22-10-2025T11:14:49 - [MESSAGE][PASSED] - Delayed 30 second(s)

22-10-2025T11:14:49 - [TEST_STEP][PASSED] - click(findTestObject("TripFocus/Orders/Create New Order/Add Products/Shipper_dropdown")): Object: 'Object Repository/TripFocus/Orders/Create New Order/Add Products/Shipper_dropdown' is clicked on

22-10-2025T11:14:49 - [MESSAGE][PASSED] - Object: 'Object Repository/TripFocus/Orders/Create New Order/Add Products/Shipper_dropdown' is clicked on

22-10-2025T11:14:49 - [TEST_STEP][PASSED] - delay(2): Delayed 2 second(s)

22-10-2025T11:14:51 - [MESSAGE][PASSED] - Delayed 2 second(s)

22-10-2025T11:14:51 - [TEST_STEP][PASSED] - sendKeys(findTestObject("TripFocus/Orders/Create New Order/Add Products/Shipper_txt"), "Bonded"): Keys 'Bonded' sent to object: 'Object Repository/TripFocus/Orders/Create New Order/Add Products/Shipper_txt'

22-10-2025T11:14:51 - [MESSAGE][PASSED] - Keys 'Bonded' sent to object: 'Object Repository/TripFocus/Orders/Create New Order/Add Products/Shipper_txt'

22-10-2025T11:14:51 - [TEST_STEP][PASSED] - delay(2): Delayed 2 second(s)

22-10-2025T11:14:53 - [MESSAGE][PASSED] - Delayed 2 second(s)

22-10-2025T11:14:53 - [TEST_STEP][PASSED] - sendKeys(findTestObject("TripFocus/Orders/Create New Order/Add Products/Shipper_txt"), Keys.chord(ENTER)): Keys 'ENTER + ' sent to object: 'Object Repository/TripFocus/Orders/Create New Order/Add Products/Shipper_txt'

22-10-2025T11:14:53 - [MESSAGE][PASSED] - Keys 'ENTER + ' sent to object: 'Object Repository/TripFocus/Orders/Create New Order/Add Products/Shipper_txt'

22-10-2025T11:14:53 - [TEST_STEP][PASSED] - delay(4): Delayed 4 second(s)

22-10-2025T11:14:57 - [MESSAGE][PASSED] - Delayed 4 second(s)

22-10-2025T11:14:57 - [TEST_STEP][PASSED] - sendKeys(findTestObject("TripFocus/Orders/Create New Order/Add Products/Commodity_txt"), "Caustic"): Keys 'Caustic' sent to object: 'Object Repository/TripFocus/Orders/Create New Order/Add Products/Commodity_txt'

22-10-2025T11:14:58 - [MESSAGE][PASSED] - Keys 'Caustic' sent to object: 'Object Repository/TripFocus/Orders/Create New Order/Add Products/Commodity_txt'

22-10-2025T11:14:58 - [TEST_STEP][PASSED] - delay(2): Delayed 2 second(s)

22-10-2025T11:15:00 - [MESSAGE][PASSED] - Delayed 2 second(s)

22-10-2025T11:15:00 - [TEST_STEP][PASSED] - sendKeys(findTestObject("TripFocus/Orders/Create New Order/Add Products/Commodity_txt"), Keys.chord(ENTER)): Keys 'ENTER + ' sent to object: 'Object Repository/TripFocus/Orders/Create New Order/Add Products/Commodity_txt'

22-10-2025T11:15:00 - [MESSAGE][PASSED] - Keys 'ENTER + ' sent to object: 'Object Repository/TripFocus/Orders/Create New Order/Add Products/Commodity_txt'

22-10-2025T11:15:00 - [TEST_STEP][PASSED] - delay(4): Delayed 4 second(s)

22-10-2025T11:15:04 - [MESSAGE][PASSED] - Delayed 4 second(s)

22-10-2025T11:15:04 - [TEST_STEP][PASSED] - setText(findTestObject("TripFocus/Orders/Create New Order/Add Products/Quantity_txt"), "4444"): Text '4444' is set on object 'Object Repository/TripFocus/Orders/Create New Order/Add Products/Quantity_txt'

22-10-2025T11:15:04 - [MESSAGE][PASSED] - Text '4444' is set on object 'Object Repository/TripFocus/Orders/Create New Order/Add Products/Quantity_txt'

22-10-2025T11:15:04 - [TEST_STEP][PASSED] - delay(2): Delayed 2 second(s)

22-10-2025T11:15:06 - [MESSAGE][PASSED] - Delayed 2 second(s)

22-10-2025T11:15:06 - [TEST_STEP][PASSED] - click(findTestObject("TripFocus/Orders/Create New Order/Add Products/Add_Product_btn (When Showing Advanced Options)")): Object: 'Object Repository/TripFocus/Orders/Create New Order/Add Products/Add_Product_btn (When Showing Advanced Options)' is clicked on

22-10-2025T11:15:06 - [MESSAGE][PASSED] - Object: 'Object Repository/TripFocus/Orders/Create New Order/Add Products/Add_Product_btn (When Showing Advanced Options)' is clicked on

22-10-2025T11:15:06 - [TEST_STEP][PASSED] - delay(2): Delayed 2 second(s)

22-10-2025T11:15:08 - [MESSAGE][PASSED] - Delayed 2 second(s)

22-10-2025T11:15:08 - [TEST_STEP][FAILED] - click(findTestObject("TripFocus/Orders/Create New Order/Add Products/Close_btn")): Unable to click on object 'Object Repository/TripFocus/Orders/Create New Order/Add Products/Close_btn' (Root cause: com.kms.katalon.core.exception.StepFailedException: Unable to click on object 'Object Repository/TripFocus/Orders/Create New Order/Add Products/Close_btn'
	at com.kms.katalon.core.webui.keyword.internal.WebUIKeywordMain.stepFailed(WebUIKeywordMain.groovy:117)
	at com.kms.katalon.core.webui.keyword.internal.WebUIKeywordMain.runKeyword(WebUIKeywordMain.groovy:43)
	at com.kms.katalon.core.webui.keyword.builtin.ClickKeyword.click(ClickKeyword.groovy:74)
	at com.kms.katalon.core.webui.keyword.builtin.ClickKeyword.execute(ClickKeyword.groovy:40)
	at com.kms.katalon.core.keyword.internal.KeywordExecutor.executeKeywordForPlatform(KeywordExecutor.groovy:74)
	at com.kms.katalon.core.webui.keyword.WebUiBuiltInKeywords.click(WebUiBuiltInKeywords.groovy:659)
	at com.kms.katalon.core.webui.keyword.WebUiBuiltInKeywords$click$1.call(Unknown Source)
	at SPG - Creating New Order.run(SPG - Creating New Order:112)
	at com.kms.katalon.core.main.ScriptEngine.run(ScriptEngine.java:194)
	at com.kms.katalon.core.main.ScriptEngine.runScriptAsRawText(ScriptEngine.java:119)
	at com.kms.katalon.core.main.TestCaseExecutor.runScript(TestCaseExecutor.java:448)
	at com.kms.katalon.core.main.TestCaseExecutor.doExecute(TestCaseExecutor.java:439)
	at com.kms.katalon.core.main.TestCaseExecutor.processExecutionPhase(TestCaseExecutor.java:418)
	at com.kms.katalon.core.main.TestCaseExecutor.accessMainPhase(TestCaseExecutor.java:410)
	at com.kms.katalon.core.main.TestCaseExecutor.execute(TestCaseExecutor.java:285)
	at com.kms.katalon.core.common.CommonExecutor.accessTestCaseMainPhase(CommonExecutor.java:65)
	at com.kms.katalon.core.main.TestSuiteExecutor.accessTestSuiteMainPhase(TestSuiteExecutor.java:150)
	at com.kms.katalon.core.main.TestSuiteExecutor.execute(TestSuiteExecutor.java:106)
	at com.kms.katalon.core.main.TestCaseMain.startTestSuite(TestCaseMain.java:180)
	at com.kms.katalon.core.main.TestCaseMain$startTestSuite$0.call(Unknown Source)
	at TempTestSuite1761139096516.run(TempTestSuite1761139096516.groovy:35)
	at java.base/jdk.internal.reflect.NativeMethodAccessorImpl.invoke0(Native Method)
	at java.base/jdk.internal.reflect.NativeMethodAccessorImpl.invoke(NativeMethodAccessorImpl.java:77)
	at java.base/jdk.internal.reflect.DelegatingMethodAccessorImpl.invoke(DelegatingMethodAccessorImpl.java:43)
Caused by: org.openqa.selenium.ElementClickInterceptedException: element click intercepted: Element <button data-v-6cd27a7b="" id="btnCloseWindow" type="button" class="btn btn-outline-danger mr-2">...</button> is not clickable at point (816, 611). Other element would receive the click: <div class="popover-body">...</div>
  (Session info: chrome=141.0.7390.122)
Build info: version: '3.141.59', revision: 'unknown', time: 'unknown'
System info: host: 'DC1ADOBLD01', ip: '10.2.20.71', os.name: 'Windows Server 2019', os.arch: 'amd64', os.version: '10.0', java.version: '17.0.7'
Driver info: com.kms.katalon.selenium.driver.CChromeDriver
Capabilities {acceptInsecureCerts: false, browserName: chrome, browserVersion: 141.0.7390.122, chrome: {chromedriverVersion: 141.0.7390.122 (b477534e7e1..., userDataDir: C:\Windows\SystemTemp\scope...}, fedcm:accounts: true, goog:chromeOptions: {debuggerAddress: localhost:59406}, javascriptEnabled: true, networkConnectionEnabled: false, pageLoadStrategy: normal, platform: WINDOWS, platformName: WINDOWS, proxy: Proxy(), setWindowRect: true, strictFileInteractability: false, timeouts: {implicit: 0, pageLoad: 300000, script: 30000}, unhandledPromptBehavior: dismiss and notify, webauthn:extension:credBlob: true, webauthn:extension:largeBlob: true, webauthn:extension:minPinLength: true, webauthn:extension:prf: true, webauthn:virtualAuthenticators: true}
Session ID: 9b476e161cec71a96ea39de7bf9d47ce
	at java.base/jdk.internal.reflect.NativeConstructorAccessorImpl.newInstance0(Native Method)
	at java.base/jdk.internal.reflect.NativeConstructorAccessorImpl.newInstance(NativeConstructorAccessorImpl.java:77)
	at java.base/jdk.internal.reflect.DelegatingConstructorAccessorImpl.newInstance(DelegatingConstructorAccessorImpl.java:45)
	at org.openqa.selenium.remote.http.W3CHttpResponseCodec.createException(W3CHttpResponseCodec.java:187)
	at org.openqa.selenium.remote.http.W3CHttpResponseCodec.decode(W3CHttpResponseCodec.java:122)
	at org.openqa.selenium.remote.http.W3CHttpResponseCodec.decode(W3CHttpResponseCodec.java:49)
	at org.openqa.selenium.remote.HttpCommandExecutor.execute(HttpCommandExecutor.java:158)
	at org.openqa.selenium.remote.service.DriverCommandExecutor.execute(DriverCommandExecutor.java:83)
	at org.openqa.selenium.remote.RemoteWebDriver.execute(RemoteWebDriver.java:552)
	at com.kms.katalon.selenium.driver.CChromeDriver.execute(CChromeDriver.java:19)
	at org.openqa.selenium.remote.RemoteWebElement.execute(RemoteWebElement.java:285)
	at org.openqa.selenium.remote.RemoteWebElement.click(RemoteWebElement.java:84)
	at jdk.internal.reflect.GeneratedMethodAccessor18.invoke(Unknown Source)
	at java.base/jdk.internal.reflect.DelegatingMethodAccessorImpl.invoke(DelegatingMethodAccessorImpl.java:43)
	at org.openqa.selenium.support.events.EventFiringWebDriver$EventFiringWebElement.lambda$new$0(EventFiringWebDriver.java:404)
	at jdk.proxy2/jdk.proxy2.$Proxy27.click(Unknown Source)
	at org.openqa.selenium.support.events.EventFiringWebDriver$EventFiringWebElement.click(EventFiringWebDriver.java:417)
	at org.openqa.selenium.WebElement$click.call(Unknown Source)
	at com.kms.katalon.core.webui.keyword.builtin.ClickKeyword.clickUntilSuccessWithTimeout(ClickKeyword.groovy:81)
	at com.kms.katalon.core.webui.keyword.builtin.ClickKeyword.clickUntilSuccessWithTimeout(ClickKeyword.groovy)
	at jdk.internal.reflect.GeneratedMethodAccessor16.invoke(Unknown Source)
	at java.base/jdk.internal.reflect.DelegatingMethodAccessorImpl.invoke(DelegatingMethodAccessorImpl.java:43)
	at com.kms.katalon.core.webui.keyword.builtin.ClickKeyword$_click_closure1.doCall(ClickKeyword.groovy:67)
	at com.kms.katalon.core.webui.keyword.builtin.ClickKeyword$_click_closure1.call(ClickKeyword.groovy)
	at com.kms.katalon.core.webui.keyword.internal.WebUIKeywordMain.runKeyword(WebUIKeywordMain.groovy:35)
	at com.kms.katalon.core.webui.keyword.builtin.ClickKeyword.click(ClickKeyword.groovy:74)
	at com.kms.katalon.core.webui.keyword.builtin.ClickKeyword.execute(ClickKeyword.groovy:40)
	at com.kms.katalon.core.keyword.internal.KeywordExecutor.executeKeywordForPlatform(KeywordExecutor.groovy:74)
	at com.kms.katalon.core.webui.keyword.WebUiBuiltInKeywords.click(WebUiBuiltInKeywords.groovy:659)
	at com.kms.katalon.core.webui.keyword.WebUiBuiltInKeywords$click$1.call(Unknown Source)
	at Script1745009543216.run(Script1745009543216.groovy:112)
	... 16 more
)

22-10-2025T11:15:26 - [MESSAGE][FAILED] - Unable to click on object 'Object Repository/TripFocus/Orders/Create New Order/Add Products/Close_btn' (Root cause: com.kms.katalon.core.exception.StepFailedException: Unable to click on object 'Object Repository/TripFocus/Orders/Create New Order/Add Products/Close_btn'
	at com.kms.katalon.core.webui.keyword.internal.WebUIKeywordMain.stepFailed(WebUIKeywordMain.groovy:117)
	at com.kms.katalon.core.webui.keyword.internal.WebUIKeywordMain.runKeyword(WebUIKeywordMain.groovy:43)
	at com.kms.katalon.core.webui.keyword.builtin.ClickKeyword.click(ClickKeyword.groovy:74)
	at com.kms.katalon.core.webui.keyword.builtin.ClickKeyword.execute(ClickKeyword.groovy:40)
	at com.kms.katalon.core.keyword.internal.KeywordExecutor.executeKeywordForPlatform(KeywordExecutor.groovy:74)
	at com.kms.katalon.core.webui.keyword.WebUiBuiltInKeywords.click(WebUiBuiltInKeywords.groovy:659)
	at com.kms.katalon.core.webui.keyword.WebUiBuiltInKeywords$click$1.call(Unknown Source)
	at SPG - Creating New Order.run(SPG - Creating New Order:112)
	at com.kms.katalon.core.main.ScriptEngine.run(ScriptEngine.java:194)
	at com.kms.katalon.core.main.ScriptEngine.runScriptAsRawText(ScriptEngine.java:119)
	at com.kms.katalon.core.main.TestCaseExecutor.runScript(TestCaseExecutor.java:448)
	at com.kms.katalon.core.main.TestCaseExecutor.doExecute(TestCaseExecutor.java:439)
	at com.kms.katalon.core.main.TestCaseExecutor.processExecutionPhase(TestCaseExecutor.java:418)
	at com.kms.katalon.core.main.TestCaseExecutor.accessMainPhase(TestCaseExecutor.java:410)
	at com.kms.katalon.core.main.TestCaseExecutor.execute(TestCaseExecutor.java:285)
	at com.kms.katalon.core.common.CommonExecutor.accessTestCaseMainPhase(CommonExecutor.java:65)
	at com.kms.katalon.core.main.TestSuiteExecutor.accessTestSuiteMainPhase(TestSuiteExecutor.java:150)
	at com.kms.katalon.core.main.TestSuiteExecutor.execute(TestSuiteExecutor.java:106)
	at com.kms.katalon.core.main.TestCaseMain.startTestSuite(TestCaseMain.java:180)
	at com.kms.katalon.core.main.TestCaseMain$startTestSuite$0.call(Unknown Source)
	at TempTestSuite1761139096516.run(TempTestSuite1761139096516.groovy:35)
	at java.base/jdk.internal.reflect.NativeMethodAccessorImpl.invoke0(Native Method)
	at java.base/jdk.internal.reflect.NativeMethodAccessorImpl.invoke(NativeMethodAccessorImpl.java:77)
	at java.base/jdk.internal.reflect.DelegatingMethodAccessorImpl.invoke(DelegatingMethodAccessorImpl.java:43)
Caused by: org.openqa.selenium.ElementClickInterceptedException: element click intercepted: Element <button data-v-6cd27a7b="" id="btnCloseWindow" type="button" class="btn btn-outline-danger mr-2">...</button> is not clickable at point (816, 611). Other element would receive the click: <div class="popover-body">...</div>
  (Session info: chrome=141.0.7390.122)
Build info: version: '3.141.59', revision: 'unknown', time: 'unknown'
System info: host: 'DC1ADOBLD01', ip: '10.2.20.71', os.name: 'Windows Server 2019', os.arch: 'amd64', os.version: '10.0', java.version: '17.0.7'
Driver info: com.kms.katalon.selenium.driver.CChromeDriver
Capabilities {acceptInsecureCerts: false, browserName: chrome, browserVersion: 141.0.7390.122, chrome: {chromedriverVersion: 141.0.7390.122 (b477534e7e1..., userDataDir: C:\Windows\SystemTemp\scope...}, fedcm:accounts: true, goog:chromeOptions: {debuggerAddress: localhost:59406}, javascriptEnabled: true, networkConnectionEnabled: false, pageLoadStrategy: normal, platform: WINDOWS, platformName: WINDOWS, proxy: Proxy(), setWindowRect: true, strictFileInteractability: false, timeouts: {implicit: 0, pageLoad: 300000, script: 30000}, unhandledPromptBehavior: dismiss and notify, webauthn:extension:credBlob: true, webauthn:extension:largeBlob: true, webauthn:extension:minPinLength: true, webauthn:extension:prf: true, webauthn:virtualAuthenticators: true}
Session ID: 9b476e161cec71a96ea39de7bf9d47ce
	at java.base/jdk.internal.reflect.NativeConstructorAccessorImpl.newInstance0(Native Method)
	at java.base/jdk.internal.reflect.NativeConstructorAccessorImpl.newInstance(NativeConstructorAccessorImpl.java:77)
	at java.base/jdk.internal.reflect.DelegatingConstructorAccessorImpl.newInstance(DelegatingConstructorAccessorImpl.java:45)
	at org.openqa.selenium.remote.http.W3CHttpResponseCodec.createException(W3CHttpResponseCodec.java:187)
	at org.openqa.selenium.remote.http.W3CHttpResponseCodec.decode(W3CHttpResponseCodec.java:122)
	at org.openqa.selenium.remote.http.W3CHttpResponseCodec.decode(W3CHttpResponseCodec.java:49)
	at org.openqa.selenium.remote.HttpCommandExecutor.execute(HttpCommandExecutor.java:158)
	at org.openqa.selenium.remote.service.DriverCommandExecutor.execute(DriverCommandExecutor.java:83)
	at org.openqa.selenium.remote.RemoteWebDriver.execute(RemoteWebDriver.java:552)
	at com.kms.katalon.selenium.driver.CChromeDriver.execute(CChromeDriver.java:19)
	at org.openqa.selenium.remote.RemoteWebElement.execute(RemoteWebElement.java:285)
	at org.openqa.selenium.remote.RemoteWebElement.click(RemoteWebElement.java:84)
	at jdk.internal.reflect.GeneratedMethodAccessor18.invoke(Unknown Source)
	at java.base/jdk.internal.reflect.DelegatingMethodAccessorImpl.invoke(DelegatingMethodAccessorImpl.java:43)
	at org.openqa.selenium.support.events.EventFiringWebDriver$EventFiringWebElement.lambda$new$0(EventFiringWebDriver.java:404)
	at jdk.proxy2/jdk.proxy2.$Proxy27.click(Unknown Source)
	at org.openqa.selenium.support.events.EventFiringWebDriver$EventFiringWebElement.click(EventFiringWebDriver.java:417)
	at org.openqa.selenium.WebElement$click.call(Unknown Source)
	at com.kms.katalon.core.webui.keyword.builtin.ClickKeyword.clickUntilSuccessWithTimeout(ClickKeyword.groovy:81)
	at com.kms.katalon.core.webui.keyword.builtin.ClickKeyword.clickUntilSuccessWithTimeout(ClickKeyword.groovy)
	at jdk.internal.reflect.GeneratedMethodAccessor16.invoke(Unknown Source)
	at java.base/jdk.internal.reflect.DelegatingMethodAccessorImpl.invoke(DelegatingMethodAccessorImpl.java:43)
	at com.kms.katalon.core.webui.keyword.builtin.ClickKeyword$_click_closure1.doCall(ClickKeyword.groovy:67)
	at com.kms.katalon.core.webui.keyword.builtin.ClickKeyword$_click_closure1.call(ClickKeyword.groovy)
	at com.kms.katalon.core.webui.keyword.internal.WebUIKeywordMain.runKeyword(WebUIKeywordMain.groovy:35)
	at com.kms.katalon.core.webui.keyword.builtin.ClickKeyword.click(ClickKeyword.groovy:74)
	at com.kms.katalon.core.webui.keyword.builtin.ClickKeyword.execute(ClickKeyword.groovy:40)
	at com.kms.katalon.core.keyword.internal.KeywordExecutor.executeKeywordForPlatform(KeywordExecutor.groovy:74)
	at com.kms.katalon.core.webui.keyword.WebUiBuiltInKeywords.click(WebUiBuiltInKeywords.groovy:659)
	at com.kms.katalon.core.webui.keyword.WebUiBuiltInKeywords$click$1.call(Unknown Source)
	at Script1745009543216.run(Script1745009543216.groovy:112)
	... 16 more
)

22-10-2025T11:15:26 - [TEST_STEP][PASSED] - Start listener action : retryOnDisconnect: Current window's url is: 'https://www.qa.tripfocus.com/new-order-tender'

22-10-2025T11:15:26 - [TEST_STEP][PASSED] - tcId = testCaseContext.getTestCaseId(): null

22-10-2025T11:15:26 - [TEST_STEP][PASSED] - currentRetry = retryCounts.getOrDefault(tcId, 0): null

22-10-2025T11:15:26 - [TEST_STEP][PASSED] - if (testCaseContext.getTestCaseStatus() == "FAILED" && currentRetry < MAX_RETRIES): Current window's url is: 'https://www.qa.tripfocus.com/new-order-tender'

22-10-2025T11:15:26 - [TEST_STEP][PASSED] - try: Current window's url is: 'https://www.qa.tripfocus.com/new-order-tender'

22-10-2025T11:15:26 - [TEST_STEP][PASSED] - comment(Checking for WebDriver disconnect for test case: $tcId): Checking for WebDriver disconnect for test case: Test Cases/TripFocus/SPG/SPG - Orders/SPG - Creating New Order

22-10-2025T11:15:26 - [MESSAGE][INFO] - Checking for WebDriver disconnect for test case: Test Cases/TripFocus/SPG/SPG - Orders/SPG - Creating New Order

22-10-2025T11:15:26 - [TEST_STEP][PASSED] - getUrl(): Current window's url is: 'https://www.qa.tripfocus.com/new-order-tender'

22-10-2025T11:15:26 - [MESSAGE][PASSED] - Current window's url is: 'https://www.qa.tripfocus.com/new-order-tender']]></system-out>
         <system-err><![CDATA[22-10-2025T11:12:46 - [TEST_CASE][FAILED] - Test Cases/TripFocus/SPG/SPG - Orders/SPG - Creating New Order: Test Cases/TripFocus/SPG/SPG - Orders/SPG - Creating New Order FAILED.
Reason:
com.kms.katalon.core.exception.StepFailedException: Unable to click on object 'Object Repository/TripFocus/Orders/Create New Order/Add Products/Close_btn'
	at com.kms.katalon.core.webui.keyword.internal.WebUIKeywordMain.stepFailed(WebUIKeywordMain.groovy:117)
	at com.kms.katalon.core.webui.keyword.internal.WebUIKeywordMain.runKeyword(WebUIKeywordMain.groovy:43)
	at com.kms.katalon.core.webui.keyword.builtin.ClickKeyword.click(ClickKeyword.groovy:74)
	at com.kms.katalon.core.webui.keyword.builtin.ClickKeyword.execute(ClickKeyword.groovy:40)
	at com.kms.katalon.core.keyword.internal.KeywordExecutor.executeKeywordForPlatform(KeywordExecutor.groovy:74)
	at com.kms.katalon.core.webui.keyword.WebUiBuiltInKeywords.click(WebUiBuiltInKeywords.groovy:659)
	at com.kms.katalon.core.webui.keyword.WebUiBuiltInKeywords$click$1.call(Unknown Source)
	at SPG - Creating New Order.run(SPG - Creating New Order:112)
	at com.kms.katalon.core.main.ScriptEngine.run(ScriptEngine.java:194)
	at com.kms.katalon.core.main.ScriptEngine.runScriptAsRawText(ScriptEngine.java:119)
	at com.kms.katalon.core.main.TestCaseExecutor.runScript(TestCaseExecutor.java:448)
	at com.kms.katalon.core.main.TestCaseExecutor.doExecute(TestCaseExecutor.java:439)
	at com.kms.katalon.core.main.TestCaseExecutor.processExecutionPhase(TestCaseExecutor.java:418)
	at com.kms.katalon.core.main.TestCaseExecutor.accessMainPhase(TestCaseExecutor.java:410)
	at com.kms.katalon.core.main.TestCaseExecutor.execute(TestCaseExecutor.java:285)
	at com.kms.katalon.core.common.CommonExecutor.accessTestCaseMainPhase(CommonExecutor.java:65)
	at com.kms.katalon.core.main.TestSuiteExecutor.accessTestSuiteMainPhase(TestSuiteExecutor.java:150)
	at com.kms.katalon.core.main.TestSuiteExecutor.execute(TestSuiteExecutor.java:106)
	at com.kms.katalon.core.main.TestCaseMain.startTestSuite(TestCaseMain.java:180)
	at com.kms.katalon.core.main.TestCaseMain$startTestSuite$0.call(Unknown Source)
	at TempTestSuite1761139096516.run(TempTestSuite1761139096516.groovy:35)
	at java.base/jdk.internal.reflect.NativeMethodAccessorImpl.invoke0(Native Method)
	at java.base/jdk.internal.reflect.NativeMethodAccessorImpl.invoke(NativeMethodAccessorImpl.java:77)
	at java.base/jdk.internal.reflect.DelegatingMethodAccessorImpl.invoke(DelegatingMethodAccessorImpl.java:43)
Caused by: org.openqa.selenium.ElementClickInterceptedException: element click intercepted: Element <button data-v-6cd27a7b="" id="btnCloseWindow" type="button" class="btn btn-outline-danger mr-2">...</button> is not clickable at point (816, 611). Other element would receive the click: <div class="popover-body">...</div>
  (Session info: chrome=141.0.7390.122)
Build info: version: '3.141.59', revision: 'unknown', time: 'unknown'
System info: host: 'DC1ADOBLD01', ip: '10.2.20.71', os.name: 'Windows Server 2019', os.arch: 'amd64', os.version: '10.0', java.version: '17.0.7'
Driver info: com.kms.katalon.selenium.driver.CChromeDriver
Capabilities {acceptInsecureCerts: false, browserName: chrome, browserVersion: 141.0.7390.122, chrome: {chromedriverVersion: 141.0.7390.122 (b477534e7e1..., userDataDir: C:\Windows\SystemTemp\scope...}, fedcm:accounts: true, goog:chromeOptions: {debuggerAddress: localhost:59406}, javascriptEnabled: true, networkConnectionEnabled: false, pageLoadStrategy: normal, platform: WINDOWS, platformName: WINDOWS, proxy: Proxy(), setWindowRect: true, strictFileInteractability: false, timeouts: {implicit: 0, pageLoad: 300000, script: 30000}, unhandledPromptBehavior: dismiss and notify, webauthn:extension:credBlob: true, webauthn:extension:largeBlob: true, webauthn:extension:minPinLength: true, webauthn:extension:prf: true, webauthn:virtualAuthenticators: true}
Session ID: 9b476e161cec71a96ea39de7bf9d47ce
	at java.base/jdk.internal.reflect.NativeConstructorAccessorImpl.newInstance0(Native Method)
	at java.base/jdk.internal.reflect.NativeConstructorAccessorImpl.newInstance(NativeConstructorAccessorImpl.java:77)
	at java.base/jdk.internal.reflect.DelegatingConstructorAccessorImpl.newInstance(DelegatingConstructorAccessorImpl.java:45)
	at org.openqa.selenium.remote.http.W3CHttpResponseCodec.createException(W3CHttpResponseCodec.java:187)
	at org.openqa.selenium.remote.http.W3CHttpResponseCodec.decode(W3CHttpResponseCodec.java:122)
	at org.openqa.selenium.remote.http.W3CHttpResponseCodec.decode(W3CHttpResponseCodec.java:49)
	at org.openqa.selenium.remote.HttpCommandExecutor.execute(HttpCommandExecutor.java:158)
	at org.openqa.selenium.remote.service.DriverCommandExecutor.execute(DriverCommandExecutor.java:83)
	at org.openqa.selenium.remote.RemoteWebDriver.execute(RemoteWebDriver.java:552)
	at com.kms.katalon.selenium.driver.CChromeDriver.execute(CChromeDriver.java:19)
	at org.openqa.selenium.remote.RemoteWebElement.execute(RemoteWebElement.java:285)
	at org.openqa.selenium.remote.RemoteWebElement.click(RemoteWebElement.java:84)
	at jdk.internal.reflect.GeneratedMethodAccessor18.invoke(Unknown Source)
	at java.base/jdk.internal.reflect.DelegatingMethodAccessorImpl.invoke(DelegatingMethodAccessorImpl.java:43)
	at org.openqa.selenium.support.events.EventFiringWebDriver$EventFiringWebElement.lambda$new$0(EventFiringWebDriver.java:404)
	at jdk.proxy2/jdk.proxy2.$Proxy27.click(Unknown Source)
	at org.openqa.selenium.support.events.EventFiringWebDriver$EventFiringWebElement.click(EventFiringWebDriver.java:417)
	at org.openqa.selenium.WebElement$click.call(Unknown Source)
	at com.kms.katalon.core.webui.keyword.builtin.ClickKeyword.clickUntilSuccessWithTimeout(ClickKeyword.groovy:81)
	at com.kms.katalon.core.webui.keyword.builtin.ClickKeyword.clickUntilSuccessWithTimeout(ClickKeyword.groovy)
	at jdk.internal.reflect.GeneratedMethodAccessor16.invoke(Unknown Source)
	at java.base/jdk.internal.reflect.DelegatingMethodAccessorImpl.invoke(DelegatingMethodAccessorImpl.java:43)
	at com.kms.katalon.core.webui.keyword.builtin.ClickKeyword$_click_closure1.doCall(ClickKeyword.groovy:67)
	at com.kms.katalon.core.webui.keyword.builtin.ClickKeyword$_click_closure1.call(ClickKeyword.groovy)
	at com.kms.katalon.core.webui.keyword.internal.WebUIKeywordMain.runKeyword(WebUIKeywordMain.groovy:35)
	... 22 more]]></system-err>
      </testcase>
      <testcase name="Test Cases/TripFocus/SPG/SPG - Orders/SPG - Edit Created Order" time="160.115" classname="Test Cases/TripFocus/SPG/SPG - Orders/SPG - Edit Created Order" status="FAILED">
         <failure type="FAILED" message="Test Cases/TripFocus/SPG/SPG - Orders/SPG - Edit Created Order FAILED.&#xa;Reason:&#xa;com.kms.katalon.core.exception.StepFailedException: Call Test Case 'Test Cases/TripFocus/SPG/SPG - Orders/SPG - Creating New Order' failed&#xa;	at com.kms.katalon.core.keyword.builtin.CallTestCaseKeyword$_callTestCase_closure1.doCall(CallTestCaseKeyword.groovy:63)&#xa;	at com.kms.katalon.core.keyword.builtin.CallTestCaseKeyword$_callTestCase_closure1.call(CallTestCaseKeyword.groovy)&#xa;	at com.kms.katalon.core.keyword.internal.KeywordMain.runKeyword(KeywordMain.groovy:75)&#xa;	at com.kms.katalon.core.keyword.builtin.CallTestCaseKeyword.callTestCase(CallTestCaseKeyword.groovy:81)&#xa;	at com.kms.katalon.core.keyword.builtin.CallTestCaseKeyword.execute(CallTestCaseKeyword.groovy:44)&#xa;	at com.kms.katalon.core.keyword.internal.KeywordExecutor.executeKeywordForPlatform(KeywordExecutor.groovy:74)&#xa;	at com.kms.katalon.core.keyword.BuiltinKeywords.callTestCase(BuiltinKeywords.groovy:310)&#xa;	at java.base/jdk.internal.reflect.NativeMethodAccessorImpl.invoke0(Native Method)&#xa;	at java.base/jdk.internal.reflect.NativeMethodAccessorImpl.invoke(NativeMethodAccessorImpl.java:77)&#xa;	at java.base/jdk.internal.reflect.DelegatingMethodAccessorImpl.invoke(DelegatingMethodAccessorImpl.java:43)&#xa;	at SPG - Edit Created Order.run(SPG - Edit Created Order:20)&#xa;	at com.kms.katalon.core.main.ScriptEngine.run(ScriptEngine.java:194)&#xa;	at com.kms.katalon.core.main.ScriptEngine.runScriptAsRawText(ScriptEngine.java:119)&#xa;	at com.kms.katalon.core.main.TestCaseExecutor.runScript(TestCaseExecutor.java:448)&#xa;	at com.kms.katalon.core.main.TestCaseExecutor.doExecute(TestCaseExecutor.java:439)&#xa;	at com.kms.katalon.core.main.TestCaseExecutor.processExecutionPhase(TestCaseExecutor.java:418)&#xa;	at com.kms.katalon.core.main.TestCaseExecutor.accessMainPhase(TestCaseExecutor.java:410)&#xa;	at com.kms.katalon.core.main.TestCaseExecutor.execute(TestCaseExecutor.java:285)&#xa;	at com.kms.katalon.core.common.CommonExecutor.accessTestCaseMainPhase(CommonExecutor.java:65)&#xa;	at com.kms.katalon.core.main.TestSuiteExecutor.accessTestSuiteMainPhase(TestSuiteExecutor.java:150)&#xa;	at com.kms.katalon.core.main.TestSuiteExecutor.execute(TestSuiteExecutor.java:106)&#xa;	at com.kms.katalon.core.main.TestCaseMain.startTestSuite(TestCaseMain.java:180)&#xa;	at com.kms.katalon.core.main.TestCaseMain$startTestSuite$0.call(Unknown Source)&#xa;	at TempTestSuite1761139096516.run(TempTestSuite1761139096516.groovy:35)&#xa;	at java.base/jdk.internal.reflect.NativeMethodAccessorImpl.invoke0(Native Method)&#xa;	at java.base/jdk.internal.reflect.NativeMethodAccessorImpl.invoke(NativeMethodAccessorImpl.java:77)&#xa;	at java.base/jdk.internal.reflect.DelegatingMethodAccessorImpl.invoke(DelegatingMethodAccessorImpl.java:43)&#xa;Caused by: com.kms.katalon.core.exception.StepFailedException: Unable to click on object 'Object Repository/TripFocus/Orders/Create New Order/Add Products/Close_btn'&#xa;	at com.kms.katalon.core.webui.keyword.internal.WebUIKeywordMain.stepFailed(WebUIKeywordMain.groovy:117)&#xa;	at com.kms.katalon.core.webui.keyword.internal.WebUIKeywordMain.runKeyword(WebUIKeywordMain.groovy:43)&#xa;	at com.kms.katalon.core.webui.keyword.builtin.ClickKeyword.click(ClickKeyword.groovy:74)&#xa;	at com.kms.katalon.core.webui.keyword.builtin.ClickKeyword.execute(ClickKeyword.groovy:40)&#xa;	at com.kms.katalon.core.keyword.internal.KeywordExecutor.executeKeywordForPlatform(KeywordExecutor.groovy:74)&#xa;	at com.kms.katalon.core.webui.keyword.WebUiBuiltInKeywords.click(WebUiBuiltInKeywords.groovy:659)&#xa;	at com.kms.katalon.core.webui.keyword.WebUiBuiltInKeywords$click$1.call(Unknown Source)&#xa;	at SPG - Creating New Order.run(SPG - Creating New Order:112)&#xa;	at com.kms.katalon.core.main.ScriptEngine.run(ScriptEngine.java:194)&#xa;	at com.kms.katalon.core.main.ScriptEngine.runScriptAsRawText(ScriptEngine.java:119)&#xa;	at com.kms.katalon.core.main.TestCaseExecutor.runScript(TestCaseExecutor.java:448)&#xa;	at com.kms.katalon.core.main.TestCaseExecutor.doExecute(TestCaseExecutor.java:439)&#xa;	at com.kms.katalon.core.main.TestCaseExecutor.processExecutionPhase(TestCaseExecutor.java:418)&#xa;	at com.kms.katalon.core.main.TestCaseExecutor.accessMainPhase(TestCaseExecutor.java:410)&#xa;	at com.kms.katalon.core.main.TestCaseExecutor.execute(TestCaseExecutor.java:285)&#xa;	at com.kms.katalon.core.main.TestCaseMain.runTestCase(TestCaseMain.java:137)&#xa;	at com.kms.katalon.core.keyword.builtin.CallTestCaseKeyword$_callTestCase_closure1.doCall(CallTestCaseKeyword.groovy:59)&#xa;	... 26 more&#xa;Caused by: org.openqa.selenium.ElementClickInterceptedException: element click intercepted: Element &lt;button data-v-6cd27a7b=&quot;&quot; id=&quot;btnCloseWindow&quot; type=&quot;button&quot; class=&quot;btn btn-outline-danger mr-2&quot;>...&lt;/button> is not clickable at point (816, 611). Other element would receive the click: &lt;div class=&quot;popover-body&quot;>...&lt;/div>&#xa;  (Session info: chrome=141.0.7390.122)&#xa;Build info: version: '3.141.59', revision: 'unknown', time: 'unknown'&#xa;System info: host: 'DC1ADOBLD01', ip: '10.2.20.71', os.name: 'Windows Server 2019', os.arch: 'amd64', os.version: '10.0', java.version: '17.0.7'&#xa;Driver info: com.kms.katalon.selenium.driver.CChromeDriver&#xa;Capabilities {acceptInsecureCerts: false, browserName: chrome, browserVersion: 141.0.7390.122, chrome: {chromedriverVersion: 141.0.7390.122 (b477534e7e1..., userDataDir: C:\Windows\SystemTemp\scope...}, fedcm:accounts: true, goog:chromeOptions: {debuggerAddress: localhost:59611}, javascriptEnabled: true, networkConnectionEnabled: false, pageLoadStrategy: normal, platform: WINDOWS, platformName: WINDOWS, proxy: Proxy(), setWindowRect: true, strictFileInteractability: false, timeouts: {implicit: 0, pageLoad: 300000, script: 30000}, unhandledPromptBehavior: dismiss and notify, webauthn:extension:credBlob: true, webauthn:extension:largeBlob: true, webauthn:extension:minPinLength: true, webauthn:extension:prf: true, webauthn:virtualAuthenticators: true}&#xa;Session ID: 6984dfc0b1aa299d0eacfbb089de3e48&#xa;	at jdk.internal.reflect.GeneratedConstructorAccessor69.newInstance(Unknown Source)&#xa;	at java.base/jdk.internal.reflect.DelegatingConstructorAccessorImpl.newInstance(DelegatingConstructorAccessorImpl.java:45)&#xa;	at org.openqa.selenium.remote.http.W3CHttpResponseCodec.createException(W3CHttpResponseCodec.java:187)&#xa;	at org.openqa.selenium.remote.http.W3CHttpResponseCodec.decode(W3CHttpResponseCodec.java:122)&#xa;	at org.openqa.selenium.remote.http.W3CHttpResponseCodec.decode(W3CHttpResponseCodec.java:49)&#xa;	at org.openqa.selenium.remote.HttpCommandExecutor.execute(HttpCommandExecutor.java:158)&#xa;	at org.openqa.selenium.remote.service.DriverCommandExecutor.execute(DriverCommandExecutor.java:83)&#xa;	at org.openqa.selenium.remote.RemoteWebDriver.execute(RemoteWebDriver.java:552)&#xa;	at com.kms.katalon.selenium.driver.CChromeDriver.execute(CChromeDriver.java:19)&#xa;	at org.openqa.selenium.remote.RemoteWebElement.execute(RemoteWebElement.java:285)&#xa;	at org.openqa.selenium.remote.RemoteWebElement.click(RemoteWebElement.java:84)&#xa;	at jdk.internal.reflect.GeneratedMethodAccessor18.invoke(Unknown Source)&#xa;	at java.base/jdk.internal.reflect.DelegatingMethodAccessorImpl.invoke(DelegatingMethodAccessorImpl.java:43)&#xa;	at org.openqa.selenium.support.events.EventFiringWebDriver$EventFiringWebElement.lambda$new$0(EventFiringWebDriver.java:404)&#xa;	at jdk.proxy2/jdk.proxy2.$Proxy27.click(Unknown Source)&#xa;	at org.openqa.selenium.support.events.EventFiringWebDriver$EventFiringWebElement.click(EventFiringWebDriver.java:417)&#xa;	at org.openqa.selenium.WebElement$click.call(Unknown Source)&#xa;	at com.kms.katalon.core.webui.keyword.builtin.ClickKeyword.clickUntilSuccessWithTimeout(ClickKeyword.groovy:81)&#xa;	at com.kms.katalon.core.webui.keyword.builtin.ClickKeyword.clickUntilSuccessWithTimeout(ClickKeyword.groovy)&#xa;	at jdk.internal.reflect.GeneratedMethodAccessor16.invoke(Unknown Source)&#xa;	at java.base/jdk.internal.reflect.DelegatingMethodAccessorImpl.invoke(DelegatingMethodAccessorImpl.java:43)&#xa;	at com.kms.katalon.core.webui.keyword.builtin.ClickKeyword$_click_closure1.doCall(ClickKeyword.groovy:67)&#xa;	at com.kms.katalon.core.webui.keyword.builtin.ClickKeyword$_click_closure1.call(ClickKeyword.groovy)&#xa;	at com.kms.katalon.core.webui.keyword.internal.WebUIKeywordMain.runKeyword(WebUIKeywordMain.groovy:35)&#xa;	... 41 more&#xa;"/>
         <system-out><![CDATA[22-10-2025T11:15:26 - [TEST_CASE][FAILED] - Test Cases/TripFocus/SPG/SPG - Orders/SPG - Edit Created Order: Test Cases/TripFocus/SPG/SPG - Orders/SPG - Edit Created Order FAILED.
Reason:
com.kms.katalon.core.exception.StepFailedException: Call Test Case 'Test Cases/TripFocus/SPG/SPG - Orders/SPG - Creating New Order' failed
	at com.kms.katalon.core.keyword.builtin.CallTestCaseKeyword$_callTestCase_closure1.doCall(CallTestCaseKeyword.groovy:63)
	at com.kms.katalon.core.keyword.builtin.CallTestCaseKeyword$_callTestCase_closure1.call(CallTestCaseKeyword.groovy)
	at com.kms.katalon.core.keyword.internal.KeywordMain.runKeyword(KeywordMain.groovy:75)
	at com.kms.katalon.core.keyword.builtin.CallTestCaseKeyword.callTestCase(CallTestCaseKeyword.groovy:81)
	at com.kms.katalon.core.keyword.builtin.CallTestCaseKeyword.execute(CallTestCaseKeyword.groovy:44)
	at com.kms.katalon.core.keyword.internal.KeywordExecutor.executeKeywordForPlatform(KeywordExecutor.groovy:74)
	at com.kms.katalon.core.keyword.BuiltinKeywords.callTestCase(BuiltinKeywords.groovy:310)
	at java.base/jdk.internal.reflect.NativeMethodAccessorImpl.invoke0(Native Method)
	at java.base/jdk.internal.reflect.NativeMethodAccessorImpl.invoke(NativeMethodAccessorImpl.java:77)
	at java.base/jdk.internal.reflect.DelegatingMethodAccessorImpl.invoke(DelegatingMethodAccessorImpl.java:43)
	at SPG - Edit Created Order.run(SPG - Edit Created Order:20)
	at com.kms.katalon.core.main.ScriptEngine.run(ScriptEngine.java:194)
	at com.kms.katalon.core.main.ScriptEngine.runScriptAsRawText(ScriptEngine.java:119)
	at com.kms.katalon.core.main.TestCaseExecutor.runScript(TestCaseExecutor.java:448)
	at com.kms.katalon.core.main.TestCaseExecutor.doExecute(TestCaseExecutor.java:439)
	at com.kms.katalon.core.main.TestCaseExecutor.processExecutionPhase(TestCaseExecutor.java:418)
	at com.kms.katalon.core.main.TestCaseExecutor.accessMainPhase(TestCaseExecutor.java:410)
	at com.kms.katalon.core.main.TestCaseExecutor.execute(TestCaseExecutor.java:285)
	at com.kms.katalon.core.common.CommonExecutor.accessTestCaseMainPhase(CommonExecutor.java:65)
	at com.kms.katalon.core.main.TestSuiteExecutor.accessTestSuiteMainPhase(TestSuiteExecutor.java:150)
	at com.kms.katalon.core.main.TestSuiteExecutor.execute(TestSuiteExecutor.java:106)
	at com.kms.katalon.core.main.TestCaseMain.startTestSuite(TestCaseMain.java:180)
	at com.kms.katalon.core.main.TestCaseMain$startTestSuite$0.call(Unknown Source)
	at TempTestSuite1761139096516.run(TempTestSuite1761139096516.groovy:35)
	at java.base/jdk.internal.reflect.NativeMethodAccessorImpl.invoke0(Native Method)
	at java.base/jdk.internal.reflect.NativeMethodAccessorImpl.invoke(NativeMethodAccessorImpl.java:77)
	at java.base/jdk.internal.reflect.DelegatingMethodAccessorImpl.invoke(DelegatingMethodAccessorImpl.java:43)
Caused by: com.kms.katalon.core.exception.StepFailedException: Unable to click on object 'Object Repository/TripFocus/Orders/Create New Order/Add Products/Close_btn'
	at com.kms.katalon.core.webui.keyword.internal.WebUIKeywordMain.stepFailed(WebUIKeywordMain.groovy:117)
	at com.kms.katalon.core.webui.keyword.internal.WebUIKeywordMain.runKeyword(WebUIKeywordMain.groovy:43)
	at com.kms.katalon.core.webui.keyword.builtin.ClickKeyword.click(ClickKeyword.groovy:74)
	at com.kms.katalon.core.webui.keyword.builtin.ClickKeyword.execute(ClickKeyword.groovy:40)
	at com.kms.katalon.core.keyword.internal.KeywordExecutor.executeKeywordForPlatform(KeywordExecutor.groovy:74)
	at com.kms.katalon.core.webui.keyword.WebUiBuiltInKeywords.click(WebUiBuiltInKeywords.groovy:659)
	at com.kms.katalon.core.webui.keyword.WebUiBuiltInKeywords$click$1.call(Unknown Source)
	at SPG - Creating New Order.run(SPG - Creating New Order:112)
	at com.kms.katalon.core.main.ScriptEngine.run(ScriptEngine.java:194)
	at com.kms.katalon.core.main.ScriptEngine.runScriptAsRawText(ScriptEngine.java:119)
	at com.kms.katalon.core.main.TestCaseExecutor.runScript(TestCaseExecutor.java:448)
	at com.kms.katalon.core.main.TestCaseExecutor.doExecute(TestCaseExecutor.java:439)
	at com.kms.katalon.core.main.TestCaseExecutor.processExecutionPhase(TestCaseExecutor.java:418)
	at com.kms.katalon.core.main.TestCaseExecutor.accessMainPhase(TestCaseExecutor.java:410)
	at com.kms.katalon.core.main.TestCaseExecutor.execute(TestCaseExecutor.java:285)
	at com.kms.katalon.core.main.TestCaseMain.runTestCase(TestCaseMain.java:137)
	at com.kms.katalon.core.keyword.builtin.CallTestCaseKeyword$_callTestCase_closure1.doCall(CallTestCaseKeyword.groovy:59)
	... 26 more
Caused by: org.openqa.selenium.ElementClickInterceptedException: element click intercepted: Element <button data-v-6cd27a7b="" id="btnCloseWindow" type="button" class="btn btn-outline-danger mr-2">...</button> is not clickable at point (816, 611). Other element would receive the click: <div class="popover-body">...</div>
  (Session info: chrome=141.0.7390.122)
Build info: version: '3.141.59', revision: 'unknown', time: 'unknown'
System info: host: 'DC1ADOBLD01', ip: '10.2.20.71', os.name: 'Windows Server 2019', os.arch: 'amd64', os.version: '10.0', java.version: '17.0.7'
Driver info: com.kms.katalon.selenium.driver.CChromeDriver
Capabilities {acceptInsecureCerts: false, browserName: chrome, browserVersion: 141.0.7390.122, chrome: {chromedriverVersion: 141.0.7390.122 (b477534e7e1..., userDataDir: C:\Windows\SystemTemp\scope...}, fedcm:accounts: true, goog:chromeOptions: {debuggerAddress: localhost:59611}, javascriptEnabled: true, networkConnectionEnabled: false, pageLoadStrategy: normal, platform: WINDOWS, platformName: WINDOWS, proxy: Proxy(), setWindowRect: true, strictFileInteractability: false, timeouts: {implicit: 0, pageLoad: 300000, script: 30000}, unhandledPromptBehavior: dismiss and notify, webauthn:extension:credBlob: true, webauthn:extension:largeBlob: true, webauthn:extension:minPinLength: true, webauthn:extension:prf: true, webauthn:virtualAuthenticators: true}
Session ID: 6984dfc0b1aa299d0eacfbb089de3e48
	at jdk.internal.reflect.GeneratedConstructorAccessor69.newInstance(Unknown Source)
	at java.base/jdk.internal.reflect.DelegatingConstructorAccessorImpl.newInstance(DelegatingConstructorAccessorImpl.java:45)
	at org.openqa.selenium.remote.http.W3CHttpResponseCodec.createException(W3CHttpResponseCodec.java:187)
	at org.openqa.selenium.remote.http.W3CHttpResponseCodec.decode(W3CHttpResponseCodec.java:122)
	at org.openqa.selenium.remote.http.W3CHttpResponseCodec.decode(W3CHttpResponseCodec.java:49)
	at org.openqa.selenium.remote.HttpCommandExecutor.execute(HttpCommandExecutor.java:158)
	at org.openqa.selenium.remote.service.DriverCommandExecutor.execute(DriverCommandExecutor.java:83)
	at org.openqa.selenium.remote.RemoteWebDriver.execute(RemoteWebDriver.java:552)
	at com.kms.katalon.selenium.driver.CChromeDriver.execute(CChromeDriver.java:19)
	at org.openqa.selenium.remote.RemoteWebElement.execute(RemoteWebElement.java:285)
	at org.openqa.selenium.remote.RemoteWebElement.click(RemoteWebElement.java:84)
	at jdk.internal.reflect.GeneratedMethodAccessor18.invoke(Unknown Source)
	at java.base/jdk.internal.reflect.DelegatingMethodAccessorImpl.invoke(DelegatingMethodAccessorImpl.java:43)
	at org.openqa.selenium.support.events.EventFiringWebDriver$EventFiringWebElement.lambda$new$0(EventFiringWebDriver.java:404)
	at jdk.proxy2/jdk.proxy2.$Proxy27.click(Unknown Source)
	at org.openqa.selenium.support.events.EventFiringWebDriver$EventFiringWebElement.click(EventFiringWebDriver.java:417)
	at org.openqa.selenium.WebElement$click.call(Unknown Source)
	at com.kms.katalon.core.webui.keyword.builtin.ClickKeyword.clickUntilSuccessWithTimeout(ClickKeyword.groovy:81)
	at com.kms.katalon.core.webui.keyword.builtin.ClickKeyword.clickUntilSuccessWithTimeout(ClickKeyword.groovy)
	at jdk.internal.reflect.GeneratedMethodAccessor16.invoke(Unknown Source)
	at java.base/jdk.internal.reflect.DelegatingMethodAccessorImpl.invoke(DelegatingMethodAccessorImpl.java:43)
	at com.kms.katalon.core.webui.keyword.builtin.ClickKeyword$_click_closure1.doCall(ClickKeyword.groovy:67)
	at com.kms.katalon.core.webui.keyword.builtin.ClickKeyword$_click_closure1.call(ClickKeyword.groovy)
	at com.kms.katalon.core.webui.keyword.internal.WebUIKeywordMain.runKeyword(WebUIKeywordMain.groovy:35)
	... 41 more


22-10-2025T11:15:26 - [TEST_STEP][PASSED] - Start listener action : beforeTestCase: null

22-10-2025T11:15:26 - [TEST_STEP][PASSED] - addDefaultPackages(): null

22-10-2025T11:15:26 - [TEST_STEP][FAILED] - callTestCase(findTestCase("TripFocus/SPG/SPG - Orders/SPG - Creating New Order"), ["closeWindow":false], STOP_ON_FAILURE): Unable to call Test Case 'Test Cases/TripFocus/SPG/SPG - Orders/SPG - Creating New Order' (Root cause: com.kms.katalon.core.exception.StepFailedException: Call Test Case 'Test Cases/TripFocus/SPG/SPG - Orders/SPG - Creating New Order' failed
	at com.kms.katalon.core.keyword.builtin.CallTestCaseKeyword$_callTestCase_closure1.doCall(CallTestCaseKeyword.groovy:63)
	at com.kms.katalon.core.keyword.builtin.CallTestCaseKeyword$_callTestCase_closure1.call(CallTestCaseKeyword.groovy)
	at com.kms.katalon.core.keyword.internal.KeywordMain.runKeyword(KeywordMain.groovy:75)
	at com.kms.katalon.core.keyword.builtin.CallTestCaseKeyword.callTestCase(CallTestCaseKeyword.groovy:81)
	at com.kms.katalon.core.keyword.builtin.CallTestCaseKeyword.execute(CallTestCaseKeyword.groovy:44)
	at com.kms.katalon.core.keyword.internal.KeywordExecutor.executeKeywordForPlatform(KeywordExecutor.groovy:74)
	at com.kms.katalon.core.keyword.BuiltinKeywords.callTestCase(BuiltinKeywords.groovy:310)
	at java.base/jdk.internal.reflect.NativeMethodAccessorImpl.invoke0(Native Method)
	at java.base/jdk.internal.reflect.NativeMethodAccessorImpl.invoke(NativeMethodAccessorImpl.java:77)
	at java.base/jdk.internal.reflect.DelegatingMethodAccessorImpl.invoke(DelegatingMethodAccessorImpl.java:43)
	at SPG - Edit Created Order.run(SPG - Edit Created Order:20)
	at com.kms.katalon.core.main.ScriptEngine.run(ScriptEngine.java:194)
	at com.kms.katalon.core.main.ScriptEngine.runScriptAsRawText(ScriptEngine.java:119)
	at com.kms.katalon.core.main.TestCaseExecutor.runScript(TestCaseExecutor.java:448)
	at com.kms.katalon.core.main.TestCaseExecutor.doExecute(TestCaseExecutor.java:439)
	at com.kms.katalon.core.main.TestCaseExecutor.processExecutionPhase(TestCaseExecutor.java:418)
	at com.kms.katalon.core.main.TestCaseExecutor.accessMainPhase(TestCaseExecutor.java:410)
	at com.kms.katalon.core.main.TestCaseExecutor.execute(TestCaseExecutor.java:285)
	at com.kms.katalon.core.common.CommonExecutor.accessTestCaseMainPhase(CommonExecutor.java:65)
	at com.kms.katalon.core.main.TestSuiteExecutor.accessTestSuiteMainPhase(TestSuiteExecutor.java:150)
	at com.kms.katalon.core.main.TestSuiteExecutor.execute(TestSuiteExecutor.java:106)
	at com.kms.katalon.core.main.TestCaseMain.startTestSuite(TestCaseMain.java:180)
	at com.kms.katalon.core.main.TestCaseMain$startTestSuite$0.call(Unknown Source)
	at TempTestSuite1761139096516.run(TempTestSuite1761139096516.groovy:35)
	at java.base/jdk.internal.reflect.NativeMethodAccessorImpl.invoke0(Native Method)
	at java.base/jdk.internal.reflect.NativeMethodAccessorImpl.invoke(NativeMethodAccessorImpl.java:77)
	at java.base/jdk.internal.reflect.DelegatingMethodAccessorImpl.invoke(DelegatingMethodAccessorImpl.java:43)
Caused by: com.kms.katalon.core.exception.StepFailedException: Unable to click on object 'Object Repository/TripFocus/Orders/Create New Order/Add Products/Close_btn'
	at com.kms.katalon.core.webui.keyword.internal.WebUIKeywordMain.stepFailed(WebUIKeywordMain.groovy:117)
	at com.kms.katalon.core.webui.keyword.internal.WebUIKeywordMain.runKeyword(WebUIKeywordMain.groovy:43)
	at com.kms.katalon.core.webui.keyword.builtin.ClickKeyword.click(ClickKeyword.groovy:74)
	at com.kms.katalon.core.webui.keyword.builtin.ClickKeyword.execute(ClickKeyword.groovy:40)
	at com.kms.katalon.core.keyword.internal.KeywordExecutor.executeKeywordForPlatform(KeywordExecutor.groovy:74)
	at com.kms.katalon.core.webui.keyword.WebUiBuiltInKeywords.click(WebUiBuiltInKeywords.groovy:659)
	at com.kms.katalon.core.webui.keyword.WebUiBuiltInKeywords$click$1.call(Unknown Source)
	at SPG - Creating New Order.run(SPG - Creating New Order:112)
	at com.kms.katalon.core.main.ScriptEngine.run(ScriptEngine.java:194)
	at com.kms.katalon.core.main.ScriptEngine.runScriptAsRawText(ScriptEngine.java:119)
	at com.kms.katalon.core.main.TestCaseExecutor.runScript(TestCaseExecutor.java:448)
	at com.kms.katalon.core.main.TestCaseExecutor.doExecute(TestCaseExecutor.java:439)
	at com.kms.katalon.core.main.TestCaseExecutor.processExecutionPhase(TestCaseExecutor.java:418)
	at com.kms.katalon.core.main.TestCaseExecutor.accessMainPhase(TestCaseExecutor.java:410)
	at com.kms.katalon.core.main.TestCaseExecutor.execute(TestCaseExecutor.java:285)
	at com.kms.katalon.core.main.TestCaseMain.runTestCase(TestCaseMain.java:137)
	at com.kms.katalon.core.keyword.builtin.CallTestCaseKeyword$_callTestCase_closure1.doCall(CallTestCaseKeyword.groovy:59)
	... 26 more
Caused by: org.openqa.selenium.ElementClickInterceptedException: element click intercepted: Element <button data-v-6cd27a7b="" id="btnCloseWindow" type="button" class="btn btn-outline-danger mr-2">...</button> is not clickable at point (816, 611). Other element would receive the click: <div class="popover-body">...</div>
  (Session info: chrome=141.0.7390.122)
Build info: version: '3.141.59', revision: 'unknown', time: 'unknown'
System info: host: 'DC1ADOBLD01', ip: '10.2.20.71', os.name: 'Windows Server 2019', os.arch: 'amd64', os.version: '10.0', java.version: '17.0.7'
Driver info: com.kms.katalon.selenium.driver.CChromeDriver
Capabilities {acceptInsecureCerts: false, browserName: chrome, browserVersion: 141.0.7390.122, chrome: {chromedriverVersion: 141.0.7390.122 (b477534e7e1..., userDataDir: C:\Windows\SystemTemp\scope...}, fedcm:accounts: true, goog:chromeOptions: {debuggerAddress: localhost:59611}, javascriptEnabled: true, networkConnectionEnabled: false, pageLoadStrategy: normal, platform: WINDOWS, platformName: WINDOWS, proxy: Proxy(), setWindowRect: true, strictFileInteractability: false, timeouts: {implicit: 0, pageLoad: 300000, script: 30000}, unhandledPromptBehavior: dismiss and notify, webauthn:extension:credBlob: true, webauthn:extension:largeBlob: true, webauthn:extension:minPinLength: true, webauthn:extension:prf: true, webauthn:virtualAuthenticators: true}
Session ID: 6984dfc0b1aa299d0eacfbb089de3e48
	at jdk.internal.reflect.GeneratedConstructorAccessor69.newInstance(Unknown Source)
	at java.base/jdk.internal.reflect.DelegatingConstructorAccessorImpl.newInstance(DelegatingConstructorAccessorImpl.java:45)
	at org.openqa.selenium.remote.http.W3CHttpResponseCodec.createException(W3CHttpResponseCodec.java:187)
	at org.openqa.selenium.remote.http.W3CHttpResponseCodec.decode(W3CHttpResponseCodec.java:122)
	at org.openqa.selenium.remote.http.W3CHttpResponseCodec.decode(W3CHttpResponseCodec.java:49)
	at org.openqa.selenium.remote.HttpCommandExecutor.execute(HttpCommandExecutor.java:158)
	at org.openqa.selenium.remote.service.DriverCommandExecutor.execute(DriverCommandExecutor.java:83)
	at org.openqa.selenium.remote.RemoteWebDriver.execute(RemoteWebDriver.java:552)
	at com.kms.katalon.selenium.driver.CChromeDriver.execute(CChromeDriver.java:19)
	at org.openqa.selenium.remote.RemoteWebElement.execute(RemoteWebElement.java:285)
	at org.openqa.selenium.remote.RemoteWebElement.click(RemoteWebElement.java:84)
	at jdk.internal.reflect.GeneratedMethodAccessor18.invoke(Unknown Source)
	at java.base/jdk.internal.reflect.DelegatingMethodAccessorImpl.invoke(DelegatingMethodAccessorImpl.java:43)
	at org.openqa.selenium.support.events.EventFiringWebDriver$EventFiringWebElement.lambda$new$0(EventFiringWebDriver.java:404)
	at jdk.proxy2/jdk.proxy2.$Proxy27.click(Unknown Source)
	at org.openqa.selenium.support.events.EventFiringWebDriver$EventFiringWebElement.click(EventFiringWebDriver.java:417)
	at org.openqa.selenium.WebElement$click.call(Unknown Source)
	at com.kms.katalon.core.webui.keyword.builtin.ClickKeyword.clickUntilSuccessWithTimeout(ClickKeyword.groovy:81)
	at com.kms.katalon.core.webui.keyword.builtin.ClickKeyword.clickUntilSuccessWithTimeout(ClickKeyword.groovy)
	at jdk.internal.reflect.GeneratedMethodAccessor16.invoke(Unknown Source)
	at java.base/jdk.internal.reflect.DelegatingMethodAccessorImpl.invoke(DelegatingMethodAccessorImpl.java:43)
	at com.kms.katalon.core.webui.keyword.builtin.ClickKeyword$_click_closure1.doCall(ClickKeyword.groovy:67)
	at com.kms.katalon.core.webui.keyword.builtin.ClickKeyword$_click_closure1.call(ClickKeyword.groovy)
	at com.kms.katalon.core.webui.keyword.internal.WebUIKeywordMain.runKeyword(WebUIKeywordMain.groovy:35)
	... 41 more
)

22-10-2025T11:15:26 - [TEST_CASE][FAILED] - Test Cases/TripFocus/SPG/SPG - Orders/SPG - Creating New Order: Test Cases/TripFocus/SPG/SPG - Orders/SPG - Creating New Order FAILED.
Reason:
com.kms.katalon.core.exception.StepFailedException: Unable to click on object 'Object Repository/TripFocus/Orders/Create New Order/Add Products/Close_btn'
	at com.kms.katalon.core.webui.keyword.internal.WebUIKeywordMain.stepFailed(WebUIKeywordMain.groovy:117)
	at com.kms.katalon.core.webui.keyword.internal.WebUIKeywordMain.runKeyword(WebUIKeywordMain.groovy:43)
	at com.kms.katalon.core.webui.keyword.builtin.ClickKeyword.click(ClickKeyword.groovy:74)
	at com.kms.katalon.core.webui.keyword.builtin.ClickKeyword.execute(ClickKeyword.groovy:40)
	at com.kms.katalon.core.keyword.internal.KeywordExecutor.executeKeywordForPlatform(KeywordExecutor.groovy:74)
	at com.kms.katalon.core.webui.keyword.WebUiBuiltInKeywords.click(WebUiBuiltInKeywords.groovy:659)
	at com.kms.katalon.core.webui.keyword.WebUiBuiltInKeywords$click$1.call(Unknown Source)
	at SPG - Creating New Order.run(SPG - Creating New Order:112)
	at com.kms.katalon.core.main.ScriptEngine.run(ScriptEngine.java:194)
	at com.kms.katalon.core.main.ScriptEngine.runScriptAsRawText(ScriptEngine.java:119)
	at com.kms.katalon.core.main.TestCaseExecutor.runScript(TestCaseExecutor.java:448)
	at com.kms.katalon.core.main.TestCaseExecutor.doExecute(TestCaseExecutor.java:439)
	at com.kms.katalon.core.main.TestCaseExecutor.processExecutionPhase(TestCaseExecutor.java:418)
	at com.kms.katalon.core.main.TestCaseExecutor.accessMainPhase(TestCaseExecutor.java:410)
	at com.kms.katalon.core.main.TestCaseExecutor.execute(TestCaseExecutor.java:285)
	at com.kms.katalon.core.main.TestCaseMain.runTestCase(TestCaseMain.java:137)
	at com.kms.katalon.core.keyword.builtin.CallTestCaseKeyword$_callTestCase_closure1.doCall(CallTestCaseKeyword.groovy:59)
	at com.kms.katalon.core.keyword.builtin.CallTestCaseKeyword$_callTestCase_closure1.call(CallTestCaseKeyword.groovy)
	at com.kms.katalon.core.keyword.internal.KeywordMain.runKeyword(KeywordMain.groovy:75)
	at com.kms.katalon.core.keyword.builtin.CallTestCaseKeyword.callTestCase(CallTestCaseKeyword.groovy:81)
	at com.kms.katalon.core.keyword.builtin.CallTestCaseKeyword.execute(CallTestCaseKeyword.groovy:44)
	at com.kms.katalon.core.keyword.internal.KeywordExecutor.executeKeywordForPlatform(KeywordExecutor.groovy:74)
	at com.kms.katalon.core.keyword.BuiltinKeywords.callTestCase(BuiltinKeywords.groovy:310)
	at java.base/jdk.internal.reflect.NativeMethodAccessorImpl.invoke0(Native Method)
	at java.base/jdk.internal.reflect.NativeMethodAccessorImpl.invoke(NativeMethodAccessorImpl.java:77)
	at java.base/jdk.internal.reflect.DelegatingMethodAccessorImpl.invoke(DelegatingMethodAccessorImpl.java:43)
	at SPG - Edit Created Order.run(SPG - Edit Created Order:20)
	at com.kms.katalon.core.main.ScriptEngine.run(ScriptEngine.java:194)
	at com.kms.katalon.core.main.ScriptEngine.runScriptAsRawText(ScriptEngine.java:119)
	at com.kms.katalon.core.main.TestCaseExecutor.runScript(TestCaseExecutor.java:448)
	at com.kms.katalon.core.main.TestCaseExecutor.doExecute(TestCaseExecutor.java:439)
	at com.kms.katalon.core.main.TestCaseExecutor.processExecutionPhase(TestCaseExecutor.java:418)
	at com.kms.katalon.core.main.TestCaseExecutor.accessMainPhase(TestCaseExecutor.java:410)
	at com.kms.katalon.core.main.TestCaseExecutor.execute(TestCaseExecutor.java:285)
	at com.kms.katalon.core.common.CommonExecutor.accessTestCaseMainPhase(CommonExecutor.java:65)
	at com.kms.katalon.core.main.TestSuiteExecutor.accessTestSuiteMainPhase(TestSuiteExecutor.java:150)
	at com.kms.katalon.core.main.TestSuiteExecutor.execute(TestSuiteExecutor.java:106)
	at com.kms.katalon.core.main.TestCaseMain.startTestSuite(TestCaseMain.java:180)
	at com.kms.katalon.core.main.TestCaseMain$startTestSuite$0.call(Unknown Source)
	at TempTestSuite1761139096516.run(TempTestSuite1761139096516.groovy:35)
	at java.base/jdk.internal.reflect.NativeMethodAccessorImpl.invoke0(Native Method)
	at java.base/jdk.internal.reflect.NativeMethodAccessorImpl.invoke(NativeMethodAccessorImpl.java:77)
	at java.base/jdk.internal.reflect.DelegatingMethodAccessorImpl.invoke(DelegatingMethodAccessorImpl.java:43)
Caused by: org.openqa.selenium.ElementClickInterceptedException: element click intercepted: Element <button data-v-6cd27a7b="" id="btnCloseWindow" type="button" class="btn btn-outline-danger mr-2">...</button> is not clickable at point (816, 611). Other element would receive the click: <div class="popover-body">...</div>
  (Session info: chrome=141.0.7390.122)
Build info: version: '3.141.59', revision: 'unknown', time: 'unknown'
System info: host: 'DC1ADOBLD01', ip: '10.2.20.71', os.name: 'Windows Server 2019', os.arch: 'amd64', os.version: '10.0', java.version: '17.0.7'
Driver info: com.kms.katalon.selenium.driver.CChromeDriver
Capabilities {acceptInsecureCerts: false, browserName: chrome, browserVersion: 141.0.7390.122, chrome: {chromedriverVersion: 141.0.7390.122 (b477534e7e1..., userDataDir: C:\Windows\SystemTemp\scope...}, fedcm:accounts: true, goog:chromeOptions: {debuggerAddress: localhost:59611}, javascriptEnabled: true, networkConnectionEnabled: false, pageLoadStrategy: normal, platform: WINDOWS, platformName: WINDOWS, proxy: Proxy(), setWindowRect: true, strictFileInteractability: false, timeouts: {implicit: 0, pageLoad: 300000, script: 30000}, unhandledPromptBehavior: dismiss and notify, webauthn:extension:credBlob: true, webauthn:extension:largeBlob: true, webauthn:extension:minPinLength: true, webauthn:extension:prf: true, webauthn:virtualAuthenticators: true}
Session ID: 6984dfc0b1aa299d0eacfbb089de3e48
	at jdk.internal.reflect.GeneratedConstructorAccessor69.newInstance(Unknown Source)
	at java.base/jdk.internal.reflect.DelegatingConstructorAccessorImpl.newInstance(DelegatingConstructorAccessorImpl.java:45)
	at org.openqa.selenium.remote.http.W3CHttpResponseCodec.createException(W3CHttpResponseCodec.java:187)
	at org.openqa.selenium.remote.http.W3CHttpResponseCodec.decode(W3CHttpResponseCodec.java:122)
	at org.openqa.selenium.remote.http.W3CHttpResponseCodec.decode(W3CHttpResponseCodec.java:49)
	at org.openqa.selenium.remote.HttpCommandExecutor.execute(HttpCommandExecutor.java:158)
	at org.openqa.selenium.remote.service.DriverCommandExecutor.execute(DriverCommandExecutor.java:83)
	at org.openqa.selenium.remote.RemoteWebDriver.execute(RemoteWebDriver.java:552)
	at com.kms.katalon.selenium.driver.CChromeDriver.execute(CChromeDriver.java:19)
	at org.openqa.selenium.remote.RemoteWebElement.execute(RemoteWebElement.java:285)
	at org.openqa.selenium.remote.RemoteWebElement.click(RemoteWebElement.java:84)
	at jdk.internal.reflect.GeneratedMethodAccessor18.invoke(Unknown Source)
	at java.base/jdk.internal.reflect.DelegatingMethodAccessorImpl.invoke(DelegatingMethodAccessorImpl.java:43)
	at org.openqa.selenium.support.events.EventFiringWebDriver$EventFiringWebElement.lambda$new$0(EventFiringWebDriver.java:404)
	at jdk.proxy2/jdk.proxy2.$Proxy27.click(Unknown Source)
	at org.openqa.selenium.support.events.EventFiringWebDriver$EventFiringWebElement.click(EventFiringWebDriver.java:417)
	at org.openqa.selenium.WebElement$click.call(Unknown Source)
	at com.kms.katalon.core.webui.keyword.builtin.ClickKeyword.clickUntilSuccessWithTimeout(ClickKeyword.groovy:81)
	at com.kms.katalon.core.webui.keyword.builtin.ClickKeyword.clickUntilSuccessWithTimeout(ClickKeyword.groovy)
	at jdk.internal.reflect.GeneratedMethodAccessor16.invoke(Unknown Source)
	at java.base/jdk.internal.reflect.DelegatingMethodAccessorImpl.invoke(DelegatingMethodAccessorImpl.java:43)
	at com.kms.katalon.core.webui.keyword.builtin.ClickKeyword$_click_closure1.doCall(ClickKeyword.groovy:67)
	at com.kms.katalon.core.webui.keyword.builtin.ClickKeyword$_click_closure1.call(ClickKeyword.groovy)
	at com.kms.katalon.core.webui.keyword.internal.WebUIKeywordMain.runKeyword(WebUIKeywordMain.groovy:35)
	... 41 more


22-10-2025T11:15:26 - [TEST_STEP][PASSED] - callTestCase(findTestCase("Utility Scripts/Open Browser"), ["destinationURL":TFBaseURL], STOP_ON_FAILURE): Call Test Case 'Test Cases/Utility Scripts/Open Browser' successfully

22-10-2025T11:15:26 - [TEST_CASE][PASSED] - Test Cases/Utility Scripts/Open Browser: Test Cases/Utility Scripts/Open Browser

22-10-2025T11:15:26 - [TEST_STEP][PASSED] - openBrowser(""): Browser is opened with url: ''

22-10-2025T11:15:26 - [MESSAGE][WARNING] - A browser is already opened. Closing browser and opening a new one

22-10-2025T11:15:26 - [MESSAGE][INFO] - Starting 'Chrome' driver

22-10-2025T11:15:26 - [MESSAGE][INFO] - User set preference: ['args', '[--no-sandbox, --disable-gpu, --disable-dev-shm-usage]']

22-10-2025T11:15:26 - [MESSAGE][INFO] - Action delay is set to 0 milliseconds

22-10-2025T11:15:27 - [MESSAGE][PASSED] - Browser is opened with url: ''

22-10-2025T11:15:27 - [TEST_STEP][PASSED] - navigateToUrl(destinationURL): Navigate to 'https://www.qa.tripfocus.com' successfully

22-10-2025T11:15:28 - [MESSAGE][PASSED] - Navigate to 'https://www.qa.tripfocus.com' successfully

22-10-2025T11:15:28 - [TEST_STEP][PASSED] - if (maximizeWindow == true): Current window maximized

22-10-2025T11:15:28 - [TEST_STEP][PASSED] - maximizeWindow(STOP_ON_FAILURE): Current window maximized

22-10-2025T11:15:28 - [MESSAGE][PASSED] - Current window maximized

22-10-2025T11:15:28 - [MESSAGE][PASSED] - Call Test Case 'Test Cases/Utility Scripts/Open Browser' successfully

22-10-2025T11:15:28 - [TEST_STEP][PASSED] - callTestCase(findTestCase("Utility Scripts/TF Sign In"), ["userName":TripFocusBleachTechSPGUsername, "password":TripFocusFDGSPGPassword], STOP_ON_FAILURE): Call Test Case 'Test Cases/Utility Scripts/TF Sign In' successfully

22-10-2025T11:15:28 - [TEST_CASE][PASSED] - Test Cases/Utility Scripts/TF Sign In: Test Cases/Utility Scripts/TF Sign In

22-10-2025T11:15:28 - [TEST_STEP][PASSED] - click(findTestObject("Object Repository/TripFocus/Page_TripFocus/button_Sign in")): Object: 'Object Repository/TripFocus/Page_TripFocus/button_Sign in' is clicked on

22-10-2025T11:15:28 - [MESSAGE][PASSED] - Object: 'Object Repository/TripFocus/Page_TripFocus/button_Sign in' is clicked on

22-10-2025T11:15:28 - [TEST_STEP][PASSED] - setText(findTestObject("Object Repository/TripFocus/Page_TripFocus/input_Username (e.g. email address)_Username"), userName): Text 'Ashford.Chenault+BleachtechCustomerSPGONLY@thekag.com' is set on object 'Object Repository/TripFocus/Page_TripFocus/input_Username (e.g. email address)_Username'

22-10-2025T11:15:29 - [MESSAGE][PASSED] - Text 'Ashford.Chenault+BleachtechCustomerSPGONLY@thekag.com' is set on object 'Object Repository/TripFocus/Page_TripFocus/input_Username (e.g. email address)_Username'

22-10-2025T11:15:29 - [TEST_STEP][PASSED] - setText(findTestObject("Object Repository/TripFocus/Page_TripFocus/input_Password_Password"), password): Text 'CrashBan911!!' is set on object 'Object Repository/TripFocus/Page_TripFocus/input_Password_Password'

22-10-2025T11:15:29 - [MESSAGE][PASSED] - Text 'CrashBan911!!' is set on object 'Object Repository/TripFocus/Page_TripFocus/input_Password_Password'

22-10-2025T11:15:29 - [TEST_STEP][PASSED] - click(findTestObject("Object Repository/TripFocus/Page_TripFocus/button_Login")): Object: 'Object Repository/TripFocus/Page_TripFocus/button_Login' is clicked on

22-10-2025T11:15:29 - [MESSAGE][PASSED] - Object: 'Object Repository/TripFocus/Page_TripFocus/button_Login' is clicked on

22-10-2025T11:15:29 - [TEST_STEP][PASSED] - maximizeWindow(): Current window maximized

22-10-2025T11:15:30 - [MESSAGE][PASSED] - Current window maximized

22-10-2025T11:15:30 - [TEST_STEP][PASSED] - waitForElementVisible(findTestObject("TripFocus/Testing_Notification_btn"), 5, OPTIONAL): Web element with id: 'Object Repository/TripFocus/Testing_Notification_btn' located by '//*[@id="__BVID__10___BV_modal_footer_"]/button' not found

22-10-2025T11:15:36 - [MESSAGE][INFO] - Unable to find the element located by 'By.xpath: //*[@id="__BVID__10___BV_modal_footer_"]/button'. Please recheck the objects properties to make sure the desired element is located. 

22-10-2025T11:15:36 - [MESSAGE][WARNING] - [SELF-HEALING] Failed to find element with id 'Object Repository/TripFocus/Testing_Notification_btn'. Try using Self-healing.

22-10-2025T11:15:37 - [MESSAGE][INFO] - [SELF-HEALING] No working XPath is found.

22-10-2025T11:15:39 - [MESSAGE][INFO] - Unable to find the element located by 'By.xpath: '. Please recheck the objects properties to make sure the desired element is located. 

22-10-2025T11:15:39 - [MESSAGE][WARNING] - [SELF-HEALING] Cannot find elements when the selector is null

22-10-2025T11:15:39 - [MESSAGE][WARNING] - Web element with id: 'Object Repository/TripFocus/Testing_Notification_btn' located by '//*[@id="__BVID__10___BV_modal_footer_"]/button' not found

22-10-2025T11:15:39 - [TEST_STEP][PASSED] - if (verifyElementVisible(findTestObject("TripFocus/Testing_Notification_btn"), OPTIONAL) == true): Web element with id: 'Object Repository/TripFocus/Testing_Notification_btn' located by '//*[@id="__BVID__10___BV_modal_footer_"]/button' not found (Root cause: com.kms.katalon.core.exception.StepFailedException: Web element with id: 'Object Repository/TripFocus/Testing_Notification_btn' located by '//*[@id="__BVID__10___BV_modal_footer_"]/button' not found
	at com.kms.katalon.core.webui.keyword.internal.WebUIKeywordMain.stepFailed(WebUIKeywordMain.groovy:117)
	at com.kms.katalon.core.webui.keyword.builtin.VerifyElementVisibleKeyword$_verifyElementVisible_closure1.doCall(VerifyElementVisibleKeyword.groovy:89)
	at com.kms.katalon.core.webui.keyword.builtin.VerifyElementVisibleKeyword$_verifyElementVisible_closure1.call(VerifyElementVisibleKeyword.groovy)
	at com.kms.katalon.core.webui.keyword.internal.WebUIKeywordMain.runKeyword(WebUIKeywordMain.groovy:35)
	at com.kms.katalon.core.webui.keyword.builtin.VerifyElementVisibleKeyword.verifyElementVisible(VerifyElementVisibleKeyword.groovy:97)
	at com.kms.katalon.core.webui.keyword.builtin.VerifyElementVisibleKeyword.execute(VerifyElementVisibleKeyword.groovy:67)
	at com.kms.katalon.core.keyword.internal.KeywordExecutor.executeKeywordForPlatform(KeywordExecutor.groovy:74)
	at com.kms.katalon.core.webui.keyword.WebUiBuiltInKeywords.verifyElementVisible(WebUiBuiltInKeywords.groovy:401)
	at com.kms.katalon.core.webui.keyword.WebUiBuiltInKeywords$verifyElementVisible$5.call(Unknown Source)
	at TF Sign In.run(TF Sign In:33)
	at com.kms.katalon.core.main.ScriptEngine.run(ScriptEngine.java:194)
	at com.kms.katalon.core.main.ScriptEngine.runScriptAsRawText(ScriptEngine.java:119)
	at com.kms.katalon.core.main.TestCaseExecutor.runScript(TestCaseExecutor.java:448)
	at com.kms.katalon.core.main.TestCaseExecutor.doExecute(TestCaseExecutor.java:439)
	at com.kms.katalon.core.main.TestCaseExecutor.processExecutionPhase(TestCaseExecutor.java:418)
	at com.kms.katalon.core.main.TestCaseExecutor.accessMainPhase(TestCaseExecutor.java:410)
	at com.kms.katalon.core.main.TestCaseExecutor.execute(TestCaseExecutor.java:285)
	at com.kms.katalon.core.main.TestCaseMain.runTestCase(TestCaseMain.java:137)
	at com.kms.katalon.core.keyword.builtin.CallTestCaseKeyword$_callTestCase_closure1.doCall(CallTestCaseKeyword.groovy:59)
	at com.kms.katalon.core.keyword.builtin.CallTestCaseKeyword$_callTestCase_closure1.call(CallTestCaseKeyword.groovy)
	at com.kms.katalon.core.keyword.internal.KeywordMain.runKeyword(KeywordMain.groovy:75)
	at com.kms.katalon.core.keyword.builtin.CallTestCaseKeyword.callTestCase(CallTestCaseKeyword.groovy:81)
	at com.kms.katalon.core.keyword.builtin.CallTestCaseKeyword.execute(CallTestCaseKeyword.groovy:44)
	at com.kms.katalon.core.keyword.internal.KeywordExecutor.executeKeywordForPlatform(KeywordExecutor.groovy:74)
	at com.kms.katalon.core.keyword.BuiltinKeywords.callTestCase(BuiltinKeywords.groovy:310)
	at java.base/jdk.internal.reflect.NativeMethodAccessorImpl.invoke0(Native Method)
	at java.base/jdk.internal.reflect.NativeMethodAccessorImpl.invoke(NativeMethodAccessorImpl.java:77)
	at java.base/jdk.internal.reflect.DelegatingMethodAccessorImpl.invoke(DelegatingMethodAccessorImpl.java:43)
	at SPG - Creating New Order.run(SPG - Creating New Order:22)
	at com.kms.katalon.core.main.ScriptEngine.run(ScriptEngine.java:194)
	at com.kms.katalon.core.main.ScriptEngine.runScriptAsRawText(ScriptEngine.java:119)
	at com.kms.katalon.core.main.TestCaseExecutor.runScript(TestCaseExecutor.java:448)
	at com.kms.katalon.core.main.TestCaseExecutor.doExecute(TestCaseExecutor.java:439)
	at com.kms.katalon.core.main.TestCaseExecutor.processExecutionPhase(TestCaseExecutor.java:418)
	at com.kms.katalon.core.main.TestCaseExecutor.accessMainPhase(TestCaseExecutor.java:410)
	at com.kms.katalon.core.main.TestCaseExecutor.execute(TestCaseExecutor.java:285)
	at com.kms.katalon.core.main.TestCaseMain.runTestCase(TestCaseMain.java:137)
	at com.kms.katalon.core.keyword.builtin.CallTestCaseKeyword$_callTestCase_closure1.doCall(CallTestCaseKeyword.groovy:59)
	at com.kms.katalon.core.keyword.builtin.CallTestCaseKeyword$_callTestCase_closure1.call(CallTestCaseKeyword.groovy)
	at com.kms.katalon.core.keyword.internal.KeywordMain.runKeyword(KeywordMain.groovy:75)
	at com.kms.katalon.core.keyword.builtin.CallTestCaseKeyword.callTestCase(CallTestCaseKeyword.groovy:81)
	at com.kms.katalon.core.keyword.builtin.CallTestCaseKeyword.execute(CallTestCaseKeyword.groovy:44)
	at com.kms.katalon.core.keyword.internal.KeywordExecutor.executeKeywordForPlatform(KeywordExecutor.groovy:74)
	at com.kms.katalon.core.keyword.BuiltinKeywords.callTestCase(BuiltinKeywords.groovy:310)
	at java.base/jdk.internal.reflect.NativeMethodAccessorImpl.invoke0(Native Method)
	at java.base/jdk.internal.reflect.NativeMethodAccessorImpl.invoke(NativeMethodAccessorImpl.java:77)
	at java.base/jdk.internal.reflect.DelegatingMethodAccessorImpl.invoke(DelegatingMethodAccessorImpl.java:43)
	at SPG - Edit Created Order.run(SPG - Edit Created Order:20)
	at com.kms.katalon.core.main.ScriptEngine.run(ScriptEngine.java:194)
	at com.kms.katalon.core.main.ScriptEngine.runScriptAsRawText(ScriptEngine.java:119)
	at com.kms.katalon.core.main.TestCaseExecutor.runScript(TestCaseExecutor.java:448)
	at com.kms.katalon.core.main.TestCaseExecutor.doExecute(TestCaseExecutor.java:439)
	at com.kms.katalon.core.main.TestCaseExecutor.processExecutionPhase(TestCaseExecutor.java:418)
	at com.kms.katalon.core.main.TestCaseExecutor.accessMainPhase(TestCaseExecutor.java:410)
	at com.kms.katalon.core.main.TestCaseExecutor.execute(TestCaseExecutor.java:285)
	at com.kms.katalon.core.common.CommonExecutor.accessTestCaseMainPhase(CommonExecutor.java:65)
	at com.kms.katalon.core.main.TestSuiteExecutor.accessTestSuiteMainPhase(TestSuiteExecutor.java:150)
	at com.kms.katalon.core.main.TestSuiteExecutor.execute(TestSuiteExecutor.java:106)
	at com.kms.katalon.core.main.TestCaseMain.startTestSuite(TestCaseMain.java:180)
	at com.kms.katalon.core.main.TestCaseMain$startTestSuite$0.call(Unknown Source)
	at TempTestSuite1761139096516.run(TempTestSuite1761139096516.groovy:35)
	at java.base/jdk.internal.reflect.NativeMethodAccessorImpl.invoke0(Native Method)
	at java.base/jdk.internal.reflect.NativeMethodAccessorImpl.invoke(NativeMethodAccessorImpl.java:77)
	at java.base/jdk.internal.reflect.DelegatingMethodAccessorImpl.invoke(DelegatingMethodAccessorImpl.java:43)
)

22-10-2025T11:15:55 - [MESSAGE][INFO] - Unable to find the element located by 'By.xpath: //*[@id="__BVID__10___BV_modal_footer_"]/button'. Please recheck the objects properties to make sure the desired element is located. 

22-10-2025T11:15:55 - [MESSAGE][WARNING] - [SELF-HEALING] Failed to find element with id 'Object Repository/TripFocus/Testing_Notification_btn'. Try using Self-healing.

22-10-2025T11:15:56 - [MESSAGE][INFO] - [SELF-HEALING] No working XPath is found.

22-10-2025T11:15:58 - [MESSAGE][INFO] - Unable to find the element located by 'By.xpath: '. Please recheck the objects properties to make sure the desired element is located. 

22-10-2025T11:15:58 - [MESSAGE][WARNING] - [SELF-HEALING] Cannot find elements when the selector is null

22-10-2025T11:15:58 - [MESSAGE][WARNING] - Web element with id: 'Object Repository/TripFocus/Testing_Notification_btn' located by '//*[@id="__BVID__10___BV_modal_footer_"]/button' not found (Root cause: com.kms.katalon.core.exception.StepFailedException: Web element with id: 'Object Repository/TripFocus/Testing_Notification_btn' located by '//*[@id="__BVID__10___BV_modal_footer_"]/button' not found
	at com.kms.katalon.core.webui.keyword.internal.WebUIKeywordMain.stepFailed(WebUIKeywordMain.groovy:117)
	at com.kms.katalon.core.webui.keyword.builtin.VerifyElementVisibleKeyword$_verifyElementVisible_closure1.doCall(VerifyElementVisibleKeyword.groovy:89)
	at com.kms.katalon.core.webui.keyword.builtin.VerifyElementVisibleKeyword$_verifyElementVisible_closure1.call(VerifyElementVisibleKeyword.groovy)
	at com.kms.katalon.core.webui.keyword.internal.WebUIKeywordMain.runKeyword(WebUIKeywordMain.groovy:35)
	at com.kms.katalon.core.webui.keyword.builtin.VerifyElementVisibleKeyword.verifyElementVisible(VerifyElementVisibleKeyword.groovy:97)
	at com.kms.katalon.core.webui.keyword.builtin.VerifyElementVisibleKeyword.execute(VerifyElementVisibleKeyword.groovy:67)
	at com.kms.katalon.core.keyword.internal.KeywordExecutor.executeKeywordForPlatform(KeywordExecutor.groovy:74)
	at com.kms.katalon.core.webui.keyword.WebUiBuiltInKeywords.verifyElementVisible(WebUiBuiltInKeywords.groovy:401)
	at com.kms.katalon.core.webui.keyword.WebUiBuiltInKeywords$verifyElementVisible$5.call(Unknown Source)
	at TF Sign In.run(TF Sign In:33)
	at com.kms.katalon.core.main.ScriptEngine.run(ScriptEngine.java:194)
	at com.kms.katalon.core.main.ScriptEngine.runScriptAsRawText(ScriptEngine.java:119)
	at com.kms.katalon.core.main.TestCaseExecutor.runScript(TestCaseExecutor.java:448)
	at com.kms.katalon.core.main.TestCaseExecutor.doExecute(TestCaseExecutor.java:439)
	at com.kms.katalon.core.main.TestCaseExecutor.processExecutionPhase(TestCaseExecutor.java:418)
	at com.kms.katalon.core.main.TestCaseExecutor.accessMainPhase(TestCaseExecutor.java:410)
	at com.kms.katalon.core.main.TestCaseExecutor.execute(TestCaseExecutor.java:285)
	at com.kms.katalon.core.main.TestCaseMain.runTestCase(TestCaseMain.java:137)
	at com.kms.katalon.core.keyword.builtin.CallTestCaseKeyword$_callTestCase_closure1.doCall(CallTestCaseKeyword.groovy:59)
	at com.kms.katalon.core.keyword.builtin.CallTestCaseKeyword$_callTestCase_closure1.call(CallTestCaseKeyword.groovy)
	at com.kms.katalon.core.keyword.internal.KeywordMain.runKeyword(KeywordMain.groovy:75)
	at com.kms.katalon.core.keyword.builtin.CallTestCaseKeyword.callTestCase(CallTestCaseKeyword.groovy:81)
	at com.kms.katalon.core.keyword.builtin.CallTestCaseKeyword.execute(CallTestCaseKeyword.groovy:44)
	at com.kms.katalon.core.keyword.internal.KeywordExecutor.executeKeywordForPlatform(KeywordExecutor.groovy:74)
	at com.kms.katalon.core.keyword.BuiltinKeywords.callTestCase(BuiltinKeywords.groovy:310)
	at java.base/jdk.internal.reflect.NativeMethodAccessorImpl.invoke0(Native Method)
	at java.base/jdk.internal.reflect.NativeMethodAccessorImpl.invoke(NativeMethodAccessorImpl.java:77)
	at java.base/jdk.internal.reflect.DelegatingMethodAccessorImpl.invoke(DelegatingMethodAccessorImpl.java:43)
	at SPG - Creating New Order.run(SPG - Creating New Order:22)
	at com.kms.katalon.core.main.ScriptEngine.run(ScriptEngine.java:194)
	at com.kms.katalon.core.main.ScriptEngine.runScriptAsRawText(ScriptEngine.java:119)
	at com.kms.katalon.core.main.TestCaseExecutor.runScript(TestCaseExecutor.java:448)
	at com.kms.katalon.core.main.TestCaseExecutor.doExecute(TestCaseExecutor.java:439)
	at com.kms.katalon.core.main.TestCaseExecutor.processExecutionPhase(TestCaseExecutor.java:418)
	at com.kms.katalon.core.main.TestCaseExecutor.accessMainPhase(TestCaseExecutor.java:410)
	at com.kms.katalon.core.main.TestCaseExecutor.execute(TestCaseExecutor.java:285)
	at com.kms.katalon.core.main.TestCaseMain.runTestCase(TestCaseMain.java:137)
	at com.kms.katalon.core.keyword.builtin.CallTestCaseKeyword$_callTestCase_closure1.doCall(CallTestCaseKeyword.groovy:59)
	at com.kms.katalon.core.keyword.builtin.CallTestCaseKeyword$_callTestCase_closure1.call(CallTestCaseKeyword.groovy)
	at com.kms.katalon.core.keyword.internal.KeywordMain.runKeyword(KeywordMain.groovy:75)
	at com.kms.katalon.core.keyword.builtin.CallTestCaseKeyword.callTestCase(CallTestCaseKeyword.groovy:81)
	at com.kms.katalon.core.keyword.builtin.CallTestCaseKeyword.execute(CallTestCaseKeyword.groovy:44)
	at com.kms.katalon.core.keyword.internal.KeywordExecutor.executeKeywordForPlatform(KeywordExecutor.groovy:74)
	at com.kms.katalon.core.keyword.BuiltinKeywords.callTestCase(BuiltinKeywords.groovy:310)
	at java.base/jdk.internal.reflect.NativeMethodAccessorImpl.invoke0(Native Method)
	at java.base/jdk.internal.reflect.NativeMethodAccessorImpl.invoke(NativeMethodAccessorImpl.java:77)
	at java.base/jdk.internal.reflect.DelegatingMethodAccessorImpl.invoke(DelegatingMethodAccessorImpl.java:43)
	at SPG - Edit Created Order.run(SPG - Edit Created Order:20)
	at com.kms.katalon.core.main.ScriptEngine.run(ScriptEngine.java:194)
	at com.kms.katalon.core.main.ScriptEngine.runScriptAsRawText(ScriptEngine.java:119)
	at com.kms.katalon.core.main.TestCaseExecutor.runScript(TestCaseExecutor.java:448)
	at com.kms.katalon.core.main.TestCaseExecutor.doExecute(TestCaseExecutor.java:439)
	at com.kms.katalon.core.main.TestCaseExecutor.processExecutionPhase(TestCaseExecutor.java:418)
	at com.kms.katalon.core.main.TestCaseExecutor.accessMainPhase(TestCaseExecutor.java:410)
	at com.kms.katalon.core.main.TestCaseExecutor.execute(TestCaseExecutor.java:285)
	at com.kms.katalon.core.common.CommonExecutor.accessTestCaseMainPhase(CommonExecutor.java:65)
	at com.kms.katalon.core.main.TestSuiteExecutor.accessTestSuiteMainPhase(TestSuiteExecutor.java:150)
	at com.kms.katalon.core.main.TestSuiteExecutor.execute(TestSuiteExecutor.java:106)
	at com.kms.katalon.core.main.TestCaseMain.startTestSuite(TestCaseMain.java:180)
	at com.kms.katalon.core.main.TestCaseMain$startTestSuite$0.call(Unknown Source)
	at TempTestSuite1761139096516.run(TempTestSuite1761139096516.groovy:35)
	at java.base/jdk.internal.reflect.NativeMethodAccessorImpl.invoke0(Native Method)
	at java.base/jdk.internal.reflect.NativeMethodAccessorImpl.invoke(NativeMethodAccessorImpl.java:77)
	at java.base/jdk.internal.reflect.DelegatingMethodAccessorImpl.invoke(DelegatingMethodAccessorImpl.java:43)
)

22-10-2025T11:15:58 - [MESSAGE][PASSED] - Call Test Case 'Test Cases/Utility Scripts/TF Sign In' successfully

22-10-2025T11:15:58 - [TEST_STEP][PASSED] - if (verifyElementVisible(findTestObject("TripFocus/Testing_Notification_btn"), OPTIONAL) == true): Web element with id: 'Object Repository/TripFocus/Testing_Notification_btn' located by '//*[@id="__BVID__10___BV_modal_footer_"]/button' not found (Root cause: com.kms.katalon.core.exception.StepFailedException: Web element with id: 'Object Repository/TripFocus/Testing_Notification_btn' located by '//*[@id="__BVID__10___BV_modal_footer_"]/button' not found
	at com.kms.katalon.core.webui.keyword.internal.WebUIKeywordMain.stepFailed(WebUIKeywordMain.groovy:117)
	at com.kms.katalon.core.webui.keyword.builtin.VerifyElementVisibleKeyword$_verifyElementVisible_closure1.doCall(VerifyElementVisibleKeyword.groovy:89)
	at com.kms.katalon.core.webui.keyword.builtin.VerifyElementVisibleKeyword$_verifyElementVisible_closure1.call(VerifyElementVisibleKeyword.groovy)
	at com.kms.katalon.core.webui.keyword.internal.WebUIKeywordMain.runKeyword(WebUIKeywordMain.groovy:35)
	at com.kms.katalon.core.webui.keyword.builtin.VerifyElementVisibleKeyword.verifyElementVisible(VerifyElementVisibleKeyword.groovy:97)
	at com.kms.katalon.core.webui.keyword.builtin.VerifyElementVisibleKeyword.execute(VerifyElementVisibleKeyword.groovy:67)
	at com.kms.katalon.core.keyword.internal.KeywordExecutor.executeKeywordForPlatform(KeywordExecutor.groovy:74)
	at com.kms.katalon.core.webui.keyword.WebUiBuiltInKeywords.verifyElementVisible(WebUiBuiltInKeywords.groovy:401)
	at com.kms.katalon.core.webui.keyword.WebUiBuiltInKeywords$verifyElementVisible$5.call(Unknown Source)
	at SPG - Creating New Order.run(SPG - Creating New Order:26)
	at com.kms.katalon.core.main.ScriptEngine.run(ScriptEngine.java:194)
	at com.kms.katalon.core.main.ScriptEngine.runScriptAsRawText(ScriptEngine.java:119)
	at com.kms.katalon.core.main.TestCaseExecutor.runScript(TestCaseExecutor.java:448)
	at com.kms.katalon.core.main.TestCaseExecutor.doExecute(TestCaseExecutor.java:439)
	at com.kms.katalon.core.main.TestCaseExecutor.processExecutionPhase(TestCaseExecutor.java:418)
	at com.kms.katalon.core.main.TestCaseExecutor.accessMainPhase(TestCaseExecutor.java:410)
	at com.kms.katalon.core.main.TestCaseExecutor.execute(TestCaseExecutor.java:285)
	at com.kms.katalon.core.main.TestCaseMain.runTestCase(TestCaseMain.java:137)
	at com.kms.katalon.core.keyword.builtin.CallTestCaseKeyword$_callTestCase_closure1.doCall(CallTestCaseKeyword.groovy:59)
	at com.kms.katalon.core.keyword.builtin.CallTestCaseKeyword$_callTestCase_closure1.call(CallTestCaseKeyword.groovy)
	at com.kms.katalon.core.keyword.internal.KeywordMain.runKeyword(KeywordMain.groovy:75)
	at com.kms.katalon.core.keyword.builtin.CallTestCaseKeyword.callTestCase(CallTestCaseKeyword.groovy:81)
	at com.kms.katalon.core.keyword.builtin.CallTestCaseKeyword.execute(CallTestCaseKeyword.groovy:44)
	at com.kms.katalon.core.keyword.internal.KeywordExecutor.executeKeywordForPlatform(KeywordExecutor.groovy:74)
	at com.kms.katalon.core.keyword.BuiltinKeywords.callTestCase(BuiltinKeywords.groovy:310)
	at java.base/jdk.internal.reflect.NativeMethodAccessorImpl.invoke0(Native Method)
	at java.base/jdk.internal.reflect.NativeMethodAccessorImpl.invoke(NativeMethodAccessorImpl.java:77)
	at java.base/jdk.internal.reflect.DelegatingMethodAccessorImpl.invoke(DelegatingMethodAccessorImpl.java:43)
	at SPG - Edit Created Order.run(SPG - Edit Created Order:20)
	at com.kms.katalon.core.main.ScriptEngine.run(ScriptEngine.java:194)
	at com.kms.katalon.core.main.ScriptEngine.runScriptAsRawText(ScriptEngine.java:119)
	at com.kms.katalon.core.main.TestCaseExecutor.runScript(TestCaseExecutor.java:448)
	at com.kms.katalon.core.main.TestCaseExecutor.doExecute(TestCaseExecutor.java:439)
	at com.kms.katalon.core.main.TestCaseExecutor.processExecutionPhase(TestCaseExecutor.java:418)
	at com.kms.katalon.core.main.TestCaseExecutor.accessMainPhase(TestCaseExecutor.java:410)
	at com.kms.katalon.core.main.TestCaseExecutor.execute(TestCaseExecutor.java:285)
	at com.kms.katalon.core.common.CommonExecutor.accessTestCaseMainPhase(CommonExecutor.java:65)
	at com.kms.katalon.core.main.TestSuiteExecutor.accessTestSuiteMainPhase(TestSuiteExecutor.java:150)
	at com.kms.katalon.core.main.TestSuiteExecutor.execute(TestSuiteExecutor.java:106)
	at com.kms.katalon.core.main.TestCaseMain.startTestSuite(TestCaseMain.java:180)
	at com.kms.katalon.core.main.TestCaseMain$startTestSuite$0.call(Unknown Source)
	at TempTestSuite1761139096516.run(TempTestSuite1761139096516.groovy:35)
	at java.base/jdk.internal.reflect.NativeMethodAccessorImpl.invoke0(Native Method)
	at java.base/jdk.internal.reflect.NativeMethodAccessorImpl.invoke(NativeMethodAccessorImpl.java:77)
	at java.base/jdk.internal.reflect.DelegatingMethodAccessorImpl.invoke(DelegatingMethodAccessorImpl.java:43)
)

22-10-2025T11:16:14 - [MESSAGE][INFO] - Unable to find the element located by 'By.xpath: //*[@id="__BVID__10___BV_modal_footer_"]/button'. Please recheck the objects properties to make sure the desired element is located. 

22-10-2025T11:16:14 - [MESSAGE][WARNING] - [SELF-HEALING] Failed to find element with id 'Object Repository/TripFocus/Testing_Notification_btn'. Try using Self-healing.

22-10-2025T11:16:15 - [MESSAGE][INFO] - [SELF-HEALING] No working XPath is found.

22-10-2025T11:16:17 - [MESSAGE][INFO] - Unable to find the element located by 'By.xpath: '. Please recheck the objects properties to make sure the desired element is located. 

22-10-2025T11:16:17 - [MESSAGE][WARNING] - [SELF-HEALING] Cannot find elements when the selector is null

22-10-2025T11:16:17 - [MESSAGE][WARNING] - Web element with id: 'Object Repository/TripFocus/Testing_Notification_btn' located by '//*[@id="__BVID__10___BV_modal_footer_"]/button' not found (Root cause: com.kms.katalon.core.exception.StepFailedException: Web element with id: 'Object Repository/TripFocus/Testing_Notification_btn' located by '//*[@id="__BVID__10___BV_modal_footer_"]/button' not found
	at com.kms.katalon.core.webui.keyword.internal.WebUIKeywordMain.stepFailed(WebUIKeywordMain.groovy:117)
	at com.kms.katalon.core.webui.keyword.builtin.VerifyElementVisibleKeyword$_verifyElementVisible_closure1.doCall(VerifyElementVisibleKeyword.groovy:89)
	at com.kms.katalon.core.webui.keyword.builtin.VerifyElementVisibleKeyword$_verifyElementVisible_closure1.call(VerifyElementVisibleKeyword.groovy)
	at com.kms.katalon.core.webui.keyword.internal.WebUIKeywordMain.runKeyword(WebUIKeywordMain.groovy:35)
	at com.kms.katalon.core.webui.keyword.builtin.VerifyElementVisibleKeyword.verifyElementVisible(VerifyElementVisibleKeyword.groovy:97)
	at com.kms.katalon.core.webui.keyword.builtin.VerifyElementVisibleKeyword.execute(VerifyElementVisibleKeyword.groovy:67)
	at com.kms.katalon.core.keyword.internal.KeywordExecutor.executeKeywordForPlatform(KeywordExecutor.groovy:74)
	at com.kms.katalon.core.webui.keyword.WebUiBuiltInKeywords.verifyElementVisible(WebUiBuiltInKeywords.groovy:401)
	at com.kms.katalon.core.webui.keyword.WebUiBuiltInKeywords$verifyElementVisible$5.call(Unknown Source)
	at SPG - Creating New Order.run(SPG - Creating New Order:26)
	at com.kms.katalon.core.main.ScriptEngine.run(ScriptEngine.java:194)
	at com.kms.katalon.core.main.ScriptEngine.runScriptAsRawText(ScriptEngine.java:119)
	at com.kms.katalon.core.main.TestCaseExecutor.runScript(TestCaseExecutor.java:448)
	at com.kms.katalon.core.main.TestCaseExecutor.doExecute(TestCaseExecutor.java:439)
	at com.kms.katalon.core.main.TestCaseExecutor.processExecutionPhase(TestCaseExecutor.java:418)
	at com.kms.katalon.core.main.TestCaseExecutor.accessMainPhase(TestCaseExecutor.java:410)
	at com.kms.katalon.core.main.TestCaseExecutor.execute(TestCaseExecutor.java:285)
	at com.kms.katalon.core.main.TestCaseMain.runTestCase(TestCaseMain.java:137)
	at com.kms.katalon.core.keyword.builtin.CallTestCaseKeyword$_callTestCase_closure1.doCall(CallTestCaseKeyword.groovy:59)
	at com.kms.katalon.core.keyword.builtin.CallTestCaseKeyword$_callTestCase_closure1.call(CallTestCaseKeyword.groovy)
	at com.kms.katalon.core.keyword.internal.KeywordMain.runKeyword(KeywordMain.groovy:75)
	at com.kms.katalon.core.keyword.builtin.CallTestCaseKeyword.callTestCase(CallTestCaseKeyword.groovy:81)
	at com.kms.katalon.core.keyword.builtin.CallTestCaseKeyword.execute(CallTestCaseKeyword.groovy:44)
	at com.kms.katalon.core.keyword.internal.KeywordExecutor.executeKeywordForPlatform(KeywordExecutor.groovy:74)
	at com.kms.katalon.core.keyword.BuiltinKeywords.callTestCase(BuiltinKeywords.groovy:310)
	at java.base/jdk.internal.reflect.NativeMethodAccessorImpl.invoke0(Native Method)
	at java.base/jdk.internal.reflect.NativeMethodAccessorImpl.invoke(NativeMethodAccessorImpl.java:77)
	at java.base/jdk.internal.reflect.DelegatingMethodAccessorImpl.invoke(DelegatingMethodAccessorImpl.java:43)
	at SPG - Edit Created Order.run(SPG - Edit Created Order:20)
	at com.kms.katalon.core.main.ScriptEngine.run(ScriptEngine.java:194)
	at com.kms.katalon.core.main.ScriptEngine.runScriptAsRawText(ScriptEngine.java:119)
	at com.kms.katalon.core.main.TestCaseExecutor.runScript(TestCaseExecutor.java:448)
	at com.kms.katalon.core.main.TestCaseExecutor.doExecute(TestCaseExecutor.java:439)
	at com.kms.katalon.core.main.TestCaseExecutor.processExecutionPhase(TestCaseExecutor.java:418)
	at com.kms.katalon.core.main.TestCaseExecutor.accessMainPhase(TestCaseExecutor.java:410)
	at com.kms.katalon.core.main.TestCaseExecutor.execute(TestCaseExecutor.java:285)
	at com.kms.katalon.core.common.CommonExecutor.accessTestCaseMainPhase(CommonExecutor.java:65)
	at com.kms.katalon.core.main.TestSuiteExecutor.accessTestSuiteMainPhase(TestSuiteExecutor.java:150)
	at com.kms.katalon.core.main.TestSuiteExecutor.execute(TestSuiteExecutor.java:106)
	at com.kms.katalon.core.main.TestCaseMain.startTestSuite(TestCaseMain.java:180)
	at com.kms.katalon.core.main.TestCaseMain$startTestSuite$0.call(Unknown Source)
	at TempTestSuite1761139096516.run(TempTestSuite1761139096516.groovy:35)
	at java.base/jdk.internal.reflect.NativeMethodAccessorImpl.invoke0(Native Method)
	at java.base/jdk.internal.reflect.NativeMethodAccessorImpl.invoke(NativeMethodAccessorImpl.java:77)
	at java.base/jdk.internal.reflect.DelegatingMethodAccessorImpl.invoke(DelegatingMethodAccessorImpl.java:43)
)

22-10-2025T11:16:17 - [TEST_STEP][PASSED] - click(findTestObject("TripFocus/Orders/Orders_tab")): Object: 'Object Repository/TripFocus/Orders/Orders_tab' is clicked on

22-10-2025T11:16:17 - [MESSAGE][PASSED] - Object: 'Object Repository/TripFocus/Orders/Orders_tab' is clicked on

22-10-2025T11:16:17 - [TEST_STEP][PASSED] - delay(4): Delayed 4 second(s)

22-10-2025T11:16:21 - [MESSAGE][PASSED] - Delayed 4 second(s)

22-10-2025T11:16:21 - [TEST_STEP][PASSED] - click(findTestObject("TripFocus/Orders/Create New Order_btn")): Object: 'Object Repository/TripFocus/Orders/Create New Order_btn' is clicked on

22-10-2025T11:16:21 - [MESSAGE][PASSED] - Object: 'Object Repository/TripFocus/Orders/Create New Order_btn' is clicked on

22-10-2025T11:16:21 - [TEST_STEP][PASSED] - delay(30): Delayed 30 second(s)

22-10-2025T11:16:51 - [MESSAGE][PASSED] - Delayed 30 second(s)

22-10-2025T11:16:51 - [TEST_STEP][PASSED] - click(findTestObject("TripFocus/Orders/Create New Order/Add Products/Add Product_link")): Object: 'Object Repository/TripFocus/Orders/Create New Order/Add Products/Add Product_link' is clicked on

22-10-2025T11:16:52 - [MESSAGE][PASSED] - Object: 'Object Repository/TripFocus/Orders/Create New Order/Add Products/Add Product_link' is clicked on

22-10-2025T11:16:52 - [TEST_STEP][PASSED] - delay(2): Delayed 2 second(s)

22-10-2025T11:16:54 - [MESSAGE][PASSED] - Delayed 2 second(s)

22-10-2025T11:16:54 - [TEST_STEP][PASSED] - click(findTestObject("TripFocus/Sidebar Minimizer")): Object: 'Object Repository/TripFocus/Sidebar Minimizer' is clicked on

22-10-2025T11:16:54 - [MESSAGE][PASSED] - Object: 'Object Repository/TripFocus/Sidebar Minimizer' is clicked on

22-10-2025T11:16:54 - [TEST_STEP][PASSED] - delay(1): Delayed 1 second(s)

22-10-2025T11:16:55 - [MESSAGE][PASSED] - Delayed 1 second(s)

22-10-2025T11:16:55 - [TEST_STEP][PASSED] - click(findTestObject("TripFocus/Orders/Create New Order/Add Products/Delivery_Site_dropdown")): Object: 'Object Repository/TripFocus/Orders/Create New Order/Add Products/Delivery_Site_dropdown' is clicked on

22-10-2025T11:16:55 - [MESSAGE][PASSED] - Object: 'Object Repository/TripFocus/Orders/Create New Order/Add Products/Delivery_Site_dropdown' is clicked on

22-10-2025T11:16:55 - [TEST_STEP][PASSED] - delay(2): Delayed 2 second(s)

22-10-2025T11:16:57 - [MESSAGE][PASSED] - Delayed 2 second(s)

22-10-2025T11:16:57 - [TEST_STEP][PASSED] - sendKeys(findTestObject("TripFocus/Orders/Create New Order/Add Products/Delivery_Site_txt"), "Baldwin"): Keys 'Baldwin' sent to object: 'Object Repository/TripFocus/Orders/Create New Order/Add Products/Delivery_Site_txt'

22-10-2025T11:16:57 - [MESSAGE][PASSED] - Keys 'Baldwin' sent to object: 'Object Repository/TripFocus/Orders/Create New Order/Add Products/Delivery_Site_txt'

22-10-2025T11:16:57 - [TEST_STEP][PASSED] - delay(2): Delayed 2 second(s)

22-10-2025T11:16:59 - [MESSAGE][PASSED] - Delayed 2 second(s)

22-10-2025T11:16:59 - [TEST_STEP][PASSED] - sendKeys(findTestObject("TripFocus/Orders/Create New Order/Add Products/Delivery_Site_txt"), Keys.chord(ENTER)): Keys 'ENTER + ' sent to object: 'Object Repository/TripFocus/Orders/Create New Order/Add Products/Delivery_Site_txt'

22-10-2025T11:16:59 - [MESSAGE][PASSED] - Keys 'ENTER + ' sent to object: 'Object Repository/TripFocus/Orders/Create New Order/Add Products/Delivery_Site_txt'

22-10-2025T11:16:59 - [TEST_STEP][PASSED] - delay(30): Delayed 30 second(s)

22-10-2025T11:17:29 - [MESSAGE][PASSED] - Delayed 30 second(s)

22-10-2025T11:17:29 - [TEST_STEP][PASSED] - click(findTestObject("TripFocus/Orders/Create New Order/Add Products/Shipper_dropdown")): Object: 'Object Repository/TripFocus/Orders/Create New Order/Add Products/Shipper_dropdown' is clicked on

22-10-2025T11:17:29 - [MESSAGE][PASSED] - Object: 'Object Repository/TripFocus/Orders/Create New Order/Add Products/Shipper_dropdown' is clicked on

22-10-2025T11:17:29 - [TEST_STEP][PASSED] - delay(2): Delayed 2 second(s)

22-10-2025T11:17:31 - [MESSAGE][PASSED] - Delayed 2 second(s)

22-10-2025T11:17:31 - [TEST_STEP][PASSED] - sendKeys(findTestObject("TripFocus/Orders/Create New Order/Add Products/Shipper_txt"), "Bonded"): Keys 'Bonded' sent to object: 'Object Repository/TripFocus/Orders/Create New Order/Add Products/Shipper_txt'

22-10-2025T11:17:31 - [MESSAGE][PASSED] - Keys 'Bonded' sent to object: 'Object Repository/TripFocus/Orders/Create New Order/Add Products/Shipper_txt'

22-10-2025T11:17:31 - [TEST_STEP][PASSED] - delay(2): Delayed 2 second(s)

22-10-2025T11:17:33 - [MESSAGE][PASSED] - Delayed 2 second(s)

22-10-2025T11:17:33 - [TEST_STEP][PASSED] - sendKeys(findTestObject("TripFocus/Orders/Create New Order/Add Products/Shipper_txt"), Keys.chord(ENTER)): Keys 'ENTER + ' sent to object: 'Object Repository/TripFocus/Orders/Create New Order/Add Products/Shipper_txt'

22-10-2025T11:17:33 - [MESSAGE][PASSED] - Keys 'ENTER + ' sent to object: 'Object Repository/TripFocus/Orders/Create New Order/Add Products/Shipper_txt'

22-10-2025T11:17:33 - [TEST_STEP][PASSED] - delay(4): Delayed 4 second(s)

22-10-2025T11:17:37 - [MESSAGE][PASSED] - Delayed 4 second(s)

22-10-2025T11:17:37 - [TEST_STEP][PASSED] - sendKeys(findTestObject("TripFocus/Orders/Create New Order/Add Products/Commodity_txt"), "Caustic"): Keys 'Caustic' sent to object: 'Object Repository/TripFocus/Orders/Create New Order/Add Products/Commodity_txt'

22-10-2025T11:17:38 - [MESSAGE][PASSED] - Keys 'Caustic' sent to object: 'Object Repository/TripFocus/Orders/Create New Order/Add Products/Commodity_txt'

22-10-2025T11:17:38 - [TEST_STEP][PASSED] - delay(2): Delayed 2 second(s)

22-10-2025T11:17:40 - [MESSAGE][PASSED] - Delayed 2 second(s)

22-10-2025T11:17:40 - [TEST_STEP][PASSED] - sendKeys(findTestObject("TripFocus/Orders/Create New Order/Add Products/Commodity_txt"), Keys.chord(ENTER)): Keys 'ENTER + ' sent to object: 'Object Repository/TripFocus/Orders/Create New Order/Add Products/Commodity_txt'

22-10-2025T11:17:40 - [MESSAGE][PASSED] - Keys 'ENTER + ' sent to object: 'Object Repository/TripFocus/Orders/Create New Order/Add Products/Commodity_txt'

22-10-2025T11:17:40 - [TEST_STEP][PASSED] - delay(4): Delayed 4 second(s)

22-10-2025T11:17:44 - [MESSAGE][PASSED] - Delayed 4 second(s)

22-10-2025T11:17:44 - [TEST_STEP][PASSED] - setText(findTestObject("TripFocus/Orders/Create New Order/Add Products/Quantity_txt"), "4444"): Text '4444' is set on object 'Object Repository/TripFocus/Orders/Create New Order/Add Products/Quantity_txt'

22-10-2025T11:17:44 - [MESSAGE][PASSED] - Text '4444' is set on object 'Object Repository/TripFocus/Orders/Create New Order/Add Products/Quantity_txt'

22-10-2025T11:17:44 - [TEST_STEP][PASSED] - delay(2): Delayed 2 second(s)

22-10-2025T11:17:46 - [MESSAGE][PASSED] - Delayed 2 second(s)

22-10-2025T11:17:46 - [TEST_STEP][PASSED] - click(findTestObject("TripFocus/Orders/Create New Order/Add Products/Add_Product_btn (When Showing Advanced Options)")): Object: 'Object Repository/TripFocus/Orders/Create New Order/Add Products/Add_Product_btn (When Showing Advanced Options)' is clicked on

22-10-2025T11:17:46 - [MESSAGE][PASSED] - Object: 'Object Repository/TripFocus/Orders/Create New Order/Add Products/Add_Product_btn (When Showing Advanced Options)' is clicked on

22-10-2025T11:17:46 - [TEST_STEP][PASSED] - delay(2): Delayed 2 second(s)

22-10-2025T11:17:48 - [MESSAGE][PASSED] - Delayed 2 second(s)

22-10-2025T11:17:48 - [TEST_STEP][FAILED] - click(findTestObject("TripFocus/Orders/Create New Order/Add Products/Close_btn")): Unable to click on object 'Object Repository/TripFocus/Orders/Create New Order/Add Products/Close_btn' (Root cause: com.kms.katalon.core.exception.StepFailedException: Unable to click on object 'Object Repository/TripFocus/Orders/Create New Order/Add Products/Close_btn'
	at com.kms.katalon.core.webui.keyword.internal.WebUIKeywordMain.stepFailed(WebUIKeywordMain.groovy:117)
	at com.kms.katalon.core.webui.keyword.internal.WebUIKeywordMain.runKeyword(WebUIKeywordMain.groovy:43)
	at com.kms.katalon.core.webui.keyword.builtin.ClickKeyword.click(ClickKeyword.groovy:74)
	at com.kms.katalon.core.webui.keyword.builtin.ClickKeyword.execute(ClickKeyword.groovy:40)
	at com.kms.katalon.core.keyword.internal.KeywordExecutor.executeKeywordForPlatform(KeywordExecutor.groovy:74)
	at com.kms.katalon.core.webui.keyword.WebUiBuiltInKeywords.click(WebUiBuiltInKeywords.groovy:659)
	at com.kms.katalon.core.webui.keyword.WebUiBuiltInKeywords$click$1.call(Unknown Source)
	at SPG - Creating New Order.run(SPG - Creating New Order:112)
	at com.kms.katalon.core.main.ScriptEngine.run(ScriptEngine.java:194)
	at com.kms.katalon.core.main.ScriptEngine.runScriptAsRawText(ScriptEngine.java:119)
	at com.kms.katalon.core.main.TestCaseExecutor.runScript(TestCaseExecutor.java:448)
	at com.kms.katalon.core.main.TestCaseExecutor.doExecute(TestCaseExecutor.java:439)
	at com.kms.katalon.core.main.TestCaseExecutor.processExecutionPhase(TestCaseExecutor.java:418)
	at com.kms.katalon.core.main.TestCaseExecutor.accessMainPhase(TestCaseExecutor.java:410)
	at com.kms.katalon.core.main.TestCaseExecutor.execute(TestCaseExecutor.java:285)
	at com.kms.katalon.core.main.TestCaseMain.runTestCase(TestCaseMain.java:137)
	at com.kms.katalon.core.keyword.builtin.CallTestCaseKeyword$_callTestCase_closure1.doCall(CallTestCaseKeyword.groovy:59)
	at com.kms.katalon.core.keyword.builtin.CallTestCaseKeyword$_callTestCase_closure1.call(CallTestCaseKeyword.groovy)
	at com.kms.katalon.core.keyword.internal.KeywordMain.runKeyword(KeywordMain.groovy:75)
	at com.kms.katalon.core.keyword.builtin.CallTestCaseKeyword.callTestCase(CallTestCaseKeyword.groovy:81)
	at com.kms.katalon.core.keyword.builtin.CallTestCaseKeyword.execute(CallTestCaseKeyword.groovy:44)
	at com.kms.katalon.core.keyword.internal.KeywordExecutor.executeKeywordForPlatform(KeywordExecutor.groovy:74)
	at com.kms.katalon.core.keyword.BuiltinKeywords.callTestCase(BuiltinKeywords.groovy:310)
	at java.base/jdk.internal.reflect.NativeMethodAccessorImpl.invoke0(Native Method)
	at java.base/jdk.internal.reflect.NativeMethodAccessorImpl.invoke(NativeMethodAccessorImpl.java:77)
	at java.base/jdk.internal.reflect.DelegatingMethodAccessorImpl.invoke(DelegatingMethodAccessorImpl.java:43)
	at SPG - Edit Created Order.run(SPG - Edit Created Order:20)
	at com.kms.katalon.core.main.ScriptEngine.run(ScriptEngine.java:194)
	at com.kms.katalon.core.main.ScriptEngine.runScriptAsRawText(ScriptEngine.java:119)
	at com.kms.katalon.core.main.TestCaseExecutor.runScript(TestCaseExecutor.java:448)
	at com.kms.katalon.core.main.TestCaseExecutor.doExecute(TestCaseExecutor.java:439)
	at com.kms.katalon.core.main.TestCaseExecutor.processExecutionPhase(TestCaseExecutor.java:418)
	at com.kms.katalon.core.main.TestCaseExecutor.accessMainPhase(TestCaseExecutor.java:410)
	at com.kms.katalon.core.main.TestCaseExecutor.execute(TestCaseExecutor.java:285)
	at com.kms.katalon.core.common.CommonExecutor.accessTestCaseMainPhase(CommonExecutor.java:65)
	at com.kms.katalon.core.main.TestSuiteExecutor.accessTestSuiteMainPhase(TestSuiteExecutor.java:150)
	at com.kms.katalon.core.main.TestSuiteExecutor.execute(TestSuiteExecutor.java:106)
	at com.kms.katalon.core.main.TestCaseMain.startTestSuite(TestCaseMain.java:180)
	at com.kms.katalon.core.main.TestCaseMain$startTestSuite$0.call(Unknown Source)
	at TempTestSuite1761139096516.run(TempTestSuite1761139096516.groovy:35)
	at java.base/jdk.internal.reflect.NativeMethodAccessorImpl.invoke0(Native Method)
	at java.base/jdk.internal.reflect.NativeMethodAccessorImpl.invoke(NativeMethodAccessorImpl.java:77)
	at java.base/jdk.internal.reflect.DelegatingMethodAccessorImpl.invoke(DelegatingMethodAccessorImpl.java:43)
Caused by: org.openqa.selenium.ElementClickInterceptedException: element click intercepted: Element <button data-v-6cd27a7b="" id="btnCloseWindow" type="button" class="btn btn-outline-danger mr-2">...</button> is not clickable at point (816, 611). Other element would receive the click: <div class="popover-body">...</div>
  (Session info: chrome=141.0.7390.122)
Build info: version: '3.141.59', revision: 'unknown', time: 'unknown'
System info: host: 'DC1ADOBLD01', ip: '10.2.20.71', os.name: 'Windows Server 2019', os.arch: 'amd64', os.version: '10.0', java.version: '17.0.7'
Driver info: com.kms.katalon.selenium.driver.CChromeDriver
Capabilities {acceptInsecureCerts: false, browserName: chrome, browserVersion: 141.0.7390.122, chrome: {chromedriverVersion: 141.0.7390.122 (b477534e7e1..., userDataDir: C:\Windows\SystemTemp\scope...}, fedcm:accounts: true, goog:chromeOptions: {debuggerAddress: localhost:59611}, javascriptEnabled: true, networkConnectionEnabled: false, pageLoadStrategy: normal, platform: WINDOWS, platformName: WINDOWS, proxy: Proxy(), setWindowRect: true, strictFileInteractability: false, timeouts: {implicit: 0, pageLoad: 300000, script: 30000}, unhandledPromptBehavior: dismiss and notify, webauthn:extension:credBlob: true, webauthn:extension:largeBlob: true, webauthn:extension:minPinLength: true, webauthn:extension:prf: true, webauthn:virtualAuthenticators: true}
Session ID: 6984dfc0b1aa299d0eacfbb089de3e48
	at jdk.internal.reflect.GeneratedConstructorAccessor69.newInstance(Unknown Source)
	at java.base/jdk.internal.reflect.DelegatingConstructorAccessorImpl.newInstance(DelegatingConstructorAccessorImpl.java:45)
	at org.openqa.selenium.remote.http.W3CHttpResponseCodec.createException(W3CHttpResponseCodec.java:187)
	at org.openqa.selenium.remote.http.W3CHttpResponseCodec.decode(W3CHttpResponseCodec.java:122)
	at org.openqa.selenium.remote.http.W3CHttpResponseCodec.decode(W3CHttpResponseCodec.java:49)
	at org.openqa.selenium.remote.HttpCommandExecutor.execute(HttpCommandExecutor.java:158)
	at org.openqa.selenium.remote.service.DriverCommandExecutor.execute(DriverCommandExecutor.java:83)
	at org.openqa.selenium.remote.RemoteWebDriver.execute(RemoteWebDriver.java:552)
	at com.kms.katalon.selenium.driver.CChromeDriver.execute(CChromeDriver.java:19)
	at org.openqa.selenium.remote.RemoteWebElement.execute(RemoteWebElement.java:285)
	at org.openqa.selenium.remote.RemoteWebElement.click(RemoteWebElement.java:84)
	at jdk.internal.reflect.GeneratedMethodAccessor18.invoke(Unknown Source)
	at java.base/jdk.internal.reflect.DelegatingMethodAccessorImpl.invoke(DelegatingMethodAccessorImpl.java:43)
	at org.openqa.selenium.support.events.EventFiringWebDriver$EventFiringWebElement.lambda$new$0(EventFiringWebDriver.java:404)
	at jdk.proxy2/jdk.proxy2.$Proxy27.click(Unknown Source)
	at org.openqa.selenium.support.events.EventFiringWebDriver$EventFiringWebElement.click(EventFiringWebDriver.java:417)
	at org.openqa.selenium.WebElement$click.call(Unknown Source)
	at com.kms.katalon.core.webui.keyword.builtin.ClickKeyword.clickUntilSuccessWithTimeout(ClickKeyword.groovy:81)
	at com.kms.katalon.core.webui.keyword.builtin.ClickKeyword.clickUntilSuccessWithTimeout(ClickKeyword.groovy)
	at jdk.internal.reflect.GeneratedMethodAccessor16.invoke(Unknown Source)
	at java.base/jdk.internal.reflect.DelegatingMethodAccessorImpl.invoke(DelegatingMethodAccessorImpl.java:43)
	at com.kms.katalon.core.webui.keyword.builtin.ClickKeyword$_click_closure1.doCall(ClickKeyword.groovy:67)
	at com.kms.katalon.core.webui.keyword.builtin.ClickKeyword$_click_closure1.call(ClickKeyword.groovy)
	at com.kms.katalon.core.webui.keyword.internal.WebUIKeywordMain.runKeyword(WebUIKeywordMain.groovy:35)
	at com.kms.katalon.core.webui.keyword.builtin.ClickKeyword.click(ClickKeyword.groovy:74)
	at com.kms.katalon.core.webui.keyword.builtin.ClickKeyword.execute(ClickKeyword.groovy:40)
	at com.kms.katalon.core.keyword.internal.KeywordExecutor.executeKeywordForPlatform(KeywordExecutor.groovy:74)
	at com.kms.katalon.core.webui.keyword.WebUiBuiltInKeywords.click(WebUiBuiltInKeywords.groovy:659)
	at com.kms.katalon.core.webui.keyword.WebUiBuiltInKeywords$click$1.call(Unknown Source)
	at Script1745009543216.run(Script1745009543216.groovy:112)
	at com.kms.katalon.core.main.ScriptEngine.run(ScriptEngine.java:194)
	at com.kms.katalon.core.main.ScriptEngine.runScriptAsRawText(ScriptEngine.java:119)
	at com.kms.katalon.core.main.TestCaseExecutor.runScript(TestCaseExecutor.java:448)
	at com.kms.katalon.core.main.TestCaseExecutor.doExecute(TestCaseExecutor.java:439)
	at com.kms.katalon.core.main.TestCaseExecutor.processExecutionPhase(TestCaseExecutor.java:418)
	at com.kms.katalon.core.main.TestCaseExecutor.accessMainPhase(TestCaseExecutor.java:410)
	at com.kms.katalon.core.main.TestCaseExecutor.execute(TestCaseExecutor.java:285)
	at com.kms.katalon.core.main.TestCaseMain.runTestCase(TestCaseMain.java:137)
	at com.kms.katalon.core.keyword.builtin.CallTestCaseKeyword$_callTestCase_closure1.doCall(CallTestCaseKeyword.groovy:59)
	at com.kms.katalon.core.keyword.builtin.CallTestCaseKeyword$_callTestCase_closure1.call(CallTestCaseKeyword.groovy)
	at com.kms.katalon.core.keyword.internal.KeywordMain.runKeyword(KeywordMain.groovy:75)
	at com.kms.katalon.core.keyword.builtin.CallTestCaseKeyword.callTestCase(CallTestCaseKeyword.groovy:81)
	at com.kms.katalon.core.keyword.builtin.CallTestCaseKeyword.execute(CallTestCaseKeyword.groovy:44)
	at com.kms.katalon.core.keyword.internal.KeywordExecutor.executeKeywordForPlatform(KeywordExecutor.groovy:74)
	at com.kms.katalon.core.keyword.BuiltinKeywords.callTestCase(BuiltinKeywords.groovy:310)
	at java.base/jdk.internal.reflect.NativeMethodAccessorImpl.invoke0(Native Method)
	at java.base/jdk.internal.reflect.NativeMethodAccessorImpl.invoke(NativeMethodAccessorImpl.java:77)
	at java.base/jdk.internal.reflect.DelegatingMethodAccessorImpl.invoke(DelegatingMethodAccessorImpl.java:43)
	at Script1754946014242.run(Script1754946014242.groovy:20)
	... 16 more
)

22-10-2025T11:18:06 - [MESSAGE][FAILED] - Unable to click on object 'Object Repository/TripFocus/Orders/Create New Order/Add Products/Close_btn' (Root cause: com.kms.katalon.core.exception.StepFailedException: Unable to click on object 'Object Repository/TripFocus/Orders/Create New Order/Add Products/Close_btn'
	at com.kms.katalon.core.webui.keyword.internal.WebUIKeywordMain.stepFailed(WebUIKeywordMain.groovy:117)
	at com.kms.katalon.core.webui.keyword.internal.WebUIKeywordMain.runKeyword(WebUIKeywordMain.groovy:43)
	at com.kms.katalon.core.webui.keyword.builtin.ClickKeyword.click(ClickKeyword.groovy:74)
	at com.kms.katalon.core.webui.keyword.builtin.ClickKeyword.execute(ClickKeyword.groovy:40)
	at com.kms.katalon.core.keyword.internal.KeywordExecutor.executeKeywordForPlatform(KeywordExecutor.groovy:74)
	at com.kms.katalon.core.webui.keyword.WebUiBuiltInKeywords.click(WebUiBuiltInKeywords.groovy:659)
	at com.kms.katalon.core.webui.keyword.WebUiBuiltInKeywords$click$1.call(Unknown Source)
	at SPG - Creating New Order.run(SPG - Creating New Order:112)
	at com.kms.katalon.core.main.ScriptEngine.run(ScriptEngine.java:194)
	at com.kms.katalon.core.main.ScriptEngine.runScriptAsRawText(ScriptEngine.java:119)
	at com.kms.katalon.core.main.TestCaseExecutor.runScript(TestCaseExecutor.java:448)
	at com.kms.katalon.core.main.TestCaseExecutor.doExecute(TestCaseExecutor.java:439)
	at com.kms.katalon.core.main.TestCaseExecutor.processExecutionPhase(TestCaseExecutor.java:418)
	at com.kms.katalon.core.main.TestCaseExecutor.accessMainPhase(TestCaseExecutor.java:410)
	at com.kms.katalon.core.main.TestCaseExecutor.execute(TestCaseExecutor.java:285)
	at com.kms.katalon.core.main.TestCaseMain.runTestCase(TestCaseMain.java:137)
	at com.kms.katalon.core.keyword.builtin.CallTestCaseKeyword$_callTestCase_closure1.doCall(CallTestCaseKeyword.groovy:59)
	at com.kms.katalon.core.keyword.builtin.CallTestCaseKeyword$_callTestCase_closure1.call(CallTestCaseKeyword.groovy)
	at com.kms.katalon.core.keyword.internal.KeywordMain.runKeyword(KeywordMain.groovy:75)
	at com.kms.katalon.core.keyword.builtin.CallTestCaseKeyword.callTestCase(CallTestCaseKeyword.groovy:81)
	at com.kms.katalon.core.keyword.builtin.CallTestCaseKeyword.execute(CallTestCaseKeyword.groovy:44)
	at com.kms.katalon.core.keyword.internal.KeywordExecutor.executeKeywordForPlatform(KeywordExecutor.groovy:74)
	at com.kms.katalon.core.keyword.BuiltinKeywords.callTestCase(BuiltinKeywords.groovy:310)
	at java.base/jdk.internal.reflect.NativeMethodAccessorImpl.invoke0(Native Method)
	at java.base/jdk.internal.reflect.NativeMethodAccessorImpl.invoke(NativeMethodAccessorImpl.java:77)
	at java.base/jdk.internal.reflect.DelegatingMethodAccessorImpl.invoke(DelegatingMethodAccessorImpl.java:43)
	at SPG - Edit Created Order.run(SPG - Edit Created Order:20)
	at com.kms.katalon.core.main.ScriptEngine.run(ScriptEngine.java:194)
	at com.kms.katalon.core.main.ScriptEngine.runScriptAsRawText(ScriptEngine.java:119)
	at com.kms.katalon.core.main.TestCaseExecutor.runScript(TestCaseExecutor.java:448)
	at com.kms.katalon.core.main.TestCaseExecutor.doExecute(TestCaseExecutor.java:439)
	at com.kms.katalon.core.main.TestCaseExecutor.processExecutionPhase(TestCaseExecutor.java:418)
	at com.kms.katalon.core.main.TestCaseExecutor.accessMainPhase(TestCaseExecutor.java:410)
	at com.kms.katalon.core.main.TestCaseExecutor.execute(TestCaseExecutor.java:285)
	at com.kms.katalon.core.common.CommonExecutor.accessTestCaseMainPhase(CommonExecutor.java:65)
	at com.kms.katalon.core.main.TestSuiteExecutor.accessTestSuiteMainPhase(TestSuiteExecutor.java:150)
	at com.kms.katalon.core.main.TestSuiteExecutor.execute(TestSuiteExecutor.java:106)
	at com.kms.katalon.core.main.TestCaseMain.startTestSuite(TestCaseMain.java:180)
	at com.kms.katalon.core.main.TestCaseMain$startTestSuite$0.call(Unknown Source)
	at TempTestSuite1761139096516.run(TempTestSuite1761139096516.groovy:35)
	at java.base/jdk.internal.reflect.NativeMethodAccessorImpl.invoke0(Native Method)
	at java.base/jdk.internal.reflect.NativeMethodAccessorImpl.invoke(NativeMethodAccessorImpl.java:77)
	at java.base/jdk.internal.reflect.DelegatingMethodAccessorImpl.invoke(DelegatingMethodAccessorImpl.java:43)
Caused by: org.openqa.selenium.ElementClickInterceptedException: element click intercepted: Element <button data-v-6cd27a7b="" id="btnCloseWindow" type="button" class="btn btn-outline-danger mr-2">...</button> is not clickable at point (816, 611). Other element would receive the click: <div class="popover-body">...</div>
  (Session info: chrome=141.0.7390.122)
Build info: version: '3.141.59', revision: 'unknown', time: 'unknown'
System info: host: 'DC1ADOBLD01', ip: '10.2.20.71', os.name: 'Windows Server 2019', os.arch: 'amd64', os.version: '10.0', java.version: '17.0.7'
Driver info: com.kms.katalon.selenium.driver.CChromeDriver
Capabilities {acceptInsecureCerts: false, browserName: chrome, browserVersion: 141.0.7390.122, chrome: {chromedriverVersion: 141.0.7390.122 (b477534e7e1..., userDataDir: C:\Windows\SystemTemp\scope...}, fedcm:accounts: true, goog:chromeOptions: {debuggerAddress: localhost:59611}, javascriptEnabled: true, networkConnectionEnabled: false, pageLoadStrategy: normal, platform: WINDOWS, platformName: WINDOWS, proxy: Proxy(), setWindowRect: true, strictFileInteractability: false, timeouts: {implicit: 0, pageLoad: 300000, script: 30000}, unhandledPromptBehavior: dismiss and notify, webauthn:extension:credBlob: true, webauthn:extension:largeBlob: true, webauthn:extension:minPinLength: true, webauthn:extension:prf: true, webauthn:virtualAuthenticators: true}
Session ID: 6984dfc0b1aa299d0eacfbb089de3e48
	at jdk.internal.reflect.GeneratedConstructorAccessor69.newInstance(Unknown Source)
	at java.base/jdk.internal.reflect.DelegatingConstructorAccessorImpl.newInstance(DelegatingConstructorAccessorImpl.java:45)
	at org.openqa.selenium.remote.http.W3CHttpResponseCodec.createException(W3CHttpResponseCodec.java:187)
	at org.openqa.selenium.remote.http.W3CHttpResponseCodec.decode(W3CHttpResponseCodec.java:122)
	at org.openqa.selenium.remote.http.W3CHttpResponseCodec.decode(W3CHttpResponseCodec.java:49)
	at org.openqa.selenium.remote.HttpCommandExecutor.execute(HttpCommandExecutor.java:158)
	at org.openqa.selenium.remote.service.DriverCommandExecutor.execute(DriverCommandExecutor.java:83)
	at org.openqa.selenium.remote.RemoteWebDriver.execute(RemoteWebDriver.java:552)
	at com.kms.katalon.selenium.driver.CChromeDriver.execute(CChromeDriver.java:19)
	at org.openqa.selenium.remote.RemoteWebElement.execute(RemoteWebElement.java:285)
	at org.openqa.selenium.remote.RemoteWebElement.click(RemoteWebElement.java:84)
	at jdk.internal.reflect.GeneratedMethodAccessor18.invoke(Unknown Source)
	at java.base/jdk.internal.reflect.DelegatingMethodAccessorImpl.invoke(DelegatingMethodAccessorImpl.java:43)
	at org.openqa.selenium.support.events.EventFiringWebDriver$EventFiringWebElement.lambda$new$0(EventFiringWebDriver.java:404)
	at jdk.proxy2/jdk.proxy2.$Proxy27.click(Unknown Source)
	at org.openqa.selenium.support.events.EventFiringWebDriver$EventFiringWebElement.click(EventFiringWebDriver.java:417)
	at org.openqa.selenium.WebElement$click.call(Unknown Source)
	at com.kms.katalon.core.webui.keyword.builtin.ClickKeyword.clickUntilSuccessWithTimeout(ClickKeyword.groovy:81)
	at com.kms.katalon.core.webui.keyword.builtin.ClickKeyword.clickUntilSuccessWithTimeout(ClickKeyword.groovy)
	at jdk.internal.reflect.GeneratedMethodAccessor16.invoke(Unknown Source)
	at java.base/jdk.internal.reflect.DelegatingMethodAccessorImpl.invoke(DelegatingMethodAccessorImpl.java:43)
	at com.kms.katalon.core.webui.keyword.builtin.ClickKeyword$_click_closure1.doCall(ClickKeyword.groovy:67)
	at com.kms.katalon.core.webui.keyword.builtin.ClickKeyword$_click_closure1.call(ClickKeyword.groovy)
	at com.kms.katalon.core.webui.keyword.internal.WebUIKeywordMain.runKeyword(WebUIKeywordMain.groovy:35)
	at com.kms.katalon.core.webui.keyword.builtin.ClickKeyword.click(ClickKeyword.groovy:74)
	at com.kms.katalon.core.webui.keyword.builtin.ClickKeyword.execute(ClickKeyword.groovy:40)
	at com.kms.katalon.core.keyword.internal.KeywordExecutor.executeKeywordForPlatform(KeywordExecutor.groovy:74)
	at com.kms.katalon.core.webui.keyword.WebUiBuiltInKeywords.click(WebUiBuiltInKeywords.groovy:659)
	at com.kms.katalon.core.webui.keyword.WebUiBuiltInKeywords$click$1.call(Unknown Source)
	at Script1745009543216.run(Script1745009543216.groovy:112)
	at com.kms.katalon.core.main.ScriptEngine.run(ScriptEngine.java:194)
	at com.kms.katalon.core.main.ScriptEngine.runScriptAsRawText(ScriptEngine.java:119)
	at com.kms.katalon.core.main.TestCaseExecutor.runScript(TestCaseExecutor.java:448)
	at com.kms.katalon.core.main.TestCaseExecutor.doExecute(TestCaseExecutor.java:439)
	at com.kms.katalon.core.main.TestCaseExecutor.processExecutionPhase(TestCaseExecutor.java:418)
	at com.kms.katalon.core.main.TestCaseExecutor.accessMainPhase(TestCaseExecutor.java:410)
	at com.kms.katalon.core.main.TestCaseExecutor.execute(TestCaseExecutor.java:285)
	at com.kms.katalon.core.main.TestCaseMain.runTestCase(TestCaseMain.java:137)
	at com.kms.katalon.core.keyword.builtin.CallTestCaseKeyword$_callTestCase_closure1.doCall(CallTestCaseKeyword.groovy:59)
	at com.kms.katalon.core.keyword.builtin.CallTestCaseKeyword$_callTestCase_closure1.call(CallTestCaseKeyword.groovy)
	at com.kms.katalon.core.keyword.internal.KeywordMain.runKeyword(KeywordMain.groovy:75)
	at com.kms.katalon.core.keyword.builtin.CallTestCaseKeyword.callTestCase(CallTestCaseKeyword.groovy:81)
	at com.kms.katalon.core.keyword.builtin.CallTestCaseKeyword.execute(CallTestCaseKeyword.groovy:44)
	at com.kms.katalon.core.keyword.internal.KeywordExecutor.executeKeywordForPlatform(KeywordExecutor.groovy:74)
	at com.kms.katalon.core.keyword.BuiltinKeywords.callTestCase(BuiltinKeywords.groovy:310)
	at java.base/jdk.internal.reflect.NativeMethodAccessorImpl.invoke0(Native Method)
	at java.base/jdk.internal.reflect.NativeMethodAccessorImpl.invoke(NativeMethodAccessorImpl.java:77)
	at java.base/jdk.internal.reflect.DelegatingMethodAccessorImpl.invoke(DelegatingMethodAccessorImpl.java:43)
	at Script1754946014242.run(Script1754946014242.groovy:20)
	... 16 more
)

22-10-2025T11:18:06 - [MESSAGE][FAILED] - Unable to call Test Case 'Test Cases/TripFocus/SPG/SPG - Orders/SPG - Creating New Order' (Root cause: com.kms.katalon.core.exception.StepFailedException: Call Test Case 'Test Cases/TripFocus/SPG/SPG - Orders/SPG - Creating New Order' failed
	at com.kms.katalon.core.keyword.builtin.CallTestCaseKeyword$_callTestCase_closure1.doCall(CallTestCaseKeyword.groovy:63)
	at com.kms.katalon.core.keyword.builtin.CallTestCaseKeyword$_callTestCase_closure1.call(CallTestCaseKeyword.groovy)
	at com.kms.katalon.core.keyword.internal.KeywordMain.runKeyword(KeywordMain.groovy:75)
	at com.kms.katalon.core.keyword.builtin.CallTestCaseKeyword.callTestCase(CallTestCaseKeyword.groovy:81)
	at com.kms.katalon.core.keyword.builtin.CallTestCaseKeyword.execute(CallTestCaseKeyword.groovy:44)
	at com.kms.katalon.core.keyword.internal.KeywordExecutor.executeKeywordForPlatform(KeywordExecutor.groovy:74)
	at com.kms.katalon.core.keyword.BuiltinKeywords.callTestCase(BuiltinKeywords.groovy:310)
	at java.base/jdk.internal.reflect.NativeMethodAccessorImpl.invoke0(Native Method)
	at java.base/jdk.internal.reflect.NativeMethodAccessorImpl.invoke(NativeMethodAccessorImpl.java:77)
	at java.base/jdk.internal.reflect.DelegatingMethodAccessorImpl.invoke(DelegatingMethodAccessorImpl.java:43)
	at SPG - Edit Created Order.run(SPG - Edit Created Order:20)
	at com.kms.katalon.core.main.ScriptEngine.run(ScriptEngine.java:194)
	at com.kms.katalon.core.main.ScriptEngine.runScriptAsRawText(ScriptEngine.java:119)
	at com.kms.katalon.core.main.TestCaseExecutor.runScript(TestCaseExecutor.java:448)
	at com.kms.katalon.core.main.TestCaseExecutor.doExecute(TestCaseExecutor.java:439)
	at com.kms.katalon.core.main.TestCaseExecutor.processExecutionPhase(TestCaseExecutor.java:418)
	at com.kms.katalon.core.main.TestCaseExecutor.accessMainPhase(TestCaseExecutor.java:410)
	at com.kms.katalon.core.main.TestCaseExecutor.execute(TestCaseExecutor.java:285)
	at com.kms.katalon.core.common.CommonExecutor.accessTestCaseMainPhase(CommonExecutor.java:65)
	at com.kms.katalon.core.main.TestSuiteExecutor.accessTestSuiteMainPhase(TestSuiteExecutor.java:150)
	at com.kms.katalon.core.main.TestSuiteExecutor.execute(TestSuiteExecutor.java:106)
	at com.kms.katalon.core.main.TestCaseMain.startTestSuite(TestCaseMain.java:180)
	at com.kms.katalon.core.main.TestCaseMain$startTestSuite$0.call(Unknown Source)
	at TempTestSuite1761139096516.run(TempTestSuite1761139096516.groovy:35)
	at java.base/jdk.internal.reflect.NativeMethodAccessorImpl.invoke0(Native Method)
	at java.base/jdk.internal.reflect.NativeMethodAccessorImpl.invoke(NativeMethodAccessorImpl.java:77)
	at java.base/jdk.internal.reflect.DelegatingMethodAccessorImpl.invoke(DelegatingMethodAccessorImpl.java:43)
Caused by: com.kms.katalon.core.exception.StepFailedException: Unable to click on object 'Object Repository/TripFocus/Orders/Create New Order/Add Products/Close_btn'
	at com.kms.katalon.core.webui.keyword.internal.WebUIKeywordMain.stepFailed(WebUIKeywordMain.groovy:117)
	at com.kms.katalon.core.webui.keyword.internal.WebUIKeywordMain.runKeyword(WebUIKeywordMain.groovy:43)
	at com.kms.katalon.core.webui.keyword.builtin.ClickKeyword.click(ClickKeyword.groovy:74)
	at com.kms.katalon.core.webui.keyword.builtin.ClickKeyword.execute(ClickKeyword.groovy:40)
	at com.kms.katalon.core.keyword.internal.KeywordExecutor.executeKeywordForPlatform(KeywordExecutor.groovy:74)
	at com.kms.katalon.core.webui.keyword.WebUiBuiltInKeywords.click(WebUiBuiltInKeywords.groovy:659)
	at com.kms.katalon.core.webui.keyword.WebUiBuiltInKeywords$click$1.call(Unknown Source)
	at SPG - Creating New Order.run(SPG - Creating New Order:112)
	at com.kms.katalon.core.main.ScriptEngine.run(ScriptEngine.java:194)
	at com.kms.katalon.core.main.ScriptEngine.runScriptAsRawText(ScriptEngine.java:119)
	at com.kms.katalon.core.main.TestCaseExecutor.runScript(TestCaseExecutor.java:448)
	at com.kms.katalon.core.main.TestCaseExecutor.doExecute(TestCaseExecutor.java:439)
	at com.kms.katalon.core.main.TestCaseExecutor.processExecutionPhase(TestCaseExecutor.java:418)
	at com.kms.katalon.core.main.TestCaseExecutor.accessMainPhase(TestCaseExecutor.java:410)
	at com.kms.katalon.core.main.TestCaseExecutor.execute(TestCaseExecutor.java:285)
	at com.kms.katalon.core.main.TestCaseMain.runTestCase(TestCaseMain.java:137)
	at com.kms.katalon.core.keyword.builtin.CallTestCaseKeyword$_callTestCase_closure1.doCall(CallTestCaseKeyword.groovy:59)
	... 26 more
Caused by: org.openqa.selenium.ElementClickInterceptedException: element click intercepted: Element <button data-v-6cd27a7b="" id="btnCloseWindow" type="button" class="btn btn-outline-danger mr-2">...</button> is not clickable at point (816, 611). Other element would receive the click: <div class="popover-body">...</div>
  (Session info: chrome=141.0.7390.122)
Build info: version: '3.141.59', revision: 'unknown', time: 'unknown'
System info: host: 'DC1ADOBLD01', ip: '10.2.20.71', os.name: 'Windows Server 2019', os.arch: 'amd64', os.version: '10.0', java.version: '17.0.7'
Driver info: com.kms.katalon.selenium.driver.CChromeDriver
Capabilities {acceptInsecureCerts: false, browserName: chrome, browserVersion: 141.0.7390.122, chrome: {chromedriverVersion: 141.0.7390.122 (b477534e7e1..., userDataDir: C:\Windows\SystemTemp\scope...}, fedcm:accounts: true, goog:chromeOptions: {debuggerAddress: localhost:59611}, javascriptEnabled: true, networkConnectionEnabled: false, pageLoadStrategy: normal, platform: WINDOWS, platformName: WINDOWS, proxy: Proxy(), setWindowRect: true, strictFileInteractability: false, timeouts: {implicit: 0, pageLoad: 300000, script: 30000}, unhandledPromptBehavior: dismiss and notify, webauthn:extension:credBlob: true, webauthn:extension:largeBlob: true, webauthn:extension:minPinLength: true, webauthn:extension:prf: true, webauthn:virtualAuthenticators: true}
Session ID: 6984dfc0b1aa299d0eacfbb089de3e48
	at jdk.internal.reflect.GeneratedConstructorAccessor69.newInstance(Unknown Source)
	at java.base/jdk.internal.reflect.DelegatingConstructorAccessorImpl.newInstance(DelegatingConstructorAccessorImpl.java:45)
	at org.openqa.selenium.remote.http.W3CHttpResponseCodec.createException(W3CHttpResponseCodec.java:187)
	at org.openqa.selenium.remote.http.W3CHttpResponseCodec.decode(W3CHttpResponseCodec.java:122)
	at org.openqa.selenium.remote.http.W3CHttpResponseCodec.decode(W3CHttpResponseCodec.java:49)
	at org.openqa.selenium.remote.HttpCommandExecutor.execute(HttpCommandExecutor.java:158)
	at org.openqa.selenium.remote.service.DriverCommandExecutor.execute(DriverCommandExecutor.java:83)
	at org.openqa.selenium.remote.RemoteWebDriver.execute(RemoteWebDriver.java:552)
	at com.kms.katalon.selenium.driver.CChromeDriver.execute(CChromeDriver.java:19)
	at org.openqa.selenium.remote.RemoteWebElement.execute(RemoteWebElement.java:285)
	at org.openqa.selenium.remote.RemoteWebElement.click(RemoteWebElement.java:84)
	at jdk.internal.reflect.GeneratedMethodAccessor18.invoke(Unknown Source)
	at java.base/jdk.internal.reflect.DelegatingMethodAccessorImpl.invoke(DelegatingMethodAccessorImpl.java:43)
	at org.openqa.selenium.support.events.EventFiringWebDriver$EventFiringWebElement.lambda$new$0(EventFiringWebDriver.java:404)
	at jdk.proxy2/jdk.proxy2.$Proxy27.click(Unknown Source)
	at org.openqa.selenium.support.events.EventFiringWebDriver$EventFiringWebElement.click(EventFiringWebDriver.java:417)
	at org.openqa.selenium.WebElement$click.call(Unknown Source)
	at com.kms.katalon.core.webui.keyword.builtin.ClickKeyword.clickUntilSuccessWithTimeout(ClickKeyword.groovy:81)
	at com.kms.katalon.core.webui.keyword.builtin.ClickKeyword.clickUntilSuccessWithTimeout(ClickKeyword.groovy)
	at jdk.internal.reflect.GeneratedMethodAccessor16.invoke(Unknown Source)
	at java.base/jdk.internal.reflect.DelegatingMethodAccessorImpl.invoke(DelegatingMethodAccessorImpl.java:43)
	at com.kms.katalon.core.webui.keyword.builtin.ClickKeyword$_click_closure1.doCall(ClickKeyword.groovy:67)
	at com.kms.katalon.core.webui.keyword.builtin.ClickKeyword$_click_closure1.call(ClickKeyword.groovy)
	at com.kms.katalon.core.webui.keyword.internal.WebUIKeywordMain.runKeyword(WebUIKeywordMain.groovy:35)
	... 41 more
)

22-10-2025T11:18:06 - [TEST_STEP][PASSED] - Start listener action : retryOnDisconnect: Current window's url is: 'https://www.qa.tripfocus.com/new-order-tender'

22-10-2025T11:18:06 - [TEST_STEP][PASSED] - tcId = testCaseContext.getTestCaseId(): null

22-10-2025T11:18:06 - [TEST_STEP][PASSED] - currentRetry = retryCounts.getOrDefault(tcId, 0): null

22-10-2025T11:18:06 - [TEST_STEP][PASSED] - if (testCaseContext.getTestCaseStatus() == "FAILED" && currentRetry < MAX_RETRIES): Current window's url is: 'https://www.qa.tripfocus.com/new-order-tender'

22-10-2025T11:18:06 - [TEST_STEP][PASSED] - try: Current window's url is: 'https://www.qa.tripfocus.com/new-order-tender'

22-10-2025T11:18:06 - [TEST_STEP][PASSED] - comment(Checking for WebDriver disconnect for test case: $tcId): Checking for WebDriver disconnect for test case: Test Cases/TripFocus/SPG/SPG - Orders/SPG - Edit Created Order

22-10-2025T11:18:06 - [MESSAGE][INFO] - Checking for WebDriver disconnect for test case: Test Cases/TripFocus/SPG/SPG - Orders/SPG - Edit Created Order

22-10-2025T11:18:06 - [TEST_STEP][PASSED] - getUrl(): Current window's url is: 'https://www.qa.tripfocus.com/new-order-tender'

22-10-2025T11:18:06 - [MESSAGE][PASSED] - Current window's url is: 'https://www.qa.tripfocus.com/new-order-tender']]></system-out>
         <system-err><![CDATA[22-10-2025T11:15:26 - [TEST_CASE][FAILED] - Test Cases/TripFocus/SPG/SPG - Orders/SPG - Edit Created Order: Test Cases/TripFocus/SPG/SPG - Orders/SPG - Edit Created Order FAILED.
Reason:
com.kms.katalon.core.exception.StepFailedException: Call Test Case 'Test Cases/TripFocus/SPG/SPG - Orders/SPG - Creating New Order' failed
	at com.kms.katalon.core.keyword.builtin.CallTestCaseKeyword$_callTestCase_closure1.doCall(CallTestCaseKeyword.groovy:63)
	at com.kms.katalon.core.keyword.builtin.CallTestCaseKeyword$_callTestCase_closure1.call(CallTestCaseKeyword.groovy)
	at com.kms.katalon.core.keyword.internal.KeywordMain.runKeyword(KeywordMain.groovy:75)
	at com.kms.katalon.core.keyword.builtin.CallTestCaseKeyword.callTestCase(CallTestCaseKeyword.groovy:81)
	at com.kms.katalon.core.keyword.builtin.CallTestCaseKeyword.execute(CallTestCaseKeyword.groovy:44)
	at com.kms.katalon.core.keyword.internal.KeywordExecutor.executeKeywordForPlatform(KeywordExecutor.groovy:74)
	at com.kms.katalon.core.keyword.BuiltinKeywords.callTestCase(BuiltinKeywords.groovy:310)
	at java.base/jdk.internal.reflect.NativeMethodAccessorImpl.invoke0(Native Method)
	at java.base/jdk.internal.reflect.NativeMethodAccessorImpl.invoke(NativeMethodAccessorImpl.java:77)
	at java.base/jdk.internal.reflect.DelegatingMethodAccessorImpl.invoke(DelegatingMethodAccessorImpl.java:43)
	at SPG - Edit Created Order.run(SPG - Edit Created Order:20)
	at com.kms.katalon.core.main.ScriptEngine.run(ScriptEngine.java:194)
	at com.kms.katalon.core.main.ScriptEngine.runScriptAsRawText(ScriptEngine.java:119)
	at com.kms.katalon.core.main.TestCaseExecutor.runScript(TestCaseExecutor.java:448)
	at com.kms.katalon.core.main.TestCaseExecutor.doExecute(TestCaseExecutor.java:439)
	at com.kms.katalon.core.main.TestCaseExecutor.processExecutionPhase(TestCaseExecutor.java:418)
	at com.kms.katalon.core.main.TestCaseExecutor.accessMainPhase(TestCaseExecutor.java:410)
	at com.kms.katalon.core.main.TestCaseExecutor.execute(TestCaseExecutor.java:285)
	at com.kms.katalon.core.common.CommonExecutor.accessTestCaseMainPhase(CommonExecutor.java:65)
	at com.kms.katalon.core.main.TestSuiteExecutor.accessTestSuiteMainPhase(TestSuiteExecutor.java:150)
	at com.kms.katalon.core.main.TestSuiteExecutor.execute(TestSuiteExecutor.java:106)
	at com.kms.katalon.core.main.TestCaseMain.startTestSuite(TestCaseMain.java:180)
	at com.kms.katalon.core.main.TestCaseMain$startTestSuite$0.call(Unknown Source)
	at TempTestSuite1761139096516.run(TempTestSuite1761139096516.groovy:35)
	at java.base/jdk.internal.reflect.NativeMethodAccessorImpl.invoke0(Native Method)
	at java.base/jdk.internal.reflect.NativeMethodAccessorImpl.invoke(NativeMethodAccessorImpl.java:77)
	at java.base/jdk.internal.reflect.DelegatingMethodAccessorImpl.invoke(DelegatingMethodAccessorImpl.java:43)
Caused by: com.kms.katalon.core.exception.StepFailedException: Unable to click on object 'Object Repository/TripFocus/Orders/Create New Order/Add Products/Close_btn'
	at com.kms.katalon.core.webui.keyword.internal.WebUIKeywordMain.stepFailed(WebUIKeywordMain.groovy:117)
	at com.kms.katalon.core.webui.keyword.internal.WebUIKeywordMain.runKeyword(WebUIKeywordMain.groovy:43)
	at com.kms.katalon.core.webui.keyword.builtin.ClickKeyword.click(ClickKeyword.groovy:74)
	at com.kms.katalon.core.webui.keyword.builtin.ClickKeyword.execute(ClickKeyword.groovy:40)
	at com.kms.katalon.core.keyword.internal.KeywordExecutor.executeKeywordForPlatform(KeywordExecutor.groovy:74)
	at com.kms.katalon.core.webui.keyword.WebUiBuiltInKeywords.click(WebUiBuiltInKeywords.groovy:659)
	at com.kms.katalon.core.webui.keyword.WebUiBuiltInKeywords$click$1.call(Unknown Source)
	at SPG - Creating New Order.run(SPG - Creating New Order:112)
	at com.kms.katalon.core.main.ScriptEngine.run(ScriptEngine.java:194)
	at com.kms.katalon.core.main.ScriptEngine.runScriptAsRawText(ScriptEngine.java:119)
	at com.kms.katalon.core.main.TestCaseExecutor.runScript(TestCaseExecutor.java:448)
	at com.kms.katalon.core.main.TestCaseExecutor.doExecute(TestCaseExecutor.java:439)
	at com.kms.katalon.core.main.TestCaseExecutor.processExecutionPhase(TestCaseExecutor.java:418)
	at com.kms.katalon.core.main.TestCaseExecutor.accessMainPhase(TestCaseExecutor.java:410)
	at com.kms.katalon.core.main.TestCaseExecutor.execute(TestCaseExecutor.java:285)
	at com.kms.katalon.core.main.TestCaseMain.runTestCase(TestCaseMain.java:137)
	at com.kms.katalon.core.keyword.builtin.CallTestCaseKeyword$_callTestCase_closure1.doCall(CallTestCaseKeyword.groovy:59)
	... 26 more
Caused by: org.openqa.selenium.ElementClickInterceptedException: element click intercepted: Element <button data-v-6cd27a7b="" id="btnCloseWindow" type="button" class="btn btn-outline-danger mr-2">...</button> is not clickable at point (816, 611). Other element would receive the click: <div class="popover-body">...</div>
  (Session info: chrome=141.0.7390.122)
Build info: version: '3.141.59', revision: 'unknown', time: 'unknown'
System info: host: 'DC1ADOBLD01', ip: '10.2.20.71', os.name: 'Windows Server 2019', os.arch: 'amd64', os.version: '10.0', java.version: '17.0.7'
Driver info: com.kms.katalon.selenium.driver.CChromeDriver
Capabilities {acceptInsecureCerts: false, browserName: chrome, browserVersion: 141.0.7390.122, chrome: {chromedriverVersion: 141.0.7390.122 (b477534e7e1..., userDataDir: C:\Windows\SystemTemp\scope...}, fedcm:accounts: true, goog:chromeOptions: {debuggerAddress: localhost:59611}, javascriptEnabled: true, networkConnectionEnabled: false, pageLoadStrategy: normal, platform: WINDOWS, platformName: WINDOWS, proxy: Proxy(), setWindowRect: true, strictFileInteractability: false, timeouts: {implicit: 0, pageLoad: 300000, script: 30000}, unhandledPromptBehavior: dismiss and notify, webauthn:extension:credBlob: true, webauthn:extension:largeBlob: true, webauthn:extension:minPinLength: true, webauthn:extension:prf: true, webauthn:virtualAuthenticators: true}
Session ID: 6984dfc0b1aa299d0eacfbb089de3e48
	at jdk.internal.reflect.GeneratedConstructorAccessor69.newInstance(Unknown Source)
	at java.base/jdk.internal.reflect.DelegatingConstructorAccessorImpl.newInstance(DelegatingConstructorAccessorImpl.java:45)
	at org.openqa.selenium.remote.http.W3CHttpResponseCodec.createException(W3CHttpResponseCodec.java:187)
	at org.openqa.selenium.remote.http.W3CHttpResponseCodec.decode(W3CHttpResponseCodec.java:122)
	at org.openqa.selenium.remote.http.W3CHttpResponseCodec.decode(W3CHttpResponseCodec.java:49)
	at org.openqa.selenium.remote.HttpCommandExecutor.execute(HttpCommandExecutor.java:158)
	at org.openqa.selenium.remote.service.DriverCommandExecutor.execute(DriverCommandExecutor.java:83)
	at org.openqa.selenium.remote.RemoteWebDriver.execute(RemoteWebDriver.java:552)
	at com.kms.katalon.selenium.driver.CChromeDriver.execute(CChromeDriver.java:19)
	at org.openqa.selenium.remote.RemoteWebElement.execute(RemoteWebElement.java:285)
	at org.openqa.selenium.remote.RemoteWebElement.click(RemoteWebElement.java:84)
	at jdk.internal.reflect.GeneratedMethodAccessor18.invoke(Unknown Source)
	at java.base/jdk.internal.reflect.DelegatingMethodAccessorImpl.invoke(DelegatingMethodAccessorImpl.java:43)
	at org.openqa.selenium.support.events.EventFiringWebDriver$EventFiringWebElement.lambda$new$0(EventFiringWebDriver.java:404)
	at jdk.proxy2/jdk.proxy2.$Proxy27.click(Unknown Source)
	at org.openqa.selenium.support.events.EventFiringWebDriver$EventFiringWebElement.click(EventFiringWebDriver.java:417)
	at org.openqa.selenium.WebElement$click.call(Unknown Source)
	at com.kms.katalon.core.webui.keyword.builtin.ClickKeyword.clickUntilSuccessWithTimeout(ClickKeyword.groovy:81)
	at com.kms.katalon.core.webui.keyword.builtin.ClickKeyword.clickUntilSuccessWithTimeout(ClickKeyword.groovy)
	at jdk.internal.reflect.GeneratedMethodAccessor16.invoke(Unknown Source)
	at java.base/jdk.internal.reflect.DelegatingMethodAccessorImpl.invoke(DelegatingMethodAccessorImpl.java:43)
	at com.kms.katalon.core.webui.keyword.builtin.ClickKeyword$_click_closure1.doCall(ClickKeyword.groovy:67)
	at com.kms.katalon.core.webui.keyword.builtin.ClickKeyword$_click_closure1.call(ClickKeyword.groovy)
	at com.kms.katalon.core.webui.keyword.internal.WebUIKeywordMain.runKeyword(WebUIKeywordMain.groovy:35)
	... 41 more]]></system-err>
      </testcase>
      <testcase name="Test Cases/TripFocus/SPG/SPG - Orders/SPG - Exporting Selected Orders" time="48.009" classname="Test Cases/TripFocus/SPG/SPG - Orders/SPG - Exporting Selected Orders" status="PASSED">
         <system-out><![CDATA[22-10-2025T11:18:06 - [TEST_CASE][PASSED] - Test Cases/TripFocus/SPG/SPG - Orders/SPG - Exporting Selected Orders: Test Cases/TripFocus/SPG/SPG - Orders/SPG - Exporting Selected Orders

22-10-2025T11:18:06 - [TEST_STEP][PASSED] - Start listener action : beforeTestCase: null

22-10-2025T11:18:06 - [TEST_STEP][PASSED] - addDefaultPackages(): null

22-10-2025T11:18:06 - [TEST_STEP][PASSED] - openBrowser(""): Browser is opened with url: ''

22-10-2025T11:18:06 - [MESSAGE][WARNING] - A browser is already opened. Closing browser and opening a new one

22-10-2025T11:18:06 - [MESSAGE][INFO] - Starting 'Chrome' driver

22-10-2025T11:18:06 - [MESSAGE][INFO] - User set preference: ['args', '[--no-sandbox, --disable-gpu, --disable-dev-shm-usage]']

22-10-2025T11:18:06 - [MESSAGE][INFO] - Action delay is set to 0 milliseconds

22-10-2025T11:18:07 - [MESSAGE][PASSED] - Browser is opened with url: ''

22-10-2025T11:18:07 - [TEST_STEP][PASSED] - navigateToUrl(TFBaseURL): Navigate to 'https://www.qa.tripfocus.com' successfully

22-10-2025T11:18:08 - [MESSAGE][PASSED] - Navigate to 'https://www.qa.tripfocus.com' successfully

22-10-2025T11:18:08 - [TEST_STEP][PASSED] - click(findTestObject("Object Repository/TripFocus/Page_TripFocus/button_Sign in")): Object: 'Object Repository/TripFocus/Page_TripFocus/button_Sign in' is clicked on

22-10-2025T11:18:08 - [MESSAGE][PASSED] - Object: 'Object Repository/TripFocus/Page_TripFocus/button_Sign in' is clicked on

22-10-2025T11:18:08 - [TEST_STEP][PASSED] - setText(findTestObject("Object Repository/TripFocus/Page_TripFocus/input_Username (e.g. email address)_Username"), TripFocusBleachTechSPGUsername): Text 'Ashford.Chenault+BleachtechCustomerSPGONLY@thekag.com' is set on object 'Object Repository/TripFocus/Page_TripFocus/input_Username (e.g. email address)_Username'

22-10-2025T11:18:09 - [MESSAGE][PASSED] - Text 'Ashford.Chenault+BleachtechCustomerSPGONLY@thekag.com' is set on object 'Object Repository/TripFocus/Page_TripFocus/input_Username (e.g. email address)_Username'

22-10-2025T11:18:09 - [TEST_STEP][PASSED] - setText(findTestObject("Object Repository/TripFocus/Page_TripFocus/input_Password_Password"), TripFocusFDGSPGPassword): Text 'CrashBan911!!' is set on object 'Object Repository/TripFocus/Page_TripFocus/input_Password_Password'

22-10-2025T11:18:09 - [MESSAGE][PASSED] - Text 'CrashBan911!!' is set on object 'Object Repository/TripFocus/Page_TripFocus/input_Password_Password'

22-10-2025T11:18:09 - [TEST_STEP][PASSED] - click(findTestObject("Object Repository/TripFocus/Page_TripFocus/button_Login")): Object: 'Object Repository/TripFocus/Page_TripFocus/button_Login' is clicked on

22-10-2025T11:18:09 - [MESSAGE][PASSED] - Object: 'Object Repository/TripFocus/Page_TripFocus/button_Login' is clicked on

22-10-2025T11:18:09 - [TEST_STEP][PASSED] - maximizeWindow(): Current window maximized

22-10-2025T11:18:09 - [MESSAGE][PASSED] - Current window maximized

22-10-2025T11:18:09 - [TEST_STEP][PASSED] - waitForElementVisible(findTestObject("TripFocus/Testing_Notification_btn"), 15, OPTIONAL): Web element with id: 'Object Repository/TripFocus/Testing_Notification_btn' located by '//*[@id="__BVID__10___BV_modal_footer_"]/button' not found

22-10-2025T11:18:25 - [MESSAGE][INFO] - Unable to find the element located by 'By.xpath: //*[@id="__BVID__10___BV_modal_footer_"]/button'. Please recheck the objects properties to make sure the desired element is located. 

22-10-2025T11:18:25 - [MESSAGE][WARNING] - [SELF-HEALING] Failed to find element with id 'Object Repository/TripFocus/Testing_Notification_btn'. Try using Self-healing.

22-10-2025T11:18:26 - [MESSAGE][INFO] - [SELF-HEALING] No working XPath is found.

22-10-2025T11:18:28 - [MESSAGE][INFO] - Unable to find the element located by 'By.xpath: '. Please recheck the objects properties to make sure the desired element is located. 

22-10-2025T11:18:28 - [MESSAGE][WARNING] - [SELF-HEALING] Cannot find elements when the selector is null

22-10-2025T11:18:28 - [MESSAGE][WARNING] - Web element with id: 'Object Repository/TripFocus/Testing_Notification_btn' located by '//*[@id="__BVID__10___BV_modal_footer_"]/button' not found

22-10-2025T11:18:28 - [TEST_STEP][PASSED] - if (verifyElementVisible(findTestObject("TripFocus/Testing_Notification_btn"), OPTIONAL) == true): Web element with id: 'Object Repository/TripFocus/Testing_Notification_btn' located by '//*[@id="__BVID__10___BV_modal_footer_"]/button' not found (Root cause: com.kms.katalon.core.exception.StepFailedException: Web element with id: 'Object Repository/TripFocus/Testing_Notification_btn' located by '//*[@id="__BVID__10___BV_modal_footer_"]/button' not found
	at com.kms.katalon.core.webui.keyword.internal.WebUIKeywordMain.stepFailed(WebUIKeywordMain.groovy:117)
	at com.kms.katalon.core.webui.keyword.builtin.VerifyElementVisibleKeyword$_verifyElementVisible_closure1.doCall(VerifyElementVisibleKeyword.groovy:89)
	at com.kms.katalon.core.webui.keyword.builtin.VerifyElementVisibleKeyword$_verifyElementVisible_closure1.call(VerifyElementVisibleKeyword.groovy)
	at com.kms.katalon.core.webui.keyword.internal.WebUIKeywordMain.runKeyword(WebUIKeywordMain.groovy:35)
	at com.kms.katalon.core.webui.keyword.builtin.VerifyElementVisibleKeyword.verifyElementVisible(VerifyElementVisibleKeyword.groovy:97)
	at com.kms.katalon.core.webui.keyword.builtin.VerifyElementVisibleKeyword.execute(VerifyElementVisibleKeyword.groovy:67)
	at com.kms.katalon.core.keyword.internal.KeywordExecutor.executeKeywordForPlatform(KeywordExecutor.groovy:74)
	at com.kms.katalon.core.webui.keyword.WebUiBuiltInKeywords.verifyElementVisible(WebUiBuiltInKeywords.groovy:401)
	at com.kms.katalon.core.webui.keyword.WebUiBuiltInKeywords$verifyElementVisible$5.call(Unknown Source)
	at SPG - Exporting Selected Orders.run(SPG - Exporting Selected Orders:38)
	at com.kms.katalon.core.main.ScriptEngine.run(ScriptEngine.java:194)
	at com.kms.katalon.core.main.ScriptEngine.runScriptAsRawText(ScriptEngine.java:119)
	at com.kms.katalon.core.main.TestCaseExecutor.runScript(TestCaseExecutor.java:448)
	at com.kms.katalon.core.main.TestCaseExecutor.doExecute(TestCaseExecutor.java:439)
	at com.kms.katalon.core.main.TestCaseExecutor.processExecutionPhase(TestCaseExecutor.java:418)
	at com.kms.katalon.core.main.TestCaseExecutor.accessMainPhase(TestCaseExecutor.java:410)
	at com.kms.katalon.core.main.TestCaseExecutor.execute(TestCaseExecutor.java:285)
	at com.kms.katalon.core.common.CommonExecutor.accessTestCaseMainPhase(CommonExecutor.java:65)
	at com.kms.katalon.core.main.TestSuiteExecutor.accessTestSuiteMainPhase(TestSuiteExecutor.java:150)
	at com.kms.katalon.core.main.TestSuiteExecutor.execute(TestSuiteExecutor.java:106)
	at com.kms.katalon.core.main.TestCaseMain.startTestSuite(TestCaseMain.java:180)
	at com.kms.katalon.core.main.TestCaseMain$startTestSuite$0.call(Unknown Source)
	at TempTestSuite1761139096516.run(TempTestSuite1761139096516.groovy:35)
	at java.base/jdk.internal.reflect.NativeMethodAccessorImpl.invoke0(Native Method)
	at java.base/jdk.internal.reflect.NativeMethodAccessorImpl.invoke(NativeMethodAccessorImpl.java:77)
	at java.base/jdk.internal.reflect.DelegatingMethodAccessorImpl.invoke(DelegatingMethodAccessorImpl.java:43)
)

22-10-2025T11:18:44 - [MESSAGE][INFO] - Unable to find the element located by 'By.xpath: //*[@id="__BVID__10___BV_modal_footer_"]/button'. Please recheck the objects properties to make sure the desired element is located. 

22-10-2025T11:18:44 - [MESSAGE][WARNING] - [SELF-HEALING] Failed to find element with id 'Object Repository/TripFocus/Testing_Notification_btn'. Try using Self-healing.

22-10-2025T11:18:45 - [MESSAGE][INFO] - [SELF-HEALING] No working XPath is found.

22-10-2025T11:18:47 - [MESSAGE][INFO] - Unable to find the element located by 'By.xpath: '. Please recheck the objects properties to make sure the desired element is located. 

22-10-2025T11:18:47 - [MESSAGE][WARNING] - [SELF-HEALING] Cannot find elements when the selector is null

22-10-2025T11:18:47 - [MESSAGE][WARNING] - Web element with id: 'Object Repository/TripFocus/Testing_Notification_btn' located by '//*[@id="__BVID__10___BV_modal_footer_"]/button' not found (Root cause: com.kms.katalon.core.exception.StepFailedException: Web element with id: 'Object Repository/TripFocus/Testing_Notification_btn' located by '//*[@id="__BVID__10___BV_modal_footer_"]/button' not found
	at com.kms.katalon.core.webui.keyword.internal.WebUIKeywordMain.stepFailed(WebUIKeywordMain.groovy:117)
	at com.kms.katalon.core.webui.keyword.builtin.VerifyElementVisibleKeyword$_verifyElementVisible_closure1.doCall(VerifyElementVisibleKeyword.groovy:89)
	at com.kms.katalon.core.webui.keyword.builtin.VerifyElementVisibleKeyword$_verifyElementVisible_closure1.call(VerifyElementVisibleKeyword.groovy)
	at com.kms.katalon.core.webui.keyword.internal.WebUIKeywordMain.runKeyword(WebUIKeywordMain.groovy:35)
	at com.kms.katalon.core.webui.keyword.builtin.VerifyElementVisibleKeyword.verifyElementVisible(VerifyElementVisibleKeyword.groovy:97)
	at com.kms.katalon.core.webui.keyword.builtin.VerifyElementVisibleKeyword.execute(VerifyElementVisibleKeyword.groovy:67)
	at com.kms.katalon.core.keyword.internal.KeywordExecutor.executeKeywordForPlatform(KeywordExecutor.groovy:74)
	at com.kms.katalon.core.webui.keyword.WebUiBuiltInKeywords.verifyElementVisible(WebUiBuiltInKeywords.groovy:401)
	at com.kms.katalon.core.webui.keyword.WebUiBuiltInKeywords$verifyElementVisible$5.call(Unknown Source)
	at SPG - Exporting Selected Orders.run(SPG - Exporting Selected Orders:38)
	at com.kms.katalon.core.main.ScriptEngine.run(ScriptEngine.java:194)
	at com.kms.katalon.core.main.ScriptEngine.runScriptAsRawText(ScriptEngine.java:119)
	at com.kms.katalon.core.main.TestCaseExecutor.runScript(TestCaseExecutor.java:448)
	at com.kms.katalon.core.main.TestCaseExecutor.doExecute(TestCaseExecutor.java:439)
	at com.kms.katalon.core.main.TestCaseExecutor.processExecutionPhase(TestCaseExecutor.java:418)
	at com.kms.katalon.core.main.TestCaseExecutor.accessMainPhase(TestCaseExecutor.java:410)
	at com.kms.katalon.core.main.TestCaseExecutor.execute(TestCaseExecutor.java:285)
	at com.kms.katalon.core.common.CommonExecutor.accessTestCaseMainPhase(CommonExecutor.java:65)
	at com.kms.katalon.core.main.TestSuiteExecutor.accessTestSuiteMainPhase(TestSuiteExecutor.java:150)
	at com.kms.katalon.core.main.TestSuiteExecutor.execute(TestSuiteExecutor.java:106)
	at com.kms.katalon.core.main.TestCaseMain.startTestSuite(TestCaseMain.java:180)
	at com.kms.katalon.core.main.TestCaseMain$startTestSuite$0.call(Unknown Source)
	at TempTestSuite1761139096516.run(TempTestSuite1761139096516.groovy:35)
	at java.base/jdk.internal.reflect.NativeMethodAccessorImpl.invoke0(Native Method)
	at java.base/jdk.internal.reflect.NativeMethodAccessorImpl.invoke(NativeMethodAccessorImpl.java:77)
	at java.base/jdk.internal.reflect.DelegatingMethodAccessorImpl.invoke(DelegatingMethodAccessorImpl.java:43)
)

22-10-2025T11:18:47 - [TEST_STEP][PASSED] - click(findTestObject("TripFocus/Orders/Orders_tab")): Object: 'Object Repository/TripFocus/Orders/Orders_tab' is clicked on

22-10-2025T11:18:47 - [MESSAGE][PASSED] - Object: 'Object Repository/TripFocus/Orders/Orders_tab' is clicked on

22-10-2025T11:18:47 - [TEST_STEP][PASSED] - delay(3): Delayed 3 second(s)

22-10-2025T11:18:50 - [MESSAGE][PASSED] - Delayed 3 second(s)

22-10-2025T11:18:50 - [TEST_STEP][PASSED] - click(findTestObject("TripFocus/Sidebar Minimizer")): Object: 'Object Repository/TripFocus/Sidebar Minimizer' is clicked on

22-10-2025T11:18:51 - [MESSAGE][PASSED] - Object: 'Object Repository/TripFocus/Sidebar Minimizer' is clicked on

22-10-2025T11:18:51 - [TEST_STEP][PASSED] - delay(1): Delayed 1 second(s)

22-10-2025T11:18:52 - [MESSAGE][PASSED] - Delayed 1 second(s)

22-10-2025T11:18:52 - [TEST_STEP][PASSED] - verifyElementNotClickable(findTestObject("TripFocus/Orders/Export_Selected_Orders_btn")): Object 'Object Repository/TripFocus/Orders/Export_Selected_Orders_btn' is NOT clickable

22-10-2025T11:18:52 - [MESSAGE][PASSED] - Object 'Object Repository/TripFocus/Orders/Export_Selected_Orders_btn' is NOT clickable

22-10-2025T11:18:52 - [TEST_STEP][PASSED] - delay(1): Delayed 1 second(s)

22-10-2025T11:18:53 - [MESSAGE][PASSED] - Delayed 1 second(s)

22-10-2025T11:18:53 - [TEST_STEP][PASSED] - click(findTestObject("TripFocus/Orders/First_Order_checkbox")): Object: 'Object Repository/TripFocus/Orders/First_Order_checkbox' is clicked on

22-10-2025T11:18:53 - [MESSAGE][PASSED] - Object: 'Object Repository/TripFocus/Orders/First_Order_checkbox' is clicked on

22-10-2025T11:18:53 - [TEST_STEP][PASSED] - delay(1): Delayed 1 second(s)

22-10-2025T11:18:54 - [MESSAGE][PASSED] - Delayed 1 second(s)

22-10-2025T11:18:54 - [TEST_STEP][PASSED] - verifyElementClickable(findTestObject("TripFocus/Orders/Export_Selected_Orders_btn")): Object 'Object Repository/TripFocus/Orders/Export_Selected_Orders_btn' is clickable

22-10-2025T11:18:54 - [MESSAGE][PASSED] - Object 'Object Repository/TripFocus/Orders/Export_Selected_Orders_btn' is clickable

22-10-2025T11:18:54 - [TEST_STEP][PASSED] - click(findTestObject("TripFocus/Orders/Export_Selected_Orders_btn")): Object: 'Object Repository/TripFocus/Orders/Export_Selected_Orders_btn' is clicked on

22-10-2025T11:18:54 - [MESSAGE][PASSED] - Object: 'Object Repository/TripFocus/Orders/Export_Selected_Orders_btn' is clicked on

22-10-2025T11:18:54 - [TEST_STEP][PASSED] - Start listener action : retryOnDisconnect: null

22-10-2025T11:18:54 - [TEST_STEP][PASSED] - tcId = testCaseContext.getTestCaseId(): null

22-10-2025T11:18:54 - [TEST_STEP][PASSED] - currentRetry = retryCounts.getOrDefault(tcId, 0): null

22-10-2025T11:18:54 - [TEST_STEP][PASSED] - if (testCaseContext.getTestCaseStatus() == "FAILED" && currentRetry < MAX_RETRIES): null]]></system-out>
         <system-err><![CDATA[]]></system-err>
      </testcase>
      <testcase name="Test Cases/TripFocus/SPG/SPG - Orders/SPG - Getting Images For Selected Orders" time="47.799" classname="Test Cases/TripFocus/SPG/SPG - Orders/SPG - Getting Images For Selected Orders" status="PASSED">
         <system-out><![CDATA[22-10-2025T11:18:54 - [TEST_CASE][PASSED] - Test Cases/TripFocus/SPG/SPG - Orders/SPG - Getting Images For Selected Orders: Test Cases/TripFocus/SPG/SPG - Orders/SPG - Getting Images For Selected Orders

22-10-2025T11:18:54 - [TEST_STEP][PASSED] - Start listener action : beforeTestCase: null

22-10-2025T11:18:54 - [TEST_STEP][PASSED] - addDefaultPackages(): null

22-10-2025T11:18:54 - [TEST_STEP][PASSED] - openBrowser(""): Browser is opened with url: ''

22-10-2025T11:18:54 - [MESSAGE][WARNING] - A browser is already opened. Closing browser and opening a new one

22-10-2025T11:18:54 - [MESSAGE][INFO] - Starting 'Chrome' driver

22-10-2025T11:18:54 - [MESSAGE][INFO] - User set preference: ['args', '[--no-sandbox, --disable-gpu, --disable-dev-shm-usage]']

22-10-2025T11:18:54 - [MESSAGE][INFO] - Action delay is set to 0 milliseconds

22-10-2025T11:18:55 - [MESSAGE][PASSED] - Browser is opened with url: ''

22-10-2025T11:18:55 - [TEST_STEP][PASSED] - navigateToUrl(TFBaseURL): Navigate to 'https://www.qa.tripfocus.com' successfully

22-10-2025T11:18:55 - [MESSAGE][PASSED] - Navigate to 'https://www.qa.tripfocus.com' successfully

22-10-2025T11:18:55 - [TEST_STEP][PASSED] - click(findTestObject("Object Repository/TripFocus/Page_TripFocus/button_Sign in")): Object: 'Object Repository/TripFocus/Page_TripFocus/button_Sign in' is clicked on

22-10-2025T11:18:56 - [MESSAGE][PASSED] - Object: 'Object Repository/TripFocus/Page_TripFocus/button_Sign in' is clicked on

22-10-2025T11:18:56 - [TEST_STEP][PASSED] - setText(findTestObject("Object Repository/TripFocus/Page_TripFocus/input_Username (e.g. email address)_Username"), TripFocusBleachTechSPGUsername): Text 'Ashford.Chenault+BleachtechCustomerSPGONLY@thekag.com' is set on object 'Object Repository/TripFocus/Page_TripFocus/input_Username (e.g. email address)_Username'

22-10-2025T11:18:56 - [MESSAGE][PASSED] - Text 'Ashford.Chenault+BleachtechCustomerSPGONLY@thekag.com' is set on object 'Object Repository/TripFocus/Page_TripFocus/input_Username (e.g. email address)_Username'

22-10-2025T11:18:56 - [TEST_STEP][PASSED] - setText(findTestObject("Object Repository/TripFocus/Page_TripFocus/input_Password_Password"), TripFocusFDGSPGPassword): Text 'CrashBan911!!' is set on object 'Object Repository/TripFocus/Page_TripFocus/input_Password_Password'

22-10-2025T11:18:56 - [MESSAGE][PASSED] - Text 'CrashBan911!!' is set on object 'Object Repository/TripFocus/Page_TripFocus/input_Password_Password'

22-10-2025T11:18:56 - [TEST_STEP][PASSED] - click(findTestObject("Object Repository/TripFocus/Page_TripFocus/button_Login")): Object: 'Object Repository/TripFocus/Page_TripFocus/button_Login' is clicked on

22-10-2025T11:18:57 - [MESSAGE][PASSED] - Object: 'Object Repository/TripFocus/Page_TripFocus/button_Login' is clicked on

22-10-2025T11:18:57 - [TEST_STEP][PASSED] - maximizeWindow(): Current window maximized

22-10-2025T11:18:57 - [MESSAGE][PASSED] - Current window maximized

22-10-2025T11:18:57 - [TEST_STEP][PASSED] - waitForElementVisible(findTestObject("TripFocus/Testing_Notification_btn"), 15, OPTIONAL): Web element with id: 'Object Repository/TripFocus/Testing_Notification_btn' located by '//*[@id="__BVID__10___BV_modal_footer_"]/button' not found

22-10-2025T11:19:13 - [MESSAGE][INFO] - Unable to find the element located by 'By.xpath: //*[@id="__BVID__10___BV_modal_footer_"]/button'. Please recheck the objects properties to make sure the desired element is located. 

22-10-2025T11:19:13 - [MESSAGE][WARNING] - [SELF-HEALING] Failed to find element with id 'Object Repository/TripFocus/Testing_Notification_btn'. Try using Self-healing.

22-10-2025T11:19:14 - [MESSAGE][INFO] - [SELF-HEALING] No working XPath is found.

22-10-2025T11:19:16 - [MESSAGE][INFO] - Unable to find the element located by 'By.xpath: '. Please recheck the objects properties to make sure the desired element is located. 

22-10-2025T11:19:16 - [MESSAGE][WARNING] - [SELF-HEALING] Cannot find elements when the selector is null

22-10-2025T11:19:16 - [MESSAGE][WARNING] - Web element with id: 'Object Repository/TripFocus/Testing_Notification_btn' located by '//*[@id="__BVID__10___BV_modal_footer_"]/button' not found

22-10-2025T11:19:16 - [TEST_STEP][PASSED] - if (verifyElementVisible(findTestObject("TripFocus/Testing_Notification_btn"), OPTIONAL) == true): Web element with id: 'Object Repository/TripFocus/Testing_Notification_btn' located by '//*[@id="__BVID__10___BV_modal_footer_"]/button' not found (Root cause: com.kms.katalon.core.exception.StepFailedException: Web element with id: 'Object Repository/TripFocus/Testing_Notification_btn' located by '//*[@id="__BVID__10___BV_modal_footer_"]/button' not found
	at com.kms.katalon.core.webui.keyword.internal.WebUIKeywordMain.stepFailed(WebUIKeywordMain.groovy:117)
	at com.kms.katalon.core.webui.keyword.builtin.VerifyElementVisibleKeyword$_verifyElementVisible_closure1.doCall(VerifyElementVisibleKeyword.groovy:89)
	at com.kms.katalon.core.webui.keyword.builtin.VerifyElementVisibleKeyword$_verifyElementVisible_closure1.call(VerifyElementVisibleKeyword.groovy)
	at com.kms.katalon.core.webui.keyword.internal.WebUIKeywordMain.runKeyword(WebUIKeywordMain.groovy:35)
	at com.kms.katalon.core.webui.keyword.builtin.VerifyElementVisibleKeyword.verifyElementVisible(VerifyElementVisibleKeyword.groovy:97)
	at com.kms.katalon.core.webui.keyword.builtin.VerifyElementVisibleKeyword.execute(VerifyElementVisibleKeyword.groovy:67)
	at com.kms.katalon.core.keyword.internal.KeywordExecutor.executeKeywordForPlatform(KeywordExecutor.groovy:74)
	at com.kms.katalon.core.webui.keyword.WebUiBuiltInKeywords.verifyElementVisible(WebUiBuiltInKeywords.groovy:401)
	at com.kms.katalon.core.webui.keyword.WebUiBuiltInKeywords$verifyElementVisible$5.call(Unknown Source)
	at SPG - Getting Images For Selected Orders.run(SPG - Getting Images For Selected Orders:38)
	at com.kms.katalon.core.main.ScriptEngine.run(ScriptEngine.java:194)
	at com.kms.katalon.core.main.ScriptEngine.runScriptAsRawText(ScriptEngine.java:119)
	at com.kms.katalon.core.main.TestCaseExecutor.runScript(TestCaseExecutor.java:448)
	at com.kms.katalon.core.main.TestCaseExecutor.doExecute(TestCaseExecutor.java:439)
	at com.kms.katalon.core.main.TestCaseExecutor.processExecutionPhase(TestCaseExecutor.java:418)
	at com.kms.katalon.core.main.TestCaseExecutor.accessMainPhase(TestCaseExecutor.java:410)
	at com.kms.katalon.core.main.TestCaseExecutor.execute(TestCaseExecutor.java:285)
	at com.kms.katalon.core.common.CommonExecutor.accessTestCaseMainPhase(CommonExecutor.java:65)
	at com.kms.katalon.core.main.TestSuiteExecutor.accessTestSuiteMainPhase(TestSuiteExecutor.java:150)
	at com.kms.katalon.core.main.TestSuiteExecutor.execute(TestSuiteExecutor.java:106)
	at com.kms.katalon.core.main.TestCaseMain.startTestSuite(TestCaseMain.java:180)
	at com.kms.katalon.core.main.TestCaseMain$startTestSuite$0.call(Unknown Source)
	at TempTestSuite1761139096516.run(TempTestSuite1761139096516.groovy:35)
	at java.base/jdk.internal.reflect.NativeMethodAccessorImpl.invoke0(Native Method)
	at java.base/jdk.internal.reflect.NativeMethodAccessorImpl.invoke(NativeMethodAccessorImpl.java:77)
	at java.base/jdk.internal.reflect.DelegatingMethodAccessorImpl.invoke(DelegatingMethodAccessorImpl.java:43)
)

22-10-2025T11:19:32 - [MESSAGE][INFO] - Unable to find the element located by 'By.xpath: //*[@id="__BVID__10___BV_modal_footer_"]/button'. Please recheck the objects properties to make sure the desired element is located. 

22-10-2025T11:19:32 - [MESSAGE][WARNING] - [SELF-HEALING] Failed to find element with id 'Object Repository/TripFocus/Testing_Notification_btn'. Try using Self-healing.

22-10-2025T11:19:33 - [MESSAGE][INFO] - [SELF-HEALING] No working XPath is found.

22-10-2025T11:19:35 - [MESSAGE][INFO] - Unable to find the element located by 'By.xpath: '. Please recheck the objects properties to make sure the desired element is located. 

22-10-2025T11:19:35 - [MESSAGE][WARNING] - [SELF-HEALING] Cannot find elements when the selector is null

22-10-2025T11:19:35 - [MESSAGE][WARNING] - Web element with id: 'Object Repository/TripFocus/Testing_Notification_btn' located by '//*[@id="__BVID__10___BV_modal_footer_"]/button' not found (Root cause: com.kms.katalon.core.exception.StepFailedException: Web element with id: 'Object Repository/TripFocus/Testing_Notification_btn' located by '//*[@id="__BVID__10___BV_modal_footer_"]/button' not found
	at com.kms.katalon.core.webui.keyword.internal.WebUIKeywordMain.stepFailed(WebUIKeywordMain.groovy:117)
	at com.kms.katalon.core.webui.keyword.builtin.VerifyElementVisibleKeyword$_verifyElementVisible_closure1.doCall(VerifyElementVisibleKeyword.groovy:89)
	at com.kms.katalon.core.webui.keyword.builtin.VerifyElementVisibleKeyword$_verifyElementVisible_closure1.call(VerifyElementVisibleKeyword.groovy)
	at com.kms.katalon.core.webui.keyword.internal.WebUIKeywordMain.runKeyword(WebUIKeywordMain.groovy:35)
	at com.kms.katalon.core.webui.keyword.builtin.VerifyElementVisibleKeyword.verifyElementVisible(VerifyElementVisibleKeyword.groovy:97)
	at com.kms.katalon.core.webui.keyword.builtin.VerifyElementVisibleKeyword.execute(VerifyElementVisibleKeyword.groovy:67)
	at com.kms.katalon.core.keyword.internal.KeywordExecutor.executeKeywordForPlatform(KeywordExecutor.groovy:74)
	at com.kms.katalon.core.webui.keyword.WebUiBuiltInKeywords.verifyElementVisible(WebUiBuiltInKeywords.groovy:401)
	at com.kms.katalon.core.webui.keyword.WebUiBuiltInKeywords$verifyElementVisible$5.call(Unknown Source)
	at SPG - Getting Images For Selected Orders.run(SPG - Getting Images For Selected Orders:38)
	at com.kms.katalon.core.main.ScriptEngine.run(ScriptEngine.java:194)
	at com.kms.katalon.core.main.ScriptEngine.runScriptAsRawText(ScriptEngine.java:119)
	at com.kms.katalon.core.main.TestCaseExecutor.runScript(TestCaseExecutor.java:448)
	at com.kms.katalon.core.main.TestCaseExecutor.doExecute(TestCaseExecutor.java:439)
	at com.kms.katalon.core.main.TestCaseExecutor.processExecutionPhase(TestCaseExecutor.java:418)
	at com.kms.katalon.core.main.TestCaseExecutor.accessMainPhase(TestCaseExecutor.java:410)
	at com.kms.katalon.core.main.TestCaseExecutor.execute(TestCaseExecutor.java:285)
	at com.kms.katalon.core.common.CommonExecutor.accessTestCaseMainPhase(CommonExecutor.java:65)
	at com.kms.katalon.core.main.TestSuiteExecutor.accessTestSuiteMainPhase(TestSuiteExecutor.java:150)
	at com.kms.katalon.core.main.TestSuiteExecutor.execute(TestSuiteExecutor.java:106)
	at com.kms.katalon.core.main.TestCaseMain.startTestSuite(TestCaseMain.java:180)
	at com.kms.katalon.core.main.TestCaseMain$startTestSuite$0.call(Unknown Source)
	at TempTestSuite1761139096516.run(TempTestSuite1761139096516.groovy:35)
	at java.base/jdk.internal.reflect.NativeMethodAccessorImpl.invoke0(Native Method)
	at java.base/jdk.internal.reflect.NativeMethodAccessorImpl.invoke(NativeMethodAccessorImpl.java:77)
	at java.base/jdk.internal.reflect.DelegatingMethodAccessorImpl.invoke(DelegatingMethodAccessorImpl.java:43)
)

22-10-2025T11:19:35 - [TEST_STEP][PASSED] - click(findTestObject("TripFocus/Orders/Orders_tab")): Object: 'Object Repository/TripFocus/Orders/Orders_tab' is clicked on

22-10-2025T11:19:35 - [MESSAGE][PASSED] - Object: 'Object Repository/TripFocus/Orders/Orders_tab' is clicked on

22-10-2025T11:19:35 - [TEST_STEP][PASSED] - delay(3): Delayed 3 second(s)

22-10-2025T11:19:38 - [MESSAGE][PASSED] - Delayed 3 second(s)

22-10-2025T11:19:38 - [TEST_STEP][PASSED] - click(findTestObject("TripFocus/Sidebar Minimizer")): Object: 'Object Repository/TripFocus/Sidebar Minimizer' is clicked on

22-10-2025T11:19:38 - [MESSAGE][PASSED] - Object: 'Object Repository/TripFocus/Sidebar Minimizer' is clicked on

22-10-2025T11:19:38 - [TEST_STEP][PASSED] - delay(1): Delayed 1 second(s)

22-10-2025T11:19:39 - [MESSAGE][PASSED] - Delayed 1 second(s)

22-10-2025T11:19:39 - [TEST_STEP][PASSED] - verifyElementNotClickable(findTestObject("TripFocus/Orders/Get_Images_for_Selected_Orders_btn")): Object 'Object Repository/TripFocus/Orders/Get_Images_for_Selected_Orders_btn' is NOT clickable

22-10-2025T11:19:39 - [MESSAGE][PASSED] - Object 'Object Repository/TripFocus/Orders/Get_Images_for_Selected_Orders_btn' is NOT clickable

22-10-2025T11:19:39 - [TEST_STEP][PASSED] - delay(1): Delayed 1 second(s)

22-10-2025T11:19:40 - [MESSAGE][PASSED] - Delayed 1 second(s)

22-10-2025T11:19:40 - [TEST_STEP][PASSED] - click(findTestObject("TripFocus/Orders/First_Order_checkbox")): Object: 'Object Repository/TripFocus/Orders/First_Order_checkbox' is clicked on

22-10-2025T11:19:41 - [MESSAGE][PASSED] - Object: 'Object Repository/TripFocus/Orders/First_Order_checkbox' is clicked on

22-10-2025T11:19:41 - [TEST_STEP][PASSED] - delay(1): Delayed 1 second(s)

22-10-2025T11:19:42 - [MESSAGE][PASSED] - Delayed 1 second(s)

22-10-2025T11:19:42 - [TEST_STEP][PASSED] - verifyElementClickable(findTestObject("TripFocus/Orders/Get_Images_for_Selected_Orders_btn")): Object 'Object Repository/TripFocus/Orders/Get_Images_for_Selected_Orders_btn' is clickable

22-10-2025T11:19:42 - [MESSAGE][PASSED] - Object 'Object Repository/TripFocus/Orders/Get_Images_for_Selected_Orders_btn' is clickable

22-10-2025T11:19:42 - [TEST_STEP][PASSED] - click(findTestObject("TripFocus/Orders/Get_Images_for_Selected_Orders_btn")): Object: 'Object Repository/TripFocus/Orders/Get_Images_for_Selected_Orders_btn' is clicked on

22-10-2025T11:19:42 - [MESSAGE][PASSED] - Object: 'Object Repository/TripFocus/Orders/Get_Images_for_Selected_Orders_btn' is clicked on

22-10-2025T11:19:42 - [TEST_STEP][PASSED] - Start listener action : retryOnDisconnect: null

22-10-2025T11:19:42 - [TEST_STEP][PASSED] - tcId = testCaseContext.getTestCaseId(): null

22-10-2025T11:19:42 - [TEST_STEP][PASSED] - currentRetry = retryCounts.getOrDefault(tcId, 0): null

22-10-2025T11:19:42 - [TEST_STEP][PASSED] - if (testCaseContext.getTestCaseStatus() == "FAILED" && currentRetry < MAX_RETRIES): null]]></system-out>
         <system-err><![CDATA[]]></system-err>
      </testcase>
      <testcase name="Test Cases/TripFocus/SPG/SPG - Orders/SPG - Verify Advance Filters Button" time="60.184" classname="Test Cases/TripFocus/SPG/SPG - Orders/SPG - Verify Advance Filters Button" status="PASSED">
         <system-out><![CDATA[22-10-2025T11:19:42 - [TEST_CASE][PASSED] - Test Cases/TripFocus/SPG/SPG - Orders/SPG - Verify Advance Filters Button: Test Cases/TripFocus/SPG/SPG - Orders/SPG - Verify Advance Filters Button

22-10-2025T11:19:42 - [TEST_STEP][PASSED] - Start listener action : beforeTestCase: null

22-10-2025T11:19:42 - [TEST_STEP][PASSED] - addDefaultPackages(): null

22-10-2025T11:19:42 - [TEST_STEP][PASSED] - openBrowser(""): Browser is opened with url: ''

22-10-2025T11:19:42 - [MESSAGE][WARNING] - A browser is already opened. Closing browser and opening a new one

22-10-2025T11:19:42 - [MESSAGE][INFO] - Starting 'Chrome' driver

22-10-2025T11:19:42 - [MESSAGE][INFO] - User set preference: ['args', '[--no-sandbox, --disable-gpu, --disable-dev-shm-usage]']

22-10-2025T11:19:42 - [MESSAGE][INFO] - Action delay is set to 0 milliseconds

22-10-2025T11:19:43 - [MESSAGE][PASSED] - Browser is opened with url: ''

22-10-2025T11:19:43 - [TEST_STEP][PASSED] - navigateToUrl(TFBaseURL): Navigate to 'https://www.qa.tripfocus.com' successfully

22-10-2025T11:19:43 - [MESSAGE][PASSED] - Navigate to 'https://www.qa.tripfocus.com' successfully

22-10-2025T11:19:43 - [TEST_STEP][PASSED] - click(findTestObject("Object Repository/TripFocus/Page_TripFocus/button_Sign in")): Object: 'Object Repository/TripFocus/Page_TripFocus/button_Sign in' is clicked on

22-10-2025T11:19:43 - [MESSAGE][PASSED] - Object: 'Object Repository/TripFocus/Page_TripFocus/button_Sign in' is clicked on

22-10-2025T11:19:43 - [TEST_STEP][PASSED] - setText(findTestObject("Object Repository/TripFocus/Page_TripFocus/input_Username (e.g. email address)_Username"), TripFocusBleachTechSPGUsername): Text 'Ashford.Chenault+BleachtechCustomerSPGONLY@thekag.com' is set on object 'Object Repository/TripFocus/Page_TripFocus/input_Username (e.g. email address)_Username'

22-10-2025T11:19:44 - [MESSAGE][PASSED] - Text 'Ashford.Chenault+BleachtechCustomerSPGONLY@thekag.com' is set on object 'Object Repository/TripFocus/Page_TripFocus/input_Username (e.g. email address)_Username'

22-10-2025T11:19:44 - [TEST_STEP][PASSED] - setText(findTestObject("Object Repository/TripFocus/Page_TripFocus/input_Password_Password"), TripFocusFDGSPGPassword): Text 'CrashBan911!!' is set on object 'Object Repository/TripFocus/Page_TripFocus/input_Password_Password'

22-10-2025T11:19:44 - [MESSAGE][PASSED] - Text 'CrashBan911!!' is set on object 'Object Repository/TripFocus/Page_TripFocus/input_Password_Password'

22-10-2025T11:19:44 - [TEST_STEP][PASSED] - click(findTestObject("Object Repository/TripFocus/Page_TripFocus/button_Login")): Object: 'Object Repository/TripFocus/Page_TripFocus/button_Login' is clicked on

22-10-2025T11:19:44 - [MESSAGE][PASSED] - Object: 'Object Repository/TripFocus/Page_TripFocus/button_Login' is clicked on

22-10-2025T11:19:44 - [TEST_STEP][PASSED] - maximizeWindow(): Current window maximized

22-10-2025T11:19:44 - [MESSAGE][PASSED] - Current window maximized

22-10-2025T11:19:44 - [TEST_STEP][PASSED] - waitForElementVisible(findTestObject("TripFocus/Testing_Notification_btn"), 15, OPTIONAL): Web element with id: 'Object Repository/TripFocus/Testing_Notification_btn' located by '//*[@id="__BVID__10___BV_modal_footer_"]/button' not found

22-10-2025T11:20:00 - [MESSAGE][INFO] - Unable to find the element located by 'By.xpath: //*[@id="__BVID__10___BV_modal_footer_"]/button'. Please recheck the objects properties to make sure the desired element is located. 

22-10-2025T11:20:00 - [MESSAGE][WARNING] - [SELF-HEALING] Failed to find element with id 'Object Repository/TripFocus/Testing_Notification_btn'. Try using Self-healing.

22-10-2025T11:20:01 - [MESSAGE][INFO] - [SELF-HEALING] No working XPath is found.

22-10-2025T11:20:04 - [MESSAGE][INFO] - Unable to find the element located by 'By.xpath: '. Please recheck the objects properties to make sure the desired element is located. 

22-10-2025T11:20:04 - [MESSAGE][WARNING] - [SELF-HEALING] Cannot find elements when the selector is null

22-10-2025T11:20:04 - [MESSAGE][WARNING] - Web element with id: 'Object Repository/TripFocus/Testing_Notification_btn' located by '//*[@id="__BVID__10___BV_modal_footer_"]/button' not found

22-10-2025T11:20:04 - [TEST_STEP][PASSED] - if (verifyElementVisible(findTestObject("TripFocus/Testing_Notification_btn"), OPTIONAL) == true): Web element with id: 'Object Repository/TripFocus/Testing_Notification_btn' located by '//*[@id="__BVID__10___BV_modal_footer_"]/button' not found (Root cause: com.kms.katalon.core.exception.StepFailedException: Web element with id: 'Object Repository/TripFocus/Testing_Notification_btn' located by '//*[@id="__BVID__10___BV_modal_footer_"]/button' not found
	at com.kms.katalon.core.webui.keyword.internal.WebUIKeywordMain.stepFailed(WebUIKeywordMain.groovy:117)
	at com.kms.katalon.core.webui.keyword.builtin.VerifyElementVisibleKeyword$_verifyElementVisible_closure1.doCall(VerifyElementVisibleKeyword.groovy:89)
	at com.kms.katalon.core.webui.keyword.builtin.VerifyElementVisibleKeyword$_verifyElementVisible_closure1.call(VerifyElementVisibleKeyword.groovy)
	at com.kms.katalon.core.webui.keyword.internal.WebUIKeywordMain.runKeyword(WebUIKeywordMain.groovy:35)
	at com.kms.katalon.core.webui.keyword.builtin.VerifyElementVisibleKeyword.verifyElementVisible(VerifyElementVisibleKeyword.groovy:97)
	at com.kms.katalon.core.webui.keyword.builtin.VerifyElementVisibleKeyword.execute(VerifyElementVisibleKeyword.groovy:67)
	at com.kms.katalon.core.keyword.internal.KeywordExecutor.executeKeywordForPlatform(KeywordExecutor.groovy:74)
	at com.kms.katalon.core.webui.keyword.WebUiBuiltInKeywords.verifyElementVisible(WebUiBuiltInKeywords.groovy:401)
	at com.kms.katalon.core.webui.keyword.WebUiBuiltInKeywords$verifyElementVisible$5.call(Unknown Source)
	at SPG - Verify Advance Filters Button.run(SPG - Verify Advance Filters Button:38)
	at com.kms.katalon.core.main.ScriptEngine.run(ScriptEngine.java:194)
	at com.kms.katalon.core.main.ScriptEngine.runScriptAsRawText(ScriptEngine.java:119)
	at com.kms.katalon.core.main.TestCaseExecutor.runScript(TestCaseExecutor.java:448)
	at com.kms.katalon.core.main.TestCaseExecutor.doExecute(TestCaseExecutor.java:439)
	at com.kms.katalon.core.main.TestCaseExecutor.processExecutionPhase(TestCaseExecutor.java:418)
	at com.kms.katalon.core.main.TestCaseExecutor.accessMainPhase(TestCaseExecutor.java:410)
	at com.kms.katalon.core.main.TestCaseExecutor.execute(TestCaseExecutor.java:285)
	at com.kms.katalon.core.common.CommonExecutor.accessTestCaseMainPhase(CommonExecutor.java:65)
	at com.kms.katalon.core.main.TestSuiteExecutor.accessTestSuiteMainPhase(TestSuiteExecutor.java:150)
	at com.kms.katalon.core.main.TestSuiteExecutor.execute(TestSuiteExecutor.java:106)
	at com.kms.katalon.core.main.TestCaseMain.startTestSuite(TestCaseMain.java:180)
	at com.kms.katalon.core.main.TestCaseMain$startTestSuite$0.call(Unknown Source)
	at TempTestSuite1761139096516.run(TempTestSuite1761139096516.groovy:35)
	at java.base/jdk.internal.reflect.NativeMethodAccessorImpl.invoke0(Native Method)
	at java.base/jdk.internal.reflect.NativeMethodAccessorImpl.invoke(NativeMethodAccessorImpl.java:77)
	at java.base/jdk.internal.reflect.DelegatingMethodAccessorImpl.invoke(DelegatingMethodAccessorImpl.java:43)
)

22-10-2025T11:20:20 - [MESSAGE][INFO] - Unable to find the element located by 'By.xpath: //*[@id="__BVID__10___BV_modal_footer_"]/button'. Please recheck the objects properties to make sure the desired element is located. 

22-10-2025T11:20:20 - [MESSAGE][WARNING] - [SELF-HEALING] Failed to find element with id 'Object Repository/TripFocus/Testing_Notification_btn'. Try using Self-healing.

22-10-2025T11:20:21 - [MESSAGE][INFO] - [SELF-HEALING] No working XPath is found.

22-10-2025T11:20:23 - [MESSAGE][INFO] - Unable to find the element located by 'By.xpath: '. Please recheck the objects properties to make sure the desired element is located. 

22-10-2025T11:20:23 - [MESSAGE][WARNING] - [SELF-HEALING] Cannot find elements when the selector is null

22-10-2025T11:20:23 - [MESSAGE][WARNING] - Web element with id: 'Object Repository/TripFocus/Testing_Notification_btn' located by '//*[@id="__BVID__10___BV_modal_footer_"]/button' not found (Root cause: com.kms.katalon.core.exception.StepFailedException: Web element with id: 'Object Repository/TripFocus/Testing_Notification_btn' located by '//*[@id="__BVID__10___BV_modal_footer_"]/button' not found
	at com.kms.katalon.core.webui.keyword.internal.WebUIKeywordMain.stepFailed(WebUIKeywordMain.groovy:117)
	at com.kms.katalon.core.webui.keyword.builtin.VerifyElementVisibleKeyword$_verifyElementVisible_closure1.doCall(VerifyElementVisibleKeyword.groovy:89)
	at com.kms.katalon.core.webui.keyword.builtin.VerifyElementVisibleKeyword$_verifyElementVisible_closure1.call(VerifyElementVisibleKeyword.groovy)
	at com.kms.katalon.core.webui.keyword.internal.WebUIKeywordMain.runKeyword(WebUIKeywordMain.groovy:35)
	at com.kms.katalon.core.webui.keyword.builtin.VerifyElementVisibleKeyword.verifyElementVisible(VerifyElementVisibleKeyword.groovy:97)
	at com.kms.katalon.core.webui.keyword.builtin.VerifyElementVisibleKeyword.execute(VerifyElementVisibleKeyword.groovy:67)
	at com.kms.katalon.core.keyword.internal.KeywordExecutor.executeKeywordForPlatform(KeywordExecutor.groovy:74)
	at com.kms.katalon.core.webui.keyword.WebUiBuiltInKeywords.verifyElementVisible(WebUiBuiltInKeywords.groovy:401)
	at com.kms.katalon.core.webui.keyword.WebUiBuiltInKeywords$verifyElementVisible$5.call(Unknown Source)
	at SPG - Verify Advance Filters Button.run(SPG - Verify Advance Filters Button:38)
	at com.kms.katalon.core.main.ScriptEngine.run(ScriptEngine.java:194)
	at com.kms.katalon.core.main.ScriptEngine.runScriptAsRawText(ScriptEngine.java:119)
	at com.kms.katalon.core.main.TestCaseExecutor.runScript(TestCaseExecutor.java:448)
	at com.kms.katalon.core.main.TestCaseExecutor.doExecute(TestCaseExecutor.java:439)
	at com.kms.katalon.core.main.TestCaseExecutor.processExecutionPhase(TestCaseExecutor.java:418)
	at com.kms.katalon.core.main.TestCaseExecutor.accessMainPhase(TestCaseExecutor.java:410)
	at com.kms.katalon.core.main.TestCaseExecutor.execute(TestCaseExecutor.java:285)
	at com.kms.katalon.core.common.CommonExecutor.accessTestCaseMainPhase(CommonExecutor.java:65)
	at com.kms.katalon.core.main.TestSuiteExecutor.accessTestSuiteMainPhase(TestSuiteExecutor.java:150)
	at com.kms.katalon.core.main.TestSuiteExecutor.execute(TestSuiteExecutor.java:106)
	at com.kms.katalon.core.main.TestCaseMain.startTestSuite(TestCaseMain.java:180)
	at com.kms.katalon.core.main.TestCaseMain$startTestSuite$0.call(Unknown Source)
	at TempTestSuite1761139096516.run(TempTestSuite1761139096516.groovy:35)
	at java.base/jdk.internal.reflect.NativeMethodAccessorImpl.invoke0(Native Method)
	at java.base/jdk.internal.reflect.NativeMethodAccessorImpl.invoke(NativeMethodAccessorImpl.java:77)
	at java.base/jdk.internal.reflect.DelegatingMethodAccessorImpl.invoke(DelegatingMethodAccessorImpl.java:43)
)

22-10-2025T11:20:23 - [TEST_STEP][PASSED] - click(findTestObject("TripFocus/SSO/SSO Orders Tab")): Object: 'Object Repository/TripFocus/SSO/SSO Orders Tab' is clicked on

22-10-2025T11:20:23 - [MESSAGE][PASSED] - Object: 'Object Repository/TripFocus/SSO/SSO Orders Tab' is clicked on

22-10-2025T11:20:23 - [TEST_STEP][PASSED] - waitForElementClickable(findTestObject("TripFocus/Orders/Advanced Filters_btn"), 30): Object 'Object Repository/TripFocus/Orders/Advanced Filters_btn' is clickable

22-10-2025T11:20:23 - [MESSAGE][PASSED] - Object 'Object Repository/TripFocus/Orders/Advanced Filters_btn' is clickable

22-10-2025T11:20:23 - [TEST_STEP][PASSED] - delay(10): Delayed 10 second(s)

22-10-2025T11:20:33 - [MESSAGE][PASSED] - Delayed 10 second(s)

22-10-2025T11:20:33 - [TEST_STEP][PASSED] - click(findTestObject("TripFocus/Orders/Advanced Filters_btn")): Object: 'Object Repository/TripFocus/Orders/Advanced Filters_btn' is clicked on

22-10-2025T11:20:33 - [MESSAGE][PASSED] - Object: 'Object Repository/TripFocus/Orders/Advanced Filters_btn' is clicked on

22-10-2025T11:20:33 - [TEST_STEP][PASSED] - delay(2): Delayed 2 second(s)

22-10-2025T11:20:35 - [MESSAGE][PASSED] - Delayed 2 second(s)

22-10-2025T11:20:35 - [TEST_STEP][PASSED] - click(findTestObject("TripFocus/Sidebar Minimizer")): Object: 'Object Repository/TripFocus/Sidebar Minimizer' is clicked on

22-10-2025T11:20:35 - [MESSAGE][PASSED] - Object: 'Object Repository/TripFocus/Sidebar Minimizer' is clicked on

22-10-2025T11:20:35 - [TEST_STEP][PASSED] - delay(2): Delayed 2 second(s)

22-10-2025T11:20:37 - [MESSAGE][PASSED] - Delayed 2 second(s)

22-10-2025T11:20:37 - [TEST_STEP][PASSED] - verifyElementPresent(findTestObject("TripFocus/Orders/Advanced Filters/Apply Filters_btn"), 10): Object 'Object Repository/TripFocus/Orders/Advanced Filters/Apply Filters_btn' is present

22-10-2025T11:20:37 - [MESSAGE][PASSED] - Object 'Object Repository/TripFocus/Orders/Advanced Filters/Apply Filters_btn' is present

22-10-2025T11:20:37 - [TEST_STEP][PASSED] - delay(2): Delayed 2 second(s)

22-10-2025T11:20:39 - [MESSAGE][PASSED] - Delayed 2 second(s)

22-10-2025T11:20:39 - [TEST_STEP][PASSED] - click(findTestObject("TripFocus/Orders/Advanced Filters/Apply Filters_btn"), STOP_ON_FAILURE): Object: 'Object Repository/TripFocus/Orders/Advanced Filters/Apply Filters_btn' is clicked on

22-10-2025T11:20:40 - [MESSAGE][PASSED] - Object: 'Object Repository/TripFocus/Orders/Advanced Filters/Apply Filters_btn' is clicked on

22-10-2025T11:20:40 - [TEST_STEP][PASSED] - delay(2): Delayed 2 second(s)

22-10-2025T11:20:42 - [MESSAGE][PASSED] - Delayed 2 second(s)

22-10-2025T11:20:42 - [TEST_STEP][PASSED] - closeBrowser(): Browser is closed

22-10-2025T11:20:42 - [MESSAGE][PASSED] - Browser is closed

22-10-2025T11:20:42 - [TEST_STEP][PASSED] - Start listener action : retryOnDisconnect: null

22-10-2025T11:20:42 - [TEST_STEP][PASSED] - tcId = testCaseContext.getTestCaseId(): null

22-10-2025T11:20:42 - [TEST_STEP][PASSED] - currentRetry = retryCounts.getOrDefault(tcId, 0): null

22-10-2025T11:20:42 - [TEST_STEP][PASSED] - if (testCaseContext.getTestCaseStatus() == "FAILED" && currentRetry < MAX_RETRIES): null]]></system-out>
         <system-err><![CDATA[]]></system-err>
      </testcase>
      <testcase name="Test Cases/TripFocus/SPG/SPG - Orders/SPG - Verify Quick Search Box" time="158.902" classname="Test Cases/TripFocus/SPG/SPG - Orders/SPG - Verify Quick Search Box" status="FAILED">
         <failure type="FAILED" message="Test Cases/TripFocus/SPG/SPG - Orders/SPG - Verify Quick Search Box FAILED.&#xa;Reason:&#xa;com.kms.katalon.core.exception.StepFailedException: Call Test Case 'Test Cases/TripFocus/SPG/SPG - Orders/SPG - Creating New Order' failed&#xa;	at com.kms.katalon.core.keyword.builtin.CallTestCaseKeyword$_callTestCase_closure1.doCall(CallTestCaseKeyword.groovy:63)&#xa;	at com.kms.katalon.core.keyword.builtin.CallTestCaseKeyword$_callTestCase_closure1.call(CallTestCaseKeyword.groovy)&#xa;	at com.kms.katalon.core.keyword.internal.KeywordMain.runKeyword(KeywordMain.groovy:75)&#xa;	at com.kms.katalon.core.keyword.builtin.CallTestCaseKeyword.callTestCase(CallTestCaseKeyword.groovy:81)&#xa;	at com.kms.katalon.core.keyword.builtin.CallTestCaseKeyword.execute(CallTestCaseKeyword.groovy:44)&#xa;	at com.kms.katalon.core.keyword.internal.KeywordExecutor.executeKeywordForPlatform(KeywordExecutor.groovy:74)&#xa;	at com.kms.katalon.core.keyword.BuiltinKeywords.callTestCase(BuiltinKeywords.groovy:310)&#xa;	at java.base/jdk.internal.reflect.NativeMethodAccessorImpl.invoke0(Native Method)&#xa;	at java.base/jdk.internal.reflect.NativeMethodAccessorImpl.invoke(NativeMethodAccessorImpl.java:77)&#xa;	at java.base/jdk.internal.reflect.DelegatingMethodAccessorImpl.invoke(DelegatingMethodAccessorImpl.java:43)&#xa;	at SPG - Verify Quick Search Box.run(SPG - Verify Quick Search Box:20)&#xa;	at com.kms.katalon.core.main.ScriptEngine.run(ScriptEngine.java:194)&#xa;	at com.kms.katalon.core.main.ScriptEngine.runScriptAsRawText(ScriptEngine.java:119)&#xa;	at com.kms.katalon.core.main.TestCaseExecutor.runScript(TestCaseExecutor.java:448)&#xa;	at com.kms.katalon.core.main.TestCaseExecutor.doExecute(TestCaseExecutor.java:439)&#xa;	at com.kms.katalon.core.main.TestCaseExecutor.processExecutionPhase(TestCaseExecutor.java:418)&#xa;	at com.kms.katalon.core.main.TestCaseExecutor.accessMainPhase(TestCaseExecutor.java:410)&#xa;	at com.kms.katalon.core.main.TestCaseExecutor.execute(TestCaseExecutor.java:285)&#xa;	at com.kms.katalon.core.common.CommonExecutor.accessTestCaseMainPhase(CommonExecutor.java:65)&#xa;	at com.kms.katalon.core.main.TestSuiteExecutor.accessTestSuiteMainPhase(TestSuiteExecutor.java:150)&#xa;	at com.kms.katalon.core.main.TestSuiteExecutor.execute(TestSuiteExecutor.java:106)&#xa;	at com.kms.katalon.core.main.TestCaseMain.startTestSuite(TestCaseMain.java:180)&#xa;	at com.kms.katalon.core.main.TestCaseMain$startTestSuite$0.call(Unknown Source)&#xa;	at TempTestSuite1761139096516.run(TempTestSuite1761139096516.groovy:35)&#xa;	at java.base/jdk.internal.reflect.NativeMethodAccessorImpl.invoke0(Native Method)&#xa;	at java.base/jdk.internal.reflect.NativeMethodAccessorImpl.invoke(NativeMethodAccessorImpl.java:77)&#xa;	at java.base/jdk.internal.reflect.DelegatingMethodAccessorImpl.invoke(DelegatingMethodAccessorImpl.java:43)&#xa;Caused by: com.kms.katalon.core.exception.StepFailedException: Unable to click on object 'Object Repository/TripFocus/Orders/Create New Order/Add Products/Close_btn'&#xa;	at com.kms.katalon.core.webui.keyword.internal.WebUIKeywordMain.stepFailed(WebUIKeywordMain.groovy:117)&#xa;	at com.kms.katalon.core.webui.keyword.internal.WebUIKeywordMain.runKeyword(WebUIKeywordMain.groovy:43)&#xa;	at com.kms.katalon.core.webui.keyword.builtin.ClickKeyword.click(ClickKeyword.groovy:74)&#xa;	at com.kms.katalon.core.webui.keyword.builtin.ClickKeyword.execute(ClickKeyword.groovy:40)&#xa;	at com.kms.katalon.core.keyword.internal.KeywordExecutor.executeKeywordForPlatform(KeywordExecutor.groovy:74)&#xa;	at com.kms.katalon.core.webui.keyword.WebUiBuiltInKeywords.click(WebUiBuiltInKeywords.groovy:659)&#xa;	at com.kms.katalon.core.webui.keyword.WebUiBuiltInKeywords$click$1.call(Unknown Source)&#xa;	at SPG - Creating New Order.run(SPG - Creating New Order:112)&#xa;	at com.kms.katalon.core.main.ScriptEngine.run(ScriptEngine.java:194)&#xa;	at com.kms.katalon.core.main.ScriptEngine.runScriptAsRawText(ScriptEngine.java:119)&#xa;	at com.kms.katalon.core.main.TestCaseExecutor.runScript(TestCaseExecutor.java:448)&#xa;	at com.kms.katalon.core.main.TestCaseExecutor.doExecute(TestCaseExecutor.java:439)&#xa;	at com.kms.katalon.core.main.TestCaseExecutor.processExecutionPhase(TestCaseExecutor.java:418)&#xa;	at com.kms.katalon.core.main.TestCaseExecutor.accessMainPhase(TestCaseExecutor.java:410)&#xa;	at com.kms.katalon.core.main.TestCaseExecutor.execute(TestCaseExecutor.java:285)&#xa;	at com.kms.katalon.core.main.TestCaseMain.runTestCase(TestCaseMain.java:137)&#xa;	at com.kms.katalon.core.keyword.builtin.CallTestCaseKeyword$_callTestCase_closure1.doCall(CallTestCaseKeyword.groovy:59)&#xa;	... 26 more&#xa;Caused by: org.openqa.selenium.ElementClickInterceptedException: element click intercepted: Element &lt;button data-v-6cd27a7b=&quot;&quot; id=&quot;btnCloseWindow&quot; type=&quot;button&quot; class=&quot;btn btn-outline-danger mr-2&quot;>...&lt;/button> is not clickable at point (816, 611). Other element would receive the click: &lt;div class=&quot;popover-body&quot;>...&lt;/div>&#xa;  (Session info: chrome=141.0.7390.122)&#xa;Build info: version: '3.141.59', revision: 'unknown', time: 'unknown'&#xa;System info: host: 'DC1ADOBLD01', ip: '10.2.20.71', os.name: 'Windows Server 2019', os.arch: 'amd64', os.version: '10.0', java.version: '17.0.7'&#xa;Driver info: com.kms.katalon.selenium.driver.CChromeDriver&#xa;Capabilities {acceptInsecureCerts: false, browserName: chrome, browserVersion: 141.0.7390.122, chrome: {chromedriverVersion: 141.0.7390.122 (b477534e7e1..., userDataDir: C:\Windows\SystemTemp\scope...}, fedcm:accounts: true, goog:chromeOptions: {debuggerAddress: localhost:60041}, javascriptEnabled: true, networkConnectionEnabled: false, pageLoadStrategy: normal, platform: WINDOWS, platformName: WINDOWS, proxy: Proxy(), setWindowRect: true, strictFileInteractability: false, timeouts: {implicit: 0, pageLoad: 300000, script: 30000}, unhandledPromptBehavior: dismiss and notify, webauthn:extension:credBlob: true, webauthn:extension:largeBlob: true, webauthn:extension:minPinLength: true, webauthn:extension:prf: true, webauthn:virtualAuthenticators: true}&#xa;Session ID: 619ccd1102a79a3558b89e465feb9286&#xa;	at jdk.internal.reflect.GeneratedConstructorAccessor69.newInstance(Unknown Source)&#xa;	at java.base/jdk.internal.reflect.DelegatingConstructorAccessorImpl.newInstance(DelegatingConstructorAccessorImpl.java:45)&#xa;	at org.openqa.selenium.remote.http.W3CHttpResponseCodec.createException(W3CHttpResponseCodec.java:187)&#xa;	at org.openqa.selenium.remote.http.W3CHttpResponseCodec.decode(W3CHttpResponseCodec.java:122)&#xa;	at org.openqa.selenium.remote.http.W3CHttpResponseCodec.decode(W3CHttpResponseCodec.java:49)&#xa;	at org.openqa.selenium.remote.HttpCommandExecutor.execute(HttpCommandExecutor.java:158)&#xa;	at org.openqa.selenium.remote.service.DriverCommandExecutor.execute(DriverCommandExecutor.java:83)&#xa;	at org.openqa.selenium.remote.RemoteWebDriver.execute(RemoteWebDriver.java:552)&#xa;	at com.kms.katalon.selenium.driver.CChromeDriver.execute(CChromeDriver.java:19)&#xa;	at org.openqa.selenium.remote.RemoteWebElement.execute(RemoteWebElement.java:285)&#xa;	at org.openqa.selenium.remote.RemoteWebElement.click(RemoteWebElement.java:84)&#xa;	at jdk.internal.reflect.GeneratedMethodAccessor18.invoke(Unknown Source)&#xa;	at java.base/jdk.internal.reflect.DelegatingMethodAccessorImpl.invoke(DelegatingMethodAccessorImpl.java:43)&#xa;	at org.openqa.selenium.support.events.EventFiringWebDriver$EventFiringWebElement.lambda$new$0(EventFiringWebDriver.java:404)&#xa;	at jdk.proxy2/jdk.proxy2.$Proxy27.click(Unknown Source)&#xa;	at org.openqa.selenium.support.events.EventFiringWebDriver$EventFiringWebElement.click(EventFiringWebDriver.java:417)&#xa;	at org.openqa.selenium.WebElement$click.call(Unknown Source)&#xa;	at com.kms.katalon.core.webui.keyword.builtin.ClickKeyword.clickUntilSuccessWithTimeout(ClickKeyword.groovy:81)&#xa;	at com.kms.katalon.core.webui.keyword.builtin.ClickKeyword.clickUntilSuccessWithTimeout(ClickKeyword.groovy)&#xa;	at jdk.internal.reflect.GeneratedMethodAccessor16.invoke(Unknown Source)&#xa;	at java.base/jdk.internal.reflect.DelegatingMethodAccessorImpl.invoke(DelegatingMethodAccessorImpl.java:43)&#xa;	at com.kms.katalon.core.webui.keyword.builtin.ClickKeyword$_click_closure1.doCall(ClickKeyword.groovy:67)&#xa;	at com.kms.katalon.core.webui.keyword.builtin.ClickKeyword$_click_closure1.call(ClickKeyword.groovy)&#xa;	at com.kms.katalon.core.webui.keyword.internal.WebUIKeywordMain.runKeyword(WebUIKeywordMain.groovy:35)&#xa;	... 41 more&#xa;"/>
         <system-out><![CDATA[22-10-2025T11:20:42 - [TEST_CASE][FAILED] - Test Cases/TripFocus/SPG/SPG - Orders/SPG - Verify Quick Search Box: Test Cases/TripFocus/SPG/SPG - Orders/SPG - Verify Quick Search Box FAILED.
Reason:
com.kms.katalon.core.exception.StepFailedException: Call Test Case 'Test Cases/TripFocus/SPG/SPG - Orders/SPG - Creating New Order' failed
	at com.kms.katalon.core.keyword.builtin.CallTestCaseKeyword$_callTestCase_closure1.doCall(CallTestCaseKeyword.groovy:63)
	at com.kms.katalon.core.keyword.builtin.CallTestCaseKeyword$_callTestCase_closure1.call(CallTestCaseKeyword.groovy)
	at com.kms.katalon.core.keyword.internal.KeywordMain.runKeyword(KeywordMain.groovy:75)
	at com.kms.katalon.core.keyword.builtin.CallTestCaseKeyword.callTestCase(CallTestCaseKeyword.groovy:81)
	at com.kms.katalon.core.keyword.builtin.CallTestCaseKeyword.execute(CallTestCaseKeyword.groovy:44)
	at com.kms.katalon.core.keyword.internal.KeywordExecutor.executeKeywordForPlatform(KeywordExecutor.groovy:74)
	at com.kms.katalon.core.keyword.BuiltinKeywords.callTestCase(BuiltinKeywords.groovy:310)
	at java.base/jdk.internal.reflect.NativeMethodAccessorImpl.invoke0(Native Method)
	at java.base/jdk.internal.reflect.NativeMethodAccessorImpl.invoke(NativeMethodAccessorImpl.java:77)
	at java.base/jdk.internal.reflect.DelegatingMethodAccessorImpl.invoke(DelegatingMethodAccessorImpl.java:43)
	at SPG - Verify Quick Search Box.run(SPG - Verify Quick Search Box:20)
	at com.kms.katalon.core.main.ScriptEngine.run(ScriptEngine.java:194)
	at com.kms.katalon.core.main.ScriptEngine.runScriptAsRawText(ScriptEngine.java:119)
	at com.kms.katalon.core.main.TestCaseExecutor.runScript(TestCaseExecutor.java:448)
	at com.kms.katalon.core.main.TestCaseExecutor.doExecute(TestCaseExecutor.java:439)
	at com.kms.katalon.core.main.TestCaseExecutor.processExecutionPhase(TestCaseExecutor.java:418)
	at com.kms.katalon.core.main.TestCaseExecutor.accessMainPhase(TestCaseExecutor.java:410)
	at com.kms.katalon.core.main.TestCaseExecutor.execute(TestCaseExecutor.java:285)
	at com.kms.katalon.core.common.CommonExecutor.accessTestCaseMainPhase(CommonExecutor.java:65)
	at com.kms.katalon.core.main.TestSuiteExecutor.accessTestSuiteMainPhase(TestSuiteExecutor.java:150)
	at com.kms.katalon.core.main.TestSuiteExecutor.execute(TestSuiteExecutor.java:106)
	at com.kms.katalon.core.main.TestCaseMain.startTestSuite(TestCaseMain.java:180)
	at com.kms.katalon.core.main.TestCaseMain$startTestSuite$0.call(Unknown Source)
	at TempTestSuite1761139096516.run(TempTestSuite1761139096516.groovy:35)
	at java.base/jdk.internal.reflect.NativeMethodAccessorImpl.invoke0(Native Method)
	at java.base/jdk.internal.reflect.NativeMethodAccessorImpl.invoke(NativeMethodAccessorImpl.java:77)
	at java.base/jdk.internal.reflect.DelegatingMethodAccessorImpl.invoke(DelegatingMethodAccessorImpl.java:43)
Caused by: com.kms.katalon.core.exception.StepFailedException: Unable to click on object 'Object Repository/TripFocus/Orders/Create New Order/Add Products/Close_btn'
	at com.kms.katalon.core.webui.keyword.internal.WebUIKeywordMain.stepFailed(WebUIKeywordMain.groovy:117)
	at com.kms.katalon.core.webui.keyword.internal.WebUIKeywordMain.runKeyword(WebUIKeywordMain.groovy:43)
	at com.kms.katalon.core.webui.keyword.builtin.ClickKeyword.click(ClickKeyword.groovy:74)
	at com.kms.katalon.core.webui.keyword.builtin.ClickKeyword.execute(ClickKeyword.groovy:40)
	at com.kms.katalon.core.keyword.internal.KeywordExecutor.executeKeywordForPlatform(KeywordExecutor.groovy:74)
	at com.kms.katalon.core.webui.keyword.WebUiBuiltInKeywords.click(WebUiBuiltInKeywords.groovy:659)
	at com.kms.katalon.core.webui.keyword.WebUiBuiltInKeywords$click$1.call(Unknown Source)
	at SPG - Creating New Order.run(SPG - Creating New Order:112)
	at com.kms.katalon.core.main.ScriptEngine.run(ScriptEngine.java:194)
	at com.kms.katalon.core.main.ScriptEngine.runScriptAsRawText(ScriptEngine.java:119)
	at com.kms.katalon.core.main.TestCaseExecutor.runScript(TestCaseExecutor.java:448)
	at com.kms.katalon.core.main.TestCaseExecutor.doExecute(TestCaseExecutor.java:439)
	at com.kms.katalon.core.main.TestCaseExecutor.processExecutionPhase(TestCaseExecutor.java:418)
	at com.kms.katalon.core.main.TestCaseExecutor.accessMainPhase(TestCaseExecutor.java:410)
	at com.kms.katalon.core.main.TestCaseExecutor.execute(TestCaseExecutor.java:285)
	at com.kms.katalon.core.main.TestCaseMain.runTestCase(TestCaseMain.java:137)
	at com.kms.katalon.core.keyword.builtin.CallTestCaseKeyword$_callTestCase_closure1.doCall(CallTestCaseKeyword.groovy:59)
	... 26 more
Caused by: org.openqa.selenium.ElementClickInterceptedException: element click intercepted: Element <button data-v-6cd27a7b="" id="btnCloseWindow" type="button" class="btn btn-outline-danger mr-2">...</button> is not clickable at point (816, 611). Other element would receive the click: <div class="popover-body">...</div>
  (Session info: chrome=141.0.7390.122)
Build info: version: '3.141.59', revision: 'unknown', time: 'unknown'
System info: host: 'DC1ADOBLD01', ip: '10.2.20.71', os.name: 'Windows Server 2019', os.arch: 'amd64', os.version: '10.0', java.version: '17.0.7'
Driver info: com.kms.katalon.selenium.driver.CChromeDriver
Capabilities {acceptInsecureCerts: false, browserName: chrome, browserVersion: 141.0.7390.122, chrome: {chromedriverVersion: 141.0.7390.122 (b477534e7e1..., userDataDir: C:\Windows\SystemTemp\scope...}, fedcm:accounts: true, goog:chromeOptions: {debuggerAddress: localhost:60041}, javascriptEnabled: true, networkConnectionEnabled: false, pageLoadStrategy: normal, platform: WINDOWS, platformName: WINDOWS, proxy: Proxy(), setWindowRect: true, strictFileInteractability: false, timeouts: {implicit: 0, pageLoad: 300000, script: 30000}, unhandledPromptBehavior: dismiss and notify, webauthn:extension:credBlob: true, webauthn:extension:largeBlob: true, webauthn:extension:minPinLength: true, webauthn:extension:prf: true, webauthn:virtualAuthenticators: true}
Session ID: 619ccd1102a79a3558b89e465feb9286
	at jdk.internal.reflect.GeneratedConstructorAccessor69.newInstance(Unknown Source)
	at java.base/jdk.internal.reflect.DelegatingConstructorAccessorImpl.newInstance(DelegatingConstructorAccessorImpl.java:45)
	at org.openqa.selenium.remote.http.W3CHttpResponseCodec.createException(W3CHttpResponseCodec.java:187)
	at org.openqa.selenium.remote.http.W3CHttpResponseCodec.decode(W3CHttpResponseCodec.java:122)
	at org.openqa.selenium.remote.http.W3CHttpResponseCodec.decode(W3CHttpResponseCodec.java:49)
	at org.openqa.selenium.remote.HttpCommandExecutor.execute(HttpCommandExecutor.java:158)
	at org.openqa.selenium.remote.service.DriverCommandExecutor.execute(DriverCommandExecutor.java:83)
	at org.openqa.selenium.remote.RemoteWebDriver.execute(RemoteWebDriver.java:552)
	at com.kms.katalon.selenium.driver.CChromeDriver.execute(CChromeDriver.java:19)
	at org.openqa.selenium.remote.RemoteWebElement.execute(RemoteWebElement.java:285)
	at org.openqa.selenium.remote.RemoteWebElement.click(RemoteWebElement.java:84)
	at jdk.internal.reflect.GeneratedMethodAccessor18.invoke(Unknown Source)
	at java.base/jdk.internal.reflect.DelegatingMethodAccessorImpl.invoke(DelegatingMethodAccessorImpl.java:43)
	at org.openqa.selenium.support.events.EventFiringWebDriver$EventFiringWebElement.lambda$new$0(EventFiringWebDriver.java:404)
	at jdk.proxy2/jdk.proxy2.$Proxy27.click(Unknown Source)
	at org.openqa.selenium.support.events.EventFiringWebDriver$EventFiringWebElement.click(EventFiringWebDriver.java:417)
	at org.openqa.selenium.WebElement$click.call(Unknown Source)
	at com.kms.katalon.core.webui.keyword.builtin.ClickKeyword.clickUntilSuccessWithTimeout(ClickKeyword.groovy:81)
	at com.kms.katalon.core.webui.keyword.builtin.ClickKeyword.clickUntilSuccessWithTimeout(ClickKeyword.groovy)
	at jdk.internal.reflect.GeneratedMethodAccessor16.invoke(Unknown Source)
	at java.base/jdk.internal.reflect.DelegatingMethodAccessorImpl.invoke(DelegatingMethodAccessorImpl.java:43)
	at com.kms.katalon.core.webui.keyword.builtin.ClickKeyword$_click_closure1.doCall(ClickKeyword.groovy:67)
	at com.kms.katalon.core.webui.keyword.builtin.ClickKeyword$_click_closure1.call(ClickKeyword.groovy)
	at com.kms.katalon.core.webui.keyword.internal.WebUIKeywordMain.runKeyword(WebUIKeywordMain.groovy:35)
	... 41 more


22-10-2025T11:20:42 - [TEST_STEP][PASSED] - Start listener action : beforeTestCase: null

22-10-2025T11:20:42 - [TEST_STEP][PASSED] - addDefaultPackages(): null

22-10-2025T11:20:42 - [TEST_STEP][FAILED] - callTestCase(findTestCase("TripFocus/SPG/SPG - Orders/SPG - Creating New Order"), ["closeWindow":false], STOP_ON_FAILURE): Unable to call Test Case 'Test Cases/TripFocus/SPG/SPG - Orders/SPG - Creating New Order' (Root cause: com.kms.katalon.core.exception.StepFailedException: Call Test Case 'Test Cases/TripFocus/SPG/SPG - Orders/SPG - Creating New Order' failed
	at com.kms.katalon.core.keyword.builtin.CallTestCaseKeyword$_callTestCase_closure1.doCall(CallTestCaseKeyword.groovy:63)
	at com.kms.katalon.core.keyword.builtin.CallTestCaseKeyword$_callTestCase_closure1.call(CallTestCaseKeyword.groovy)
	at com.kms.katalon.core.keyword.internal.KeywordMain.runKeyword(KeywordMain.groovy:75)
	at com.kms.katalon.core.keyword.builtin.CallTestCaseKeyword.callTestCase(CallTestCaseKeyword.groovy:81)
	at com.kms.katalon.core.keyword.builtin.CallTestCaseKeyword.execute(CallTestCaseKeyword.groovy:44)
	at com.kms.katalon.core.keyword.internal.KeywordExecutor.executeKeywordForPlatform(KeywordExecutor.groovy:74)
	at com.kms.katalon.core.keyword.BuiltinKeywords.callTestCase(BuiltinKeywords.groovy:310)
	at java.base/jdk.internal.reflect.NativeMethodAccessorImpl.invoke0(Native Method)
	at java.base/jdk.internal.reflect.NativeMethodAccessorImpl.invoke(NativeMethodAccessorImpl.java:77)
	at java.base/jdk.internal.reflect.DelegatingMethodAccessorImpl.invoke(DelegatingMethodAccessorImpl.java:43)
	at SPG - Verify Quick Search Box.run(SPG - Verify Quick Search Box:20)
	at com.kms.katalon.core.main.ScriptEngine.run(ScriptEngine.java:194)
	at com.kms.katalon.core.main.ScriptEngine.runScriptAsRawText(ScriptEngine.java:119)
	at com.kms.katalon.core.main.TestCaseExecutor.runScript(TestCaseExecutor.java:448)
	at com.kms.katalon.core.main.TestCaseExecutor.doExecute(TestCaseExecutor.java:439)
	at com.kms.katalon.core.main.TestCaseExecutor.processExecutionPhase(TestCaseExecutor.java:418)
	at com.kms.katalon.core.main.TestCaseExecutor.accessMainPhase(TestCaseExecutor.java:410)
	at com.kms.katalon.core.main.TestCaseExecutor.execute(TestCaseExecutor.java:285)
	at com.kms.katalon.core.common.CommonExecutor.accessTestCaseMainPhase(CommonExecutor.java:65)
	at com.kms.katalon.core.main.TestSuiteExecutor.accessTestSuiteMainPhase(TestSuiteExecutor.java:150)
	at com.kms.katalon.core.main.TestSuiteExecutor.execute(TestSuiteExecutor.java:106)
	at com.kms.katalon.core.main.TestCaseMain.startTestSuite(TestCaseMain.java:180)
	at com.kms.katalon.core.main.TestCaseMain$startTestSuite$0.call(Unknown Source)
	at TempTestSuite1761139096516.run(TempTestSuite1761139096516.groovy:35)
	at java.base/jdk.internal.reflect.NativeMethodAccessorImpl.invoke0(Native Method)
	at java.base/jdk.internal.reflect.NativeMethodAccessorImpl.invoke(NativeMethodAccessorImpl.java:77)
	at java.base/jdk.internal.reflect.DelegatingMethodAccessorImpl.invoke(DelegatingMethodAccessorImpl.java:43)
Caused by: com.kms.katalon.core.exception.StepFailedException: Unable to click on object 'Object Repository/TripFocus/Orders/Create New Order/Add Products/Close_btn'
	at com.kms.katalon.core.webui.keyword.internal.WebUIKeywordMain.stepFailed(WebUIKeywordMain.groovy:117)
	at com.kms.katalon.core.webui.keyword.internal.WebUIKeywordMain.runKeyword(WebUIKeywordMain.groovy:43)
	at com.kms.katalon.core.webui.keyword.builtin.ClickKeyword.click(ClickKeyword.groovy:74)
	at com.kms.katalon.core.webui.keyword.builtin.ClickKeyword.execute(ClickKeyword.groovy:40)
	at com.kms.katalon.core.keyword.internal.KeywordExecutor.executeKeywordForPlatform(KeywordExecutor.groovy:74)
	at com.kms.katalon.core.webui.keyword.WebUiBuiltInKeywords.click(WebUiBuiltInKeywords.groovy:659)
	at com.kms.katalon.core.webui.keyword.WebUiBuiltInKeywords$click$1.call(Unknown Source)
	at SPG - Creating New Order.run(SPG - Creating New Order:112)
	at com.kms.katalon.core.main.ScriptEngine.run(ScriptEngine.java:194)
	at com.kms.katalon.core.main.ScriptEngine.runScriptAsRawText(ScriptEngine.java:119)
	at com.kms.katalon.core.main.TestCaseExecutor.runScript(TestCaseExecutor.java:448)
	at com.kms.katalon.core.main.TestCaseExecutor.doExecute(TestCaseExecutor.java:439)
	at com.kms.katalon.core.main.TestCaseExecutor.processExecutionPhase(TestCaseExecutor.java:418)
	at com.kms.katalon.core.main.TestCaseExecutor.accessMainPhase(TestCaseExecutor.java:410)
	at com.kms.katalon.core.main.TestCaseExecutor.execute(TestCaseExecutor.java:285)
	at com.kms.katalon.core.main.TestCaseMain.runTestCase(TestCaseMain.java:137)
	at com.kms.katalon.core.keyword.builtin.CallTestCaseKeyword$_callTestCase_closure1.doCall(CallTestCaseKeyword.groovy:59)
	... 26 more
Caused by: org.openqa.selenium.ElementClickInterceptedException: element click intercepted: Element <button data-v-6cd27a7b="" id="btnCloseWindow" type="button" class="btn btn-outline-danger mr-2">...</button> is not clickable at point (816, 611). Other element would receive the click: <div class="popover-body">...</div>
  (Session info: chrome=141.0.7390.122)
Build info: version: '3.141.59', revision: 'unknown', time: 'unknown'
System info: host: 'DC1ADOBLD01', ip: '10.2.20.71', os.name: 'Windows Server 2019', os.arch: 'amd64', os.version: '10.0', java.version: '17.0.7'
Driver info: com.kms.katalon.selenium.driver.CChromeDriver
Capabilities {acceptInsecureCerts: false, browserName: chrome, browserVersion: 141.0.7390.122, chrome: {chromedriverVersion: 141.0.7390.122 (b477534e7e1..., userDataDir: C:\Windows\SystemTemp\scope...}, fedcm:accounts: true, goog:chromeOptions: {debuggerAddress: localhost:60041}, javascriptEnabled: true, networkConnectionEnabled: false, pageLoadStrategy: normal, platform: WINDOWS, platformName: WINDOWS, proxy: Proxy(), setWindowRect: true, strictFileInteractability: false, timeouts: {implicit: 0, pageLoad: 300000, script: 30000}, unhandledPromptBehavior: dismiss and notify, webauthn:extension:credBlob: true, webauthn:extension:largeBlob: true, webauthn:extension:minPinLength: true, webauthn:extension:prf: true, webauthn:virtualAuthenticators: true}
Session ID: 619ccd1102a79a3558b89e465feb9286
	at jdk.internal.reflect.GeneratedConstructorAccessor69.newInstance(Unknown Source)
	at java.base/jdk.internal.reflect.DelegatingConstructorAccessorImpl.newInstance(DelegatingConstructorAccessorImpl.java:45)
	at org.openqa.selenium.remote.http.W3CHttpResponseCodec.createException(W3CHttpResponseCodec.java:187)
	at org.openqa.selenium.remote.http.W3CHttpResponseCodec.decode(W3CHttpResponseCodec.java:122)
	at org.openqa.selenium.remote.http.W3CHttpResponseCodec.decode(W3CHttpResponseCodec.java:49)
	at org.openqa.selenium.remote.HttpCommandExecutor.execute(HttpCommandExecutor.java:158)
	at org.openqa.selenium.remote.service.DriverCommandExecutor.execute(DriverCommandExecutor.java:83)
	at org.openqa.selenium.remote.RemoteWebDriver.execute(RemoteWebDriver.java:552)
	at com.kms.katalon.selenium.driver.CChromeDriver.execute(CChromeDriver.java:19)
	at org.openqa.selenium.remote.RemoteWebElement.execute(RemoteWebElement.java:285)
	at org.openqa.selenium.remote.RemoteWebElement.click(RemoteWebElement.java:84)
	at jdk.internal.reflect.GeneratedMethodAccessor18.invoke(Unknown Source)
	at java.base/jdk.internal.reflect.DelegatingMethodAccessorImpl.invoke(DelegatingMethodAccessorImpl.java:43)
	at org.openqa.selenium.support.events.EventFiringWebDriver$EventFiringWebElement.lambda$new$0(EventFiringWebDriver.java:404)
	at jdk.proxy2/jdk.proxy2.$Proxy27.click(Unknown Source)
	at org.openqa.selenium.support.events.EventFiringWebDriver$EventFiringWebElement.click(EventFiringWebDriver.java:417)
	at org.openqa.selenium.WebElement$click.call(Unknown Source)
	at com.kms.katalon.core.webui.keyword.builtin.ClickKeyword.clickUntilSuccessWithTimeout(ClickKeyword.groovy:81)
	at com.kms.katalon.core.webui.keyword.builtin.ClickKeyword.clickUntilSuccessWithTimeout(ClickKeyword.groovy)
	at jdk.internal.reflect.GeneratedMethodAccessor16.invoke(Unknown Source)
	at java.base/jdk.internal.reflect.DelegatingMethodAccessorImpl.invoke(DelegatingMethodAccessorImpl.java:43)
	at com.kms.katalon.core.webui.keyword.builtin.ClickKeyword$_click_closure1.doCall(ClickKeyword.groovy:67)
	at com.kms.katalon.core.webui.keyword.builtin.ClickKeyword$_click_closure1.call(ClickKeyword.groovy)
	at com.kms.katalon.core.webui.keyword.internal.WebUIKeywordMain.runKeyword(WebUIKeywordMain.groovy:35)
	... 41 more
)

22-10-2025T11:20:42 - [TEST_CASE][FAILED] - Test Cases/TripFocus/SPG/SPG - Orders/SPG - Creating New Order: Test Cases/TripFocus/SPG/SPG - Orders/SPG - Creating New Order FAILED.
Reason:
com.kms.katalon.core.exception.StepFailedException: Unable to click on object 'Object Repository/TripFocus/Orders/Create New Order/Add Products/Close_btn'
	at com.kms.katalon.core.webui.keyword.internal.WebUIKeywordMain.stepFailed(WebUIKeywordMain.groovy:117)
	at com.kms.katalon.core.webui.keyword.internal.WebUIKeywordMain.runKeyword(WebUIKeywordMain.groovy:43)
	at com.kms.katalon.core.webui.keyword.builtin.ClickKeyword.click(ClickKeyword.groovy:74)
	at com.kms.katalon.core.webui.keyword.builtin.ClickKeyword.execute(ClickKeyword.groovy:40)
	at com.kms.katalon.core.keyword.internal.KeywordExecutor.executeKeywordForPlatform(KeywordExecutor.groovy:74)
	at com.kms.katalon.core.webui.keyword.WebUiBuiltInKeywords.click(WebUiBuiltInKeywords.groovy:659)
	at com.kms.katalon.core.webui.keyword.WebUiBuiltInKeywords$click$1.call(Unknown Source)
	at SPG - Creating New Order.run(SPG - Creating New Order:112)
	at com.kms.katalon.core.main.ScriptEngine.run(ScriptEngine.java:194)
	at com.kms.katalon.core.main.ScriptEngine.runScriptAsRawText(ScriptEngine.java:119)
	at com.kms.katalon.core.main.TestCaseExecutor.runScript(TestCaseExecutor.java:448)
	at com.kms.katalon.core.main.TestCaseExecutor.doExecute(TestCaseExecutor.java:439)
	at com.kms.katalon.core.main.TestCaseExecutor.processExecutionPhase(TestCaseExecutor.java:418)
	at com.kms.katalon.core.main.TestCaseExecutor.accessMainPhase(TestCaseExecutor.java:410)
	at com.kms.katalon.core.main.TestCaseExecutor.execute(TestCaseExecutor.java:285)
	at com.kms.katalon.core.main.TestCaseMain.runTestCase(TestCaseMain.java:137)
	at com.kms.katalon.core.keyword.builtin.CallTestCaseKeyword$_callTestCase_closure1.doCall(CallTestCaseKeyword.groovy:59)
	at com.kms.katalon.core.keyword.builtin.CallTestCaseKeyword$_callTestCase_closure1.call(CallTestCaseKeyword.groovy)
	at com.kms.katalon.core.keyword.internal.KeywordMain.runKeyword(KeywordMain.groovy:75)
	at com.kms.katalon.core.keyword.builtin.CallTestCaseKeyword.callTestCase(CallTestCaseKeyword.groovy:81)
	at com.kms.katalon.core.keyword.builtin.CallTestCaseKeyword.execute(CallTestCaseKeyword.groovy:44)
	at com.kms.katalon.core.keyword.internal.KeywordExecutor.executeKeywordForPlatform(KeywordExecutor.groovy:74)
	at com.kms.katalon.core.keyword.BuiltinKeywords.callTestCase(BuiltinKeywords.groovy:310)
	at java.base/jdk.internal.reflect.NativeMethodAccessorImpl.invoke0(Native Method)
	at java.base/jdk.internal.reflect.NativeMethodAccessorImpl.invoke(NativeMethodAccessorImpl.java:77)
	at java.base/jdk.internal.reflect.DelegatingMethodAccessorImpl.invoke(DelegatingMethodAccessorImpl.java:43)
	at SPG - Verify Quick Search Box.run(SPG - Verify Quick Search Box:20)
	at com.kms.katalon.core.main.ScriptEngine.run(ScriptEngine.java:194)
	at com.kms.katalon.core.main.ScriptEngine.runScriptAsRawText(ScriptEngine.java:119)
	at com.kms.katalon.core.main.TestCaseExecutor.runScript(TestCaseExecutor.java:448)
	at com.kms.katalon.core.main.TestCaseExecutor.doExecute(TestCaseExecutor.java:439)
	at com.kms.katalon.core.main.TestCaseExecutor.processExecutionPhase(TestCaseExecutor.java:418)
	at com.kms.katalon.core.main.TestCaseExecutor.accessMainPhase(TestCaseExecutor.java:410)
	at com.kms.katalon.core.main.TestCaseExecutor.execute(TestCaseExecutor.java:285)
	at com.kms.katalon.core.common.CommonExecutor.accessTestCaseMainPhase(CommonExecutor.java:65)
	at com.kms.katalon.core.main.TestSuiteExecutor.accessTestSuiteMainPhase(TestSuiteExecutor.java:150)
	at com.kms.katalon.core.main.TestSuiteExecutor.execute(TestSuiteExecutor.java:106)
	at com.kms.katalon.core.main.TestCaseMain.startTestSuite(TestCaseMain.java:180)
	at com.kms.katalon.core.main.TestCaseMain$startTestSuite$0.call(Unknown Source)
	at TempTestSuite1761139096516.run(TempTestSuite1761139096516.groovy:35)
	at java.base/jdk.internal.reflect.NativeMethodAccessorImpl.invoke0(Native Method)
	at java.base/jdk.internal.reflect.NativeMethodAccessorImpl.invoke(NativeMethodAccessorImpl.java:77)
	at java.base/jdk.internal.reflect.DelegatingMethodAccessorImpl.invoke(DelegatingMethodAccessorImpl.java:43)
Caused by: org.openqa.selenium.ElementClickInterceptedException: element click intercepted: Element <button data-v-6cd27a7b="" id="btnCloseWindow" type="button" class="btn btn-outline-danger mr-2">...</button> is not clickable at point (816, 611). Other element would receive the click: <div class="popover-body">...</div>
  (Session info: chrome=141.0.7390.122)
Build info: version: '3.141.59', revision: 'unknown', time: 'unknown'
System info: host: 'DC1ADOBLD01', ip: '10.2.20.71', os.name: 'Windows Server 2019', os.arch: 'amd64', os.version: '10.0', java.version: '17.0.7'
Driver info: com.kms.katalon.selenium.driver.CChromeDriver
Capabilities {acceptInsecureCerts: false, browserName: chrome, browserVersion: 141.0.7390.122, chrome: {chromedriverVersion: 141.0.7390.122 (b477534e7e1..., userDataDir: C:\Windows\SystemTemp\scope...}, fedcm:accounts: true, goog:chromeOptions: {debuggerAddress: localhost:60041}, javascriptEnabled: true, networkConnectionEnabled: false, pageLoadStrategy: normal, platform: WINDOWS, platformName: WINDOWS, proxy: Proxy(), setWindowRect: true, strictFileInteractability: false, timeouts: {implicit: 0, pageLoad: 300000, script: 30000}, unhandledPromptBehavior: dismiss and notify, webauthn:extension:credBlob: true, webauthn:extension:largeBlob: true, webauthn:extension:minPinLength: true, webauthn:extension:prf: true, webauthn:virtualAuthenticators: true}
Session ID: 619ccd1102a79a3558b89e465feb9286
	at jdk.internal.reflect.GeneratedConstructorAccessor69.newInstance(Unknown Source)
	at java.base/jdk.internal.reflect.DelegatingConstructorAccessorImpl.newInstance(DelegatingConstructorAccessorImpl.java:45)
	at org.openqa.selenium.remote.http.W3CHttpResponseCodec.createException(W3CHttpResponseCodec.java:187)
	at org.openqa.selenium.remote.http.W3CHttpResponseCodec.decode(W3CHttpResponseCodec.java:122)
	at org.openqa.selenium.remote.http.W3CHttpResponseCodec.decode(W3CHttpResponseCodec.java:49)
	at org.openqa.selenium.remote.HttpCommandExecutor.execute(HttpCommandExecutor.java:158)
	at org.openqa.selenium.remote.service.DriverCommandExecutor.execute(DriverCommandExecutor.java:83)
	at org.openqa.selenium.remote.RemoteWebDriver.execute(RemoteWebDriver.java:552)
	at com.kms.katalon.selenium.driver.CChromeDriver.execute(CChromeDriver.java:19)
	at org.openqa.selenium.remote.RemoteWebElement.execute(RemoteWebElement.java:285)
	at org.openqa.selenium.remote.RemoteWebElement.click(RemoteWebElement.java:84)
	at jdk.internal.reflect.GeneratedMethodAccessor18.invoke(Unknown Source)
	at java.base/jdk.internal.reflect.DelegatingMethodAccessorImpl.invoke(DelegatingMethodAccessorImpl.java:43)
	at org.openqa.selenium.support.events.EventFiringWebDriver$EventFiringWebElement.lambda$new$0(EventFiringWebDriver.java:404)
	at jdk.proxy2/jdk.proxy2.$Proxy27.click(Unknown Source)
	at org.openqa.selenium.support.events.EventFiringWebDriver$EventFiringWebElement.click(EventFiringWebDriver.java:417)
	at org.openqa.selenium.WebElement$click.call(Unknown Source)
	at com.kms.katalon.core.webui.keyword.builtin.ClickKeyword.clickUntilSuccessWithTimeout(ClickKeyword.groovy:81)
	at com.kms.katalon.core.webui.keyword.builtin.ClickKeyword.clickUntilSuccessWithTimeout(ClickKeyword.groovy)
	at jdk.internal.reflect.GeneratedMethodAccessor16.invoke(Unknown Source)
	at java.base/jdk.internal.reflect.DelegatingMethodAccessorImpl.invoke(DelegatingMethodAccessorImpl.java:43)
	at com.kms.katalon.core.webui.keyword.builtin.ClickKeyword$_click_closure1.doCall(ClickKeyword.groovy:67)
	at com.kms.katalon.core.webui.keyword.builtin.ClickKeyword$_click_closure1.call(ClickKeyword.groovy)
	at com.kms.katalon.core.webui.keyword.internal.WebUIKeywordMain.runKeyword(WebUIKeywordMain.groovy:35)
	... 41 more


22-10-2025T11:20:42 - [TEST_STEP][PASSED] - callTestCase(findTestCase("Utility Scripts/Open Browser"), ["destinationURL":TFBaseURL], STOP_ON_FAILURE): Call Test Case 'Test Cases/Utility Scripts/Open Browser' successfully

22-10-2025T11:20:42 - [TEST_CASE][PASSED] - Test Cases/Utility Scripts/Open Browser: Test Cases/Utility Scripts/Open Browser

22-10-2025T11:20:42 - [TEST_STEP][PASSED] - openBrowser(""): Browser is opened with url: ''

22-10-2025T11:20:42 - [MESSAGE][INFO] - Starting 'Chrome' driver

22-10-2025T11:20:42 - [MESSAGE][INFO] - User set preference: ['args', '[--no-sandbox, --disable-gpu, --disable-dev-shm-usage]']

22-10-2025T11:20:42 - [MESSAGE][INFO] - Action delay is set to 0 milliseconds

22-10-2025T11:20:43 - [MESSAGE][PASSED] - Browser is opened with url: ''

22-10-2025T11:20:43 - [TEST_STEP][PASSED] - navigateToUrl(destinationURL): Navigate to 'https://www.qa.tripfocus.com' successfully

22-10-2025T11:20:43 - [MESSAGE][PASSED] - Navigate to 'https://www.qa.tripfocus.com' successfully

22-10-2025T11:20:43 - [TEST_STEP][PASSED] - if (maximizeWindow == true): Current window maximized

22-10-2025T11:20:43 - [TEST_STEP][PASSED] - maximizeWindow(STOP_ON_FAILURE): Current window maximized

22-10-2025T11:20:44 - [MESSAGE][PASSED] - Current window maximized

22-10-2025T11:20:44 - [MESSAGE][PASSED] - Call Test Case 'Test Cases/Utility Scripts/Open Browser' successfully

22-10-2025T11:20:44 - [TEST_STEP][PASSED] - callTestCase(findTestCase("Utility Scripts/TF Sign In"), ["userName":TripFocusBleachTechSPGUsername, "password":TripFocusFDGSPGPassword], STOP_ON_FAILURE): Call Test Case 'Test Cases/Utility Scripts/TF Sign In' successfully

22-10-2025T11:20:44 - [TEST_CASE][PASSED] - Test Cases/Utility Scripts/TF Sign In: Test Cases/Utility Scripts/TF Sign In

22-10-2025T11:20:44 - [TEST_STEP][PASSED] - click(findTestObject("Object Repository/TripFocus/Page_TripFocus/button_Sign in")): Object: 'Object Repository/TripFocus/Page_TripFocus/button_Sign in' is clicked on

22-10-2025T11:20:44 - [MESSAGE][PASSED] - Object: 'Object Repository/TripFocus/Page_TripFocus/button_Sign in' is clicked on

22-10-2025T11:20:44 - [TEST_STEP][PASSED] - setText(findTestObject("Object Repository/TripFocus/Page_TripFocus/input_Username (e.g. email address)_Username"), userName): Text 'Ashford.Chenault+BleachtechCustomerSPGONLY@thekag.com' is set on object 'Object Repository/TripFocus/Page_TripFocus/input_Username (e.g. email address)_Username'

22-10-2025T11:20:44 - [MESSAGE][PASSED] - Text 'Ashford.Chenault+BleachtechCustomerSPGONLY@thekag.com' is set on object 'Object Repository/TripFocus/Page_TripFocus/input_Username (e.g. email address)_Username'

22-10-2025T11:20:44 - [TEST_STEP][PASSED] - setText(findTestObject("Object Repository/TripFocus/Page_TripFocus/input_Password_Password"), password): Text 'CrashBan911!!' is set on object 'Object Repository/TripFocus/Page_TripFocus/input_Password_Password'

22-10-2025T11:20:45 - [MESSAGE][PASSED] - Text 'CrashBan911!!' is set on object 'Object Repository/TripFocus/Page_TripFocus/input_Password_Password'

22-10-2025T11:20:45 - [TEST_STEP][PASSED] - click(findTestObject("Object Repository/TripFocus/Page_TripFocus/button_Login")): Object: 'Object Repository/TripFocus/Page_TripFocus/button_Login' is clicked on

22-10-2025T11:20:45 - [MESSAGE][PASSED] - Object: 'Object Repository/TripFocus/Page_TripFocus/button_Login' is clicked on

22-10-2025T11:20:45 - [TEST_STEP][PASSED] - maximizeWindow(): Current window maximized

22-10-2025T11:20:45 - [MESSAGE][PASSED] - Current window maximized

22-10-2025T11:20:45 - [TEST_STEP][PASSED] - waitForElementVisible(findTestObject("TripFocus/Testing_Notification_btn"), 5, OPTIONAL): Web element with id: 'Object Repository/TripFocus/Testing_Notification_btn' located by '//*[@id="__BVID__10___BV_modal_footer_"]/button' not found

22-10-2025T11:20:51 - [MESSAGE][INFO] - Unable to find the element located by 'By.xpath: //*[@id="__BVID__10___BV_modal_footer_"]/button'. Please recheck the objects properties to make sure the desired element is located. 

22-10-2025T11:20:51 - [MESSAGE][WARNING] - [SELF-HEALING] Failed to find element with id 'Object Repository/TripFocus/Testing_Notification_btn'. Try using Self-healing.

22-10-2025T11:20:52 - [MESSAGE][INFO] - [SELF-HEALING] No working XPath is found.

22-10-2025T11:20:54 - [MESSAGE][INFO] - Unable to find the element located by 'By.xpath: '. Please recheck the objects properties to make sure the desired element is located. 

22-10-2025T11:20:54 - [MESSAGE][WARNING] - [SELF-HEALING] Cannot find elements when the selector is null

22-10-2025T11:20:54 - [MESSAGE][WARNING] - Web element with id: 'Object Repository/TripFocus/Testing_Notification_btn' located by '//*[@id="__BVID__10___BV_modal_footer_"]/button' not found

22-10-2025T11:20:54 - [TEST_STEP][PASSED] - if (verifyElementVisible(findTestObject("TripFocus/Testing_Notification_btn"), OPTIONAL) == true): Web element with id: 'Object Repository/TripFocus/Testing_Notification_btn' located by '//*[@id="__BVID__10___BV_modal_footer_"]/button' not found (Root cause: com.kms.katalon.core.exception.StepFailedException: Web element with id: 'Object Repository/TripFocus/Testing_Notification_btn' located by '//*[@id="__BVID__10___BV_modal_footer_"]/button' not found
	at com.kms.katalon.core.webui.keyword.internal.WebUIKeywordMain.stepFailed(WebUIKeywordMain.groovy:117)
	at com.kms.katalon.core.webui.keyword.builtin.VerifyElementVisibleKeyword$_verifyElementVisible_closure1.doCall(VerifyElementVisibleKeyword.groovy:89)
	at com.kms.katalon.core.webui.keyword.builtin.VerifyElementVisibleKeyword$_verifyElementVisible_closure1.call(VerifyElementVisibleKeyword.groovy)
	at com.kms.katalon.core.webui.keyword.internal.WebUIKeywordMain.runKeyword(WebUIKeywordMain.groovy:35)
	at com.kms.katalon.core.webui.keyword.builtin.VerifyElementVisibleKeyword.verifyElementVisible(VerifyElementVisibleKeyword.groovy:97)
	at com.kms.katalon.core.webui.keyword.builtin.VerifyElementVisibleKeyword.execute(VerifyElementVisibleKeyword.groovy:67)
	at com.kms.katalon.core.keyword.internal.KeywordExecutor.executeKeywordForPlatform(KeywordExecutor.groovy:74)
	at com.kms.katalon.core.webui.keyword.WebUiBuiltInKeywords.verifyElementVisible(WebUiBuiltInKeywords.groovy:401)
	at com.kms.katalon.core.webui.keyword.WebUiBuiltInKeywords$verifyElementVisible$5.call(Unknown Source)
	at TF Sign In.run(TF Sign In:33)
	at com.kms.katalon.core.main.ScriptEngine.run(ScriptEngine.java:194)
	at com.kms.katalon.core.main.ScriptEngine.runScriptAsRawText(ScriptEngine.java:119)
	at com.kms.katalon.core.main.TestCaseExecutor.runScript(TestCaseExecutor.java:448)
	at com.kms.katalon.core.main.TestCaseExecutor.doExecute(TestCaseExecutor.java:439)
	at com.kms.katalon.core.main.TestCaseExecutor.processExecutionPhase(TestCaseExecutor.java:418)
	at com.kms.katalon.core.main.TestCaseExecutor.accessMainPhase(TestCaseExecutor.java:410)
	at com.kms.katalon.core.main.TestCaseExecutor.execute(TestCaseExecutor.java:285)
	at com.kms.katalon.core.main.TestCaseMain.runTestCase(TestCaseMain.java:137)
	at com.kms.katalon.core.keyword.builtin.CallTestCaseKeyword$_callTestCase_closure1.doCall(CallTestCaseKeyword.groovy:59)
	at com.kms.katalon.core.keyword.builtin.CallTestCaseKeyword$_callTestCase_closure1.call(CallTestCaseKeyword.groovy)
	at com.kms.katalon.core.keyword.internal.KeywordMain.runKeyword(KeywordMain.groovy:75)
	at com.kms.katalon.core.keyword.builtin.CallTestCaseKeyword.callTestCase(CallTestCaseKeyword.groovy:81)
	at com.kms.katalon.core.keyword.builtin.CallTestCaseKeyword.execute(CallTestCaseKeyword.groovy:44)
	at com.kms.katalon.core.keyword.internal.KeywordExecutor.executeKeywordForPlatform(KeywordExecutor.groovy:74)
	at com.kms.katalon.core.keyword.BuiltinKeywords.callTestCase(BuiltinKeywords.groovy:310)
	at java.base/jdk.internal.reflect.NativeMethodAccessorImpl.invoke0(Native Method)
	at java.base/jdk.internal.reflect.NativeMethodAccessorImpl.invoke(NativeMethodAccessorImpl.java:77)
	at java.base/jdk.internal.reflect.DelegatingMethodAccessorImpl.invoke(DelegatingMethodAccessorImpl.java:43)
	at SPG - Creating New Order.run(SPG - Creating New Order:22)
	at com.kms.katalon.core.main.ScriptEngine.run(ScriptEngine.java:194)
	at com.kms.katalon.core.main.ScriptEngine.runScriptAsRawText(ScriptEngine.java:119)
	at com.kms.katalon.core.main.TestCaseExecutor.runScript(TestCaseExecutor.java:448)
	at com.kms.katalon.core.main.TestCaseExecutor.doExecute(TestCaseExecutor.java:439)
	at com.kms.katalon.core.main.TestCaseExecutor.processExecutionPhase(TestCaseExecutor.java:418)
	at com.kms.katalon.core.main.TestCaseExecutor.accessMainPhase(TestCaseExecutor.java:410)
	at com.kms.katalon.core.main.TestCaseExecutor.execute(TestCaseExecutor.java:285)
	at com.kms.katalon.core.main.TestCaseMain.runTestCase(TestCaseMain.java:137)
	at com.kms.katalon.core.keyword.builtin.CallTestCaseKeyword$_callTestCase_closure1.doCall(CallTestCaseKeyword.groovy:59)
	at com.kms.katalon.core.keyword.builtin.CallTestCaseKeyword$_callTestCase_closure1.call(CallTestCaseKeyword.groovy)
	at com.kms.katalon.core.keyword.internal.KeywordMain.runKeyword(KeywordMain.groovy:75)
	at com.kms.katalon.core.keyword.builtin.CallTestCaseKeyword.callTestCase(CallTestCaseKeyword.groovy:81)
	at com.kms.katalon.core.keyword.builtin.CallTestCaseKeyword.execute(CallTestCaseKeyword.groovy:44)
	at com.kms.katalon.core.keyword.internal.KeywordExecutor.executeKeywordForPlatform(KeywordExecutor.groovy:74)
	at com.kms.katalon.core.keyword.BuiltinKeywords.callTestCase(BuiltinKeywords.groovy:310)
	at java.base/jdk.internal.reflect.NativeMethodAccessorImpl.invoke0(Native Method)
	at java.base/jdk.internal.reflect.NativeMethodAccessorImpl.invoke(NativeMethodAccessorImpl.java:77)
	at java.base/jdk.internal.reflect.DelegatingMethodAccessorImpl.invoke(DelegatingMethodAccessorImpl.java:43)
	at SPG - Verify Quick Search Box.run(SPG - Verify Quick Search Box:20)
	at com.kms.katalon.core.main.ScriptEngine.run(ScriptEngine.java:194)
	at com.kms.katalon.core.main.ScriptEngine.runScriptAsRawText(ScriptEngine.java:119)
	at com.kms.katalon.core.main.TestCaseExecutor.runScript(TestCaseExecutor.java:448)
	at com.kms.katalon.core.main.TestCaseExecutor.doExecute(TestCaseExecutor.java:439)
	at com.kms.katalon.core.main.TestCaseExecutor.processExecutionPhase(TestCaseExecutor.java:418)
	at com.kms.katalon.core.main.TestCaseExecutor.accessMainPhase(TestCaseExecutor.java:410)
	at com.kms.katalon.core.main.TestCaseExecutor.execute(TestCaseExecutor.java:285)
	at com.kms.katalon.core.common.CommonExecutor.accessTestCaseMainPhase(CommonExecutor.java:65)
	at com.kms.katalon.core.main.TestSuiteExecutor.accessTestSuiteMainPhase(TestSuiteExecutor.java:150)
	at com.kms.katalon.core.main.TestSuiteExecutor.execute(TestSuiteExecutor.java:106)
	at com.kms.katalon.core.main.TestCaseMain.startTestSuite(TestCaseMain.java:180)
	at com.kms.katalon.core.main.TestCaseMain$startTestSuite$0.call(Unknown Source)
	at TempTestSuite1761139096516.run(TempTestSuite1761139096516.groovy:35)
	at java.base/jdk.internal.reflect.NativeMethodAccessorImpl.invoke0(Native Method)
	at java.base/jdk.internal.reflect.NativeMethodAccessorImpl.invoke(NativeMethodAccessorImpl.java:77)
	at java.base/jdk.internal.reflect.DelegatingMethodAccessorImpl.invoke(DelegatingMethodAccessorImpl.java:43)
)

22-10-2025T11:21:10 - [MESSAGE][INFO] - Unable to find the element located by 'By.xpath: //*[@id="__BVID__10___BV_modal_footer_"]/button'. Please recheck the objects properties to make sure the desired element is located. 

22-10-2025T11:21:10 - [MESSAGE][WARNING] - [SELF-HEALING] Failed to find element with id 'Object Repository/TripFocus/Testing_Notification_btn'. Try using Self-healing.

22-10-2025T11:21:11 - [MESSAGE][INFO] - [SELF-HEALING] No working XPath is found.

22-10-2025T11:21:13 - [MESSAGE][INFO] - Unable to find the element located by 'By.xpath: '. Please recheck the objects properties to make sure the desired element is located. 

22-10-2025T11:21:13 - [MESSAGE][WARNING] - [SELF-HEALING] Cannot find elements when the selector is null

22-10-2025T11:21:13 - [MESSAGE][WARNING] - Web element with id: 'Object Repository/TripFocus/Testing_Notification_btn' located by '//*[@id="__BVID__10___BV_modal_footer_"]/button' not found (Root cause: com.kms.katalon.core.exception.StepFailedException: Web element with id: 'Object Repository/TripFocus/Testing_Notification_btn' located by '//*[@id="__BVID__10___BV_modal_footer_"]/button' not found
	at com.kms.katalon.core.webui.keyword.internal.WebUIKeywordMain.stepFailed(WebUIKeywordMain.groovy:117)
	at com.kms.katalon.core.webui.keyword.builtin.VerifyElementVisibleKeyword$_verifyElementVisible_closure1.doCall(VerifyElementVisibleKeyword.groovy:89)
	at com.kms.katalon.core.webui.keyword.builtin.VerifyElementVisibleKeyword$_verifyElementVisible_closure1.call(VerifyElementVisibleKeyword.groovy)
	at com.kms.katalon.core.webui.keyword.internal.WebUIKeywordMain.runKeyword(WebUIKeywordMain.groovy:35)
	at com.kms.katalon.core.webui.keyword.builtin.VerifyElementVisibleKeyword.verifyElementVisible(VerifyElementVisibleKeyword.groovy:97)
	at com.kms.katalon.core.webui.keyword.builtin.VerifyElementVisibleKeyword.execute(VerifyElementVisibleKeyword.groovy:67)
	at com.kms.katalon.core.keyword.internal.KeywordExecutor.executeKeywordForPlatform(KeywordExecutor.groovy:74)
	at com.kms.katalon.core.webui.keyword.WebUiBuiltInKeywords.verifyElementVisible(WebUiBuiltInKeywords.groovy:401)
	at com.kms.katalon.core.webui.keyword.WebUiBuiltInKeywords$verifyElementVisible$5.call(Unknown Source)
	at TF Sign In.run(TF Sign In:33)
	at com.kms.katalon.core.main.ScriptEngine.run(ScriptEngine.java:194)
	at com.kms.katalon.core.main.ScriptEngine.runScriptAsRawText(ScriptEngine.java:119)
	at com.kms.katalon.core.main.TestCaseExecutor.runScript(TestCaseExecutor.java:448)
	at com.kms.katalon.core.main.TestCaseExecutor.doExecute(TestCaseExecutor.java:439)
	at com.kms.katalon.core.main.TestCaseExecutor.processExecutionPhase(TestCaseExecutor.java:418)
	at com.kms.katalon.core.main.TestCaseExecutor.accessMainPhase(TestCaseExecutor.java:410)
	at com.kms.katalon.core.main.TestCaseExecutor.execute(TestCaseExecutor.java:285)
	at com.kms.katalon.core.main.TestCaseMain.runTestCase(TestCaseMain.java:137)
	at com.kms.katalon.core.keyword.builtin.CallTestCaseKeyword$_callTestCase_closure1.doCall(CallTestCaseKeyword.groovy:59)
	at com.kms.katalon.core.keyword.builtin.CallTestCaseKeyword$_callTestCase_closure1.call(CallTestCaseKeyword.groovy)
	at com.kms.katalon.core.keyword.internal.KeywordMain.runKeyword(KeywordMain.groovy:75)
	at com.kms.katalon.core.keyword.builtin.CallTestCaseKeyword.callTestCase(CallTestCaseKeyword.groovy:81)
	at com.kms.katalon.core.keyword.builtin.CallTestCaseKeyword.execute(CallTestCaseKeyword.groovy:44)
	at com.kms.katalon.core.keyword.internal.KeywordExecutor.executeKeywordForPlatform(KeywordExecutor.groovy:74)
	at com.kms.katalon.core.keyword.BuiltinKeywords.callTestCase(BuiltinKeywords.groovy:310)
	at java.base/jdk.internal.reflect.NativeMethodAccessorImpl.invoke0(Native Method)
	at java.base/jdk.internal.reflect.NativeMethodAccessorImpl.invoke(NativeMethodAccessorImpl.java:77)
	at java.base/jdk.internal.reflect.DelegatingMethodAccessorImpl.invoke(DelegatingMethodAccessorImpl.java:43)
	at SPG - Creating New Order.run(SPG - Creating New Order:22)
	at com.kms.katalon.core.main.ScriptEngine.run(ScriptEngine.java:194)
	at com.kms.katalon.core.main.ScriptEngine.runScriptAsRawText(ScriptEngine.java:119)
	at com.kms.katalon.core.main.TestCaseExecutor.runScript(TestCaseExecutor.java:448)
	at com.kms.katalon.core.main.TestCaseExecutor.doExecute(TestCaseExecutor.java:439)
	at com.kms.katalon.core.main.TestCaseExecutor.processExecutionPhase(TestCaseExecutor.java:418)
	at com.kms.katalon.core.main.TestCaseExecutor.accessMainPhase(TestCaseExecutor.java:410)
	at com.kms.katalon.core.main.TestCaseExecutor.execute(TestCaseExecutor.java:285)
	at com.kms.katalon.core.main.TestCaseMain.runTestCase(TestCaseMain.java:137)
	at com.kms.katalon.core.keyword.builtin.CallTestCaseKeyword$_callTestCase_closure1.doCall(CallTestCaseKeyword.groovy:59)
	at com.kms.katalon.core.keyword.builtin.CallTestCaseKeyword$_callTestCase_closure1.call(CallTestCaseKeyword.groovy)
	at com.kms.katalon.core.keyword.internal.KeywordMain.runKeyword(KeywordMain.groovy:75)
	at com.kms.katalon.core.keyword.builtin.CallTestCaseKeyword.callTestCase(CallTestCaseKeyword.groovy:81)
	at com.kms.katalon.core.keyword.builtin.CallTestCaseKeyword.execute(CallTestCaseKeyword.groovy:44)
	at com.kms.katalon.core.keyword.internal.KeywordExecutor.executeKeywordForPlatform(KeywordExecutor.groovy:74)
	at com.kms.katalon.core.keyword.BuiltinKeywords.callTestCase(BuiltinKeywords.groovy:310)
	at java.base/jdk.internal.reflect.NativeMethodAccessorImpl.invoke0(Native Method)
	at java.base/jdk.internal.reflect.NativeMethodAccessorImpl.invoke(NativeMethodAccessorImpl.java:77)
	at java.base/jdk.internal.reflect.DelegatingMethodAccessorImpl.invoke(DelegatingMethodAccessorImpl.java:43)
	at SPG - Verify Quick Search Box.run(SPG - Verify Quick Search Box:20)
	at com.kms.katalon.core.main.ScriptEngine.run(ScriptEngine.java:194)
	at com.kms.katalon.core.main.ScriptEngine.runScriptAsRawText(ScriptEngine.java:119)
	at com.kms.katalon.core.main.TestCaseExecutor.runScript(TestCaseExecutor.java:448)
	at com.kms.katalon.core.main.TestCaseExecutor.doExecute(TestCaseExecutor.java:439)
	at com.kms.katalon.core.main.TestCaseExecutor.processExecutionPhase(TestCaseExecutor.java:418)
	at com.kms.katalon.core.main.TestCaseExecutor.accessMainPhase(TestCaseExecutor.java:410)
	at com.kms.katalon.core.main.TestCaseExecutor.execute(TestCaseExecutor.java:285)
	at com.kms.katalon.core.common.CommonExecutor.accessTestCaseMainPhase(CommonExecutor.java:65)
	at com.kms.katalon.core.main.TestSuiteExecutor.accessTestSuiteMainPhase(TestSuiteExecutor.java:150)
	at com.kms.katalon.core.main.TestSuiteExecutor.execute(TestSuiteExecutor.java:106)
	at com.kms.katalon.core.main.TestCaseMain.startTestSuite(TestCaseMain.java:180)
	at com.kms.katalon.core.main.TestCaseMain$startTestSuite$0.call(Unknown Source)
	at TempTestSuite1761139096516.run(TempTestSuite1761139096516.groovy:35)
	at java.base/jdk.internal.reflect.NativeMethodAccessorImpl.invoke0(Native Method)
	at java.base/jdk.internal.reflect.NativeMethodAccessorImpl.invoke(NativeMethodAccessorImpl.java:77)
	at java.base/jdk.internal.reflect.DelegatingMethodAccessorImpl.invoke(DelegatingMethodAccessorImpl.java:43)
)

22-10-2025T11:21:13 - [MESSAGE][PASSED] - Call Test Case 'Test Cases/Utility Scripts/TF Sign In' successfully

22-10-2025T11:21:13 - [TEST_STEP][PASSED] - if (verifyElementVisible(findTestObject("TripFocus/Testing_Notification_btn"), OPTIONAL) == true): Web element with id: 'Object Repository/TripFocus/Testing_Notification_btn' located by '//*[@id="__BVID__10___BV_modal_footer_"]/button' not found (Root cause: com.kms.katalon.core.exception.StepFailedException: Web element with id: 'Object Repository/TripFocus/Testing_Notification_btn' located by '//*[@id="__BVID__10___BV_modal_footer_"]/button' not found
	at com.kms.katalon.core.webui.keyword.internal.WebUIKeywordMain.stepFailed(WebUIKeywordMain.groovy:117)
	at com.kms.katalon.core.webui.keyword.builtin.VerifyElementVisibleKeyword$_verifyElementVisible_closure1.doCall(VerifyElementVisibleKeyword.groovy:89)
	at com.kms.katalon.core.webui.keyword.builtin.VerifyElementVisibleKeyword$_verifyElementVisible_closure1.call(VerifyElementVisibleKeyword.groovy)
	at com.kms.katalon.core.webui.keyword.internal.WebUIKeywordMain.runKeyword(WebUIKeywordMain.groovy:35)
	at com.kms.katalon.core.webui.keyword.builtin.VerifyElementVisibleKeyword.verifyElementVisible(VerifyElementVisibleKeyword.groovy:97)
	at com.kms.katalon.core.webui.keyword.builtin.VerifyElementVisibleKeyword.execute(VerifyElementVisibleKeyword.groovy:67)
	at com.kms.katalon.core.keyword.internal.KeywordExecutor.executeKeywordForPlatform(KeywordExecutor.groovy:74)
	at com.kms.katalon.core.webui.keyword.WebUiBuiltInKeywords.verifyElementVisible(WebUiBuiltInKeywords.groovy:401)
	at com.kms.katalon.core.webui.keyword.WebUiBuiltInKeywords$verifyElementVisible$5.call(Unknown Source)
	at SPG - Creating New Order.run(SPG - Creating New Order:26)
	at com.kms.katalon.core.main.ScriptEngine.run(ScriptEngine.java:194)
	at com.kms.katalon.core.main.ScriptEngine.runScriptAsRawText(ScriptEngine.java:119)
	at com.kms.katalon.core.main.TestCaseExecutor.runScript(TestCaseExecutor.java:448)
	at com.kms.katalon.core.main.TestCaseExecutor.doExecute(TestCaseExecutor.java:439)
	at com.kms.katalon.core.main.TestCaseExecutor.processExecutionPhase(TestCaseExecutor.java:418)
	at com.kms.katalon.core.main.TestCaseExecutor.accessMainPhase(TestCaseExecutor.java:410)
	at com.kms.katalon.core.main.TestCaseExecutor.execute(TestCaseExecutor.java:285)
	at com.kms.katalon.core.main.TestCaseMain.runTestCase(TestCaseMain.java:137)
	at com.kms.katalon.core.keyword.builtin.CallTestCaseKeyword$_callTestCase_closure1.doCall(CallTestCaseKeyword.groovy:59)
	at com.kms.katalon.core.keyword.builtin.CallTestCaseKeyword$_callTestCase_closure1.call(CallTestCaseKeyword.groovy)
	at com.kms.katalon.core.keyword.internal.KeywordMain.runKeyword(KeywordMain.groovy:75)
	at com.kms.katalon.core.keyword.builtin.CallTestCaseKeyword.callTestCase(CallTestCaseKeyword.groovy:81)
	at com.kms.katalon.core.keyword.builtin.CallTestCaseKeyword.execute(CallTestCaseKeyword.groovy:44)
	at com.kms.katalon.core.keyword.internal.KeywordExecutor.executeKeywordForPlatform(KeywordExecutor.groovy:74)
	at com.kms.katalon.core.keyword.BuiltinKeywords.callTestCase(BuiltinKeywords.groovy:310)
	at java.base/jdk.internal.reflect.NativeMethodAccessorImpl.invoke0(Native Method)
	at java.base/jdk.internal.reflect.NativeMethodAccessorImpl.invoke(NativeMethodAccessorImpl.java:77)
	at java.base/jdk.internal.reflect.DelegatingMethodAccessorImpl.invoke(DelegatingMethodAccessorImpl.java:43)
	at SPG - Verify Quick Search Box.run(SPG - Verify Quick Search Box:20)
	at com.kms.katalon.core.main.ScriptEngine.run(ScriptEngine.java:194)
	at com.kms.katalon.core.main.ScriptEngine.runScriptAsRawText(ScriptEngine.java:119)
	at com.kms.katalon.core.main.TestCaseExecutor.runScript(TestCaseExecutor.java:448)
	at com.kms.katalon.core.main.TestCaseExecutor.doExecute(TestCaseExecutor.java:439)
	at com.kms.katalon.core.main.TestCaseExecutor.processExecutionPhase(TestCaseExecutor.java:418)
	at com.kms.katalon.core.main.TestCaseExecutor.accessMainPhase(TestCaseExecutor.java:410)
	at com.kms.katalon.core.main.TestCaseExecutor.execute(TestCaseExecutor.java:285)
	at com.kms.katalon.core.common.CommonExecutor.accessTestCaseMainPhase(CommonExecutor.java:65)
	at com.kms.katalon.core.main.TestSuiteExecutor.accessTestSuiteMainPhase(TestSuiteExecutor.java:150)
	at com.kms.katalon.core.main.TestSuiteExecutor.execute(TestSuiteExecutor.java:106)
	at com.kms.katalon.core.main.TestCaseMain.startTestSuite(TestCaseMain.java:180)
	at com.kms.katalon.core.main.TestCaseMain$startTestSuite$0.call(Unknown Source)
	at TempTestSuite1761139096516.run(TempTestSuite1761139096516.groovy:35)
	at java.base/jdk.internal.reflect.NativeMethodAccessorImpl.invoke0(Native Method)
	at java.base/jdk.internal.reflect.NativeMethodAccessorImpl.invoke(NativeMethodAccessorImpl.java:77)
	at java.base/jdk.internal.reflect.DelegatingMethodAccessorImpl.invoke(DelegatingMethodAccessorImpl.java:43)
)

22-10-2025T11:21:29 - [MESSAGE][INFO] - Unable to find the element located by 'By.xpath: //*[@id="__BVID__10___BV_modal_footer_"]/button'. Please recheck the objects properties to make sure the desired element is located. 

22-10-2025T11:21:29 - [MESSAGE][WARNING] - [SELF-HEALING] Failed to find element with id 'Object Repository/TripFocus/Testing_Notification_btn'. Try using Self-healing.

22-10-2025T11:21:30 - [MESSAGE][INFO] - [SELF-HEALING] No working XPath is found.

22-10-2025T11:21:32 - [MESSAGE][INFO] - Unable to find the element located by 'By.xpath: '. Please recheck the objects properties to make sure the desired element is located. 

22-10-2025T11:21:32 - [MESSAGE][WARNING] - [SELF-HEALING] Cannot find elements when the selector is null

22-10-2025T11:21:32 - [MESSAGE][WARNING] - Web element with id: 'Object Repository/TripFocus/Testing_Notification_btn' located by '//*[@id="__BVID__10___BV_modal_footer_"]/button' not found (Root cause: com.kms.katalon.core.exception.StepFailedException: Web element with id: 'Object Repository/TripFocus/Testing_Notification_btn' located by '//*[@id="__BVID__10___BV_modal_footer_"]/button' not found
	at com.kms.katalon.core.webui.keyword.internal.WebUIKeywordMain.stepFailed(WebUIKeywordMain.groovy:117)
	at com.kms.katalon.core.webui.keyword.builtin.VerifyElementVisibleKeyword$_verifyElementVisible_closure1.doCall(VerifyElementVisibleKeyword.groovy:89)
	at com.kms.katalon.core.webui.keyword.builtin.VerifyElementVisibleKeyword$_verifyElementVisible_closure1.call(VerifyElementVisibleKeyword.groovy)
	at com.kms.katalon.core.webui.keyword.internal.WebUIKeywordMain.runKeyword(WebUIKeywordMain.groovy:35)
	at com.kms.katalon.core.webui.keyword.builtin.VerifyElementVisibleKeyword.verifyElementVisible(VerifyElementVisibleKeyword.groovy:97)
	at com.kms.katalon.core.webui.keyword.builtin.VerifyElementVisibleKeyword.execute(VerifyElementVisibleKeyword.groovy:67)
	at com.kms.katalon.core.keyword.internal.KeywordExecutor.executeKeywordForPlatform(KeywordExecutor.groovy:74)
	at com.kms.katalon.core.webui.keyword.WebUiBuiltInKeywords.verifyElementVisible(WebUiBuiltInKeywords.groovy:401)
	at com.kms.katalon.core.webui.keyword.WebUiBuiltInKeywords$verifyElementVisible$5.call(Unknown Source)
	at SPG - Creating New Order.run(SPG - Creating New Order:26)
	at com.kms.katalon.core.main.ScriptEngine.run(ScriptEngine.java:194)
	at com.kms.katalon.core.main.ScriptEngine.runScriptAsRawText(ScriptEngine.java:119)
	at com.kms.katalon.core.main.TestCaseExecutor.runScript(TestCaseExecutor.java:448)
	at com.kms.katalon.core.main.TestCaseExecutor.doExecute(TestCaseExecutor.java:439)
	at com.kms.katalon.core.main.TestCaseExecutor.processExecutionPhase(TestCaseExecutor.java:418)
	at com.kms.katalon.core.main.TestCaseExecutor.accessMainPhase(TestCaseExecutor.java:410)
	at com.kms.katalon.core.main.TestCaseExecutor.execute(TestCaseExecutor.java:285)
	at com.kms.katalon.core.main.TestCaseMain.runTestCase(TestCaseMain.java:137)
	at com.kms.katalon.core.keyword.builtin.CallTestCaseKeyword$_callTestCase_closure1.doCall(CallTestCaseKeyword.groovy:59)
	at com.kms.katalon.core.keyword.builtin.CallTestCaseKeyword$_callTestCase_closure1.call(CallTestCaseKeyword.groovy)
	at com.kms.katalon.core.keyword.internal.KeywordMain.runKeyword(KeywordMain.groovy:75)
	at com.kms.katalon.core.keyword.builtin.CallTestCaseKeyword.callTestCase(CallTestCaseKeyword.groovy:81)
	at com.kms.katalon.core.keyword.builtin.CallTestCaseKeyword.execute(CallTestCaseKeyword.groovy:44)
	at com.kms.katalon.core.keyword.internal.KeywordExecutor.executeKeywordForPlatform(KeywordExecutor.groovy:74)
	at com.kms.katalon.core.keyword.BuiltinKeywords.callTestCase(BuiltinKeywords.groovy:310)
	at java.base/jdk.internal.reflect.NativeMethodAccessorImpl.invoke0(Native Method)
	at java.base/jdk.internal.reflect.NativeMethodAccessorImpl.invoke(NativeMethodAccessorImpl.java:77)
	at java.base/jdk.internal.reflect.DelegatingMethodAccessorImpl.invoke(DelegatingMethodAccessorImpl.java:43)
	at SPG - Verify Quick Search Box.run(SPG - Verify Quick Search Box:20)
	at com.kms.katalon.core.main.ScriptEngine.run(ScriptEngine.java:194)
	at com.kms.katalon.core.main.ScriptEngine.runScriptAsRawText(ScriptEngine.java:119)
	at com.kms.katalon.core.main.TestCaseExecutor.runScript(TestCaseExecutor.java:448)
	at com.kms.katalon.core.main.TestCaseExecutor.doExecute(TestCaseExecutor.java:439)
	at com.kms.katalon.core.main.TestCaseExecutor.processExecutionPhase(TestCaseExecutor.java:418)
	at com.kms.katalon.core.main.TestCaseExecutor.accessMainPhase(TestCaseExecutor.java:410)
	at com.kms.katalon.core.main.TestCaseExecutor.execute(TestCaseExecutor.java:285)
	at com.kms.katalon.core.common.CommonExecutor.accessTestCaseMainPhase(CommonExecutor.java:65)
	at com.kms.katalon.core.main.TestSuiteExecutor.accessTestSuiteMainPhase(TestSuiteExecutor.java:150)
	at com.kms.katalon.core.main.TestSuiteExecutor.execute(TestSuiteExecutor.java:106)
	at com.kms.katalon.core.main.TestCaseMain.startTestSuite(TestCaseMain.java:180)
	at com.kms.katalon.core.main.TestCaseMain$startTestSuite$0.call(Unknown Source)
	at TempTestSuite1761139096516.run(TempTestSuite1761139096516.groovy:35)
	at java.base/jdk.internal.reflect.NativeMethodAccessorImpl.invoke0(Native Method)
	at java.base/jdk.internal.reflect.NativeMethodAccessorImpl.invoke(NativeMethodAccessorImpl.java:77)
	at java.base/jdk.internal.reflect.DelegatingMethodAccessorImpl.invoke(DelegatingMethodAccessorImpl.java:43)
)

22-10-2025T11:21:32 - [TEST_STEP][PASSED] - click(findTestObject("TripFocus/Orders/Orders_tab")): Object: 'Object Repository/TripFocus/Orders/Orders_tab' is clicked on

22-10-2025T11:21:32 - [MESSAGE][PASSED] - Object: 'Object Repository/TripFocus/Orders/Orders_tab' is clicked on

22-10-2025T11:21:32 - [TEST_STEP][PASSED] - delay(4): Delayed 4 second(s)

22-10-2025T11:21:36 - [MESSAGE][PASSED] - Delayed 4 second(s)

22-10-2025T11:21:36 - [TEST_STEP][PASSED] - click(findTestObject("TripFocus/Orders/Create New Order_btn")): Object: 'Object Repository/TripFocus/Orders/Create New Order_btn' is clicked on

22-10-2025T11:21:37 - [MESSAGE][PASSED] - Object: 'Object Repository/TripFocus/Orders/Create New Order_btn' is clicked on

22-10-2025T11:21:37 - [TEST_STEP][PASSED] - delay(30): Delayed 30 second(s)

22-10-2025T11:22:07 - [MESSAGE][PASSED] - Delayed 30 second(s)

22-10-2025T11:22:07 - [TEST_STEP][PASSED] - click(findTestObject("TripFocus/Orders/Create New Order/Add Products/Add Product_link")): Object: 'Object Repository/TripFocus/Orders/Create New Order/Add Products/Add Product_link' is clicked on

22-10-2025T11:22:07 - [MESSAGE][PASSED] - Object: 'Object Repository/TripFocus/Orders/Create New Order/Add Products/Add Product_link' is clicked on

22-10-2025T11:22:07 - [TEST_STEP][PASSED] - delay(2): Delayed 2 second(s)

22-10-2025T11:22:09 - [MESSAGE][PASSED] - Delayed 2 second(s)

22-10-2025T11:22:09 - [TEST_STEP][PASSED] - click(findTestObject("TripFocus/Sidebar Minimizer")): Object: 'Object Repository/TripFocus/Sidebar Minimizer' is clicked on

22-10-2025T11:22:09 - [MESSAGE][PASSED] - Object: 'Object Repository/TripFocus/Sidebar Minimizer' is clicked on

22-10-2025T11:22:09 - [TEST_STEP][PASSED] - delay(1): Delayed 1 second(s)

22-10-2025T11:22:10 - [MESSAGE][PASSED] - Delayed 1 second(s)

22-10-2025T11:22:10 - [TEST_STEP][PASSED] - click(findTestObject("TripFocus/Orders/Create New Order/Add Products/Delivery_Site_dropdown")): Object: 'Object Repository/TripFocus/Orders/Create New Order/Add Products/Delivery_Site_dropdown' is clicked on

22-10-2025T11:22:10 - [MESSAGE][PASSED] - Object: 'Object Repository/TripFocus/Orders/Create New Order/Add Products/Delivery_Site_dropdown' is clicked on

22-10-2025T11:22:10 - [TEST_STEP][PASSED] - delay(2): Delayed 2 second(s)

22-10-2025T11:22:12 - [MESSAGE][PASSED] - Delayed 2 second(s)

22-10-2025T11:22:12 - [TEST_STEP][PASSED] - sendKeys(findTestObject("TripFocus/Orders/Create New Order/Add Products/Delivery_Site_txt"), "Baldwin"): Keys 'Baldwin' sent to object: 'Object Repository/TripFocus/Orders/Create New Order/Add Products/Delivery_Site_txt'

22-10-2025T11:22:12 - [MESSAGE][PASSED] - Keys 'Baldwin' sent to object: 'Object Repository/TripFocus/Orders/Create New Order/Add Products/Delivery_Site_txt'

22-10-2025T11:22:12 - [TEST_STEP][PASSED] - delay(2): Delayed 2 second(s)

22-10-2025T11:22:14 - [MESSAGE][PASSED] - Delayed 2 second(s)

22-10-2025T11:22:14 - [TEST_STEP][PASSED] - sendKeys(findTestObject("TripFocus/Orders/Create New Order/Add Products/Delivery_Site_txt"), Keys.chord(ENTER)): Keys 'ENTER + ' sent to object: 'Object Repository/TripFocus/Orders/Create New Order/Add Products/Delivery_Site_txt'

22-10-2025T11:22:15 - [MESSAGE][PASSED] - Keys 'ENTER + ' sent to object: 'Object Repository/TripFocus/Orders/Create New Order/Add Products/Delivery_Site_txt'

22-10-2025T11:22:15 - [TEST_STEP][PASSED] - delay(30): Delayed 30 second(s)

22-10-2025T11:22:45 - [MESSAGE][PASSED] - Delayed 30 second(s)

22-10-2025T11:22:45 - [TEST_STEP][PASSED] - click(findTestObject("TripFocus/Orders/Create New Order/Add Products/Shipper_dropdown")): Object: 'Object Repository/TripFocus/Orders/Create New Order/Add Products/Shipper_dropdown' is clicked on

22-10-2025T11:22:45 - [MESSAGE][PASSED] - Object: 'Object Repository/TripFocus/Orders/Create New Order/Add Products/Shipper_dropdown' is clicked on

22-10-2025T11:22:45 - [TEST_STEP][PASSED] - delay(2): Delayed 2 second(s)

22-10-2025T11:22:47 - [MESSAGE][PASSED] - Delayed 2 second(s)

22-10-2025T11:22:47 - [TEST_STEP][PASSED] - sendKeys(findTestObject("TripFocus/Orders/Create New Order/Add Products/Shipper_txt"), "Bonded"): Keys 'Bonded' sent to object: 'Object Repository/TripFocus/Orders/Create New Order/Add Products/Shipper_txt'

22-10-2025T11:22:47 - [MESSAGE][PASSED] - Keys 'Bonded' sent to object: 'Object Repository/TripFocus/Orders/Create New Order/Add Products/Shipper_txt'

22-10-2025T11:22:47 - [TEST_STEP][PASSED] - delay(2): Delayed 2 second(s)

22-10-2025T11:22:49 - [MESSAGE][PASSED] - Delayed 2 second(s)

22-10-2025T11:22:49 - [TEST_STEP][PASSED] - sendKeys(findTestObject("TripFocus/Orders/Create New Order/Add Products/Shipper_txt"), Keys.chord(ENTER)): Keys 'ENTER + ' sent to object: 'Object Repository/TripFocus/Orders/Create New Order/Add Products/Shipper_txt'

22-10-2025T11:22:49 - [MESSAGE][PASSED] - Keys 'ENTER + ' sent to object: 'Object Repository/TripFocus/Orders/Create New Order/Add Products/Shipper_txt'

22-10-2025T11:22:49 - [TEST_STEP][PASSED] - delay(4): Delayed 4 second(s)

22-10-2025T11:22:53 - [MESSAGE][PASSED] - Delayed 4 second(s)

22-10-2025T11:22:53 - [TEST_STEP][PASSED] - sendKeys(findTestObject("TripFocus/Orders/Create New Order/Add Products/Commodity_txt"), "Caustic"): Keys 'Caustic' sent to object: 'Object Repository/TripFocus/Orders/Create New Order/Add Products/Commodity_txt'

22-10-2025T11:22:53 - [MESSAGE][PASSED] - Keys 'Caustic' sent to object: 'Object Repository/TripFocus/Orders/Create New Order/Add Products/Commodity_txt'

22-10-2025T11:22:53 - [TEST_STEP][PASSED] - delay(2): Delayed 2 second(s)

22-10-2025T11:22:55 - [MESSAGE][PASSED] - Delayed 2 second(s)

22-10-2025T11:22:55 - [TEST_STEP][PASSED] - sendKeys(findTestObject("TripFocus/Orders/Create New Order/Add Products/Commodity_txt"), Keys.chord(ENTER)): Keys 'ENTER + ' sent to object: 'Object Repository/TripFocus/Orders/Create New Order/Add Products/Commodity_txt'

22-10-2025T11:22:55 - [MESSAGE][PASSED] - Keys 'ENTER + ' sent to object: 'Object Repository/TripFocus/Orders/Create New Order/Add Products/Commodity_txt'

22-10-2025T11:22:55 - [TEST_STEP][PASSED] - delay(4): Delayed 4 second(s)

22-10-2025T11:22:59 - [MESSAGE][PASSED] - Delayed 4 second(s)

22-10-2025T11:22:59 - [TEST_STEP][PASSED] - setText(findTestObject("TripFocus/Orders/Create New Order/Add Products/Quantity_txt"), "4444"): Text '4444' is set on object 'Object Repository/TripFocus/Orders/Create New Order/Add Products/Quantity_txt'

22-10-2025T11:22:59 - [MESSAGE][PASSED] - Text '4444' is set on object 'Object Repository/TripFocus/Orders/Create New Order/Add Products/Quantity_txt'

22-10-2025T11:22:59 - [TEST_STEP][PASSED] - delay(2): Delayed 2 second(s)

22-10-2025T11:23:01 - [MESSAGE][PASSED] - Delayed 2 second(s)

22-10-2025T11:23:01 - [TEST_STEP][PASSED] - click(findTestObject("TripFocus/Orders/Create New Order/Add Products/Add_Product_btn (When Showing Advanced Options)")): Object: 'Object Repository/TripFocus/Orders/Create New Order/Add Products/Add_Product_btn (When Showing Advanced Options)' is clicked on

22-10-2025T11:23:01 - [MESSAGE][PASSED] - Object: 'Object Repository/TripFocus/Orders/Create New Order/Add Products/Add_Product_btn (When Showing Advanced Options)' is clicked on

22-10-2025T11:23:01 - [TEST_STEP][PASSED] - delay(2): Delayed 2 second(s)

22-10-2025T11:23:03 - [MESSAGE][PASSED] - Delayed 2 second(s)

22-10-2025T11:23:03 - [TEST_STEP][FAILED] - click(findTestObject("TripFocus/Orders/Create New Order/Add Products/Close_btn")): Unable to click on object 'Object Repository/TripFocus/Orders/Create New Order/Add Products/Close_btn' (Root cause: com.kms.katalon.core.exception.StepFailedException: Unable to click on object 'Object Repository/TripFocus/Orders/Create New Order/Add Products/Close_btn'
	at com.kms.katalon.core.webui.keyword.internal.WebUIKeywordMain.stepFailed(WebUIKeywordMain.groovy:117)
	at com.kms.katalon.core.webui.keyword.internal.WebUIKeywordMain.runKeyword(WebUIKeywordMain.groovy:43)
	at com.kms.katalon.core.webui.keyword.builtin.ClickKeyword.click(ClickKeyword.groovy:74)
	at com.kms.katalon.core.webui.keyword.builtin.ClickKeyword.execute(ClickKeyword.groovy:40)
	at com.kms.katalon.core.keyword.internal.KeywordExecutor.executeKeywordForPlatform(KeywordExecutor.groovy:74)
	at com.kms.katalon.core.webui.keyword.WebUiBuiltInKeywords.click(WebUiBuiltInKeywords.groovy:659)
	at com.kms.katalon.core.webui.keyword.WebUiBuiltInKeywords$click$1.call(Unknown Source)
	at SPG - Creating New Order.run(SPG - Creating New Order:112)
	at com.kms.katalon.core.main.ScriptEngine.run(ScriptEngine.java:194)
	at com.kms.katalon.core.main.ScriptEngine.runScriptAsRawText(ScriptEngine.java:119)
	at com.kms.katalon.core.main.TestCaseExecutor.runScript(TestCaseExecutor.java:448)
	at com.kms.katalon.core.main.TestCaseExecutor.doExecute(TestCaseExecutor.java:439)
	at com.kms.katalon.core.main.TestCaseExecutor.processExecutionPhase(TestCaseExecutor.java:418)
	at com.kms.katalon.core.main.TestCaseExecutor.accessMainPhase(TestCaseExecutor.java:410)
	at com.kms.katalon.core.main.TestCaseExecutor.execute(TestCaseExecutor.java:285)
	at com.kms.katalon.core.main.TestCaseMain.runTestCase(TestCaseMain.java:137)
	at com.kms.katalon.core.keyword.builtin.CallTestCaseKeyword$_callTestCase_closure1.doCall(CallTestCaseKeyword.groovy:59)
	at com.kms.katalon.core.keyword.builtin.CallTestCaseKeyword$_callTestCase_closure1.call(CallTestCaseKeyword.groovy)
	at com.kms.katalon.core.keyword.internal.KeywordMain.runKeyword(KeywordMain.groovy:75)
	at com.kms.katalon.core.keyword.builtin.CallTestCaseKeyword.callTestCase(CallTestCaseKeyword.groovy:81)
	at com.kms.katalon.core.keyword.builtin.CallTestCaseKeyword.execute(CallTestCaseKeyword.groovy:44)
	at com.kms.katalon.core.keyword.internal.KeywordExecutor.executeKeywordForPlatform(KeywordExecutor.groovy:74)
	at com.kms.katalon.core.keyword.BuiltinKeywords.callTestCase(BuiltinKeywords.groovy:310)
	at java.base/jdk.internal.reflect.NativeMethodAccessorImpl.invoke0(Native Method)
	at java.base/jdk.internal.reflect.NativeMethodAccessorImpl.invoke(NativeMethodAccessorImpl.java:77)
	at java.base/jdk.internal.reflect.DelegatingMethodAccessorImpl.invoke(DelegatingMethodAccessorImpl.java:43)
	at SPG - Verify Quick Search Box.run(SPG - Verify Quick Search Box:20)
	at com.kms.katalon.core.main.ScriptEngine.run(ScriptEngine.java:194)
	at com.kms.katalon.core.main.ScriptEngine.runScriptAsRawText(ScriptEngine.java:119)
	at com.kms.katalon.core.main.TestCaseExecutor.runScript(TestCaseExecutor.java:448)
	at com.kms.katalon.core.main.TestCaseExecutor.doExecute(TestCaseExecutor.java:439)
	at com.kms.katalon.core.main.TestCaseExecutor.processExecutionPhase(TestCaseExecutor.java:418)
	at com.kms.katalon.core.main.TestCaseExecutor.accessMainPhase(TestCaseExecutor.java:410)
	at com.kms.katalon.core.main.TestCaseExecutor.execute(TestCaseExecutor.java:285)
	at com.kms.katalon.core.common.CommonExecutor.accessTestCaseMainPhase(CommonExecutor.java:65)
	at com.kms.katalon.core.main.TestSuiteExecutor.accessTestSuiteMainPhase(TestSuiteExecutor.java:150)
	at com.kms.katalon.core.main.TestSuiteExecutor.execute(TestSuiteExecutor.java:106)
	at com.kms.katalon.core.main.TestCaseMain.startTestSuite(TestCaseMain.java:180)
	at com.kms.katalon.core.main.TestCaseMain$startTestSuite$0.call(Unknown Source)
	at TempTestSuite1761139096516.run(TempTestSuite1761139096516.groovy:35)
	at java.base/jdk.internal.reflect.NativeMethodAccessorImpl.invoke0(Native Method)
	at java.base/jdk.internal.reflect.NativeMethodAccessorImpl.invoke(NativeMethodAccessorImpl.java:77)
	at java.base/jdk.internal.reflect.DelegatingMethodAccessorImpl.invoke(DelegatingMethodAccessorImpl.java:43)
Caused by: org.openqa.selenium.ElementClickInterceptedException: element click intercepted: Element <button data-v-6cd27a7b="" id="btnCloseWindow" type="button" class="btn btn-outline-danger mr-2">...</button> is not clickable at point (816, 611). Other element would receive the click: <div class="popover-body">...</div>
  (Session info: chrome=141.0.7390.122)
Build info: version: '3.141.59', revision: 'unknown', time: 'unknown'
System info: host: 'DC1ADOBLD01', ip: '10.2.20.71', os.name: 'Windows Server 2019', os.arch: 'amd64', os.version: '10.0', java.version: '17.0.7'
Driver info: com.kms.katalon.selenium.driver.CChromeDriver
Capabilities {acceptInsecureCerts: false, browserName: chrome, browserVersion: 141.0.7390.122, chrome: {chromedriverVersion: 141.0.7390.122 (b477534e7e1..., userDataDir: C:\Windows\SystemTemp\scope...}, fedcm:accounts: true, goog:chromeOptions: {debuggerAddress: localhost:60041}, javascriptEnabled: true, networkConnectionEnabled: false, pageLoadStrategy: normal, platform: WINDOWS, platformName: WINDOWS, proxy: Proxy(), setWindowRect: true, strictFileInteractability: false, timeouts: {implicit: 0, pageLoad: 300000, script: 30000}, unhandledPromptBehavior: dismiss and notify, webauthn:extension:credBlob: true, webauthn:extension:largeBlob: true, webauthn:extension:minPinLength: true, webauthn:extension:prf: true, webauthn:virtualAuthenticators: true}
Session ID: 619ccd1102a79a3558b89e465feb9286
	at jdk.internal.reflect.GeneratedConstructorAccessor69.newInstance(Unknown Source)
	at java.base/jdk.internal.reflect.DelegatingConstructorAccessorImpl.newInstance(DelegatingConstructorAccessorImpl.java:45)
	at org.openqa.selenium.remote.http.W3CHttpResponseCodec.createException(W3CHttpResponseCodec.java:187)
	at org.openqa.selenium.remote.http.W3CHttpResponseCodec.decode(W3CHttpResponseCodec.java:122)
	at org.openqa.selenium.remote.http.W3CHttpResponseCodec.decode(W3CHttpResponseCodec.java:49)
	at org.openqa.selenium.remote.HttpCommandExecutor.execute(HttpCommandExecutor.java:158)
	at org.openqa.selenium.remote.service.DriverCommandExecutor.execute(DriverCommandExecutor.java:83)
	at org.openqa.selenium.remote.RemoteWebDriver.execute(RemoteWebDriver.java:552)
	at com.kms.katalon.selenium.driver.CChromeDriver.execute(CChromeDriver.java:19)
	at org.openqa.selenium.remote.RemoteWebElement.execute(RemoteWebElement.java:285)
	at org.openqa.selenium.remote.RemoteWebElement.click(RemoteWebElement.java:84)
	at jdk.internal.reflect.GeneratedMethodAccessor18.invoke(Unknown Source)
	at java.base/jdk.internal.reflect.DelegatingMethodAccessorImpl.invoke(DelegatingMethodAccessorImpl.java:43)
	at org.openqa.selenium.support.events.EventFiringWebDriver$EventFiringWebElement.lambda$new$0(EventFiringWebDriver.java:404)
	at jdk.proxy2/jdk.proxy2.$Proxy27.click(Unknown Source)
	at org.openqa.selenium.support.events.EventFiringWebDriver$EventFiringWebElement.click(EventFiringWebDriver.java:417)
	at org.openqa.selenium.WebElement$click.call(Unknown Source)
	at com.kms.katalon.core.webui.keyword.builtin.ClickKeyword.clickUntilSuccessWithTimeout(ClickKeyword.groovy:81)
	at com.kms.katalon.core.webui.keyword.builtin.ClickKeyword.clickUntilSuccessWithTimeout(ClickKeyword.groovy)
	at jdk.internal.reflect.GeneratedMethodAccessor16.invoke(Unknown Source)
	at java.base/jdk.internal.reflect.DelegatingMethodAccessorImpl.invoke(DelegatingMethodAccessorImpl.java:43)
	at com.kms.katalon.core.webui.keyword.builtin.ClickKeyword$_click_closure1.doCall(ClickKeyword.groovy:67)
	at com.kms.katalon.core.webui.keyword.builtin.ClickKeyword$_click_closure1.call(ClickKeyword.groovy)
	at com.kms.katalon.core.webui.keyword.internal.WebUIKeywordMain.runKeyword(WebUIKeywordMain.groovy:35)
	at com.kms.katalon.core.webui.keyword.builtin.ClickKeyword.click(ClickKeyword.groovy:74)
	at com.kms.katalon.core.webui.keyword.builtin.ClickKeyword.execute(ClickKeyword.groovy:40)
	at com.kms.katalon.core.keyword.internal.KeywordExecutor.executeKeywordForPlatform(KeywordExecutor.groovy:74)
	at com.kms.katalon.core.webui.keyword.WebUiBuiltInKeywords.click(WebUiBuiltInKeywords.groovy:659)
	at com.kms.katalon.core.webui.keyword.WebUiBuiltInKeywords$click$1.call(Unknown Source)
	at Script1745009543216.run(Script1745009543216.groovy:112)
	at com.kms.katalon.core.main.ScriptEngine.run(ScriptEngine.java:194)
	at com.kms.katalon.core.main.ScriptEngine.runScriptAsRawText(ScriptEngine.java:119)
	at com.kms.katalon.core.main.TestCaseExecutor.runScript(TestCaseExecutor.java:448)
	at com.kms.katalon.core.main.TestCaseExecutor.doExecute(TestCaseExecutor.java:439)
	at com.kms.katalon.core.main.TestCaseExecutor.processExecutionPhase(TestCaseExecutor.java:418)
	at com.kms.katalon.core.main.TestCaseExecutor.accessMainPhase(TestCaseExecutor.java:410)
	at com.kms.katalon.core.main.TestCaseExecutor.execute(TestCaseExecutor.java:285)
	at com.kms.katalon.core.main.TestCaseMain.runTestCase(TestCaseMain.java:137)
	at com.kms.katalon.core.keyword.builtin.CallTestCaseKeyword$_callTestCase_closure1.doCall(CallTestCaseKeyword.groovy:59)
	at com.kms.katalon.core.keyword.builtin.CallTestCaseKeyword$_callTestCase_closure1.call(CallTestCaseKeyword.groovy)
	at com.kms.katalon.core.keyword.internal.KeywordMain.runKeyword(KeywordMain.groovy:75)
	at com.kms.katalon.core.keyword.builtin.CallTestCaseKeyword.callTestCase(CallTestCaseKeyword.groovy:81)
	at com.kms.katalon.core.keyword.builtin.CallTestCaseKeyword.execute(CallTestCaseKeyword.groovy:44)
	at com.kms.katalon.core.keyword.internal.KeywordExecutor.executeKeywordForPlatform(KeywordExecutor.groovy:74)
	at com.kms.katalon.core.keyword.BuiltinKeywords.callTestCase(BuiltinKeywords.groovy:310)
	at java.base/jdk.internal.reflect.NativeMethodAccessorImpl.invoke0(Native Method)
	at java.base/jdk.internal.reflect.NativeMethodAccessorImpl.invoke(NativeMethodAccessorImpl.java:77)
	at java.base/jdk.internal.reflect.DelegatingMethodAccessorImpl.invoke(DelegatingMethodAccessorImpl.java:43)
	at Script1745011010540.run(Script1745011010540.groovy:20)
	... 16 more
)

22-10-2025T11:23:21 - [MESSAGE][FAILED] - Unable to click on object 'Object Repository/TripFocus/Orders/Create New Order/Add Products/Close_btn' (Root cause: com.kms.katalon.core.exception.StepFailedException: Unable to click on object 'Object Repository/TripFocus/Orders/Create New Order/Add Products/Close_btn'
	at com.kms.katalon.core.webui.keyword.internal.WebUIKeywordMain.stepFailed(WebUIKeywordMain.groovy:117)
	at com.kms.katalon.core.webui.keyword.internal.WebUIKeywordMain.runKeyword(WebUIKeywordMain.groovy:43)
	at com.kms.katalon.core.webui.keyword.builtin.ClickKeyword.click(ClickKeyword.groovy:74)
	at com.kms.katalon.core.webui.keyword.builtin.ClickKeyword.execute(ClickKeyword.groovy:40)
	at com.kms.katalon.core.keyword.internal.KeywordExecutor.executeKeywordForPlatform(KeywordExecutor.groovy:74)
	at com.kms.katalon.core.webui.keyword.WebUiBuiltInKeywords.click(WebUiBuiltInKeywords.groovy:659)
	at com.kms.katalon.core.webui.keyword.WebUiBuiltInKeywords$click$1.call(Unknown Source)
	at SPG - Creating New Order.run(SPG - Creating New Order:112)
	at com.kms.katalon.core.main.ScriptEngine.run(ScriptEngine.java:194)
	at com.kms.katalon.core.main.ScriptEngine.runScriptAsRawText(ScriptEngine.java:119)
	at com.kms.katalon.core.main.TestCaseExecutor.runScript(TestCaseExecutor.java:448)
	at com.kms.katalon.core.main.TestCaseExecutor.doExecute(TestCaseExecutor.java:439)
	at com.kms.katalon.core.main.TestCaseExecutor.processExecutionPhase(TestCaseExecutor.java:418)
	at com.kms.katalon.core.main.TestCaseExecutor.accessMainPhase(TestCaseExecutor.java:410)
	at com.kms.katalon.core.main.TestCaseExecutor.execute(TestCaseExecutor.java:285)
	at com.kms.katalon.core.main.TestCaseMain.runTestCase(TestCaseMain.java:137)
	at com.kms.katalon.core.keyword.builtin.CallTestCaseKeyword$_callTestCase_closure1.doCall(CallTestCaseKeyword.groovy:59)
	at com.kms.katalon.core.keyword.builtin.CallTestCaseKeyword$_callTestCase_closure1.call(CallTestCaseKeyword.groovy)
	at com.kms.katalon.core.keyword.internal.KeywordMain.runKeyword(KeywordMain.groovy:75)
	at com.kms.katalon.core.keyword.builtin.CallTestCaseKeyword.callTestCase(CallTestCaseKeyword.groovy:81)
	at com.kms.katalon.core.keyword.builtin.CallTestCaseKeyword.execute(CallTestCaseKeyword.groovy:44)
	at com.kms.katalon.core.keyword.internal.KeywordExecutor.executeKeywordForPlatform(KeywordExecutor.groovy:74)
	at com.kms.katalon.core.keyword.BuiltinKeywords.callTestCase(BuiltinKeywords.groovy:310)
	at java.base/jdk.internal.reflect.NativeMethodAccessorImpl.invoke0(Native Method)
	at java.base/jdk.internal.reflect.NativeMethodAccessorImpl.invoke(NativeMethodAccessorImpl.java:77)
	at java.base/jdk.internal.reflect.DelegatingMethodAccessorImpl.invoke(DelegatingMethodAccessorImpl.java:43)
	at SPG - Verify Quick Search Box.run(SPG - Verify Quick Search Box:20)
	at com.kms.katalon.core.main.ScriptEngine.run(ScriptEngine.java:194)
	at com.kms.katalon.core.main.ScriptEngine.runScriptAsRawText(ScriptEngine.java:119)
	at com.kms.katalon.core.main.TestCaseExecutor.runScript(TestCaseExecutor.java:448)
	at com.kms.katalon.core.main.TestCaseExecutor.doExecute(TestCaseExecutor.java:439)
	at com.kms.katalon.core.main.TestCaseExecutor.processExecutionPhase(TestCaseExecutor.java:418)
	at com.kms.katalon.core.main.TestCaseExecutor.accessMainPhase(TestCaseExecutor.java:410)
	at com.kms.katalon.core.main.TestCaseExecutor.execute(TestCaseExecutor.java:285)
	at com.kms.katalon.core.common.CommonExecutor.accessTestCaseMainPhase(CommonExecutor.java:65)
	at com.kms.katalon.core.main.TestSuiteExecutor.accessTestSuiteMainPhase(TestSuiteExecutor.java:150)
	at com.kms.katalon.core.main.TestSuiteExecutor.execute(TestSuiteExecutor.java:106)
	at com.kms.katalon.core.main.TestCaseMain.startTestSuite(TestCaseMain.java:180)
	at com.kms.katalon.core.main.TestCaseMain$startTestSuite$0.call(Unknown Source)
	at TempTestSuite1761139096516.run(TempTestSuite1761139096516.groovy:35)
	at java.base/jdk.internal.reflect.NativeMethodAccessorImpl.invoke0(Native Method)
	at java.base/jdk.internal.reflect.NativeMethodAccessorImpl.invoke(NativeMethodAccessorImpl.java:77)
	at java.base/jdk.internal.reflect.DelegatingMethodAccessorImpl.invoke(DelegatingMethodAccessorImpl.java:43)
Caused by: org.openqa.selenium.ElementClickInterceptedException: element click intercepted: Element <button data-v-6cd27a7b="" id="btnCloseWindow" type="button" class="btn btn-outline-danger mr-2">...</button> is not clickable at point (816, 611). Other element would receive the click: <div class="popover-body">...</div>
  (Session info: chrome=141.0.7390.122)
Build info: version: '3.141.59', revision: 'unknown', time: 'unknown'
System info: host: 'DC1ADOBLD01', ip: '10.2.20.71', os.name: 'Windows Server 2019', os.arch: 'amd64', os.version: '10.0', java.version: '17.0.7'
Driver info: com.kms.katalon.selenium.driver.CChromeDriver
Capabilities {acceptInsecureCerts: false, browserName: chrome, browserVersion: 141.0.7390.122, chrome: {chromedriverVersion: 141.0.7390.122 (b477534e7e1..., userDataDir: C:\Windows\SystemTemp\scope...}, fedcm:accounts: true, goog:chromeOptions: {debuggerAddress: localhost:60041}, javascriptEnabled: true, networkConnectionEnabled: false, pageLoadStrategy: normal, platform: WINDOWS, platformName: WINDOWS, proxy: Proxy(), setWindowRect: true, strictFileInteractability: false, timeouts: {implicit: 0, pageLoad: 300000, script: 30000}, unhandledPromptBehavior: dismiss and notify, webauthn:extension:credBlob: true, webauthn:extension:largeBlob: true, webauthn:extension:minPinLength: true, webauthn:extension:prf: true, webauthn:virtualAuthenticators: true}
Session ID: 619ccd1102a79a3558b89e465feb9286
	at jdk.internal.reflect.GeneratedConstructorAccessor69.newInstance(Unknown Source)
	at java.base/jdk.internal.reflect.DelegatingConstructorAccessorImpl.newInstance(DelegatingConstructorAccessorImpl.java:45)
	at org.openqa.selenium.remote.http.W3CHttpResponseCodec.createException(W3CHttpResponseCodec.java:187)
	at org.openqa.selenium.remote.http.W3CHttpResponseCodec.decode(W3CHttpResponseCodec.java:122)
	at org.openqa.selenium.remote.http.W3CHttpResponseCodec.decode(W3CHttpResponseCodec.java:49)
	at org.openqa.selenium.remote.HttpCommandExecutor.execute(HttpCommandExecutor.java:158)
	at org.openqa.selenium.remote.service.DriverCommandExecutor.execute(DriverCommandExecutor.java:83)
	at org.openqa.selenium.remote.RemoteWebDriver.execute(RemoteWebDriver.java:552)
	at com.kms.katalon.selenium.driver.CChromeDriver.execute(CChromeDriver.java:19)
	at org.openqa.selenium.remote.RemoteWebElement.execute(RemoteWebElement.java:285)
	at org.openqa.selenium.remote.RemoteWebElement.click(RemoteWebElement.java:84)
	at jdk.internal.reflect.GeneratedMethodAccessor18.invoke(Unknown Source)
	at java.base/jdk.internal.reflect.DelegatingMethodAccessorImpl.invoke(DelegatingMethodAccessorImpl.java:43)
	at org.openqa.selenium.support.events.EventFiringWebDriver$EventFiringWebElement.lambda$new$0(EventFiringWebDriver.java:404)
	at jdk.proxy2/jdk.proxy2.$Proxy27.click(Unknown Source)
	at org.openqa.selenium.support.events.EventFiringWebDriver$EventFiringWebElement.click(EventFiringWebDriver.java:417)
	at org.openqa.selenium.WebElement$click.call(Unknown Source)
	at com.kms.katalon.core.webui.keyword.builtin.ClickKeyword.clickUntilSuccessWithTimeout(ClickKeyword.groovy:81)
	at com.kms.katalon.core.webui.keyword.builtin.ClickKeyword.clickUntilSuccessWithTimeout(ClickKeyword.groovy)
	at jdk.internal.reflect.GeneratedMethodAccessor16.invoke(Unknown Source)
	at java.base/jdk.internal.reflect.DelegatingMethodAccessorImpl.invoke(DelegatingMethodAccessorImpl.java:43)
	at com.kms.katalon.core.webui.keyword.builtin.ClickKeyword$_click_closure1.doCall(ClickKeyword.groovy:67)
	at com.kms.katalon.core.webui.keyword.builtin.ClickKeyword$_click_closure1.call(ClickKeyword.groovy)
	at com.kms.katalon.core.webui.keyword.internal.WebUIKeywordMain.runKeyword(WebUIKeywordMain.groovy:35)
	at com.kms.katalon.core.webui.keyword.builtin.ClickKeyword.click(ClickKeyword.groovy:74)
	at com.kms.katalon.core.webui.keyword.builtin.ClickKeyword.execute(ClickKeyword.groovy:40)
	at com.kms.katalon.core.keyword.internal.KeywordExecutor.executeKeywordForPlatform(KeywordExecutor.groovy:74)
	at com.kms.katalon.core.webui.keyword.WebUiBuiltInKeywords.click(WebUiBuiltInKeywords.groovy:659)
	at com.kms.katalon.core.webui.keyword.WebUiBuiltInKeywords$click$1.call(Unknown Source)
	at Script1745009543216.run(Script1745009543216.groovy:112)
	at com.kms.katalon.core.main.ScriptEngine.run(ScriptEngine.java:194)
	at com.kms.katalon.core.main.ScriptEngine.runScriptAsRawText(ScriptEngine.java:119)
	at com.kms.katalon.core.main.TestCaseExecutor.runScript(TestCaseExecutor.java:448)
	at com.kms.katalon.core.main.TestCaseExecutor.doExecute(TestCaseExecutor.java:439)
	at com.kms.katalon.core.main.TestCaseExecutor.processExecutionPhase(TestCaseExecutor.java:418)
	at com.kms.katalon.core.main.TestCaseExecutor.accessMainPhase(TestCaseExecutor.java:410)
	at com.kms.katalon.core.main.TestCaseExecutor.execute(TestCaseExecutor.java:285)
	at com.kms.katalon.core.main.TestCaseMain.runTestCase(TestCaseMain.java:137)
	at com.kms.katalon.core.keyword.builtin.CallTestCaseKeyword$_callTestCase_closure1.doCall(CallTestCaseKeyword.groovy:59)
	at com.kms.katalon.core.keyword.builtin.CallTestCaseKeyword$_callTestCase_closure1.call(CallTestCaseKeyword.groovy)
	at com.kms.katalon.core.keyword.internal.KeywordMain.runKeyword(KeywordMain.groovy:75)
	at com.kms.katalon.core.keyword.builtin.CallTestCaseKeyword.callTestCase(CallTestCaseKeyword.groovy:81)
	at com.kms.katalon.core.keyword.builtin.CallTestCaseKeyword.execute(CallTestCaseKeyword.groovy:44)
	at com.kms.katalon.core.keyword.internal.KeywordExecutor.executeKeywordForPlatform(KeywordExecutor.groovy:74)
	at com.kms.katalon.core.keyword.BuiltinKeywords.callTestCase(BuiltinKeywords.groovy:310)
	at java.base/jdk.internal.reflect.NativeMethodAccessorImpl.invoke0(Native Method)
	at java.base/jdk.internal.reflect.NativeMethodAccessorImpl.invoke(NativeMethodAccessorImpl.java:77)
	at java.base/jdk.internal.reflect.DelegatingMethodAccessorImpl.invoke(DelegatingMethodAccessorImpl.java:43)
	at Script1745011010540.run(Script1745011010540.groovy:20)
	... 16 more
)

22-10-2025T11:23:21 - [MESSAGE][FAILED] - Unable to call Test Case 'Test Cases/TripFocus/SPG/SPG - Orders/SPG - Creating New Order' (Root cause: com.kms.katalon.core.exception.StepFailedException: Call Test Case 'Test Cases/TripFocus/SPG/SPG - Orders/SPG - Creating New Order' failed
	at com.kms.katalon.core.keyword.builtin.CallTestCaseKeyword$_callTestCase_closure1.doCall(CallTestCaseKeyword.groovy:63)
	at com.kms.katalon.core.keyword.builtin.CallTestCaseKeyword$_callTestCase_closure1.call(CallTestCaseKeyword.groovy)
	at com.kms.katalon.core.keyword.internal.KeywordMain.runKeyword(KeywordMain.groovy:75)
	at com.kms.katalon.core.keyword.builtin.CallTestCaseKeyword.callTestCase(CallTestCaseKeyword.groovy:81)
	at com.kms.katalon.core.keyword.builtin.CallTestCaseKeyword.execute(CallTestCaseKeyword.groovy:44)
	at com.kms.katalon.core.keyword.internal.KeywordExecutor.executeKeywordForPlatform(KeywordExecutor.groovy:74)
	at com.kms.katalon.core.keyword.BuiltinKeywords.callTestCase(BuiltinKeywords.groovy:310)
	at java.base/jdk.internal.reflect.NativeMethodAccessorImpl.invoke0(Native Method)
	at java.base/jdk.internal.reflect.NativeMethodAccessorImpl.invoke(NativeMethodAccessorImpl.java:77)
	at java.base/jdk.internal.reflect.DelegatingMethodAccessorImpl.invoke(DelegatingMethodAccessorImpl.java:43)
	at SPG - Verify Quick Search Box.run(SPG - Verify Quick Search Box:20)
	at com.kms.katalon.core.main.ScriptEngine.run(ScriptEngine.java:194)
	at com.kms.katalon.core.main.ScriptEngine.runScriptAsRawText(ScriptEngine.java:119)
	at com.kms.katalon.core.main.TestCaseExecutor.runScript(TestCaseExecutor.java:448)
	at com.kms.katalon.core.main.TestCaseExecutor.doExecute(TestCaseExecutor.java:439)
	at com.kms.katalon.core.main.TestCaseExecutor.processExecutionPhase(TestCaseExecutor.java:418)
	at com.kms.katalon.core.main.TestCaseExecutor.accessMainPhase(TestCaseExecutor.java:410)
	at com.kms.katalon.core.main.TestCaseExecutor.execute(TestCaseExecutor.java:285)
	at com.kms.katalon.core.common.CommonExecutor.accessTestCaseMainPhase(CommonExecutor.java:65)
	at com.kms.katalon.core.main.TestSuiteExecutor.accessTestSuiteMainPhase(TestSuiteExecutor.java:150)
	at com.kms.katalon.core.main.TestSuiteExecutor.execute(TestSuiteExecutor.java:106)
	at com.kms.katalon.core.main.TestCaseMain.startTestSuite(TestCaseMain.java:180)
	at com.kms.katalon.core.main.TestCaseMain$startTestSuite$0.call(Unknown Source)
	at TempTestSuite1761139096516.run(TempTestSuite1761139096516.groovy:35)
	at java.base/jdk.internal.reflect.NativeMethodAccessorImpl.invoke0(Native Method)
	at java.base/jdk.internal.reflect.NativeMethodAccessorImpl.invoke(NativeMethodAccessorImpl.java:77)
	at java.base/jdk.internal.reflect.DelegatingMethodAccessorImpl.invoke(DelegatingMethodAccessorImpl.java:43)
Caused by: com.kms.katalon.core.exception.StepFailedException: Unable to click on object 'Object Repository/TripFocus/Orders/Create New Order/Add Products/Close_btn'
	at com.kms.katalon.core.webui.keyword.internal.WebUIKeywordMain.stepFailed(WebUIKeywordMain.groovy:117)
	at com.kms.katalon.core.webui.keyword.internal.WebUIKeywordMain.runKeyword(WebUIKeywordMain.groovy:43)
	at com.kms.katalon.core.webui.keyword.builtin.ClickKeyword.click(ClickKeyword.groovy:74)
	at com.kms.katalon.core.webui.keyword.builtin.ClickKeyword.execute(ClickKeyword.groovy:40)
	at com.kms.katalon.core.keyword.internal.KeywordExecutor.executeKeywordForPlatform(KeywordExecutor.groovy:74)
	at com.kms.katalon.core.webui.keyword.WebUiBuiltInKeywords.click(WebUiBuiltInKeywords.groovy:659)
	at com.kms.katalon.core.webui.keyword.WebUiBuiltInKeywords$click$1.call(Unknown Source)
	at SPG - Creating New Order.run(SPG - Creating New Order:112)
	at com.kms.katalon.core.main.ScriptEngine.run(ScriptEngine.java:194)
	at com.kms.katalon.core.main.ScriptEngine.runScriptAsRawText(ScriptEngine.java:119)
	at com.kms.katalon.core.main.TestCaseExecutor.runScript(TestCaseExecutor.java:448)
	at com.kms.katalon.core.main.TestCaseExecutor.doExecute(TestCaseExecutor.java:439)
	at com.kms.katalon.core.main.TestCaseExecutor.processExecutionPhase(TestCaseExecutor.java:418)
	at com.kms.katalon.core.main.TestCaseExecutor.accessMainPhase(TestCaseExecutor.java:410)
	at com.kms.katalon.core.main.TestCaseExecutor.execute(TestCaseExecutor.java:285)
	at com.kms.katalon.core.main.TestCaseMain.runTestCase(TestCaseMain.java:137)
	at com.kms.katalon.core.keyword.builtin.CallTestCaseKeyword$_callTestCase_closure1.doCall(CallTestCaseKeyword.groovy:59)
	... 26 more
Caused by: org.openqa.selenium.ElementClickInterceptedException: element click intercepted: Element <button data-v-6cd27a7b="" id="btnCloseWindow" type="button" class="btn btn-outline-danger mr-2">...</button> is not clickable at point (816, 611). Other element would receive the click: <div class="popover-body">...</div>
  (Session info: chrome=141.0.7390.122)
Build info: version: '3.141.59', revision: 'unknown', time: 'unknown'
System info: host: 'DC1ADOBLD01', ip: '10.2.20.71', os.name: 'Windows Server 2019', os.arch: 'amd64', os.version: '10.0', java.version: '17.0.7'
Driver info: com.kms.katalon.selenium.driver.CChromeDriver
Capabilities {acceptInsecureCerts: false, browserName: chrome, browserVersion: 141.0.7390.122, chrome: {chromedriverVersion: 141.0.7390.122 (b477534e7e1..., userDataDir: C:\Windows\SystemTemp\scope...}, fedcm:accounts: true, goog:chromeOptions: {debuggerAddress: localhost:60041}, javascriptEnabled: true, networkConnectionEnabled: false, pageLoadStrategy: normal, platform: WINDOWS, platformName: WINDOWS, proxy: Proxy(), setWindowRect: true, strictFileInteractability: false, timeouts: {implicit: 0, pageLoad: 300000, script: 30000}, unhandledPromptBehavior: dismiss and notify, webauthn:extension:credBlob: true, webauthn:extension:largeBlob: true, webauthn:extension:minPinLength: true, webauthn:extension:prf: true, webauthn:virtualAuthenticators: true}
Session ID: 619ccd1102a79a3558b89e465feb9286
	at jdk.internal.reflect.GeneratedConstructorAccessor69.newInstance(Unknown Source)
	at java.base/jdk.internal.reflect.DelegatingConstructorAccessorImpl.newInstance(DelegatingConstructorAccessorImpl.java:45)
	at org.openqa.selenium.remote.http.W3CHttpResponseCodec.createException(W3CHttpResponseCodec.java:187)
	at org.openqa.selenium.remote.http.W3CHttpResponseCodec.decode(W3CHttpResponseCodec.java:122)
	at org.openqa.selenium.remote.http.W3CHttpResponseCodec.decode(W3CHttpResponseCodec.java:49)
	at org.openqa.selenium.remote.HttpCommandExecutor.execute(HttpCommandExecutor.java:158)
	at org.openqa.selenium.remote.service.DriverCommandExecutor.execute(DriverCommandExecutor.java:83)
	at org.openqa.selenium.remote.RemoteWebDriver.execute(RemoteWebDriver.java:552)
	at com.kms.katalon.selenium.driver.CChromeDriver.execute(CChromeDriver.java:19)
	at org.openqa.selenium.remote.RemoteWebElement.execute(RemoteWebElement.java:285)
	at org.openqa.selenium.remote.RemoteWebElement.click(RemoteWebElement.java:84)
	at jdk.internal.reflect.GeneratedMethodAccessor18.invoke(Unknown Source)
	at java.base/jdk.internal.reflect.DelegatingMethodAccessorImpl.invoke(DelegatingMethodAccessorImpl.java:43)
	at org.openqa.selenium.support.events.EventFiringWebDriver$EventFiringWebElement.lambda$new$0(EventFiringWebDriver.java:404)
	at jdk.proxy2/jdk.proxy2.$Proxy27.click(Unknown Source)
	at org.openqa.selenium.support.events.EventFiringWebDriver$EventFiringWebElement.click(EventFiringWebDriver.java:417)
	at org.openqa.selenium.WebElement$click.call(Unknown Source)
	at com.kms.katalon.core.webui.keyword.builtin.ClickKeyword.clickUntilSuccessWithTimeout(ClickKeyword.groovy:81)
	at com.kms.katalon.core.webui.keyword.builtin.ClickKeyword.clickUntilSuccessWithTimeout(ClickKeyword.groovy)
	at jdk.internal.reflect.GeneratedMethodAccessor16.invoke(Unknown Source)
	at java.base/jdk.internal.reflect.DelegatingMethodAccessorImpl.invoke(DelegatingMethodAccessorImpl.java:43)
	at com.kms.katalon.core.webui.keyword.builtin.ClickKeyword$_click_closure1.doCall(ClickKeyword.groovy:67)
	at com.kms.katalon.core.webui.keyword.builtin.ClickKeyword$_click_closure1.call(ClickKeyword.groovy)
	at com.kms.katalon.core.webui.keyword.internal.WebUIKeywordMain.runKeyword(WebUIKeywordMain.groovy:35)
	... 41 more
)

22-10-2025T11:23:21 - [TEST_STEP][PASSED] - Start listener action : retryOnDisconnect: Current window's url is: 'https://www.qa.tripfocus.com/new-order-tender'

22-10-2025T11:23:21 - [TEST_STEP][PASSED] - tcId = testCaseContext.getTestCaseId(): null

22-10-2025T11:23:21 - [TEST_STEP][PASSED] - currentRetry = retryCounts.getOrDefault(tcId, 0): null

22-10-2025T11:23:21 - [TEST_STEP][PASSED] - if (testCaseContext.getTestCaseStatus() == "FAILED" && currentRetry < MAX_RETRIES): Current window's url is: 'https://www.qa.tripfocus.com/new-order-tender'

22-10-2025T11:23:21 - [TEST_STEP][PASSED] - try: Current window's url is: 'https://www.qa.tripfocus.com/new-order-tender'

22-10-2025T11:23:21 - [TEST_STEP][PASSED] - comment(Checking for WebDriver disconnect for test case: $tcId): Checking for WebDriver disconnect for test case: Test Cases/TripFocus/SPG/SPG - Orders/SPG - Verify Quick Search Box

22-10-2025T11:23:21 - [MESSAGE][INFO] - Checking for WebDriver disconnect for test case: Test Cases/TripFocus/SPG/SPG - Orders/SPG - Verify Quick Search Box

22-10-2025T11:23:21 - [TEST_STEP][PASSED] - getUrl(): Current window's url is: 'https://www.qa.tripfocus.com/new-order-tender'

22-10-2025T11:23:21 - [MESSAGE][PASSED] - Current window's url is: 'https://www.qa.tripfocus.com/new-order-tender']]></system-out>
         <system-err><![CDATA[22-10-2025T11:20:42 - [TEST_CASE][FAILED] - Test Cases/TripFocus/SPG/SPG - Orders/SPG - Verify Quick Search Box: Test Cases/TripFocus/SPG/SPG - Orders/SPG - Verify Quick Search Box FAILED.
Reason:
com.kms.katalon.core.exception.StepFailedException: Call Test Case 'Test Cases/TripFocus/SPG/SPG - Orders/SPG - Creating New Order' failed
	at com.kms.katalon.core.keyword.builtin.CallTestCaseKeyword$_callTestCase_closure1.doCall(CallTestCaseKeyword.groovy:63)
	at com.kms.katalon.core.keyword.builtin.CallTestCaseKeyword$_callTestCase_closure1.call(CallTestCaseKeyword.groovy)
	at com.kms.katalon.core.keyword.internal.KeywordMain.runKeyword(KeywordMain.groovy:75)
	at com.kms.katalon.core.keyword.builtin.CallTestCaseKeyword.callTestCase(CallTestCaseKeyword.groovy:81)
	at com.kms.katalon.core.keyword.builtin.CallTestCaseKeyword.execute(CallTestCaseKeyword.groovy:44)
	at com.kms.katalon.core.keyword.internal.KeywordExecutor.executeKeywordForPlatform(KeywordExecutor.groovy:74)
	at com.kms.katalon.core.keyword.BuiltinKeywords.callTestCase(BuiltinKeywords.groovy:310)
	at java.base/jdk.internal.reflect.NativeMethodAccessorImpl.invoke0(Native Method)
	at java.base/jdk.internal.reflect.NativeMethodAccessorImpl.invoke(NativeMethodAccessorImpl.java:77)
	at java.base/jdk.internal.reflect.DelegatingMethodAccessorImpl.invoke(DelegatingMethodAccessorImpl.java:43)
	at SPG - Verify Quick Search Box.run(SPG - Verify Quick Search Box:20)
	at com.kms.katalon.core.main.ScriptEngine.run(ScriptEngine.java:194)
	at com.kms.katalon.core.main.ScriptEngine.runScriptAsRawText(ScriptEngine.java:119)
	at com.kms.katalon.core.main.TestCaseExecutor.runScript(TestCaseExecutor.java:448)
	at com.kms.katalon.core.main.TestCaseExecutor.doExecute(TestCaseExecutor.java:439)
	at com.kms.katalon.core.main.TestCaseExecutor.processExecutionPhase(TestCaseExecutor.java:418)
	at com.kms.katalon.core.main.TestCaseExecutor.accessMainPhase(TestCaseExecutor.java:410)
	at com.kms.katalon.core.main.TestCaseExecutor.execute(TestCaseExecutor.java:285)
	at com.kms.katalon.core.common.CommonExecutor.accessTestCaseMainPhase(CommonExecutor.java:65)
	at com.kms.katalon.core.main.TestSuiteExecutor.accessTestSuiteMainPhase(TestSuiteExecutor.java:150)
	at com.kms.katalon.core.main.TestSuiteExecutor.execute(TestSuiteExecutor.java:106)
	at com.kms.katalon.core.main.TestCaseMain.startTestSuite(TestCaseMain.java:180)
	at com.kms.katalon.core.main.TestCaseMain$startTestSuite$0.call(Unknown Source)
	at TempTestSuite1761139096516.run(TempTestSuite1761139096516.groovy:35)
	at java.base/jdk.internal.reflect.NativeMethodAccessorImpl.invoke0(Native Method)
	at java.base/jdk.internal.reflect.NativeMethodAccessorImpl.invoke(NativeMethodAccessorImpl.java:77)
	at java.base/jdk.internal.reflect.DelegatingMethodAccessorImpl.invoke(DelegatingMethodAccessorImpl.java:43)
Caused by: com.kms.katalon.core.exception.StepFailedException: Unable to click on object 'Object Repository/TripFocus/Orders/Create New Order/Add Products/Close_btn'
	at com.kms.katalon.core.webui.keyword.internal.WebUIKeywordMain.stepFailed(WebUIKeywordMain.groovy:117)
	at com.kms.katalon.core.webui.keyword.internal.WebUIKeywordMain.runKeyword(WebUIKeywordMain.groovy:43)
	at com.kms.katalon.core.webui.keyword.builtin.ClickKeyword.click(ClickKeyword.groovy:74)
	at com.kms.katalon.core.webui.keyword.builtin.ClickKeyword.execute(ClickKeyword.groovy:40)
	at com.kms.katalon.core.keyword.internal.KeywordExecutor.executeKeywordForPlatform(KeywordExecutor.groovy:74)
	at com.kms.katalon.core.webui.keyword.WebUiBuiltInKeywords.click(WebUiBuiltInKeywords.groovy:659)
	at com.kms.katalon.core.webui.keyword.WebUiBuiltInKeywords$click$1.call(Unknown Source)
	at SPG - Creating New Order.run(SPG - Creating New Order:112)
	at com.kms.katalon.core.main.ScriptEngine.run(ScriptEngine.java:194)
	at com.kms.katalon.core.main.ScriptEngine.runScriptAsRawText(ScriptEngine.java:119)
	at com.kms.katalon.core.main.TestCaseExecutor.runScript(TestCaseExecutor.java:448)
	at com.kms.katalon.core.main.TestCaseExecutor.doExecute(TestCaseExecutor.java:439)
	at com.kms.katalon.core.main.TestCaseExecutor.processExecutionPhase(TestCaseExecutor.java:418)
	at com.kms.katalon.core.main.TestCaseExecutor.accessMainPhase(TestCaseExecutor.java:410)
	at com.kms.katalon.core.main.TestCaseExecutor.execute(TestCaseExecutor.java:285)
	at com.kms.katalon.core.main.TestCaseMain.runTestCase(TestCaseMain.java:137)
	at com.kms.katalon.core.keyword.builtin.CallTestCaseKeyword$_callTestCase_closure1.doCall(CallTestCaseKeyword.groovy:59)
	... 26 more
Caused by: org.openqa.selenium.ElementClickInterceptedException: element click intercepted: Element <button data-v-6cd27a7b="" id="btnCloseWindow" type="button" class="btn btn-outline-danger mr-2">...</button> is not clickable at point (816, 611). Other element would receive the click: <div class="popover-body">...</div>
  (Session info: chrome=141.0.7390.122)
Build info: version: '3.141.59', revision: 'unknown', time: 'unknown'
System info: host: 'DC1ADOBLD01', ip: '10.2.20.71', os.name: 'Windows Server 2019', os.arch: 'amd64', os.version: '10.0', java.version: '17.0.7'
Driver info: com.kms.katalon.selenium.driver.CChromeDriver
Capabilities {acceptInsecureCerts: false, browserName: chrome, browserVersion: 141.0.7390.122, chrome: {chromedriverVersion: 141.0.7390.122 (b477534e7e1..., userDataDir: C:\Windows\SystemTemp\scope...}, fedcm:accounts: true, goog:chromeOptions: {debuggerAddress: localhost:60041}, javascriptEnabled: true, networkConnectionEnabled: false, pageLoadStrategy: normal, platform: WINDOWS, platformName: WINDOWS, proxy: Proxy(), setWindowRect: true, strictFileInteractability: false, timeouts: {implicit: 0, pageLoad: 300000, script: 30000}, unhandledPromptBehavior: dismiss and notify, webauthn:extension:credBlob: true, webauthn:extension:largeBlob: true, webauthn:extension:minPinLength: true, webauthn:extension:prf: true, webauthn:virtualAuthenticators: true}
Session ID: 619ccd1102a79a3558b89e465feb9286
	at jdk.internal.reflect.GeneratedConstructorAccessor69.newInstance(Unknown Source)
	at java.base/jdk.internal.reflect.DelegatingConstructorAccessorImpl.newInstance(DelegatingConstructorAccessorImpl.java:45)
	at org.openqa.selenium.remote.http.W3CHttpResponseCodec.createException(W3CHttpResponseCodec.java:187)
	at org.openqa.selenium.remote.http.W3CHttpResponseCodec.decode(W3CHttpResponseCodec.java:122)
	at org.openqa.selenium.remote.http.W3CHttpResponseCodec.decode(W3CHttpResponseCodec.java:49)
	at org.openqa.selenium.remote.HttpCommandExecutor.execute(HttpCommandExecutor.java:158)
	at org.openqa.selenium.remote.service.DriverCommandExecutor.execute(DriverCommandExecutor.java:83)
	at org.openqa.selenium.remote.RemoteWebDriver.execute(RemoteWebDriver.java:552)
	at com.kms.katalon.selenium.driver.CChromeDriver.execute(CChromeDriver.java:19)
	at org.openqa.selenium.remote.RemoteWebElement.execute(RemoteWebElement.java:285)
	at org.openqa.selenium.remote.RemoteWebElement.click(RemoteWebElement.java:84)
	at jdk.internal.reflect.GeneratedMethodAccessor18.invoke(Unknown Source)
	at java.base/jdk.internal.reflect.DelegatingMethodAccessorImpl.invoke(DelegatingMethodAccessorImpl.java:43)
	at org.openqa.selenium.support.events.EventFiringWebDriver$EventFiringWebElement.lambda$new$0(EventFiringWebDriver.java:404)
	at jdk.proxy2/jdk.proxy2.$Proxy27.click(Unknown Source)
	at org.openqa.selenium.support.events.EventFiringWebDriver$EventFiringWebElement.click(EventFiringWebDriver.java:417)
	at org.openqa.selenium.WebElement$click.call(Unknown Source)
	at com.kms.katalon.core.webui.keyword.builtin.ClickKeyword.clickUntilSuccessWithTimeout(ClickKeyword.groovy:81)
	at com.kms.katalon.core.webui.keyword.builtin.ClickKeyword.clickUntilSuccessWithTimeout(ClickKeyword.groovy)
	at jdk.internal.reflect.GeneratedMethodAccessor16.invoke(Unknown Source)
	at java.base/jdk.internal.reflect.DelegatingMethodAccessorImpl.invoke(DelegatingMethodAccessorImpl.java:43)
	at com.kms.katalon.core.webui.keyword.builtin.ClickKeyword$_click_closure1.doCall(ClickKeyword.groovy:67)
	at com.kms.katalon.core.webui.keyword.builtin.ClickKeyword$_click_closure1.call(ClickKeyword.groovy)
	at com.kms.katalon.core.webui.keyword.internal.WebUIKeywordMain.runKeyword(WebUIKeywordMain.groovy:35)
	... 41 more]]></system-err>
      </testcase>
      <system-out><![CDATA[22-10-2025T10:44:47 - [TEST_SUITE][FAILED] - SPG - TripFocus - Orders: Test Cases/TripFocus/SPG/SPG - Orders/SPG - Advanced Filter - Bill To FAILED.
Reason:
com.kms.katalon.core.exception.StepFailedException: Unable to send keys 'A-1 Oil' to object 'Object Repository/TripFocus/Orders/Advanced Filters/Advanced Search Fields/BillTo_txt'
	at com.kms.katalon.core.webui.keyword.internal.WebUIKeywordMain.stepFailed(WebUIKeywordMain.groovy:117)
	at com.kms.katalon.core.webui.keyword.internal.WebUIKeywordMain.runKeyword(WebUIKeywordMain.groovy:43)
	at com.kms.katalon.core.webui.keyword.builtin.SendKeysKeyword.sendKeys(SendKeysKeyword.groovy:60)
	at com.kms.katalon.core.webui.keyword.builtin.SendKeysKeyword.execute(SendKeysKeyword.groovy:38)
	at com.kms.katalon.core.keyword.internal.KeywordExecutor.executeKeywordForPlatform(KeywordExecutor.groovy:74)
	at com.kms.katalon.core.webui.keyword.WebUiBuiltInKeywords.sendKeys(WebUiBuiltInKeywords.groovy:903)
	at com.kms.katalon.core.webui.keyword.WebUiBuiltInKeywords$sendKeys$9.call(Unknown Source)
	at SPG - Advanced Filter - Bill To.run(SPG - Advanced Filter - Bill To:62)
	at com.kms.katalon.core.main.ScriptEngine.run(ScriptEngine.java:194)
	at com.kms.katalon.core.main.ScriptEngine.runScriptAsRawText(ScriptEngine.java:119)
	at com.kms.katalon.core.main.TestCaseExecutor.runScript(TestCaseExecutor.java:448)
	at com.kms.katalon.core.main.TestCaseExecutor.doExecute(TestCaseExecutor.java:439)
	at com.kms.katalon.core.main.TestCaseExecutor.processExecutionPhase(TestCaseExecutor.java:418)
	at com.kms.katalon.core.main.TestCaseExecutor.accessMainPhase(TestCaseExecutor.java:410)
	at com.kms.katalon.core.main.TestCaseExecutor.execute(TestCaseExecutor.java:285)
	at com.kms.katalon.core.common.CommonExecutor.accessTestCaseMainPhase(CommonExecutor.java:65)
	at com.kms.katalon.core.main.TestSuiteExecutor.accessTestSuiteMainPhase(TestSuiteExecutor.java:150)
	at com.kms.katalon.core.main.TestSuiteExecutor.execute(TestSuiteExecutor.java:106)
	at com.kms.katalon.core.main.TestCaseMain.startTestSuite(TestCaseMain.java:180)
	at com.kms.katalon.core.main.TestCaseMain$startTestSuite$0.call(Unknown Source)
	at TempTestSuite1761139096516.run(TempTestSuite1761139096516.groovy:35)
	at java.base/jdk.internal.reflect.NativeMethodAccessorImpl.invoke0(Native Method)
	at java.base/jdk.internal.reflect.NativeMethodAccessorImpl.invoke(NativeMethodAccessorImpl.java:77)
	at java.base/jdk.internal.reflect.DelegatingMethodAccessorImpl.invoke(DelegatingMethodAccessorImpl.java:43)
Caused by: com.kms.katalon.core.webui.exception.WebElementNotFoundException: Web element with id: 'Object Repository/TripFocus/Orders/Advanced Filters/Advanced Search Fields/BillTo_txt' located by '//*[@id="collapse-advanced"]/div[1]/div[1]/div/div/div[2]/span' not found
	at com.kms.katalon.core.webui.common.WebUiCommonHelper.findWebElement(WebUiCommonHelper.java:1423)
	at com.kms.katalon.core.webui.keyword.internal.WebUIAbstractKeyword.findWebElement(WebUIAbstractKeyword.groovy:27)
	at com.kms.katalon.core.webui.keyword.internal.WebUIAbstractKeyword.findWebElement(WebUIAbstractKeyword.groovy:26)
	at com.kms.katalon.core.webui.keyword.builtin.SendKeysKeyword$_sendKeys_closure1.doCall(SendKeysKeyword.groovy:52)
	at com.kms.katalon.core.webui.keyword.builtin.SendKeysKeyword$_sendKeys_closure1.call(SendKeysKeyword.groovy)
	at com.kms.katalon.core.webui.keyword.internal.WebUIKeywordMain.runKeyword(WebUIKeywordMain.groovy:35)
	... 22 more]]></system-out>
      <system-err><![CDATA[22-10-2025T10:44:47 - [TEST_SUITE][FAILED] - SPG - TripFocus - Orders: Test Cases/TripFocus/SPG/SPG - Orders/SPG - Advanced Filter - Bill To FAILED.
Reason:
com.kms.katalon.core.exception.StepFailedException: Unable to send keys 'A-1 Oil' to object 'Object Repository/TripFocus/Orders/Advanced Filters/Advanced Search Fields/BillTo_txt'
	at com.kms.katalon.core.webui.keyword.internal.WebUIKeywordMain.stepFailed(WebUIKeywordMain.groovy:117)
	at com.kms.katalon.core.webui.keyword.internal.WebUIKeywordMain.runKeyword(WebUIKeywordMain.groovy:43)
	at com.kms.katalon.core.webui.keyword.builtin.SendKeysKeyword.sendKeys(SendKeysKeyword.groovy:60)
	at com.kms.katalon.core.webui.keyword.builtin.SendKeysKeyword.execute(SendKeysKeyword.groovy:38)
	at com.kms.katalon.core.keyword.internal.KeywordExecutor.executeKeywordForPlatform(KeywordExecutor.groovy:74)
	at com.kms.katalon.core.webui.keyword.WebUiBuiltInKeywords.sendKeys(WebUiBuiltInKeywords.groovy:903)
	at com.kms.katalon.core.webui.keyword.WebUiBuiltInKeywords$sendKeys$9.call(Unknown Source)
	at SPG - Advanced Filter - Bill To.run(SPG - Advanced Filter - Bill To:62)
	at com.kms.katalon.core.main.ScriptEngine.run(ScriptEngine.java:194)
	at com.kms.katalon.core.main.ScriptEngine.runScriptAsRawText(ScriptEngine.java:119)
	at com.kms.katalon.core.main.TestCaseExecutor.runScript(TestCaseExecutor.java:448)
	at com.kms.katalon.core.main.TestCaseExecutor.doExecute(TestCaseExecutor.java:439)
	at com.kms.katalon.core.main.TestCaseExecutor.processExecutionPhase(TestCaseExecutor.java:418)
	at com.kms.katalon.core.main.TestCaseExecutor.accessMainPhase(TestCaseExecutor.java:410)
	at com.kms.katalon.core.main.TestCaseExecutor.execute(TestCaseExecutor.java:285)
	at com.kms.katalon.core.common.CommonExecutor.accessTestCaseMainPhase(CommonExecutor.java:65)
	at com.kms.katalon.core.main.TestSuiteExecutor.accessTestSuiteMainPhase(TestSuiteExecutor.java:150)
	at com.kms.katalon.core.main.TestSuiteExecutor.execute(TestSuiteExecutor.java:106)
	at com.kms.katalon.core.main.TestCaseMain.startTestSuite(TestCaseMain.java:180)
	at com.kms.katalon.core.main.TestCaseMain$startTestSuite$0.call(Unknown Source)
	at TempTestSuite1761139096516.run(TempTestSuite1761139096516.groovy:35)
	at java.base/jdk.internal.reflect.NativeMethodAccessorImpl.invoke0(Native Method)
	at java.base/jdk.internal.reflect.NativeMethodAccessorImpl.invoke(NativeMethodAccessorImpl.java:77)
	at java.base/jdk.internal.reflect.DelegatingMethodAccessorImpl.invoke(DelegatingMethodAccessorImpl.java:43)
Caused by: com.kms.katalon.core.webui.exception.WebElementNotFoundException: Web element with id: 'Object Repository/TripFocus/Orders/Advanced Filters/Advanced Search Fields/BillTo_txt' located by '//*[@id="collapse-advanced"]/div[1]/div[1]/div/div/div[2]/span' not found
	at com.kms.katalon.core.webui.common.WebUiCommonHelper.findWebElement(WebUiCommonHelper.java:1423)
	at com.kms.katalon.core.webui.keyword.internal.WebUIAbstractKeyword.findWebElement(WebUIAbstractKeyword.groovy:27)
	at com.kms.katalon.core.webui.keyword.internal.WebUIAbstractKeyword.findWebElement(WebUIAbstractKeyword.groovy:26)
	at com.kms.katalon.core.webui.keyword.builtin.SendKeysKeyword$_sendKeys_closure1.doCall(SendKeysKeyword.groovy:52)
	at com.kms.katalon.core.webui.keyword.builtin.SendKeysKeyword$_sendKeys_closure1.call(SendKeysKeyword.groovy)
	at com.kms.katalon.core.webui.keyword.internal.WebUIKeywordMain.runKeyword(WebUIKeywordMain.groovy:35)
	... 22 more]]></system-err>
   </testsuite>
</testsuites>
